{"/Users/mdshahabulalam/myAIDev/taxomind/packages/api/src/types.ts": {"path":"/Users/mdshahabulalam/myAIDev/taxomind/packages/api/src/types.ts","statementMap":{},"fnMap":{},"branchMap":{},"s":{},"f":{},"b":{},"meta":{"lastBranch":0,"lastFunction":0,"lastStatement":0,"seen":{}}}
,"/Users/mdshahabulalam/myAIDev/taxomind/packages/api/src/handlers/analyze.ts": {"path":"/Users/mdshahabulalam/myAIDev/taxomind/packages/api/src/handlers/analyze.ts","statementMap":{"0":{"start":{"line":38,"column":2},"end":{"line":47,"column":null}},"1":{"start":{"line":59,"column":2},"end":{"line":72,"column":null}},"2":{"start":{"line":81,"column":2},"end":{"line":81,"column":null}},"3":{"start":{"line":81,"column":28},"end":{"line":81,"column":null}},"4":{"start":{"line":83,"column":2},"end":{"line":93,"column":null}},"5":{"start":{"line":100,"column":8},"end":{"line":100,"column":null}},"6":{"start":{"line":103,"column":2},"end":{"line":103,"column":null}},"7":{"start":{"line":104,"column":2},"end":{"line":110,"column":null}},"8":{"start":{"line":111,"column":2},"end":{"line":111,"column":null}},"9":{"start":{"line":113,"column":2},"end":{"line":270,"column":null}},"10":{"start":{"line":117,"column":17},"end":{"line":117,"column":null}},"11":{"start":{"line":118,"column":22},"end":{"line":118,"column":null}},"12":{"start":{"line":121,"column":4},"end":{"line":127,"column":null}},"13":{"start":{"line":122,"column":6},"end":{"line":126,"column":null}},"14":{"start":{"line":129,"column":4},"end":{"line":269,"column":null}},"15":{"start":{"line":130,"column":27},"end":{"line":130,"column":null}},"16":{"start":{"line":131,"column":36},"end":{"line":131,"column":null}},"17":{"start":{"line":132,"column":40},"end":{"line":132,"column":null}},"18":{"start":{"line":135,"column":52},"end":{"line":135,"column":null}},"19":{"start":{"line":138,"column":26},"end":{"line":138,"column":null}},"20":{"start":{"line":141,"column":12},"end":{"line":149,"column":null}},"21":{"start":{"line":152,"column":37},"end":{"line":152,"column":null}},"22":{"start":{"line":153,"column":6},"end":{"line":155,"column":null}},"23":{"start":{"line":154,"column":8},"end":{"line":154,"column":null}},"24":{"start":{"line":156,"column":6},"end":{"line":158,"column":null}},"25":{"start":{"line":157,"column":8},"end":{"line":157,"column":null}},"26":{"start":{"line":159,"column":6},"end":{"line":161,"column":null}},"27":{"start":{"line":160,"column":8},"end":{"line":160,"column":null}},"28":{"start":{"line":164,"column":21},"end":{"line":168,"column":null}},"29":{"start":{"line":171,"column":6},"end":{"line":195,"column":null}},"30":{"start":{"line":172,"column":29},"end":{"line":172,"column":null}},"31":{"start":{"line":173,"column":23},"end":{"line":173,"column":null}},"32":{"start":{"line":174,"column":8},"end":{"line":194,"column":null}},"33":{"start":{"line":175,"column":10},"end":{"line":175,"column":null}},"34":{"start":{"line":176,"column":10},"end":{"line":176,"column":null}},"35":{"start":{"line":179,"column":10},"end":{"line":193,"column":null}},"36":{"start":{"line":180,"column":12},"end":{"line":184,"column":null}},"37":{"start":{"line":181,"column":14},"end":{"line":183,"column":null}},"38":{"start":{"line":185,"column":12},"end":{"line":189,"column":null}},"39":{"start":{"line":186,"column":14},"end":{"line":188,"column":null}},"40":{"start":{"line":190,"column":12},"end":{"line":192,"column":null}},"41":{"start":{"line":191,"column":14},"end":{"line":191,"column":null}},"42":{"start":{"line":198,"column":6},"end":{"line":213,"column":null}},"43":{"start":{"line":199,"column":28},"end":{"line":199,"column":null}},"44":{"start":{"line":200,"column":8},"end":{"line":206,"column":null}},"45":{"start":{"line":204,"column":20},"end":{"line":204,"column":null}},"46":{"start":{"line":207,"column":8},"end":{"line":207,"column":null}},"47":{"start":{"line":210,"column":8},"end":{"line":212,"column":null}},"48":{"start":{"line":211,"column":10},"end":{"line":211,"column":null}},"49":{"start":{"line":216,"column":6},"end":{"line":237,"column":null}},"50":{"start":{"line":218,"column":8},"end":{"line":236,"column":null}},"51":{"start":{"line":219,"column":10},"end":{"line":227,"column":null}},"52":{"start":{"line":228,"column":10},"end":{"line":228,"column":null}},"53":{"start":{"line":231,"column":10},"end":{"line":235,"column":null}},"54":{"start":{"line":232,"column":12},"end":{"line":234,"column":null}},"55":{"start":{"line":239,"column":29},"end":{"line":239,"column":null}},"56":{"start":{"line":241,"column":40},"end":{"line":248,"column":null}},"57":{"start":{"line":250,"column":6},"end":{"line":250,"column":null}},"58":{"start":{"line":252,"column":6},"end":{"line":252,"column":null}},"59":{"start":{"line":254,"column":6},"end":{"line":262,"column":null}},"60":{"start":{"line":255,"column":8},"end":{"line":261,"column":null}},"61":{"start":{"line":264,"column":6},"end":{"line":268,"column":null}},"62":{"start":{"line":280,"column":8},"end":{"line":286,"column":null}},"63":{"start":{"line":288,"column":2},"end":{"line":307,"column":null}},"64":{"start":{"line":290,"column":19},"end":{"line":292,"column":null}},"65":{"start":{"line":295,"column":4},"end":{"line":304,"column":null}},"66":{"start":{"line":301,"column":57},"end":{"line":301,"column":65}},"67":{"start":{"line":306,"column":4},"end":{"line":306,"column":null}}},"fnMap":{"0":{"name":"createSuccessResponse","decl":{"start":{"line":37,"column":9},"end":{"line":37,"column":34}},"loc":{"start":{"line":37,"column":73},"end":{"line":48,"column":null}},"line":37},"1":{"name":"createErrorResponse","decl":{"start":{"line":53,"column":9},"end":{"line":53,"column":null}},"loc":{"start":{"line":58,"column":18},"end":{"line":73,"column":null}},"line":58},"2":{"name":"buildUserContext","decl":{"start":{"line":78,"column":9},"end":{"line":78,"column":null}},"loc":{"start":{"line":80,"column":39},"end":{"line":94,"column":null}},"line":80},"3":{"name":"createAnalyzeHandler","decl":{"start":{"line":99,"column":16},"end":{"line":99,"column":37}},"loc":{"start":{"line":99,"column":68},"end":{"line":271,"column":null}},"line":99},"4":{"name":"(anonymous_4)","decl":{"start":{"line":113,"column":9},"end":{"line":113,"column":null}},"loc":{"start":{"line":116,"column":32},"end":{"line":270,"column":null}},"line":116},"5":{"name":"(anonymous_5)","decl":{"start":{"line":204,"column":12},"end":{"line":204,"column":13}},"loc":{"start":{"line":204,"column":20},"end":{"line":204,"column":null}},"line":204},"6":{"name":"analyzeBloomsLevel","decl":{"start":{"line":276,"column":22},"end":{"line":276,"column":null}},"loc":{"start":{"line":279,"column":34},"end":{"line":308,"column":null}},"line":279},"7":{"name":"(anonymous_7)","decl":{"start":{"line":301,"column":50},"end":{"line":301,"column":51}},"loc":{"start":{"line":301,"column":57},"end":{"line":301,"column":65}},"line":301}},"branchMap":{"0":{"loc":{"start":{"line":37,"column":43},"end":{"line":37,"column":73}},"type":"default-arg","locations":[{"start":{"line":37,"column":52},"end":{"line":37,"column":73}}],"line":37},"1":{"loc":{"start":{"line":81,"column":2},"end":{"line":81,"column":null}},"type":"if","locations":[{"start":{"line":81,"column":2},"end":{"line":81,"column":null}},{"start":{},"end":{}}],"line":81},"2":{"loc":{"start":{"line":85,"column":10},"end":{"line":85,"column":null}},"type":"cond-expr","locations":[{"start":{"line":85,"column":51},"end":{"line":85,"column":63}},{"start":{"line":85,"column":63},"end":{"line":85,"column":null}}],"line":85},"3":{"loc":{"start":{"line":121,"column":4},"end":{"line":127,"column":null}},"type":"if","locations":[{"start":{"line":121,"column":4},"end":{"line":127,"column":null}},{"start":{},"end":{}}],"line":121},"4":{"loc":{"start":{"line":121,"column":8},"end":{"line":121,"column":40}},"type":"binary-expr","locations":[{"start":{"line":121,"column":8},"end":{"line":121,"column":25}},{"start":{"line":121,"column":25},"end":{"line":121,"column":40}}],"line":121},"5":{"loc":{"start":{"line":130,"column":27},"end":{"line":130,"column":null}},"type":"binary-expr","locations":[{"start":{"line":130,"column":27},"end":{"line":130,"column":40}},{"start":{"line":130,"column":40},"end":{"line":130,"column":null}}],"line":130},"6":{"loc":{"start":{"line":153,"column":6},"end":{"line":155,"column":null}},"type":"if","locations":[{"start":{"line":153,"column":6},"end":{"line":155,"column":null}},{"start":{},"end":{}}],"line":153},"7":{"loc":{"start":{"line":153,"column":10},"end":{"line":153,"column":64}},"type":"binary-expr","locations":[{"start":{"line":153,"column":10},"end":{"line":153,"column":39}},{"start":{"line":153,"column":39},"end":{"line":153,"column":64}}],"line":153},"8":{"loc":{"start":{"line":156,"column":6},"end":{"line":158,"column":null}},"type":"if","locations":[{"start":{"line":156,"column":6},"end":{"line":158,"column":null}},{"start":{},"end":{}}],"line":156},"9":{"loc":{"start":{"line":156,"column":10},"end":{"line":156,"column":65}},"type":"binary-expr","locations":[{"start":{"line":156,"column":10},"end":{"line":156,"column":40}},{"start":{"line":156,"column":40},"end":{"line":156,"column":65}}],"line":156},"10":{"loc":{"start":{"line":159,"column":6},"end":{"line":161,"column":null}},"type":"if","locations":[{"start":{"line":159,"column":6},"end":{"line":161,"column":null}},{"start":{},"end":{}}],"line":159},"11":{"loc":{"start":{"line":166,"column":8},"end":{"line":166,"column":null}},"type":"binary-expr","locations":[{"start":{"line":166,"column":8},"end":{"line":166,"column":24}},{"start":{"line":166,"column":24},"end":{"line":166,"column":null}}],"line":166},"12":{"loc":{"start":{"line":171,"column":6},"end":{"line":195,"column":null}},"type":"if","locations":[{"start":{"line":171,"column":6},"end":{"line":195,"column":null}},{"start":{},"end":{}}],"line":171},"13":{"loc":{"start":{"line":171,"column":10},"end":{"line":171,"column":79}},"type":"binary-expr","locations":[{"start":{"line":171,"column":10},"end":{"line":171,"column":47}},{"start":{"line":171,"column":47},"end":{"line":171,"column":79}}],"line":171},"14":{"loc":{"start":{"line":174,"column":8},"end":{"line":194,"column":null}},"type":"if","locations":[{"start":{"line":174,"column":8},"end":{"line":194,"column":null}},{"start":{},"end":{}}],"line":174},"15":{"loc":{"start":{"line":174,"column":12},"end":{"line":174,"column":58}},"type":"binary-expr","locations":[{"start":{"line":174,"column":12},"end":{"line":174,"column":36}},{"start":{"line":174,"column":36},"end":{"line":174,"column":58}}],"line":174},"16":{"loc":{"start":{"line":179,"column":10},"end":{"line":193,"column":null}},"type":"if","locations":[{"start":{"line":179,"column":10},"end":{"line":193,"column":null}},{"start":{},"end":{}}],"line":179},"17":{"loc":{"start":{"line":180,"column":12},"end":{"line":184,"column":null}},"type":"if","locations":[{"start":{"line":180,"column":12},"end":{"line":184,"column":null}},{"start":{},"end":{}}],"line":180},"18":{"loc":{"start":{"line":185,"column":12},"end":{"line":189,"column":null}},"type":"if","locations":[{"start":{"line":185,"column":12},"end":{"line":189,"column":null}},{"start":{},"end":{}}],"line":185},"19":{"loc":{"start":{"line":190,"column":12},"end":{"line":192,"column":null}},"type":"if","locations":[{"start":{"line":190,"column":12},"end":{"line":192,"column":null}},{"start":{},"end":{}}],"line":190},"20":{"loc":{"start":{"line":198,"column":6},"end":{"line":213,"column":null}},"type":"if","locations":[{"start":{"line":198,"column":6},"end":{"line":213,"column":null}},{"start":{},"end":{}}],"line":198},"21":{"loc":{"start":{"line":198,"column":10},"end":{"line":198,"column":81}},"type":"binary-expr","locations":[{"start":{"line":198,"column":10},"end":{"line":198,"column":48}},{"start":{"line":198,"column":48},"end":{"line":198,"column":81}}],"line":198},"22":{"loc":{"start":{"line":201,"column":18},"end":{"line":201,"column":null}},"type":"binary-expr","locations":[{"start":{"line":201,"column":18},"end":{"line":201,"column":50}},{"start":{"line":201,"column":50},"end":{"line":201,"column":null}}],"line":201},"23":{"loc":{"start":{"line":202,"column":20},"end":{"line":202,"column":null}},"type":"binary-expr","locations":[{"start":{"line":202,"column":20},"end":{"line":202,"column":70}},{"start":{"line":202,"column":70},"end":{"line":202,"column":null}}],"line":202},"24":{"loc":{"start":{"line":203,"column":25},"end":{"line":203,"column":84}},"type":"binary-expr","locations":[{"start":{"line":203,"column":25},"end":{"line":203,"column":80}},{"start":{"line":203,"column":80},"end":{"line":203,"column":84}}],"line":203},"25":{"loc":{"start":{"line":204,"column":20},"end":{"line":204,"column":null}},"type":"cond-expr","locations":[{"start":{"line":204,"column":44},"end":{"line":204,"column":48}},{"start":{"line":204,"column":48},"end":{"line":204,"column":null}}],"line":204},"26":{"loc":{"start":{"line":210,"column":8},"end":{"line":212,"column":null}},"type":"if","locations":[{"start":{"line":210,"column":8},"end":{"line":212,"column":null}},{"start":{},"end":{}}],"line":210},"27":{"loc":{"start":{"line":210,"column":12},"end":{"line":210,"column":82}},"type":"binary-expr","locations":[{"start":{"line":210,"column":12},"end":{"line":210,"column":52}},{"start":{"line":210,"column":52},"end":{"line":210,"column":82}}],"line":210},"28":{"loc":{"start":{"line":216,"column":6},"end":{"line":237,"column":null}},"type":"if","locations":[{"start":{"line":216,"column":6},"end":{"line":237,"column":null}},{"start":{},"end":{}}],"line":216},"29":{"loc":{"start":{"line":216,"column":10},"end":{"line":216,"column":68}},"type":"binary-expr","locations":[{"start":{"line":216,"column":10},"end":{"line":216,"column":43}},{"start":{"line":216,"column":43},"end":{"line":216,"column":68}}],"line":216},"30":{"loc":{"start":{"line":218,"column":8},"end":{"line":236,"column":null}},"type":"if","locations":[{"start":{"line":218,"column":8},"end":{"line":236,"column":null}},{"start":{},"end":{}}],"line":218},"31":{"loc":{"start":{"line":231,"column":10},"end":{"line":235,"column":null}},"type":"if","locations":[{"start":{"line":231,"column":10},"end":{"line":235,"column":null}},{"start":{},"end":{}}],"line":231},"32":{"loc":{"start":{"line":254,"column":6},"end":{"line":262,"column":null}},"type":"if","locations":[{"start":{"line":254,"column":6},"end":{"line":262,"column":null}},{"start":{},"end":{}}],"line":254},"33":{"loc":{"start":{"line":258,"column":10},"end":{"line":260,"column":null}},"type":"cond-expr","locations":[{"start":{"line":259,"column":14},"end":{"line":259,"column":null}},{"start":{"line":260,"column":14},"end":{"line":260,"column":null}}],"line":258}},"s":{"0":0,"1":0,"2":0,"3":0,"4":0,"5":17,"6":17,"7":17,"8":17,"9":17,"10":0,"11":0,"12":0,"13":0,"14":0,"15":0,"16":0,"17":0,"18":0,"19":0,"20":0,"21":0,"22":0,"23":0,"24":0,"25":0,"26":0,"27":0,"28":0,"29":0,"30":0,"31":0,"32":0,"33":0,"34":0,"35":0,"36":0,"37":0,"38":0,"39":0,"40":0,"41":0,"42":0,"43":0,"44":0,"45":0,"46":0,"47":0,"48":0,"49":0,"50":0,"51":0,"52":0,"53":0,"54":0,"55":0,"56":0,"57":0,"58":0,"59":0,"60":0,"61":0,"62":0,"63":0,"64":0,"65":0,"66":0,"67":0},"f":{"0":0,"1":0,"2":0,"3":17,"4":0,"5":0,"6":0,"7":0},"b":{"0":[0],"1":[0,0],"2":[0,0],"3":[0,0],"4":[0,0],"5":[0,0],"6":[0,0],"7":[0,0],"8":[0,0],"9":[0,0],"10":[0,0],"11":[0,0],"12":[0,0],"13":[0,0],"14":[0,0],"15":[0,0],"16":[0,0],"17":[0,0],"18":[0,0],"19":[0,0],"20":[0,0],"21":[0,0],"22":[0,0],"23":[0,0],"24":[0,0],"25":[0,0],"26":[0,0],"27":[0,0],"28":[0,0],"29":[0,0],"30":[0,0],"31":[0,0],"32":[0,0],"33":[0,0]},"meta":{"lastBranch":34,"lastFunction":8,"lastStatement":68,"seen":{"f:37:9:37:34":0,"b:37:52:37:73":0,"s:38:2:47:Infinity":0,"f:53:9:53:Infinity":1,"s:59:2:72:Infinity":1,"f:78:9:78:Infinity":2,"b:81:2:81:Infinity:undefined:undefined:undefined:undefined":1,"s:81:2:81:Infinity":2,"s:81:28:81:Infinity":3,"s:83:2:93:Infinity":4,"b:85:51:85:63:85:63:85:Infinity":2,"f:99:16:99:37":3,"s:100:8:100:Infinity":5,"s:103:2:103:Infinity":6,"s:104:2:110:Infinity":7,"s:111:2:111:Infinity":8,"s:113:2:270:Infinity":9,"f:113:9:113:Infinity":4,"s:117:17:117:Infinity":10,"s:118:22:118:Infinity":11,"b:121:4:127:Infinity:undefined:undefined:undefined:undefined":3,"s:121:4:127:Infinity":12,"b:121:8:121:25:121:25:121:40":4,"s:122:6:126:Infinity":13,"s:129:4:269:Infinity":14,"s:130:27:130:Infinity":15,"b:130:27:130:40:130:40:130:Infinity":5,"s:131:36:131:Infinity":16,"s:132:40:132:Infinity":17,"s:135:52:135:Infinity":18,"s:138:26:138:Infinity":19,"s:141:12:149:Infinity":20,"s:152:37:152:Infinity":21,"b:153:6:155:Infinity:undefined:undefined:undefined:undefined":6,"s:153:6:155:Infinity":22,"b:153:10:153:39:153:39:153:64":7,"s:154:8:154:Infinity":23,"b:156:6:158:Infinity:undefined:undefined:undefined:undefined":8,"s:156:6:158:Infinity":24,"b:156:10:156:40:156:40:156:65":9,"s:157:8:157:Infinity":25,"b:159:6:161:Infinity:undefined:undefined:undefined:undefined":10,"s:159:6:161:Infinity":26,"s:160:8:160:Infinity":27,"s:164:21:168:Infinity":28,"b:166:8:166:24:166:24:166:Infinity":11,"b:171:6:195:Infinity:undefined:undefined:undefined:undefined":12,"s:171:6:195:Infinity":29,"b:171:10:171:47:171:47:171:79":13,"s:172:29:172:Infinity":30,"s:173:23:173:Infinity":31,"b:174:8:194:Infinity:undefined:undefined:undefined:undefined":14,"s:174:8:194:Infinity":32,"b:174:12:174:36:174:36:174:58":15,"s:175:10:175:Infinity":33,"s:176:10:176:Infinity":34,"b:179:10:193:Infinity:undefined:undefined:undefined:undefined":16,"s:179:10:193:Infinity":35,"b:180:12:184:Infinity:undefined:undefined:undefined:undefined":17,"s:180:12:184:Infinity":36,"s:181:14:183:Infinity":37,"b:185:12:189:Infinity:undefined:undefined:undefined:undefined":18,"s:185:12:189:Infinity":38,"s:186:14:188:Infinity":39,"b:190:12:192:Infinity:undefined:undefined:undefined:undefined":19,"s:190:12:192:Infinity":40,"s:191:14:191:Infinity":41,"b:198:6:213:Infinity:undefined:undefined:undefined:undefined":20,"s:198:6:213:Infinity":42,"b:198:10:198:48:198:48:198:81":21,"s:199:28:199:Infinity":43,"s:200:8:206:Infinity":44,"b:201:18:201:50:201:50:201:Infinity":22,"b:202:20:202:70:202:70:202:Infinity":23,"b:203:25:203:80:203:80:203:84":24,"f:204:12:204:13":5,"s:204:20:204:Infinity":45,"b:204:44:204:48:204:48:204:Infinity":25,"s:207:8:207:Infinity":46,"b:210:8:212:Infinity:undefined:undefined:undefined:undefined":26,"s:210:8:212:Infinity":47,"b:210:12:210:52:210:52:210:82":27,"s:211:10:211:Infinity":48,"b:216:6:237:Infinity:undefined:undefined:undefined:undefined":28,"s:216:6:237:Infinity":49,"b:216:10:216:43:216:43:216:68":29,"b:218:8:236:Infinity:undefined:undefined:undefined:undefined":30,"s:218:8:236:Infinity":50,"s:219:10:227:Infinity":51,"s:228:10:228:Infinity":52,"b:231:10:235:Infinity:undefined:undefined:undefined:undefined":31,"s:231:10:235:Infinity":53,"s:232:12:234:Infinity":54,"s:239:29:239:Infinity":55,"s:241:40:248:Infinity":56,"s:250:6:250:Infinity":57,"s:252:6:252:Infinity":58,"b:254:6:262:Infinity:undefined:undefined:undefined:undefined":32,"s:254:6:262:Infinity":59,"s:255:8:261:Infinity":60,"b:259:14:259:Infinity:260:14:260:Infinity":33,"s:264:6:268:Infinity":61,"f:276:22:276:Infinity":6,"s:280:8:286:Infinity":62,"s:288:2:307:Infinity":63,"s:290:19:292:Infinity":64,"s:295:4:304:Infinity":65,"f:301:50:301:51":7,"s:301:57:301:65":66,"s:306:4:306:Infinity":67}}}
,"/Users/mdshahabulalam/myAIDev/taxomind/packages/api/src/handlers/chat.ts": {"path":"/Users/mdshahabulalam/myAIDev/taxomind/packages/api/src/handlers/chat.ts","statementMap":{"0":{"start":{"line":39,"column":2},"end":{"line":48,"column":null}},"1":{"start":{"line":60,"column":2},"end":{"line":73,"column":null}},"2":{"start":{"line":83,"column":2},"end":{"line":90,"column":null}},"3":{"start":{"line":99,"column":2},"end":{"line":99,"column":null}},"4":{"start":{"line":99,"column":28},"end":{"line":99,"column":null}},"5":{"start":{"line":101,"column":2},"end":{"line":111,"column":null}},"6":{"start":{"line":118,"column":8},"end":{"line":118,"column":null}},"7":{"start":{"line":121,"column":2},"end":{"line":121,"column":null}},"8":{"start":{"line":122,"column":2},"end":{"line":128,"column":null}},"9":{"start":{"line":129,"column":2},"end":{"line":129,"column":null}},"10":{"start":{"line":131,"column":2},"end":{"line":227,"column":null}},"11":{"start":{"line":135,"column":17},"end":{"line":135,"column":null}},"12":{"start":{"line":138,"column":4},"end":{"line":144,"column":null}},"13":{"start":{"line":139,"column":6},"end":{"line":143,"column":null}},"14":{"start":{"line":146,"column":4},"end":{"line":152,"column":null}},"15":{"start":{"line":147,"column":6},"end":{"line":151,"column":null}},"16":{"start":{"line":154,"column":4},"end":{"line":226,"column":null}},"17":{"start":{"line":156,"column":26},"end":{"line":156,"column":null}},"18":{"start":{"line":158,"column":12},"end":{"line":161,"column":null}},"19":{"start":{"line":158,"column":71},"end":{"line":161,"column":8}},"20":{"start":{"line":163,"column":12},"end":{"line":163,"column":null}},"21":{"start":{"line":164,"column":37},"end":{"line":182,"column":null}},"22":{"start":{"line":185,"column":21},"end":{"line":187,"column":null}},"23":{"start":{"line":189,"column":27},"end":{"line":189,"column":null}},"24":{"start":{"line":191,"column":8},"end":{"line":191,"column":null}},"25":{"start":{"line":194,"column":6},"end":{"line":203,"column":null}},"26":{"start":{"line":195,"column":8},"end":{"line":202,"column":null}},"27":{"start":{"line":206,"column":27},"end":{"line":206,"column":null}},"28":{"start":{"line":207,"column":6},"end":{"line":207,"column":null}},"29":{"start":{"line":209,"column":6},"end":{"line":209,"column":null}},"30":{"start":{"line":211,"column":6},"end":{"line":219,"column":null}},"31":{"start":{"line":212,"column":8},"end":{"line":218,"column":null}},"32":{"start":{"line":221,"column":6},"end":{"line":225,"column":null}},"33":{"start":{"line":240,"column":8},"end":{"line":240,"column":null}},"34":{"start":{"line":243,"column":2},"end":{"line":243,"column":null}},"35":{"start":{"line":244,"column":2},"end":{"line":250,"column":null}},"36":{"start":{"line":251,"column":2},"end":{"line":251,"column":null}},"37":{"start":{"line":253,"column":2},"end":{"line":311,"column":null}},"38":{"start":{"line":258,"column":17},"end":{"line":258,"column":null}},"39":{"start":{"line":261,"column":24},"end":{"line":261,"column":null}},"40":{"start":{"line":264,"column":10},"end":{"line":267,"column":null}},"41":{"start":{"line":264,"column":69},"end":{"line":267,"column":6}},"42":{"start":{"line":269,"column":10},"end":{"line":269,"column":null}},"43":{"start":{"line":270,"column":35},"end":{"line":288,"column":null}},"44":{"start":{"line":291,"column":19},"end":{"line":291,"column":null}},"45":{"start":{"line":292,"column":25},"end":{"line":292,"column":null}},"46":{"start":{"line":294,"column":6},"end":{"line":294,"column":null}},"47":{"start":{"line":297,"column":4},"end":{"line":302,"column":null}},"48":{"start":{"line":305,"column":4},"end":{"line":310,"column":null}}},"fnMap":{"0":{"name":"createSuccessResponse","decl":{"start":{"line":38,"column":9},"end":{"line":38,"column":34}},"loc":{"start":{"line":38,"column":73},"end":{"line":49,"column":null}},"line":38},"1":{"name":"createErrorResponse","decl":{"start":{"line":54,"column":9},"end":{"line":54,"column":null}},"loc":{"start":{"line":59,"column":18},"end":{"line":74,"column":null}},"line":59},"2":{"name":"toResponse","decl":{"start":{"line":79,"column":9},"end":{"line":79,"column":null}},"loc":{"start":{"line":82,"column":16},"end":{"line":91,"column":null}},"line":82},"3":{"name":"buildUserContext","decl":{"start":{"line":96,"column":9},"end":{"line":96,"column":null}},"loc":{"start":{"line":98,"column":39},"end":{"line":112,"column":null}},"line":98},"4":{"name":"createChatHandler","decl":{"start":{"line":117,"column":16},"end":{"line":117,"column":34}},"loc":{"start":{"line":117,"column":65},"end":{"line":228,"column":null}},"line":117},"5":{"name":"(anonymous_5)","decl":{"start":{"line":131,"column":9},"end":{"line":131,"column":null}},"loc":{"start":{"line":134,"column":32},"end":{"line":227,"column":null}},"line":134},"6":{"name":"(anonymous_6)","decl":{"start":{"line":158,"column":57},"end":{"line":158,"column":58}},"loc":{"start":{"line":158,"column":71},"end":{"line":161,"column":8}},"line":158},"7":{"name":"createStreamingChatHandler","decl":{"start":{"line":233,"column":16},"end":{"line":233,"column":null}},"loc":{"start":{"line":239,"column":19},"end":{"line":312,"column":null}},"line":239},"8":{"name":"(anonymous_8)","decl":{"start":{"line":253,"column":9},"end":{"line":253,"column":null}},"loc":{"start":{"line":257,"column":22},"end":{"line":311,"column":null}},"line":257},"9":{"name":"(anonymous_9)","decl":{"start":{"line":264,"column":55},"end":{"line":264,"column":56}},"loc":{"start":{"line":264,"column":69},"end":{"line":267,"column":6}},"line":264}},"branchMap":{"0":{"loc":{"start":{"line":38,"column":43},"end":{"line":38,"column":73}},"type":"default-arg","locations":[{"start":{"line":38,"column":52},"end":{"line":38,"column":73}}],"line":38},"1":{"loc":{"start":{"line":86,"column":17},"end":{"line":86,"column":null}},"type":"binary-expr","locations":[{"start":{"line":86,"column":17},"end":{"line":86,"column":48}},{"start":{"line":86,"column":48},"end":{"line":86,"column":null}}],"line":86},"2":{"loc":{"start":{"line":87,"column":13},"end":{"line":87,"column":null}},"type":"binary-expr","locations":[{"start":{"line":87,"column":13},"end":{"line":87,"column":40}},{"start":{"line":87,"column":40},"end":{"line":87,"column":null}}],"line":87},"3":{"loc":{"start":{"line":88,"column":20},"end":{"line":88,"column":null}},"type":"binary-expr","locations":[{"start":{"line":88,"column":20},"end":{"line":88,"column":38}},{"start":{"line":88,"column":38},"end":{"line":88,"column":null}}],"line":88},"4":{"loc":{"start":{"line":99,"column":2},"end":{"line":99,"column":null}},"type":"if","locations":[{"start":{"line":99,"column":2},"end":{"line":99,"column":null}},{"start":{},"end":{}}],"line":99},"5":{"loc":{"start":{"line":103,"column":10},"end":{"line":103,"column":null}},"type":"cond-expr","locations":[{"start":{"line":103,"column":51},"end":{"line":103,"column":63}},{"start":{"line":103,"column":63},"end":{"line":103,"column":null}}],"line":103},"6":{"loc":{"start":{"line":138,"column":4},"end":{"line":144,"column":null}},"type":"if","locations":[{"start":{"line":138,"column":4},"end":{"line":144,"column":null}},{"start":{},"end":{}}],"line":138},"7":{"loc":{"start":{"line":138,"column":8},"end":{"line":138,"column":59}},"type":"binary-expr","locations":[{"start":{"line":138,"column":8},"end":{"line":138,"column":25}},{"start":{"line":138,"column":25},"end":{"line":138,"column":59}}],"line":138},"8":{"loc":{"start":{"line":146,"column":4},"end":{"line":152,"column":null}},"type":"if","locations":[{"start":{"line":146,"column":4},"end":{"line":152,"column":null}},{"start":{},"end":{}}],"line":146},"9":{"loc":{"start":{"line":158,"column":33},"end":{"line":158,"column":53}},"type":"binary-expr","locations":[{"start":{"line":158,"column":33},"end":{"line":158,"column":49}},{"start":{"line":158,"column":49},"end":{"line":158,"column":53}}],"line":158},"10":{"loc":{"start":{"line":160,"column":19},"end":{"line":160,"column":null}},"type":"cond-expr","locations":[{"start":{"line":160,"column":39},"end":{"line":160,"column":69}},{"start":{"line":160,"column":69},"end":{"line":160,"column":null}}],"line":160},"11":{"loc":{"start":{"line":166,"column":14},"end":{"line":168,"column":null}},"type":"cond-expr","locations":[{"start":{"line":167,"column":13},"end":{"line":167,"column":null}},{"start":{"line":168,"column":12},"end":{"line":168,"column":null}}],"line":166},"12":{"loc":{"start":{"line":171,"column":20},"end":{"line":173,"column":null}},"type":"cond-expr","locations":[{"start":{"line":172,"column":14},"end":{"line":172,"column":null}},{"start":{"line":173,"column":14},"end":{"line":173,"column":null}}],"line":171},"13":{"loc":{"start":{"line":174,"column":25},"end":{"line":176,"column":null}},"type":"cond-expr","locations":[{"start":{"line":175,"column":14},"end":{"line":175,"column":null}},{"start":{"line":176,"column":14},"end":{"line":176,"column":null}}],"line":174},"14":{"loc":{"start":{"line":178,"column":12},"end":{"line":180,"column":null}},"type":"cond-expr","locations":[{"start":{"line":179,"column":16},"end":{"line":179,"column":null}},{"start":{"line":180,"column":16},"end":{"line":180,"column":null}}],"line":178},"15":{"loc":{"start":{"line":179,"column":16},"end":{"line":179,"column":null}},"type":"binary-expr","locations":[{"start":{"line":179,"column":16},"end":{"line":179,"column":78}},{"start":{"line":179,"column":78},"end":{"line":179,"column":null}}],"line":179},"16":{"loc":{"start":{"line":191,"column":8},"end":{"line":191,"column":null}},"type":"binary-expr","locations":[{"start":{"line":191,"column":8},"end":{"line":191,"column":34}},{"start":{"line":191,"column":34},"end":{"line":191,"column":null}}],"line":191},"17":{"loc":{"start":{"line":194,"column":6},"end":{"line":203,"column":null}},"type":"if","locations":[{"start":{"line":194,"column":6},"end":{"line":203,"column":null}},{"start":{},"end":{}}],"line":194},"18":{"loc":{"start":{"line":194,"column":10},"end":{"line":194,"column":71}},"type":"binary-expr","locations":[{"start":{"line":194,"column":10},"end":{"line":194,"column":29}},{"start":{"line":194,"column":29},"end":{"line":194,"column":71}}],"line":194},"19":{"loc":{"start":{"line":211,"column":6},"end":{"line":219,"column":null}},"type":"if","locations":[{"start":{"line":211,"column":6},"end":{"line":219,"column":null}},{"start":{},"end":{}}],"line":211},"20":{"loc":{"start":{"line":215,"column":10},"end":{"line":217,"column":null}},"type":"cond-expr","locations":[{"start":{"line":216,"column":14},"end":{"line":216,"column":null}},{"start":{"line":217,"column":14},"end":{"line":217,"column":null}}],"line":215},"21":{"loc":{"start":{"line":264,"column":31},"end":{"line":264,"column":51}},"type":"binary-expr","locations":[{"start":{"line":264,"column":31},"end":{"line":264,"column":47}},{"start":{"line":264,"column":47},"end":{"line":264,"column":51}}],"line":264},"22":{"loc":{"start":{"line":266,"column":17},"end":{"line":266,"column":null}},"type":"cond-expr","locations":[{"start":{"line":266,"column":37},"end":{"line":266,"column":67}},{"start":{"line":266,"column":67},"end":{"line":266,"column":null}}],"line":266},"23":{"loc":{"start":{"line":272,"column":12},"end":{"line":274,"column":null}},"type":"cond-expr","locations":[{"start":{"line":273,"column":11},"end":{"line":273,"column":null}},{"start":{"line":274,"column":10},"end":{"line":274,"column":null}}],"line":272},"24":{"loc":{"start":{"line":277,"column":18},"end":{"line":279,"column":null}},"type":"cond-expr","locations":[{"start":{"line":278,"column":12},"end":{"line":278,"column":null}},{"start":{"line":279,"column":12},"end":{"line":279,"column":null}}],"line":277},"25":{"loc":{"start":{"line":280,"column":23},"end":{"line":282,"column":null}},"type":"cond-expr","locations":[{"start":{"line":281,"column":12},"end":{"line":281,"column":null}},{"start":{"line":282,"column":12},"end":{"line":282,"column":null}}],"line":280},"26":{"loc":{"start":{"line":284,"column":10},"end":{"line":286,"column":null}},"type":"cond-expr","locations":[{"start":{"line":285,"column":14},"end":{"line":285,"column":null}},{"start":{"line":286,"column":14},"end":{"line":286,"column":null}}],"line":284},"27":{"loc":{"start":{"line":285,"column":14},"end":{"line":285,"column":null}},"type":"binary-expr","locations":[{"start":{"line":285,"column":14},"end":{"line":285,"column":76}},{"start":{"line":285,"column":76},"end":{"line":285,"column":null}}],"line":285},"28":{"loc":{"start":{"line":294,"column":6},"end":{"line":294,"column":null}},"type":"binary-expr","locations":[{"start":{"line":294,"column":6},"end":{"line":294,"column":32}},{"start":{"line":294,"column":32},"end":{"line":294,"column":null}}],"line":294}},"s":{"0":0,"1":0,"2":0,"3":0,"4":0,"5":0,"6":17,"7":17,"8":17,"9":17,"10":17,"11":0,"12":0,"13":0,"14":0,"15":0,"16":0,"17":0,"18":0,"19":0,"20":0,"21":0,"22":0,"23":0,"24":0,"25":0,"26":0,"27":0,"28":0,"29":0,"30":0,"31":0,"32":0,"33":0,"34":0,"35":0,"36":0,"37":0,"38":0,"39":0,"40":0,"41":0,"42":0,"43":0,"44":0,"45":0,"46":0,"47":0,"48":0},"f":{"0":0,"1":0,"2":0,"3":0,"4":17,"5":0,"6":0,"7":0,"8":0,"9":0},"b":{"0":[0],"1":[0,0],"2":[0,0],"3":[0,0],"4":[0,0],"5":[0,0],"6":[0,0],"7":[0,0],"8":[0,0],"9":[0,0],"10":[0,0],"11":[0,0],"12":[0,0],"13":[0,0],"14":[0,0],"15":[0,0],"16":[0,0],"17":[0,0],"18":[0,0],"19":[0,0],"20":[0,0],"21":[0,0],"22":[0,0],"23":[0,0],"24":[0,0],"25":[0,0],"26":[0,0],"27":[0,0],"28":[0,0]},"meta":{"lastBranch":29,"lastFunction":10,"lastStatement":49,"seen":{"f:38:9:38:34":0,"b:38:52:38:73":0,"s:39:2:48:Infinity":0,"f:54:9:54:Infinity":1,"s:60:2:73:Infinity":1,"f:79:9:79:Infinity":2,"s:83:2:90:Infinity":2,"b:86:17:86:48:86:48:86:Infinity":1,"b:87:13:87:40:87:40:87:Infinity":2,"b:88:20:88:38:88:38:88:Infinity":3,"f:96:9:96:Infinity":3,"b:99:2:99:Infinity:undefined:undefined:undefined:undefined":4,"s:99:2:99:Infinity":3,"s:99:28:99:Infinity":4,"s:101:2:111:Infinity":5,"b:103:51:103:63:103:63:103:Infinity":5,"f:117:16:117:34":4,"s:118:8:118:Infinity":6,"s:121:2:121:Infinity":7,"s:122:2:128:Infinity":8,"s:129:2:129:Infinity":9,"s:131:2:227:Infinity":10,"f:131:9:131:Infinity":5,"s:135:17:135:Infinity":11,"b:138:4:144:Infinity:undefined:undefined:undefined:undefined":6,"s:138:4:144:Infinity":12,"b:138:8:138:25:138:25:138:59":7,"s:139:6:143:Infinity":13,"b:146:4:152:Infinity:undefined:undefined:undefined:undefined":8,"s:146:4:152:Infinity":14,"s:147:6:151:Infinity":15,"s:154:4:226:Infinity":16,"s:156:26:156:Infinity":17,"s:158:12:161:Infinity":18,"b:158:33:158:49:158:49:158:53":9,"f:158:57:158:58":6,"s:158:71:161:8":19,"b:160:39:160:69:160:69:160:Infinity":10,"s:163:12:163:Infinity":20,"s:164:37:182:Infinity":21,"b:167:13:167:Infinity:168:12:168:Infinity":11,"b:172:14:172:Infinity:173:14:173:Infinity":12,"b:175:14:175:Infinity:176:14:176:Infinity":13,"b:179:16:179:Infinity:180:16:180:Infinity":14,"b:179:16:179:78:179:78:179:Infinity":15,"s:185:21:187:Infinity":22,"s:189:27:189:Infinity":23,"s:191:8:191:Infinity":24,"b:191:8:191:34:191:34:191:Infinity":16,"b:194:6:203:Infinity:undefined:undefined:undefined:undefined":17,"s:194:6:203:Infinity":25,"b:194:10:194:29:194:29:194:71":18,"s:195:8:202:Infinity":26,"s:206:27:206:Infinity":27,"s:207:6:207:Infinity":28,"s:209:6:209:Infinity":29,"b:211:6:219:Infinity:undefined:undefined:undefined:undefined":19,"s:211:6:219:Infinity":30,"s:212:8:218:Infinity":31,"b:216:14:216:Infinity:217:14:217:Infinity":20,"s:221:6:225:Infinity":32,"f:233:16:233:Infinity":7,"s:240:8:240:Infinity":33,"s:243:2:243:Infinity":34,"s:244:2:250:Infinity":35,"s:251:2:251:Infinity":36,"s:253:2:311:Infinity":37,"f:253:9:253:Infinity":8,"s:258:17:258:Infinity":38,"s:261:24:261:Infinity":39,"s:264:10:267:Infinity":40,"b:264:31:264:47:264:47:264:51":21,"f:264:55:264:56":9,"s:264:69:267:6":41,"b:266:37:266:67:266:67:266:Infinity":22,"s:269:10:269:Infinity":42,"s:270:35:288:Infinity":43,"b:273:11:273:Infinity:274:10:274:Infinity":23,"b:278:12:278:Infinity:279:12:279:Infinity":24,"b:281:12:281:Infinity:282:12:282:Infinity":25,"b:285:14:285:Infinity:286:14:286:Infinity":26,"b:285:14:285:76:285:76:285:Infinity":27,"s:291:19:291:Infinity":44,"s:292:25:292:Infinity":45,"s:294:6:294:Infinity":46,"b:294:6:294:32:294:32:294:Infinity":28,"s:297:4:302:Infinity":47,"s:305:4:310:Infinity":48}}}
,"/Users/mdshahabulalam/myAIDev/taxomind/packages/api/src/handlers/gamification.ts": {"path":"/Users/mdshahabulalam/myAIDev/taxomind/packages/api/src/handlers/gamification.ts","statementMap":{"0":{"start":{"line":20,"column":2},"end":{"line":29,"column":null}},"1":{"start":{"line":41,"column":2},"end":{"line":54,"column":null}},"2":{"start":{"line":61,"column":2},"end":{"line":71,"column":null}},"3":{"start":{"line":78,"column":2},"end":{"line":92,"column":null}},"4":{"start":{"line":81,"column":49},"end":{"line":85,"column":6}},"5":{"start":{"line":100,"column":2},"end":{"line":100,"column":null}},"6":{"start":{"line":107,"column":46},"end":{"line":107,"column":null}},"7":{"start":{"line":109,"column":2},"end":{"line":160,"column":null}},"8":{"start":{"line":113,"column":17},"end":{"line":113,"column":null}},"9":{"start":{"line":116,"column":4},"end":{"line":118,"column":null}},"10":{"start":{"line":117,"column":6},"end":{"line":117,"column":null}},"11":{"start":{"line":120,"column":4},"end":{"line":159,"column":null}},"12":{"start":{"line":121,"column":6},"end":{"line":140,"column":null}},"13":{"start":{"line":123,"column":10},"end":{"line":123,"column":null}},"14":{"start":{"line":126,"column":10},"end":{"line":126,"column":null}},"15":{"start":{"line":129,"column":10},"end":{"line":129,"column":null}},"16":{"start":{"line":132,"column":10},"end":{"line":132,"column":null}},"17":{"start":{"line":135,"column":10},"end":{"line":139,"column":null}},"18":{"start":{"line":142,"column":6},"end":{"line":142,"column":null}},"19":{"start":{"line":144,"column":6},"end":{"line":152,"column":null}},"20":{"start":{"line":145,"column":8},"end":{"line":151,"column":null}},"21":{"start":{"line":154,"column":6},"end":{"line":158,"column":null}},"22":{"start":{"line":170,"column":13},"end":{"line":170,"column":null}},"23":{"start":{"line":172,"column":2},"end":{"line":177,"column":null}},"24":{"start":{"line":173,"column":19},"end":{"line":173,"column":null}},"25":{"start":{"line":174,"column":4},"end":{"line":176,"column":null}},"26":{"start":{"line":175,"column":6},"end":{"line":175,"column":null}},"27":{"start":{"line":179,"column":41},"end":{"line":181,"column":null}},"28":{"start":{"line":183,"column":2},"end":{"line":183,"column":null}},"29":{"start":{"line":194,"column":22},"end":{"line":194,"column":null}},"30":{"start":{"line":195,"column":19},"end":{"line":195,"column":null}},"31":{"start":{"line":198,"column":20},"end":{"line":198,"column":null}},"32":{"start":{"line":200,"column":2},"end":{"line":205,"column":null}},"33":{"start":{"line":201,"column":19},"end":{"line":201,"column":null}},"34":{"start":{"line":202,"column":4},"end":{"line":204,"column":null}},"35":{"start":{"line":203,"column":6},"end":{"line":203,"column":null}},"36":{"start":{"line":208,"column":20},"end":{"line":208,"column":null}},"37":{"start":{"line":209,"column":19},"end":{"line":209,"column":null}},"38":{"start":{"line":211,"column":52},"end":{"line":215,"column":null}},"39":{"start":{"line":218,"column":2},"end":{"line":223,"column":null}},"40":{"start":{"line":219,"column":4},"end":{"line":222,"column":null}},"41":{"start":{"line":225,"column":41},"end":{"line":234,"column":null}},"42":{"start":{"line":236,"column":2},"end":{"line":236,"column":null}},"43":{"start":{"line":247,"column":2},"end":{"line":249,"column":null}},"44":{"start":{"line":248,"column":4},"end":{"line":248,"column":null}},"45":{"start":{"line":252,"column":20},"end":{"line":252,"column":null}},"46":{"start":{"line":254,"column":2},"end":{"line":259,"column":null}},"47":{"start":{"line":255,"column":19},"end":{"line":255,"column":null}},"48":{"start":{"line":256,"column":4},"end":{"line":258,"column":null}},"49":{"start":{"line":257,"column":6},"end":{"line":257,"column":null}},"50":{"start":{"line":262,"column":2},"end":{"line":264,"column":null}},"51":{"start":{"line":262,"column":37},"end":{"line":262,"column":61}},"52":{"start":{"line":263,"column":4},"end":{"line":263,"column":null}},"53":{"start":{"line":267,"column":19},"end":{"line":271,"column":null}},"54":{"start":{"line":269,"column":69},"end":{"line":269,"column":84}},"55":{"start":{"line":273,"column":52},"end":{"line":276,"column":null}},"56":{"start":{"line":279,"column":2},"end":{"line":288,"column":null}},"57":{"start":{"line":280,"column":33},"end":{"line":286,"column":null}},"58":{"start":{"line":287,"column":4},"end":{"line":287,"column":null}},"59":{"start":{"line":290,"column":41},"end":{"line":299,"column":null}},"60":{"start":{"line":301,"column":2},"end":{"line":301,"column":null}},"61":{"start":{"line":312,"column":20},"end":{"line":312,"column":null}},"62":{"start":{"line":314,"column":2},"end":{"line":319,"column":null}},"63":{"start":{"line":315,"column":19},"end":{"line":315,"column":null}},"64":{"start":{"line":316,"column":4},"end":{"line":318,"column":null}},"65":{"start":{"line":317,"column":6},"end":{"line":317,"column":null}},"66":{"start":{"line":321,"column":14},"end":{"line":321,"column":null}},"67":{"start":{"line":322,"column":23},"end":{"line":322,"column":null}},"68":{"start":{"line":323,"column":32},"end":{"line":325,"column":null}},"69":{"start":{"line":329,"column":2},"end":{"line":347,"column":null}},"70":{"start":{"line":332,"column":6},"end":{"line":334,"column":null}},"71":{"start":{"line":335,"column":4},"end":{"line":339,"column":null}},"72":{"start":{"line":342,"column":4},"end":{"line":346,"column":null}},"73":{"start":{"line":349,"column":52},"end":{"line":352,"column":null}},"74":{"start":{"line":355,"column":2},"end":{"line":361,"column":null}},"75":{"start":{"line":356,"column":4},"end":{"line":360,"column":null}},"76":{"start":{"line":363,"column":41},"end":{"line":372,"column":null}},"77":{"start":{"line":374,"column":2},"end":{"line":374,"column":null}}},"fnMap":{"0":{"name":"createSuccessResponse","decl":{"start":{"line":19,"column":9},"end":{"line":19,"column":34}},"loc":{"start":{"line":19,"column":73},"end":{"line":30,"column":null}},"line":19},"1":{"name":"createErrorResponse","decl":{"start":{"line":35,"column":9},"end":{"line":35,"column":null}},"loc":{"start":{"line":40,"column":18},"end":{"line":55,"column":null}},"line":40},"2":{"name":"getDefaultGamificationData","decl":{"start":{"line":60,"column":9},"end":{"line":60,"column":68}},"loc":{"start":{"line":60,"column":68},"end":{"line":72,"column":null}},"line":60},"3":{"name":"storageToResponseFormat","decl":{"start":{"line":77,"column":9},"end":{"line":77,"column":33}},"loc":{"start":{"line":77,"column":89},"end":{"line":93,"column":null}},"line":77},"4":{"name":"(anonymous_4)","decl":{"start":{"line":81,"column":30},"end":{"line":81,"column":31}},"loc":{"start":{"line":81,"column":49},"end":{"line":85,"column":6}},"line":81},"5":{"name":"calculateLevel","decl":{"start":{"line":98,"column":9},"end":{"line":98,"column":24}},"loc":{"start":{"line":98,"column":48},"end":{"line":101,"column":null}},"line":98},"6":{"name":"createGamificationHandler","decl":{"start":{"line":106,"column":16},"end":{"line":106,"column":42}},"loc":{"start":{"line":106,"column":73},"end":{"line":161,"column":null}},"line":106},"7":{"name":"(anonymous_7)","decl":{"start":{"line":109,"column":9},"end":{"line":109,"column":null}},"loc":{"start":{"line":112,"column":32},"end":{"line":160,"column":null}},"line":112},"8":{"name":"handleGet","decl":{"start":{"line":166,"column":15},"end":{"line":166,"column":null}},"loc":{"start":{"line":169,"column":27},"end":{"line":184,"column":null}},"line":169},"9":{"name":"handleUpdate","decl":{"start":{"line":189,"column":15},"end":{"line":189,"column":null}},"loc":{"start":{"line":193,"column":27},"end":{"line":237,"column":null}},"line":193},"10":{"name":"handleAwardBadge","decl":{"start":{"line":242,"column":15},"end":{"line":242,"column":null}},"loc":{"start":{"line":246,"column":27},"end":{"line":302,"column":null}},"line":246},"11":{"name":"(anonymous_11)","decl":{"start":{"line":262,"column":30},"end":{"line":262,"column":31}},"loc":{"start":{"line":262,"column":37},"end":{"line":262,"column":61}},"line":262},"12":{"name":"(anonymous_12)","decl":{"start":{"line":269,"column":62},"end":{"line":269,"column":63}},"loc":{"start":{"line":269,"column":69},"end":{"line":269,"column":84}},"line":269},"13":{"name":"handleUpdateStreak","decl":{"start":{"line":307,"column":15},"end":{"line":307,"column":null}},"loc":{"start":{"line":310,"column":27},"end":{"line":375,"column":null}},"line":310}},"branchMap":{"0":{"loc":{"start":{"line":19,"column":43},"end":{"line":19,"column":73}},"type":"default-arg","locations":[{"start":{"line":19,"column":52},"end":{"line":19,"column":73}}],"line":19},"1":{"loc":{"start":{"line":89,"column":20},"end":{"line":89,"column":null}},"type":"binary-expr","locations":[{"start":{"line":89,"column":20},"end":{"line":89,"column":47}},{"start":{"line":89,"column":47},"end":{"line":89,"column":null}}],"line":89},"2":{"loc":{"start":{"line":116,"column":4},"end":{"line":118,"column":null}},"type":"if","locations":[{"start":{"line":116,"column":4},"end":{"line":118,"column":null}},{"start":{},"end":{}}],"line":116},"3":{"loc":{"start":{"line":121,"column":6},"end":{"line":140,"column":null}},"type":"switch","locations":[{"start":{"line":122,"column":8},"end":{"line":123,"column":null}},{"start":{"line":125,"column":8},"end":{"line":126,"column":null}},{"start":{"line":128,"column":8},"end":{"line":129,"column":null}},{"start":{"line":131,"column":8},"end":{"line":132,"column":null}},{"start":{"line":134,"column":8},"end":{"line":139,"column":null}}],"line":121},"4":{"loc":{"start":{"line":144,"column":6},"end":{"line":152,"column":null}},"type":"if","locations":[{"start":{"line":144,"column":6},"end":{"line":152,"column":null}},{"start":{},"end":{}}],"line":144},"5":{"loc":{"start":{"line":148,"column":10},"end":{"line":150,"column":null}},"type":"cond-expr","locations":[{"start":{"line":149,"column":14},"end":{"line":149,"column":null}},{"start":{"line":150,"column":14},"end":{"line":150,"column":null}}],"line":148},"6":{"loc":{"start":{"line":172,"column":2},"end":{"line":177,"column":null}},"type":"if","locations":[{"start":{"line":172,"column":2},"end":{"line":177,"column":null}},{"start":{},"end":{}}],"line":172},"7":{"loc":{"start":{"line":174,"column":4},"end":{"line":176,"column":null}},"type":"if","locations":[{"start":{"line":174,"column":4},"end":{"line":176,"column":null}},{"start":{},"end":{}}],"line":174},"8":{"loc":{"start":{"line":194,"column":22},"end":{"line":194,"column":null}},"type":"binary-expr","locations":[{"start":{"line":194,"column":22},"end":{"line":194,"column":41}},{"start":{"line":194,"column":41},"end":{"line":194,"column":null}}],"line":194},"9":{"loc":{"start":{"line":195,"column":19},"end":{"line":195,"column":null}},"type":"binary-expr","locations":[{"start":{"line":195,"column":19},"end":{"line":195,"column":40}},{"start":{"line":195,"column":40},"end":{"line":195,"column":null}}],"line":195},"10":{"loc":{"start":{"line":200,"column":2},"end":{"line":205,"column":null}},"type":"if","locations":[{"start":{"line":200,"column":2},"end":{"line":205,"column":null}},{"start":{},"end":{}}],"line":200},"11":{"loc":{"start":{"line":202,"column":4},"end":{"line":204,"column":null}},"type":"if","locations":[{"start":{"line":202,"column":4},"end":{"line":204,"column":null}},{"start":{},"end":{}}],"line":202},"12":{"loc":{"start":{"line":218,"column":2},"end":{"line":223,"column":null}},"type":"if","locations":[{"start":{"line":218,"column":2},"end":{"line":223,"column":null}},{"start":{},"end":{}}],"line":218},"13":{"loc":{"start":{"line":247,"column":2},"end":{"line":249,"column":null}},"type":"if","locations":[{"start":{"line":247,"column":2},"end":{"line":249,"column":null}},{"start":{},"end":{}}],"line":247},"14":{"loc":{"start":{"line":254,"column":2},"end":{"line":259,"column":null}},"type":"if","locations":[{"start":{"line":254,"column":2},"end":{"line":259,"column":null}},{"start":{},"end":{}}],"line":254},"15":{"loc":{"start":{"line":256,"column":4},"end":{"line":258,"column":null}},"type":"if","locations":[{"start":{"line":256,"column":4},"end":{"line":258,"column":null}},{"start":{},"end":{}}],"line":256},"16":{"loc":{"start":{"line":262,"column":2},"end":{"line":264,"column":null}},"type":"if","locations":[{"start":{"line":262,"column":2},"end":{"line":264,"column":null}},{"start":{},"end":{}}],"line":262},"17":{"loc":{"start":{"line":279,"column":2},"end":{"line":288,"column":null}},"type":"if","locations":[{"start":{"line":279,"column":2},"end":{"line":288,"column":null}},{"start":{},"end":{}}],"line":279},"18":{"loc":{"start":{"line":314,"column":2},"end":{"line":319,"column":null}},"type":"if","locations":[{"start":{"line":314,"column":2},"end":{"line":319,"column":null}},{"start":{},"end":{}}],"line":314},"19":{"loc":{"start":{"line":316,"column":4},"end":{"line":318,"column":null}},"type":"if","locations":[{"start":{"line":316,"column":4},"end":{"line":318,"column":null}},{"start":{},"end":{}}],"line":316},"20":{"loc":{"start":{"line":329,"column":2},"end":{"line":347,"column":null}},"type":"if","locations":[{"start":{"line":329,"column":2},"end":{"line":347,"column":null}},{"start":{"line":340,"column":9},"end":{"line":347,"column":null}}],"line":329},"21":{"loc":{"start":{"line":332,"column":6},"end":{"line":334,"column":null}},"type":"cond-expr","locations":[{"start":{"line":333,"column":10},"end":{"line":333,"column":null}},{"start":{"line":334,"column":10},"end":{"line":334,"column":null}}],"line":332},"22":{"loc":{"start":{"line":355,"column":2},"end":{"line":361,"column":null}},"type":"if","locations":[{"start":{"line":355,"column":2},"end":{"line":361,"column":null}},{"start":{},"end":{}}],"line":355}},"s":{"0":0,"1":0,"2":0,"3":0,"4":0,"5":0,"6":17,"7":17,"8":0,"9":0,"10":0,"11":0,"12":0,"13":0,"14":0,"15":0,"16":0,"17":0,"18":0,"19":0,"20":0,"21":0,"22":0,"23":0,"24":0,"25":0,"26":0,"27":0,"28":0,"29":0,"30":0,"31":0,"32":0,"33":0,"34":0,"35":0,"36":0,"37":0,"38":0,"39":0,"40":0,"41":0,"42":0,"43":0,"44":0,"45":0,"46":0,"47":0,"48":0,"49":0,"50":0,"51":0,"52":0,"53":0,"54":0,"55":0,"56":0,"57":0,"58":0,"59":0,"60":0,"61":0,"62":0,"63":0,"64":0,"65":0,"66":0,"67":0,"68":0,"69":0,"70":0,"71":0,"72":0,"73":0,"74":0,"75":0,"76":0,"77":0},"f":{"0":0,"1":0,"2":0,"3":0,"4":0,"5":0,"6":17,"7":0,"8":0,"9":0,"10":0,"11":0,"12":0,"13":0},"b":{"0":[0],"1":[0,0],"2":[0,0],"3":[0,0,0,0,0],"4":[0,0],"5":[0,0],"6":[0,0],"7":[0,0],"8":[0,0],"9":[0,0],"10":[0,0],"11":[0,0],"12":[0,0],"13":[0,0],"14":[0,0],"15":[0,0],"16":[0,0],"17":[0,0],"18":[0,0],"19":[0,0],"20":[0,0],"21":[0,0],"22":[0,0]},"meta":{"lastBranch":23,"lastFunction":14,"lastStatement":78,"seen":{"f:19:9:19:34":0,"b:19:52:19:73":0,"s:20:2:29:Infinity":0,"f:35:9:35:Infinity":1,"s:41:2:54:Infinity":1,"f:60:9:60:68":2,"s:61:2:71:Infinity":2,"f:77:9:77:33":3,"s:78:2:92:Infinity":3,"f:81:30:81:31":4,"s:81:49:85:6":4,"b:89:20:89:47:89:47:89:Infinity":1,"f:98:9:98:24":5,"s:100:2:100:Infinity":5,"f:106:16:106:42":6,"s:107:46:107:Infinity":6,"s:109:2:160:Infinity":7,"f:109:9:109:Infinity":7,"s:113:17:113:Infinity":8,"b:116:4:118:Infinity:undefined:undefined:undefined:undefined":2,"s:116:4:118:Infinity":9,"s:117:6:117:Infinity":10,"s:120:4:159:Infinity":11,"b:122:8:123:Infinity:125:8:126:Infinity:128:8:129:Infinity:131:8:132:Infinity:134:8:139:Infinity":3,"s:121:6:140:Infinity":12,"s:123:10:123:Infinity":13,"s:126:10:126:Infinity":14,"s:129:10:129:Infinity":15,"s:132:10:132:Infinity":16,"s:135:10:139:Infinity":17,"s:142:6:142:Infinity":18,"b:144:6:152:Infinity:undefined:undefined:undefined:undefined":4,"s:144:6:152:Infinity":19,"s:145:8:151:Infinity":20,"b:149:14:149:Infinity:150:14:150:Infinity":5,"s:154:6:158:Infinity":21,"f:166:15:166:Infinity":8,"s:170:13:170:Infinity":22,"b:172:2:177:Infinity:undefined:undefined:undefined:undefined":6,"s:172:2:177:Infinity":23,"s:173:19:173:Infinity":24,"b:174:4:176:Infinity:undefined:undefined:undefined:undefined":7,"s:174:4:176:Infinity":25,"s:175:6:175:Infinity":26,"s:179:41:181:Infinity":27,"s:183:2:183:Infinity":28,"f:189:15:189:Infinity":9,"s:194:22:194:Infinity":29,"b:194:22:194:41:194:41:194:Infinity":8,"s:195:19:195:Infinity":30,"b:195:19:195:40:195:40:195:Infinity":9,"s:198:20:198:Infinity":31,"b:200:2:205:Infinity:undefined:undefined:undefined:undefined":10,"s:200:2:205:Infinity":32,"s:201:19:201:Infinity":33,"b:202:4:204:Infinity:undefined:undefined:undefined:undefined":11,"s:202:4:204:Infinity":34,"s:203:6:203:Infinity":35,"s:208:20:208:Infinity":36,"s:209:19:209:Infinity":37,"s:211:52:215:Infinity":38,"b:218:2:223:Infinity:undefined:undefined:undefined:undefined":12,"s:218:2:223:Infinity":39,"s:219:4:222:Infinity":40,"s:225:41:234:Infinity":41,"s:236:2:236:Infinity":42,"f:242:15:242:Infinity":10,"b:247:2:249:Infinity:undefined:undefined:undefined:undefined":13,"s:247:2:249:Infinity":43,"s:248:4:248:Infinity":44,"s:252:20:252:Infinity":45,"b:254:2:259:Infinity:undefined:undefined:undefined:undefined":14,"s:254:2:259:Infinity":46,"s:255:19:255:Infinity":47,"b:256:4:258:Infinity:undefined:undefined:undefined:undefined":15,"s:256:4:258:Infinity":48,"s:257:6:257:Infinity":49,"b:262:2:264:Infinity:undefined:undefined:undefined:undefined":16,"s:262:2:264:Infinity":50,"f:262:30:262:31":11,"s:262:37:262:61":51,"s:263:4:263:Infinity":52,"s:267:19:271:Infinity":53,"f:269:62:269:63":12,"s:269:69:269:84":54,"s:273:52:276:Infinity":55,"b:279:2:288:Infinity:undefined:undefined:undefined:undefined":17,"s:279:2:288:Infinity":56,"s:280:33:286:Infinity":57,"s:287:4:287:Infinity":58,"s:290:41:299:Infinity":59,"s:301:2:301:Infinity":60,"f:307:15:307:Infinity":13,"s:312:20:312:Infinity":61,"b:314:2:319:Infinity:undefined:undefined:undefined:undefined":18,"s:314:2:319:Infinity":62,"s:315:19:315:Infinity":63,"b:316:4:318:Infinity:undefined:undefined:undefined:undefined":19,"s:316:4:318:Infinity":64,"s:317:6:317:Infinity":65,"s:321:14:321:Infinity":66,"s:322:23:322:Infinity":67,"s:323:32:325:Infinity":68,"b:329:2:347:Infinity:340:9:347:Infinity":20,"s:329:2:347:Infinity":69,"s:332:6:334:Infinity":70,"b:333:10:333:Infinity:334:10:334:Infinity":21,"s:335:4:339:Infinity":71,"s:342:4:346:Infinity":72,"s:349:52:352:Infinity":73,"b:355:2:361:Infinity:undefined:undefined:undefined:undefined":22,"s:355:2:361:Infinity":74,"s:356:4:360:Infinity":75,"s:363:41:372:Infinity":76,"s:374:2:374:Infinity":77}}}
,"/Users/mdshahabulalam/myAIDev/taxomind/packages/api/src/handlers/index.ts": {"path":"/Users/mdshahabulalam/myAIDev/taxomind/packages/api/src/handlers/index.ts","statementMap":{},"fnMap":{},"branchMap":{},"s":{},"f":{},"b":{},"meta":{"lastBranch":0,"lastFunction":0,"lastStatement":0,"seen":{}}}
,"/Users/mdshahabulalam/myAIDev/taxomind/packages/api/src/handlers/profile.ts": {"path":"/Users/mdshahabulalam/myAIDev/taxomind/packages/api/src/handlers/profile.ts","statementMap":{"0":{"start":{"line":20,"column":2},"end":{"line":29,"column":null}},"1":{"start":{"line":41,"column":2},"end":{"line":54,"column":null}},"2":{"start":{"line":64,"column":2},"end":{"line":78,"column":null}},"3":{"start":{"line":89,"column":2},"end":{"line":103,"column":null}},"4":{"start":{"line":110,"column":46},"end":{"line":110,"column":null}},"5":{"start":{"line":112,"column":2},"end":{"line":168,"column":null}},"6":{"start":{"line":116,"column":17},"end":{"line":116,"column":null}},"7":{"start":{"line":119,"column":4},"end":{"line":121,"column":null}},"8":{"start":{"line":120,"column":6},"end":{"line":120,"column":null}},"9":{"start":{"line":123,"column":4},"end":{"line":167,"column":null}},"10":{"start":{"line":124,"column":6},"end":{"line":148,"column":null}},"11":{"start":{"line":126,"column":10},"end":{"line":126,"column":null}},"12":{"start":{"line":129,"column":10},"end":{"line":134,"column":null}},"13":{"start":{"line":137,"column":10},"end":{"line":137,"column":null}},"14":{"start":{"line":140,"column":10},"end":{"line":140,"column":null}},"15":{"start":{"line":143,"column":10},"end":{"line":147,"column":null}},"16":{"start":{"line":150,"column":6},"end":{"line":150,"column":null}},"17":{"start":{"line":152,"column":6},"end":{"line":160,"column":null}},"18":{"start":{"line":153,"column":8},"end":{"line":159,"column":null}},"19":{"start":{"line":162,"column":6},"end":{"line":166,"column":null}},"20":{"start":{"line":179,"column":16},"end":{"line":179,"column":null}},"21":{"start":{"line":182,"column":2},"end":{"line":195,"column":null}},"22":{"start":{"line":183,"column":19},"end":{"line":183,"column":null}},"23":{"start":{"line":184,"column":4},"end":{"line":194,"column":null}},"24":{"start":{"line":185,"column":6},"end":{"line":185,"column":null}},"25":{"start":{"line":187,"column":6},"end":{"line":193,"column":null}},"26":{"start":{"line":197,"column":36},"end":{"line":200,"column":null}},"27":{"start":{"line":202,"column":2},"end":{"line":202,"column":null}},"28":{"start":{"line":215,"column":16},"end":{"line":215,"column":null}},"29":{"start":{"line":217,"column":2},"end":{"line":222,"column":null}},"30":{"start":{"line":218,"column":19},"end":{"line":218,"column":null}},"31":{"start":{"line":219,"column":4},"end":{"line":221,"column":null}},"32":{"start":{"line":220,"column":6},"end":{"line":220,"column":null}},"33":{"start":{"line":225,"column":2},"end":{"line":230,"column":null}},"34":{"start":{"line":226,"column":4},"end":{"line":229,"column":null}},"35":{"start":{"line":232,"column":2},"end":{"line":234,"column":null}},"36":{"start":{"line":233,"column":4},"end":{"line":233,"column":null}},"37":{"start":{"line":237,"column":2},"end":{"line":242,"column":null}},"38":{"start":{"line":238,"column":4},"end":{"line":241,"column":null}},"39":{"start":{"line":244,"column":36},"end":{"line":246,"column":null}},"40":{"start":{"line":248,"column":2},"end":{"line":248,"column":null}},"41":{"start":{"line":258,"column":22},"end":{"line":258,"column":null}},"42":{"start":{"line":259,"column":41},"end":{"line":259,"column":null}},"43":{"start":{"line":261,"column":2},"end":{"line":272,"column":null}},"44":{"start":{"line":262,"column":19},"end":{"line":262,"column":null}},"45":{"start":{"line":263,"column":4},"end":{"line":271,"column":null}},"46":{"start":{"line":264,"column":6},"end":{"line":264,"column":null}},"47":{"start":{"line":265,"column":6},"end":{"line":270,"column":null}},"48":{"start":{"line":274,"column":2},"end":{"line":277,"column":null}},"49":{"start":{"line":287,"column":19},"end":{"line":293,"column":null}},"50":{"start":{"line":296,"column":2},"end":{"line":302,"column":null}},"51":{"start":{"line":297,"column":25},"end":{"line":297,"column":null}},"52":{"start":{"line":298,"column":4},"end":{"line":301,"column":null}},"53":{"start":{"line":299,"column":6},"end":{"line":299,"column":null}},"54":{"start":{"line":300,"column":6},"end":{"line":300,"column":null}},"55":{"start":{"line":304,"column":2},"end":{"line":307,"column":null}},"56":{"start":{"line":314,"column":52},"end":{"line":335,"column":null}},"57":{"start":{"line":337,"column":2},"end":{"line":337,"column":null}},"58":{"start":{"line":350,"column":29},"end":{"line":350,"column":null}},"59":{"start":{"line":352,"column":2},"end":{"line":356,"column":null}},"60":{"start":{"line":353,"column":4},"end":{"line":355,"column":null}},"61":{"start":{"line":358,"column":2},"end":{"line":362,"column":null}},"62":{"start":{"line":359,"column":4},"end":{"line":359,"column":null}},"63":{"start":{"line":360,"column":2},"end":{"line":362,"column":null}},"64":{"start":{"line":361,"column":4},"end":{"line":361,"column":null}},"65":{"start":{"line":364,"column":2},"end":{"line":368,"column":null}},"66":{"start":{"line":365,"column":4},"end":{"line":365,"column":null}},"67":{"start":{"line":366,"column":2},"end":{"line":368,"column":null}},"68":{"start":{"line":367,"column":4},"end":{"line":367,"column":null}},"69":{"start":{"line":370,"column":2},"end":{"line":373,"column":null}},"70":{"start":{"line":371,"column":18},"end":{"line":371,"column":null}},"71":{"start":{"line":372,"column":4},"end":{"line":372,"column":null}},"72":{"start":{"line":375,"column":2},"end":{"line":375,"column":null}}},"fnMap":{"0":{"name":"createSuccessResponse","decl":{"start":{"line":19,"column":9},"end":{"line":19,"column":34}},"loc":{"start":{"line":19,"column":73},"end":{"line":30,"column":null}},"line":19},"1":{"name":"createErrorResponse","decl":{"start":{"line":35,"column":9},"end":{"line":35,"column":null}},"loc":{"start":{"line":40,"column":18},"end":{"line":55,"column":null}},"line":40},"2":{"name":"getDefaultProfile","decl":{"start":{"line":60,"column":9},"end":{"line":60,"column":null}},"loc":{"start":{"line":63,"column":30},"end":{"line":79,"column":null}},"line":63},"3":{"name":"storageToProfileFormat","decl":{"start":{"line":84,"column":9},"end":{"line":84,"column":null}},"loc":{"start":{"line":88,"column":30},"end":{"line":104,"column":null}},"line":88},"4":{"name":"createProfileHandler","decl":{"start":{"line":109,"column":16},"end":{"line":109,"column":37}},"loc":{"start":{"line":109,"column":68},"end":{"line":169,"column":null}},"line":109},"5":{"name":"(anonymous_5)","decl":{"start":{"line":112,"column":9},"end":{"line":112,"column":null}},"loc":{"start":{"line":115,"column":32},"end":{"line":168,"column":null}},"line":115},"6":{"name":"handleGet","decl":{"start":{"line":174,"column":15},"end":{"line":174,"column":null}},"loc":{"start":{"line":178,"column":27},"end":{"line":203,"column":null}},"line":178},"7":{"name":"handleUpdate","decl":{"start":{"line":208,"column":15},"end":{"line":208,"column":null}},"loc":{"start":{"line":213,"column":27},"end":{"line":249,"column":null}},"line":213},"8":{"name":"handleGetLearningStyle","decl":{"start":{"line":254,"column":15},"end":{"line":254,"column":null}},"loc":{"start":{"line":257,"column":27},"end":{"line":278,"column":null}},"line":257},"9":{"name":"handleGetProgress","decl":{"start":{"line":283,"column":15},"end":{"line":283,"column":null}},"loc":{"start":{"line":286,"column":27},"end":{"line":308,"column":null}},"line":286},"10":{"name":"generateLearningStyleRecommendations","decl":{"start":{"line":313,"column":9},"end":{"line":313,"column":46}},"loc":{"start":{"line":313,"column":71},"end":{"line":338,"column":null}},"line":313},"11":{"name":"generateProgressInsights","decl":{"start":{"line":343,"column":9},"end":{"line":343,"column":34}},"loc":{"start":{"line":349,"column":13},"end":{"line":376,"column":null}},"line":349}},"branchMap":{"0":{"loc":{"start":{"line":19,"column":43},"end":{"line":19,"column":73}},"type":"default-arg","locations":[{"start":{"line":19,"column":52},"end":{"line":19,"column":73}}],"line":19},"1":{"loc":{"start":{"line":66,"column":10},"end":{"line":66,"column":null}},"type":"binary-expr","locations":[{"start":{"line":66,"column":10},"end":{"line":66,"column":40}},{"start":{"line":66,"column":40},"end":{"line":66,"column":null}}],"line":66},"2":{"loc":{"start":{"line":67,"column":10},"end":{"line":67,"column":null}},"type":"binary-expr","locations":[{"start":{"line":67,"column":10},"end":{"line":67,"column":40}},{"start":{"line":67,"column":40},"end":{"line":67,"column":null}}],"line":67},"3":{"loc":{"start":{"line":91,"column":10},"end":{"line":91,"column":null}},"type":"binary-expr","locations":[{"start":{"line":91,"column":10},"end":{"line":91,"column":40}},{"start":{"line":91,"column":40},"end":{"line":91,"column":null}}],"line":91},"4":{"loc":{"start":{"line":92,"column":10},"end":{"line":92,"column":null}},"type":"binary-expr","locations":[{"start":{"line":92,"column":10},"end":{"line":92,"column":40}},{"start":{"line":92,"column":40},"end":{"line":92,"column":null}}],"line":92},"5":{"loc":{"start":{"line":94,"column":21},"end":{"line":94,"column":null}},"type":"binary-expr","locations":[{"start":{"line":94,"column":21},"end":{"line":94,"column":45}},{"start":{"line":94,"column":45},"end":{"line":94,"column":null}}],"line":94},"6":{"loc":{"start":{"line":95,"column":12},"end":{"line":95,"column":null}},"type":"binary-expr","locations":[{"start":{"line":95,"column":12},"end":{"line":95,"column":36}},{"start":{"line":95,"column":36},"end":{"line":95,"column":null}}],"line":95},"7":{"loc":{"start":{"line":119,"column":4},"end":{"line":121,"column":null}},"type":"if","locations":[{"start":{"line":119,"column":4},"end":{"line":121,"column":null}},{"start":{},"end":{}}],"line":119},"8":{"loc":{"start":{"line":124,"column":6},"end":{"line":148,"column":null}},"type":"switch","locations":[{"start":{"line":125,"column":8},"end":{"line":126,"column":null}},{"start":{"line":128,"column":8},"end":{"line":134,"column":null}},{"start":{"line":136,"column":8},"end":{"line":137,"column":null}},{"start":{"line":139,"column":8},"end":{"line":140,"column":null}},{"start":{"line":142,"column":8},"end":{"line":147,"column":null}}],"line":124},"9":{"loc":{"start":{"line":152,"column":6},"end":{"line":160,"column":null}},"type":"if","locations":[{"start":{"line":152,"column":6},"end":{"line":160,"column":null}},{"start":{},"end":{}}],"line":152},"10":{"loc":{"start":{"line":156,"column":10},"end":{"line":158,"column":null}},"type":"cond-expr","locations":[{"start":{"line":157,"column":14},"end":{"line":157,"column":null}},{"start":{"line":158,"column":14},"end":{"line":158,"column":null}}],"line":156},"11":{"loc":{"start":{"line":182,"column":2},"end":{"line":195,"column":null}},"type":"if","locations":[{"start":{"line":182,"column":2},"end":{"line":195,"column":null}},{"start":{},"end":{}}],"line":182},"12":{"loc":{"start":{"line":184,"column":4},"end":{"line":194,"column":null}},"type":"if","locations":[{"start":{"line":184,"column":4},"end":{"line":194,"column":null}},{"start":{},"end":{}}],"line":184},"13":{"loc":{"start":{"line":188,"column":21},"end":{"line":188,"column":null}},"type":"binary-expr","locations":[{"start":{"line":188,"column":21},"end":{"line":188,"column":41}},{"start":{"line":188,"column":41},"end":{"line":188,"column":null}}],"line":188},"14":{"loc":{"start":{"line":189,"column":19},"end":{"line":189,"column":null}},"type":"binary-expr","locations":[{"start":{"line":189,"column":19},"end":{"line":189,"column":40}},{"start":{"line":189,"column":40},"end":{"line":189,"column":null}}],"line":189},"15":{"loc":{"start":{"line":191,"column":10},"end":{"line":191,"column":null}},"type":"binary-expr","locations":[{"start":{"line":191,"column":10},"end":{"line":191,"column":34}},{"start":{"line":191,"column":34},"end":{"line":191,"column":null}}],"line":191},"16":{"loc":{"start":{"line":217,"column":2},"end":{"line":222,"column":null}},"type":"if","locations":[{"start":{"line":217,"column":2},"end":{"line":222,"column":null}},{"start":{},"end":{}}],"line":217},"17":{"loc":{"start":{"line":219,"column":4},"end":{"line":221,"column":null}},"type":"if","locations":[{"start":{"line":219,"column":4},"end":{"line":221,"column":null}},{"start":{},"end":{}}],"line":219},"18":{"loc":{"start":{"line":225,"column":2},"end":{"line":230,"column":null}},"type":"if","locations":[{"start":{"line":225,"column":2},"end":{"line":230,"column":null}},{"start":{},"end":{}}],"line":225},"19":{"loc":{"start":{"line":232,"column":2},"end":{"line":234,"column":null}},"type":"if","locations":[{"start":{"line":232,"column":2},"end":{"line":234,"column":null}},{"start":{},"end":{}}],"line":232},"20":{"loc":{"start":{"line":237,"column":2},"end":{"line":242,"column":null}},"type":"if","locations":[{"start":{"line":237,"column":2},"end":{"line":242,"column":null}},{"start":{},"end":{}}],"line":237},"21":{"loc":{"start":{"line":261,"column":2},"end":{"line":272,"column":null}},"type":"if","locations":[{"start":{"line":261,"column":2},"end":{"line":272,"column":null}},{"start":{},"end":{}}],"line":261},"22":{"loc":{"start":{"line":263,"column":4},"end":{"line":271,"column":null}},"type":"if","locations":[{"start":{"line":263,"column":4},"end":{"line":271,"column":null}},{"start":{},"end":{}}],"line":263},"23":{"loc":{"start":{"line":264,"column":22},"end":{"line":264,"column":null}},"type":"binary-expr","locations":[{"start":{"line":264,"column":22},"end":{"line":264,"column":46}},{"start":{"line":264,"column":46},"end":{"line":264,"column":null}}],"line":264},"24":{"loc":{"start":{"line":266,"column":23},"end":{"line":266,"column":null}},"type":"binary-expr","locations":[{"start":{"line":266,"column":23},"end":{"line":266,"column":47}},{"start":{"line":266,"column":47},"end":{"line":266,"column":null}}],"line":266},"25":{"loc":{"start":{"line":267,"column":21},"end":{"line":267,"column":null}},"type":"binary-expr","locations":[{"start":{"line":267,"column":21},"end":{"line":267,"column":41}},{"start":{"line":267,"column":41},"end":{"line":267,"column":null}}],"line":267},"26":{"loc":{"start":{"line":268,"column":19},"end":{"line":268,"column":null}},"type":"binary-expr","locations":[{"start":{"line":268,"column":19},"end":{"line":268,"column":40}},{"start":{"line":268,"column":40},"end":{"line":268,"column":null}}],"line":268},"27":{"loc":{"start":{"line":296,"column":2},"end":{"line":302,"column":null}},"type":"if","locations":[{"start":{"line":296,"column":2},"end":{"line":302,"column":null}},{"start":{},"end":{}}],"line":296},"28":{"loc":{"start":{"line":298,"column":4},"end":{"line":301,"column":null}},"type":"if","locations":[{"start":{"line":298,"column":4},"end":{"line":301,"column":null}},{"start":{},"end":{}}],"line":298},"29":{"loc":{"start":{"line":337,"column":9},"end":{"line":337,"column":null}},"type":"binary-expr","locations":[{"start":{"line":337,"column":9},"end":{"line":337,"column":35}},{"start":{"line":337,"column":35},"end":{"line":337,"column":61}},{"start":{"line":337,"column":61},"end":{"line":337,"column":null}}],"line":337},"30":{"loc":{"start":{"line":352,"column":2},"end":{"line":356,"column":null}},"type":"if","locations":[{"start":{"line":352,"column":2},"end":{"line":356,"column":null}},{"start":{},"end":{}}],"line":352},"31":{"loc":{"start":{"line":354,"column":63},"end":{"line":354,"column":103}},"type":"cond-expr","locations":[{"start":{"line":354,"column":95},"end":{"line":354,"column":101}},{"start":{"line":354,"column":101},"end":{"line":354,"column":103}}],"line":354},"32":{"loc":{"start":{"line":358,"column":2},"end":{"line":362,"column":null}},"type":"if","locations":[{"start":{"line":358,"column":2},"end":{"line":362,"column":null}},{"start":{"line":360,"column":2},"end":{"line":362,"column":null}}],"line":358},"33":{"loc":{"start":{"line":360,"column":2},"end":{"line":362,"column":null}},"type":"if","locations":[{"start":{"line":360,"column":2},"end":{"line":362,"column":null}},{"start":{},"end":{}}],"line":360},"34":{"loc":{"start":{"line":364,"column":2},"end":{"line":368,"column":null}},"type":"if","locations":[{"start":{"line":364,"column":2},"end":{"line":368,"column":null}},{"start":{"line":366,"column":2},"end":{"line":368,"column":null}}],"line":364},"35":{"loc":{"start":{"line":366,"column":2},"end":{"line":368,"column":null}},"type":"if","locations":[{"start":{"line":366,"column":2},"end":{"line":368,"column":null}},{"start":{},"end":{}}],"line":366},"36":{"loc":{"start":{"line":370,"column":2},"end":{"line":373,"column":null}},"type":"if","locations":[{"start":{"line":370,"column":2},"end":{"line":373,"column":null}},{"start":{},"end":{}}],"line":370},"37":{"loc":{"start":{"line":372,"column":52},"end":{"line":372,"column":72}},"type":"cond-expr","locations":[{"start":{"line":372,"column":64},"end":{"line":372,"column":70}},{"start":{"line":372,"column":70},"end":{"line":372,"column":72}}],"line":372}},"s":{"0":0,"1":0,"2":0,"3":0,"4":17,"5":17,"6":0,"7":0,"8":0,"9":0,"10":0,"11":0,"12":0,"13":0,"14":0,"15":0,"16":0,"17":0,"18":0,"19":0,"20":0,"21":0,"22":0,"23":0,"24":0,"25":0,"26":0,"27":0,"28":0,"29":0,"30":0,"31":0,"32":0,"33":0,"34":0,"35":0,"36":0,"37":0,"38":0,"39":0,"40":0,"41":0,"42":0,"43":0,"44":0,"45":0,"46":0,"47":0,"48":0,"49":0,"50":0,"51":0,"52":0,"53":0,"54":0,"55":0,"56":0,"57":0,"58":0,"59":0,"60":0,"61":0,"62":0,"63":0,"64":0,"65":0,"66":0,"67":0,"68":0,"69":0,"70":0,"71":0,"72":0},"f":{"0":0,"1":0,"2":0,"3":0,"4":17,"5":0,"6":0,"7":0,"8":0,"9":0,"10":0,"11":0},"b":{"0":[0],"1":[0,0],"2":[0,0],"3":[0,0],"4":[0,0],"5":[0,0],"6":[0,0],"7":[0,0],"8":[0,0,0,0,0],"9":[0,0],"10":[0,0],"11":[0,0],"12":[0,0],"13":[0,0],"14":[0,0],"15":[0,0],"16":[0,0],"17":[0,0],"18":[0,0],"19":[0,0],"20":[0,0],"21":[0,0],"22":[0,0],"23":[0,0],"24":[0,0],"25":[0,0],"26":[0,0],"27":[0,0],"28":[0,0],"29":[0,0,0],"30":[0,0],"31":[0,0],"32":[0,0],"33":[0,0],"34":[0,0],"35":[0,0],"36":[0,0],"37":[0,0]},"meta":{"lastBranch":38,"lastFunction":12,"lastStatement":73,"seen":{"f:19:9:19:34":0,"b:19:52:19:73":0,"s:20:2:29:Infinity":0,"f:35:9:35:Infinity":1,"s:41:2:54:Infinity":1,"f:60:9:60:Infinity":2,"s:64:2:78:Infinity":2,"b:66:10:66:40:66:40:66:Infinity":1,"b:67:10:67:40:67:40:67:Infinity":2,"f:84:9:84:Infinity":3,"s:89:2:103:Infinity":3,"b:91:10:91:40:91:40:91:Infinity":3,"b:92:10:92:40:92:40:92:Infinity":4,"b:94:21:94:45:94:45:94:Infinity":5,"b:95:12:95:36:95:36:95:Infinity":6,"f:109:16:109:37":4,"s:110:46:110:Infinity":4,"s:112:2:168:Infinity":5,"f:112:9:112:Infinity":5,"s:116:17:116:Infinity":6,"b:119:4:121:Infinity:undefined:undefined:undefined:undefined":7,"s:119:4:121:Infinity":7,"s:120:6:120:Infinity":8,"s:123:4:167:Infinity":9,"b:125:8:126:Infinity:128:8:134:Infinity:136:8:137:Infinity:139:8:140:Infinity:142:8:147:Infinity":8,"s:124:6:148:Infinity":10,"s:126:10:126:Infinity":11,"s:129:10:134:Infinity":12,"s:137:10:137:Infinity":13,"s:140:10:140:Infinity":14,"s:143:10:147:Infinity":15,"s:150:6:150:Infinity":16,"b:152:6:160:Infinity:undefined:undefined:undefined:undefined":9,"s:152:6:160:Infinity":17,"s:153:8:159:Infinity":18,"b:157:14:157:Infinity:158:14:158:Infinity":10,"s:162:6:166:Infinity":19,"f:174:15:174:Infinity":6,"s:179:16:179:Infinity":20,"b:182:2:195:Infinity:undefined:undefined:undefined:undefined":11,"s:182:2:195:Infinity":21,"s:183:19:183:Infinity":22,"b:184:4:194:Infinity:undefined:undefined:undefined:undefined":12,"s:184:4:194:Infinity":23,"s:185:6:185:Infinity":24,"s:187:6:193:Infinity":25,"b:188:21:188:41:188:41:188:Infinity":13,"b:189:19:189:40:189:40:189:Infinity":14,"b:191:10:191:34:191:34:191:Infinity":15,"s:197:36:200:Infinity":26,"s:202:2:202:Infinity":27,"f:208:15:208:Infinity":7,"s:215:16:215:Infinity":28,"b:217:2:222:Infinity:undefined:undefined:undefined:undefined":16,"s:217:2:222:Infinity":29,"s:218:19:218:Infinity":30,"b:219:4:221:Infinity:undefined:undefined:undefined:undefined":17,"s:219:4:221:Infinity":31,"s:220:6:220:Infinity":32,"b:225:2:230:Infinity:undefined:undefined:undefined:undefined":18,"s:225:2:230:Infinity":33,"s:226:4:229:Infinity":34,"b:232:2:234:Infinity:undefined:undefined:undefined:undefined":19,"s:232:2:234:Infinity":35,"s:233:4:233:Infinity":36,"b:237:2:242:Infinity:undefined:undefined:undefined:undefined":20,"s:237:2:242:Infinity":37,"s:238:4:241:Infinity":38,"s:244:36:246:Infinity":39,"s:248:2:248:Infinity":40,"f:254:15:254:Infinity":8,"s:258:22:258:Infinity":41,"s:259:41:259:Infinity":42,"b:261:2:272:Infinity:undefined:undefined:undefined:undefined":21,"s:261:2:272:Infinity":43,"s:262:19:262:Infinity":44,"b:263:4:271:Infinity:undefined:undefined:undefined:undefined":22,"s:263:4:271:Infinity":45,"s:264:6:264:Infinity":46,"b:264:22:264:46:264:46:264:Infinity":23,"s:265:6:270:Infinity":47,"b:266:23:266:47:266:47:266:Infinity":24,"b:267:21:267:41:267:41:267:Infinity":25,"b:268:19:268:40:268:40:268:Infinity":26,"s:274:2:277:Infinity":48,"f:283:15:283:Infinity":9,"s:287:19:293:Infinity":49,"b:296:2:302:Infinity:undefined:undefined:undefined:undefined":27,"s:296:2:302:Infinity":50,"s:297:25:297:Infinity":51,"b:298:4:301:Infinity:undefined:undefined:undefined:undefined":28,"s:298:4:301:Infinity":52,"s:299:6:299:Infinity":53,"s:300:6:300:Infinity":54,"s:304:2:307:Infinity":55,"f:313:9:313:46":10,"s:314:52:335:Infinity":56,"s:337:2:337:Infinity":57,"b:337:9:337:35:337:35:337:61:337:61:337:Infinity":29,"f:343:9:343:34":11,"s:350:29:350:Infinity":58,"b:352:2:356:Infinity:undefined:undefined:undefined:undefined":30,"s:352:2:356:Infinity":59,"s:353:4:355:Infinity":60,"b:354:95:354:101:354:101:354:103":31,"b:358:2:362:Infinity:360:2:362:Infinity":32,"s:358:2:362:Infinity":61,"s:359:4:359:Infinity":62,"b:360:2:362:Infinity:undefined:undefined:undefined:undefined":33,"s:360:2:362:Infinity":63,"s:361:4:361:Infinity":64,"b:364:2:368:Infinity:366:2:368:Infinity":34,"s:364:2:368:Infinity":65,"s:365:4:365:Infinity":66,"b:366:2:368:Infinity:undefined:undefined:undefined:undefined":35,"s:366:2:368:Infinity":67,"s:367:4:367:Infinity":68,"b:370:2:373:Infinity:undefined:undefined:undefined:undefined":36,"s:370:2:373:Infinity":69,"s:371:18:371:Infinity":70,"s:372:4:372:Infinity":71,"b:372:64:372:70:372:70:372:72":37,"s:375:2:375:Infinity":72}}}
,"/Users/mdshahabulalam/myAIDev/taxomind/packages/api/src/middleware/auth.ts": {"path":"/Users/mdshahabulalam/myAIDev/taxomind/packages/api/src/middleware/auth.ts","statementMap":{"0":{"start":{"line":29,"column":2},"end":{"line":41,"column":null}},"1":{"start":{"line":51,"column":2},"end":{"line":109,"column":null}},"2":{"start":{"line":52,"column":4},"end":{"line":108,"column":null}},"3":{"start":{"line":57,"column":6},"end":{"line":59,"column":null}},"4":{"start":{"line":58,"column":8},"end":{"line":58,"column":null}},"5":{"start":{"line":61,"column":6},"end":{"line":107,"column":null}},"6":{"start":{"line":63,"column":21},"end":{"line":63,"column":null}},"7":{"start":{"line":66,"column":8},"end":{"line":75,"column":null}},"8":{"start":{"line":67,"column":10},"end":{"line":69,"column":null}},"9":{"start":{"line":68,"column":12},"end":{"line":68,"column":null}},"10":{"start":{"line":70,"column":10},"end":{"line":74,"column":null}},"11":{"start":{"line":78,"column":8},"end":{"line":91,"column":null}},"12":{"start":{"line":79,"column":26},"end":{"line":79,"column":null}},"13":{"start":{"line":81,"column":10},"end":{"line":90,"column":null}},"14":{"start":{"line":82,"column":12},"end":{"line":84,"column":null}},"15":{"start":{"line":83,"column":14},"end":{"line":83,"column":null}},"16":{"start":{"line":85,"column":12},"end":{"line":89,"column":null}},"17":{"start":{"line":94,"column":56},"end":{"line":97,"column":null}},"18":{"start":{"line":99,"column":8},"end":{"line":99,"column":null}},"19":{"start":{"line":101,"column":8},"end":{"line":101,"column":null}},"20":{"start":{"line":102,"column":8},"end":{"line":106,"column":null}},"21":{"start":{"line":118,"column":2},"end":{"line":140,"column":null}},"22":{"start":{"line":119,"column":23},"end":{"line":119,"column":null}},"23":{"start":{"line":121,"column":4},"end":{"line":123,"column":null}},"24":{"start":{"line":122,"column":6},"end":{"line":122,"column":null}},"25":{"start":{"line":126,"column":24},"end":{"line":126,"column":null}},"26":{"start":{"line":129,"column":4},"end":{"line":131,"column":null}},"27":{"start":{"line":130,"column":6},"end":{"line":130,"column":null}},"28":{"start":{"line":133,"column":18},"end":{"line":133,"column":null}},"29":{"start":{"line":135,"column":4},"end":{"line":137,"column":null}},"30":{"start":{"line":136,"column":6},"end":{"line":136,"column":null}},"31":{"start":{"line":139,"column":4},"end":{"line":139,"column":null}},"32":{"start":{"line":149,"column":2},"end":{"line":154,"column":null}},"33":{"start":{"line":150,"column":4},"end":{"line":153,"column":null}},"34":{"start":{"line":151,"column":27},"end":{"line":151,"column":null}},"35":{"start":{"line":163,"column":2},"end":{"line":186,"column":null}},"36":{"start":{"line":164,"column":4},"end":{"line":185,"column":null}},"37":{"start":{"line":168,"column":6},"end":{"line":174,"column":null}},"38":{"start":{"line":169,"column":8},"end":{"line":173,"column":null}},"39":{"start":{"line":176,"column":6},"end":{"line":182,"column":null}},"40":{"start":{"line":177,"column":8},"end":{"line":181,"column":null}},"41":{"start":{"line":184,"column":6},"end":{"line":184,"column":null}}},"fnMap":{"0":{"name":"createAuthErrorResponse","decl":{"start":{"line":24,"column":9},"end":{"line":24,"column":null}},"loc":{"start":{"line":28,"column":18},"end":{"line":42,"column":null}},"line":28},"1":{"name":"createAuthMiddleware","decl":{"start":{"line":47,"column":16},"end":{"line":47,"column
[...]
{"line":91,"column":8},"end":{"line":100,"column":null}},"18":{"start":{"line":92,"column":25},"end":{"line":95,"column":null}},"19":{"start":{"line":92,"column":59},"end":{"line":95,"column":12}},"20":{"start":{"line":97,"column":10},"end":{"line":99,"column":null}},"21":{"start":{"line":102,"column":48},"end":{"line":105,"column":null}},"22":{"start":{"line":107,"column":8},"end":{"line":107,"column":null}},"23":{"start":{"line":109,"column":8},"end":{"line":109,"column":null}},"24":{"start":{"line":110,"column":8},"end":{"line":110,"column":null}},"25":{"start":{"line":122,"column":2},"end":{"line":127,"column":null}},"26":{"start":{"line":123,"column":4},"end":{"line":126,"column":null}},"27":{"start":{"line":124,"column":26},"end":{"line":124,"column":null}},"28":{"start":{"line":137,"column":33},"end":{"line":151,"column":null}},"29":{"start":{"line":156,"column":36},"end":{"line":166,"column":null}},"30":{"start":{"line":171,"column":41},"end":{"line":181,"column":null}},"31":{"start":{"line":186,"column":36},"end":{"line":195,"column":null}}},"fnMap":{"0":{"name":"createValidationErrorResponse","decl":{"start":{"line":16,"column":9},"end":{"line":16,"column":null}},"loc":{"start":{"line":19,"column":18},"end":{"line":34,"column":null}},"line":19},"1":{"name":"createValidationMiddleware","decl":{"start":{"line":39,"column":16},"end":{"line":39,"column":null}},"loc":{"start":{"line":41,"column":39},"end":{"line":75,"column":null}},"line":41},"2":{"name":"(anonymous_2)","decl":{"start":{"line":42,"column":9},"end":{"line":42,"column":10}},"loc":{"start":{"line":42,"column":46},"end":{"line":74,"column":null}},"line":42},"3":{"name":"(anonymous_3)","decl":{"start":{"line":43,"column":11},"end":{"line":43,"column":null}},"loc":{"start":{"line":46,"column":34},"end":{"line":73,"column":null}},"line":46},"4":{"name":"(anonymous_4)","decl":{"start":{"line":52,"column":49},"end":{"line":52,"column":50}},"loc":{"start":{"line":52,"column":59},"end":{"line":55,"column":12}},"line":52},"5":{"name":"validateQuery","decl":{"start":{"line":80,"column":16},"end":{"line":80,"column":null}},"loc":{"start":{"line":82,"column":39},"end":{"line":114,"column":null}},"line":82},"6":{"name":"(anonymous_6)","decl":{"start":{"line":83,"column":9},"end":{"line":83,"column":10}},"loc":{"start":{"line":83,"column":46},"end":{"line":113,"column":null}},"line":83},"7":{"name":"(anonymous_7)","decl":{"start":{"line":84,"column":11},"end":{"line":84,"column":null}},"loc":{"start":{"line":87,"column":34},"end":{"line":112,"column":null}},"line":87},"8":{"name":"(anonymous_8)","decl":{"start":{"line":92,"column":49},"end":{"line":92,"column":50}},"loc":{"start":{"line":92,"column":59},"end":{"line":95,"column":12}},"line":92},"9":{"name":"composeValidation","decl":{"start":{"line":119,"column":16},"end":{"line":119,"column":null}},"loc":{"start":{"line":121,"column":39},"end":{"line":128,"column":null}},"line":121},"10":{"name":"(anonymous_10)","decl":{"start":{"line":122,"column":9},"end":{"line":122,"column":10}},"loc":{"start":{"line":122,"column":46},"end":{"line":127,"column":null}},"line":122},"11":{"name":"(anonymous_11)","decl":{"start":{"line":124,"column":6},"end":{"line":124,"column":7}},"loc":{"start":{"line":124,"column":26},"end":{"line":124,"column":null}},"line":124}},"branchMap":{"0":{"loc":{"start":{"line":51,"column":8},"end":{"line":60,"column":null}},"type":"if","locations":[{"start":{"line":51,"column":8},"end":{"line":60,"column":null}},{"start":{},"end":{}}],"line":51},"1":{"loc":{"start":{"line":89,"column":40},"end":{"line":89,"column":59}},"type":"binary-expr","locations":[{"start":{"line":89,"column":40},"end":{"line":89,"column":57}},{"start":{"line":89,"column":57},"end":{"line":89,"column":59}}],"line":89},"2":{"loc":{"start":{"line":91,"column":8},"end":{"line":100,"column":null}},"type":"if","locations":[{"start":{"line":91,"column":8},"end":{"line":100,"column":null}},{"start":{},"end":{}}],"line":91}},"s":{"0":5,"1":8,"2":7,"3":7,"4":7,"5":7,"6":4,"7":7,"8":4,"9":3,"10":3,"11":0,"12":0,"13":3,"14":3,"15":3,"16":3,"17":3,"18":1,"19":1,"20":1,"21":2,"22":2,"23":0,"24":0,"25":3,"26":2,"27":4,"28":3,"29":3,"30":3,"31":3},"f":{"0":5,"1":8,"2":7,"3":7,"4":7,"5":3,"6":3,"7":3,"8":1,"9":3,"10":2,"11":4},"b":{"0":[4,3],"1":[3,1],"2":[1,2]},"meta":{"lastBranch":3,"lastFunction":12,"lastStatement":32,"seen":{"f:16:9:16:Infinity":0,"s:20:2:33:Infinity":0,"f:39:16:39:Infinity":1,"s:42:2:74:Infinity":1,"f:42:9:42:10":2,"s:43:4:73:Infinity":2,"f:43:11:43:Infinity":3,"s:47:6:72:Infinity":3,"s:49:23:49:Infinity":4,"b:51:8:60:Infinity:undefined:undefined:undefined:undefined":0,"s:51:8:60:Infinity":5,"s:52:25:55:Infinity":6,"f:52:49:52:50":4,"s:52:59:55:12":7,"s:57:10:59:Infinity":8,"s:63:48:66:Infinity":9,"s:68:8:68:Infinity":10,"s:70:8:70:Infinity":11,"s:71:8:71:Infinity":12,"f:80:16:80:Infinity":5,"s:83:2:113:Infinity":13,"f:83:9:83:10":6,"s:84:4:112:Infinity":14,"f:84:11:84:Infinity":7,"s:88:6:111:Infinity":15,"s:89:23:89:Infinity":16,"b:89:40:89:57:89:57:89:59":1,"b:91:8:100:Infinity:undefined:undefined:undefined:undefined":2,"s:91:8:100:Infinity":17,"s:92:25:95:Infinity":18,"f:92:49:92:50":8,"s:92:59:95:12":19,"s:97:10:99:Infinity":20,"s:102:48:105:Infinity":21,"s:107:8:107:Infinity":22,"s:109:8:109:Infinity":23,"s:110:8:110:Infinity":24,"f:119:16:119:Infinity":9,"s:122:2:127:Infinity":25,"f:122:9:122:10":10,"s:123:4:126:Infinity":26,"f:124:6:124:7":11,"s:124:26:124:Infinity":27,"s:137:33:151:Infinity":28,"s:156:36:166:Infinity":29,"s:171:41:181:Infinity":30,"s:186:36:195:Infinity":31}}}
,"/Users/mdshahabulalam/myAIDev/taxomind/packages/api/src/utils/factory.ts": {"path":"/Users/mdshahabulalam/myAIDev/taxomind/packages/api/src/utils/factory.ts","statementMap":{"0":{"start":{"line":29,"column":2},"end":{"line":29,"column":null}},"1":{"start":{"line":41,"column":2},"end":{"line":54,"column":null}},"2":{"start":{"line":61,"column":2},"end":{"line":70,"column":null}},"3":{"start":{"line":86,"column":6},"end":{"line":86,"column":null}},"4":{"start":{"line":89,"column":22},"end":{"line":89,"column":null}},"5":{"start":{"line":98,"column":4},"end":{"line":183,"column":null}},"6":{"start":{"line":99,"column":24},"end":{"line":99,"column":null}},"7":{"start":{"line":100,"column":24},"end":{"line":100,"column":null}},"8":{"start":{"line":103,"column":39},"end":{"line":107,"column":null}},"9":{"start":{"line":109,"column":6},"end":{"line":182,"column":null}},"10":{"start":{"line":111,"column":8},"end":{"line":128,"column":null}},"11":{"start":{"line":112,"column":23},"end":{"line":112,"column":null}},"12":{"start":{"line":114,"column":10},"end":{"line":116,"column":null}},"13":{"start":{"line":115,"column":12},"end":{"line":115,"column":null}},"14":{"start":{"line":118,"column":10},"end":{"line":120,"column":null}},"15":{"start":{"line":119,"column":12},"end":{"line":119,"column":null}},"16":{"start":{"line":123,"column":10},"end":{"line":127,"column":null}},"17":{"start":{"line":124,"column":12},"end":{"line":126,"column":null}},"18":{"start":{"line":125,"column":14},"end":{"line":125,"column":null}},"19":{"start":{"line":131,"column":32},"end":{"line":131,"column":null}},"20":{"start":{"line":132,"column":8},"end":{"line":145,"column":null}},"21":{"start":{"line":133,"column":34},"end":{"line":133,"column":null}},"22":{"start":{"line":135,"column":10},"end":{"line":144,"column":null}},"23":{"start":{"line":136,"column":12},"end":{"line":143,"column":null}},"24":{"start":{"line":148,"column":8},"end":{"line":153,"column":null}},"25":{"start":{"line":149,"column":26},"end":{"line":149,"column":null}},"26":{"start":{"line":150,"column":10},"end":{"line":152,"column":null}},"27":{"start":{"line":151,"column":12},"end":{"line":151,"column":null}},"28":{"start":{"line":156,"column":8},"end":{"line":156,"column":null}},"29":{"start":{"line":159,"column":25},"end":{"line":159,"column":null}},"30":{"start":{"line":162,"column":8},"end":{"line":162,"column":null}},"31":{"start":{"line":164,"column":8},"end":{"line":164,"column":null}},"32":{"start":{"line":167,"column":8},"end":{"line":169,"column":null}},"33":{"start":{"line":168,"column":10},"end":{"line":168,"column":null}},"34":{"start":{"line":172,"column":8},"end":{"line":172,"column":null}},"35":{"start":{"line":174,"column":8},"end":{"line":181,"column":null}},"36":{"start":{"line":187,"column":19},"end":{"line":192,"column":null}},"37":{"start":{"line":195,"column":21},"end":{"line":220,"column":null}},"38":{"start":{"line":197,"column":12},"end":{"line":197,"column":null}},"39":{"start":{"line":198,"column":6},"end":{"line":210,"column":null}},"40":{"start":{"line":199,"column":8},"end":{"line":209,"column":null}},"41":{"start":{"line":200,"column":25},"end":{"line":200,"column":null}},"42":{"start":{"line":201,"column":10},"end":{"line":207,"column":null}},"43":{"start":{"line":202,"column":12},"end":{"line":206,"column":null}},"44":{"start":{"line":208,"column":10},"end":{"line":208,"column":null}},"45":{"start":{"line":214,"column":6},"end":{"line":214,"column":null}},"46":{"start":{"line":218,"column":6},"end":{"line":218,"column":null}},"47":{"start":{"line":222,"column":2},"end":{"line":226,"column":null}}},"fnMap":{"0":{"name":"generateRequestId","decl":{"start":{"line":28,"column":9},"end":{"line":28,"column":37}},"loc":{"start":{"line":28,"column":37},"end":{"line":30,"column":null}},"line":28},"1":{"name":"createErrorResponse","decl":{"start":{"line":35,"column":9},"end":{"line":35,"column":null}},"loc":{"start":{"line":40,"column":18},"end":{"line":55,"column":null}},"line":40},"2":{"name":"createSuccessResponse","decl":{"start":{"line":60,"column":9},"end":{"line":60,"column":34}},"loc":{"start":{"line":60,"column":73},"end":{"line":71,"column":null}},"line":60},"3":{"name":"createRouteHandlerFactory","decl":{"start":{"line":76,"column":16},"end":{"line":76,"column":null}},"loc":{"start":{"line":78,"column":23},"end":{"line":227,"column":null}},"line":78},"4":{"name":"createHandler","decl":{"start":{"line":94,"column":11},"end":{"line":94,"column":null}},"loc":{"start":{"line":97,"column":57},"end":{"line":184,"column":null}},"line":97},"5":{"name":"(anonymous_5)","decl":{"start":{"line":98,"column":11},"end":{"line":98,"column":18}},"loc":{"start":{"line":98,"column":70},"end":{"line":183,"column":null}},"line":98},"6":{"name":"(anonymous_6)","decl":{"start":{"line":196,"column":15},"end":{"line":196,"column":16}},"loc":{"start":{"line":196,"column":53},"end":{"line":211,"column":null}},"line":196},"7":{"name":"(anonymous_7)","decl":{"start":{"line":198,"column":13},"end":{"line":198,"column":14}},"loc":{"start":{"line":198,"column":50},"end":{"line":210,"column":null}},"line":198},"8":{"name":"(anonymous_8)","decl":{"start":{"line":199,"column":15},"end":{"line":199,"column":22}},"loc":{"start":{"line":199,"column":43},"end":{"line":209,"column":null}},"line":199},"9":{"name":"(anonymous_9)","decl":{"start":{"line":213,"column":10},"end":{"line":213,"column":11}},"loc":{"start":{"line":213,"column":58},"end":{"line":215,"column":null}},"line":213},"10":{"name":"(anonymous_10)","decl":{"start":{"line":217,"column":14},"end":{"line":217,"column":18}},"loc":{"start":{"line":217,"column":45},"end":{"line":219,"column":null}},"line":217}},"branchMap":{"0":{"loc":{"start":{"line":60,"column":43},"end":{"line":60,"column":73}},"type":"default-arg","locations":[{"start":{"line":60,"column":52},"end":{"line":60,"column":73}}],"line":60},"1":{"loc":{"start":{"line":89,"column":22},"end":{"line":89,"column":null}},"type":"cond-expr","locations":[{"start":{"line":89,"column":22},"end":{"line":89,"column":79}},{"start":{"line":89,"column":79},"end":{"line":89,"column":null}}],"line":89},"2":{"loc":{"start":{"line":111,"column":8},"end":{"line":128,"column":null}},"type":"if","locations":[{"start":{"line":111,"column":8},"end":{"line":128,"column":null}},{"start":{},"end":{}}],"line":111},"3":{"loc":{"start":{"line":111,"column":12},"end":{"line":111,"column":57}},"type":"binary-expr","locations":[{"start":{"line":111,"column":12},"end":{"line":111,"column":43}},{"start":{"line":111,"column":43},"end":{"line":111,"column":57}}],"line":111},"4":{"loc":{"start":{"line":112,"column":23},"end":{"line":112,"column":null}},"type":"cond-expr","locations":[{"start":{"line":112,"column":38},"end":{"line":112,"column":68}},{"start":{"line":112,"column":68},"end":{"line":112,"column":null}}],"line":112},"5":{"loc":{"start":{"line":114,"column":10},"end":{"line":116,"column":null}},"type":"if","locations":[{"start":{"line":114,"column":10},"end":{"line":116,"column":null}},{"start":{},"end":{}}],"line":114},"6":{"loc":{"start":{"line":114,"column":14},"end":{"line":114,"column":52}},"type":"binary-expr","locations":[{"start":{"line":114,"column":14},"end":{"line":114,"column":45}},{"start":{"line":114,"column":45},"end":{"line":114,"column":52}}],"line":114},"7":{"loc":{"start":{"line":118,"column":10},"end":{"line":120,"column":null}},"type":"if","locations":[{"start":{"line":118,"column":10},"end":{"line":120,"column":null}},{"start":{},"end":{}}],"line":118},"8":{"loc":{"start":{"line":123,"column":10},"end":{"line":127,"column":null}},"type":"if","locations":[{"start":{"line":123,"column":10},"end":{"line":127,"column":null}},{"start":{},"end":{}}],"line":123},"9":{"loc":{"start":{"line":123,"column":14},"end":{"line":123,"column":53}},"type":"binary-expr","locations":[{"start":{"line":123,"column":14},"end":{"line":123,"column":47}},{"start":{"line":123,"column":47},"end":{"line":123,"column":53}}],"line":123},"10":{"loc":{"start":{"line":124,"column":12},"end":{"line":126,"column":null}},"type":"if","locations":[{"start":{"line":124,"column":12},"end":{"line":126,"column":null}},{"start":{},"end":{}}],"line":124},"11":{"loc":{"start":{"line":131,"column":32},"end":{"line":131,"column":null}},"type":"binary-expr","locations":[{"start":{"line":131,"column":32},"end":{"line":131,"column":61}},{"start":{"line":131,"column":61},"end":{"line":131,"column":null}}],"line":131},"12":{"loc":{"start":{"line":132,"column":8},"end":{"line":145,"column":null}},"type":"if","locations":[{"start":{"line":132,"column":8},"end":{"line":145,"column":null}},{"start":{},"end":{}}],"line":132},"13":{"loc":{"start":{"line":132,"column":12},"end":{"line":132,"column":44}},"type":"binary-expr","locations":[{"start":{"line":132,"column":12},"end":{"line":132,"column":31}},{"start":{"line":132,"column":31},"end":{"line":132,"column":44}}],"line":132},"14":{"loc":{"start":{"line":135,"column":10},"end":{"line":144,"column":null}},"type":"if","locations":[{"start":{"line":135,"column":10},"end":{"line":144,"column":null}},{"start":{},"end":{}}],"line":135},"15":{"loc":{"start":{"line":139,"column":14},"end":{"line":139,"column":null}},"type":"binary-expr","locations":[{"start":{"line":139,"column":14},"end":{"line":139,"column":41}},{"start":{"line":139,"column":41},"end":{"line":139,"column":null}}],"line":139},"16":{"loc":{"start":{"line":148,"column":8},"end":{"line":153,"column":null}},"type":"if","locations":[{"start":{"line":148,"column":8},"end":{"line":153,"column":null}},{"start":{},"end":{}}],"line":148},"17":{"loc":{"start":{"line":150,"column":10},"end":{"line":152,"column":null}},"type":"if","locations":[{"start":{"line":150,"column":10},"end":{"line":152,"column":null}},{"start":{},"end":{}}],"line":150},"18":{"loc":{"start":{"line":167,"column":8},"end":{"line":169,"column":null}},"type":"if","locations":[{"start":{"line":167,"column":8},"end":{"line":169,"column":null}},{"start":{},"end":{}}],"line":167},"19":{"loc":{"start":{"line":178,"column":10},"end":{"line":180,"column":null}},"type":"cond-expr","locations":[{"start":{"line":179,"column":14},"end":{"line":179,"column":null}},{"start":{"line":180,"column":14},"end":{"line":180,"column":null}}],"line":178},"20":{"loc":{"start":{"line":201,"column":10},"end":{"line":207,"column":null}},"type":"if","locations":[{"start":{"line":201,"column":10},"end":{"line":207,"column":null}},{"start":{},"end":{}}],"line":201},"21":{"loc":{"start":{"line":205,"column":14},"end":{"line":205,"column":null}},"type":"binary-expr","locations":[{"start":{"line":205,"column":14},"end":{"line":205,"column":41}},{"start":{"line":205,"column":41},"end":{"line":205,"column":null}}],"line":205}},"s":{"0":20,"1":13,"2":6,"3":17,"4":17,"5":10,"6":14,"7":14,"8":14,"9":14,"10":14,"11":3,"12":3,"13":1,"14":2,"15":2,"16":2,"17":1,"18":1,"19":12,"20":14,"21":3,"22":3,"23":1,"24":11,"25":1,"26":1,"27":1,"28":10,"29":14,"30":8,"31":14,"32":2,"33":1,"34":1,"35":1,"36":17,"37":17,"38":1,"39":1,"40":1,"41":2,"42":2,"43":1,"44":1,"45":1,"46":0,"47":17},"f":{"0":20,"1":13,"2":6,"3":17,"4":10,"5":14,"6":1,"7":1,"8":2,"9":1,"10":0},"b":{"0":[6],"1":[1,16],"2":[3,11],"3":[14,12],"4":[3,0],"5":[1,2],"6":[3,2],"7":[2,0],"8":[1,1],"9":[2,1],"10":[1,0],"11":[12,12],"12":[3,11],"13":[14,3],"14":[1,2],"15":[1,1],"16":[1,10],"17":[1,0],"18":[1,1],"19":[0,1],"20":[1,1],"21":[1,1]},"meta":{"lastBranch":22,"lastFunction":11,"lastStatement":48,"seen":{"f:28:9:28:37":0,"s:29:2:29:Infinity":0,"f:35:9:35:Infinity":1,"s:41:2:54:Infinity":1,"f:60:9:60:34":2,"b:60:52:60:73":0,"s:61:2:70:Infinity":2,"f:76:16:76:Infinity":3,"s:86:6:86:Infinity":3,"s:89:22:89:Infinity":4,"b:89:22:89:79:89:79:89:Infinity":1,"f:94:11:94:Infinity":4,"s:98:4:183:Infinity":5,"f:98:11:98:18":5,"s:99:24:99:Infinity":6,"s:100:24:100:Infinity":7,"s:103:39:107:Infinity":8,"s:109:6:182:Infinity":9,"b:111:8:128:Infinity:undefined:undefined:undefined:undefined":2,"s:111:8:128:Infinity":10,"b:111:12:111:43:111:43:111:57":3,"s:112:23:112:Infinity":11,"b:112:38:112:68:112:68:112:Infinity":4,"b:114:10:116:Infinity:undefined:undefined:undefined:undefined":5,"s:114:10:116:Infinity":12,"b:114:14:114:45:114:45:114:52":6,"s:115:12:115:Infinity":13,"b:118:10:120:Infinity:undefined:undefined:undefined:undefined":7,"s:118:10:120:Infinity":14,"s:119:12:119:Infinity":15,"b:123:10:127:Infinity:undefined:undefined:undefined:undefined":8,"s:123:10:127:Infinity":16,"b:123:14:123:47:123:47:123:53":9,"b:124:12:126:Infinity:undefined:undefined:undefined:undefined":10,"s:124:12:126:Infinity":17,"s:125:14:125:Infinity":18,"s:131:32:131:Infinity":19,"b:131:32:131:61:131:61:131:Infinity":11,"b:132:8:145:Infinity:undefined:undefined:undefined:undefined":12,"s:132:8:145:Infinity":20,"b:132:12:132:31:132:31:132:44":13,"s:133:34:133:Infinity":21,"b:135:10:144:Infinity:undefined:undefined:undefined:undefined":14,"s:135:10:144:Infinity":22,"s:136:12:143:Infinity":23,"b:139:14:139:41:139:41:139:Infinity":15,"b:148:8:153:Infinity:undefined:undefined:undefined:undefined":16,"s:148:8:153:Infinity":24,"s:149:26:149:Infinity":25,"b:150:10:152:Infinity:undefined:undefined:undefined:undefined":17,"s:150:10:152:Infinity":26,"s:151:12:151:Infinity":27,"s:156:8:156:Infinity":28,"s:159:25:159:Infinity":29,"s:162:8:162:Infinity":30,"s:164:8:164:Infinity":31,"b:167:8:169:Infinity:undefined:undefined:undefined:undefined":18,"s:167:8:169:Infinity":32,"s:168:10:168:Infinity":33,"s:172:8:172:Infinity":34,"s:174:8:181:Infinity":35,"b:179:14:179:Infinity:180:14:180:Infinity":19,"s:187:19:192:Infinity":36,"s:195:21:220:Infinity":37,"f:196:15:196:16":6,"s:197:12:197:Infinity":38,"s:198:6:210:Infinity":39,"f:198:13:198:14":7,"s:199:8:209:Infinity":40,"f:199:15:199:22":8,"s:200:25:200:Infinity":41,"b:201:10:207:Infinity:undefined:undefined:undefined:undefined":20,"s:201:10:207:Infinity":42,"s:202:12:206:Infinity":43,"b:205:14:205:41:205:41:205:Infinity":21,"s:208:10:208:Infinity":44,"f:213:10:213:11":9,"s:214:6:214:Infinity":45,"f:217:14:217:18":10,"s:218:6:218:Infinity":46,"s:222:2:226:Infinity":47}}}
,"/Users/mdshahabulalam/myAIDev/taxomind/packages/api/src/utils/index.ts": {"path":"/Users/mdshahabulalam/myAIDev/taxomind/packages/api/src/utils/index.ts","statementMap":{},"fnMap":{},"branchMap":{},"s":{},"f":{},"b":{},"meta":{"lastBranch":0,"lastFunction":0,"lastStatement":0,"seen":{}}}
}
