{"/Users/mdshahabulalam/myAIDev/taxomind/packages/pedagogy/src/blooms-aligner.ts": {"path":"/Users/mdshahabulalam/myAIDev/taxomind/packages/pedagogy/src/blooms-aligner.ts","all":false,"statementMap":{"0":{"start":{"line":1,"column":0},"end":{"line":1,"column":3}},"26":{"start":{"line":27,"column":0},"end":{"line":27,"column":60}},"27":{"start":{"line":28,"column":0},"end":{"line":28,"column":13}},"28":{"start":{"line":29,"column":0},"end":{"line":29,"column":11}},"29":{"start":{"line":30,"column":0},"end":{"line":30,"column":13}},"30":{"start":{"line":31,"column":0},"end":{"line":31,"column":15}},"31":{"start":{"line":32,"column":0},"end":{"line":32,"column":13}},"32":{"start":{"line":33,"column":0},"end":{"line":33,"column":11}},"33":{"start":{"line":34,"column":0},"end":{"line":34,"column":12}},"34":{"start":{"line":35,"column":0},"end":{"line":35,"column":15}},"35":{"start":{"line":36,"column":0},"end":{"line":36,"column":16}},"36":{"start":{"line":37,"column":0},"end":{"line":37,"column":12}},"37":{"start":{"line":38,"column":0},"end":{"line":38,"column":12}},"38":{"start":{"line":39,"column":0},"end":{"line":39,"column":16}},"39":{"start":{"line":40,"column":0},"end":{"line":40,"column":15}},"40":{"start":{"line":41,"column":0},"end":{"line":41,"column":13}},"41":{"start":{"line":42,"column":0},"end":{"line":42,"column":14}},"42":{"start":{"line":43,"column":0},"end":{"line":43,"column":13}},"43":{"start":{"line":44,"column":0},"end":{"line":44,"column":11}},"44":{"start":{"line":45,"column":0},"end":{"line":45,"column":13}},"45":{"start":{"line":46,"column":0},"end":{"line":46,"column":11}},"46":{"start":{"line":47,"column":0},"end":{"line":47,"column":11}},"47":{"start":{"line":48,"column":0},"end":{"line":48,"column":15}},"48":{"start":{"line":49,"column":0},"end":{"line":49,"column":4}},"49":{"start":{"line":50,"column":0},"end":{"line":50,"column":15}},"50":{"start":{"line":51,"column":0},"end":{"line":51,"column":14}},"51":{"start":{"line":52,"column":0},"end":{"line":52,"column":16}},"52":{"start":{"line":53,"column":0},"end":{"line":53,"column":16}},"53":{"start":{"line":54,"column":0},"end":{"line":54,"column":15}},"54":{"start":{"line":55,"column":0},"end":{"line":55,"column":14}},"55":{"start":{"line":56,"column":0},"end":{"line":56,"column":15}},"56":{"start":{"line":57,"column":0},"end":{"line":57,"column":14}},"57":{"start":{"line":58,"column":0},"end":{"line":58,"column":18}},"58":{"start":{"line":59,"column":0},"end":{"line":59,"column":17}},"59":{"start":{"line":60,"column":0},"end":{"line":60,"column":17}},"60":{"start":{"line":61,"column":0},"end":{"line":61,"column":14}},"61":{"start":{"line":62,"column":0},"end":{"line":62,"column":13}},"62":{"start":{"line":63,"column":0},"end":{"line":63,"column":16}},"63":{"start":{"line":64,"column":0},"end":{"line":64,"column":17}},"64":{"start":{"line":65,"column":0},"end":{"line":65,"column":14}},"65":{"start":{"line":66,"column":0},"end":{"line":66,"column":12}},"66":{"start":{"line":67,"column":0},"end":{"line":67,"column":17}},"67":{"start":{"line":68,"column":0},"end":{"line":68,"column":14}},"68":{"start":{"line":69,"column":0},"end":{"line":69,"column":13}},"69":{"start":{"line":70,"column":0},"end":{"line":70,"column":14}},"70":{"start":{"line":71,"column":0},"end":{"line":71,"column":4}},"71":{"start":{"line":72,"column":0},"end":{"line":72,"column":10}},"72":{"start":{"line":73,"column":0},"end":{"line":73,"column":12}},"73":{"start":{"line":74,"column":0},"end":{"line":74,"column":18}},"74":{"start":{"line":75,"column":0},"end":{"line":75,"column":12}},"75":{"start":{"line":76,"column":0},"end":{"line":76,"column":10}},"76":{"start":{"line":77,"column":0},"end":{"line":77,"column":16}},"77":{"start":{"line":78,"column":0},"end":{"line":78,"column":15}},"78":{"start":{"line":79,"column":0},"end":{"line":79,"column":16}},"79":{"start":{"line":80,"column":0},"end":{"line":80,"column":14}},"80":{"start":{"line":81,"column":0},"end":{"line":81,"column":16}},"81":{"start":{"line":82,"column":0},"end":{"line":82,"column":13}},"82":{"start":{"line":83,"column":0},"end":{"line":83,"column":14}},"83":{"start":{"line":84,"column":0},"end":{"line":84,"column":15}},"84":{"start":{"line":85,"column":0},"end":{"line":85,"column":15}},"85":{"start":{"line":86,"column":0},"end":{"line":86,"column":11}},"86":{"start":{"line":87,"column":0},"end":{"line":87,"column":14}},"87":{"start":{"line":88,"column":0},"end":{"line":88,"column":17}},"88":{"start":{"line":89,"column":0},"end":{"line":89,"column":14}},"89":{"start":{"line":90,"column":0},"end":{"line":90,"column":17}},"90":{"start":{"line":91,"column":0},"end":{"line":91,"column":14}},"91":{"start":{"line":92,"column":0},"end":{"line":92,"column":13}},"92":{"start":{"line":93,"column":0},"end":{"line":93,"column":4}},"93":{"start":{"line":94,"column":0},"end":{"line":94,"column":12}},"94":{"start":{"line":95,"column":0},"end":{"line":95,"column":14}},"95":{"start":{"line":96,"column":0},"end":{"line":96,"column":17}},"96":{"start":{"line":97,"column":0},"end":{"line":97,"column":17}},"97":{"start":{"line":98,"column":0},"end":{"line":98,"column":14}},"98":{"start":{"line":99,"column":0},"end":{"line":99,"column":15}},"99":{"start":{"line":100,"column":0},"end":{"line":100,"column":20}},"100":{"start":{"line":101,"column":0},"end":{"line":101,"column":19}},"101":{"start":{"line":102,"column":0},"end":{"line":102,"column":14}},"102":{"start":{"line":103,"column":0},"end":{"line":103,"column":18}},"103":{"start":{"line":104,"column":0},"end":{"line":104,"column":15}},"104":{"start":{"line":105,"column":0},"end":{"line":105,"column":15}},"105":{"start":{"line":106,"column":0},"end":{"line":106,"column":15}},"106":{"start":{"line":107,"column":0},"end":{"line":107,"column":11}},"107":{"start":{"line":108,"column":0},"end":{"line":108,"column":18}},"108":{"start":{"line":109,"column":0},"end":{"line":109,"column":14}},"109":{"start":{"line":110,"column":0},"end":{"line":110,"column":14}},"110":{"start":{"line":111,"column":0},"end":{"line":111,"column":12}},"111":{"start":{"line":112,"column":0},"end":{"line":112,"column":13}},"112":{"start":{"line":113,"column":0},"end":{"line":113,"column":13}},"113":{"start":{"line":114,"column":0},"end":{"line":114,"column":13}},"114":{"start":{"line":115,"column":0},"end":{"line":115,"column":4}},"115":{"start":{"line":116,"column":0},"end":{"line":116,"column":13}},"116":{"start":{"line":117,"column":0},"end":{"line":117,"column":15}},"117":{"start":{"line":118,"column":0},"end":{"line":118,"column":13}},"118":{"start":{"line":119,"column":0},"end":{"line":119,"column":15}},"119":{"start":{"line":120,"column":0},"end":{"line":120,"column":13}},"120":{"start":{"line":121,"column":0},"end":{"line":121,"column":12}},"121":{"start":{"line":122,"column":0},"end":{"line":122,"column":14}},"122":{"start":{"line":123,"column":0},"end":{"line":123,"column":17}},"123":{"start":{"line":124,"column":0},"end":{"line":124,"column":11}},"124":{"start":{"line":125,"column":0},"end":{"line":125,"column":16}},"125":{"start":{"line":126,"column":0},"end":{"line":126,"column":14}},"126":{"start":{"line":127,"column":0},"end":{"line":127,"column":12}},"127":{"start":{"line":128,"column":0},"end":{"line":128,"column":15}},"128":{"start":{"line":129,"column":0},"end":{"line":129,"column":12}},"129":{"start":{"line":130,"column":0},"end":{"line":130,"column":13}},"130":{"start":{"line":131,"column":0},"end":{"line":131,"column":16}},"131":{"start":{"line":132,"column":0},"end":{"line":132,"column":15}},"132":{"start":{"line":133,"column":0},"end":{"line":133,"column":14}},"133":{"start":{"line":134,"column":0},"end":{"line":134,"column":11}},"134":{"start":{"line":135,"column":0},"end":{"line":135,"column":12}},"135":{"start":{"line":136,"column":0},"end":{"line":136,"column":15}},"136":{"start":{"line":137,"column":0},"end":{"line":137,"column":4}},"137":{"start":{"line":138,"column":0},"end":{"line":138,"column":11}},"138":{"start":{"line":139,"column":0},"end":{"line":139,"column":13}},"139":{"start":{"line":140,"column":0},"end":{"line":140,"column":13}},"140":{"start":{"line":141,"column":0},"end":{"line":141,"column":14}},"141":{"start":{"line":142,"column":0},"end":{"line":142,"column":16}},"142":{"start":{"line":143,"column":0},"end":{"line":143,"column":15}},"143":{"start":{"line":144,"column":0},"end":{"line":144,"column":13}},"144":{"start":{"line":145,"column":0},"end":{"line":145,"column":11}},"145":{"start":{"line":146,"column":0},"end":{"line":146,"column":14}},"146":{"start":{"line":147,"column":0},"end":{"line":147,"column":14}},"147":{"start":{"line":148,"column":0},"end":{"line":148,"column":16}},"148":{"start":{"line":149,"column":0},"end":{"line":149,"column":13}},"149":{"start":{"line":150,"column":0},"end":{"line":150,"column":18}},"150":{"start":{"line":151,"column":0},"end":{"line":151,"column":14}},"151":{"start":{"line":152,"column":0},"end":{"line":152,"column":16}},"152":{"start":{"line":153,"column":0},"end":{"line":153,"column":14}},"153":{"start":{"line":154,"column":0},"end":{"line":154,"column":17}},"154":{"start":{"line":155,"column":0},"end":{"line":155,"column":15}},"155":{"start":{"line":156,"column":0},"end":{"line":156,"column":12}},"156":{"start":{"line":157,"column":0},"end":{"line":157,"column":14}},"157":{"start":{"line":158,"column":0},"end":{"line":158,"column":15}},"158":{"start":{"line":159,"column":0},"end":{"line":159,"column":4}},"159":{"start":{"line":160,"column":0},"end":{"line":160,"column":2}},"164":{"start":{"line":165,"column":0},"end":{"line":165,"column":65}},"165":{"start":{"line":166,"column":0},"end":{"line":166,"column":13}},"166":{"start":{"line":167,"column":0},"end":{"line":167,"column":16}},"167":{"start":{"line":168,"column":0},"end":{"line":168,"column":18}},"168":{"start":{"line":169,"column":0},"end":{"line":169,"column":24}},"169":{"start":{"line":170,"column":0},"end":{"line":170,"column":24}},"170":{"start":{"line":171,"column":0},"end":{"line":171,"column":34}},"171":{"start":{"line":172,"column":0},"end":{"line":172,"column":14}},"172":{"start":{"line":173,"column":0},"end":{"line":173,"column":23}},"173":{"start":{"line":174,"column":0},"end":{"line":174,"column":24}},"174":{"start":{"line":175,"column":0},"end":{"line":175,"column":4}},"175":{"start":{"line":176,"column":0},"end":{"line":176,"column":15}},"176":{"start":{"line":177,"column":0},"end":{"line":177,"column":22}},"177":{"start":{"line":178,"column":0},"end":{"line":178,"column":22}},"178":{"start":{"line":179,"column":0},"end":{"line":179,"column":30}},"179":{"start":{"line":180,"column":0},"end":{"line":180,"column":30}},"180":{"start":{"line":181,"column":0},"end":{"line":181,"column":23}},"181":{"start":{"line":182,"column":0},"end":{"line":182,"column":19}},"182":{"start":{"line":183,"column":0},"end":{"line":183,"column":22}},"183":{"start":{"line":184,"column":0},"end":{"line":184,"column":21}},"184":{"start":{"line":185,"column":0},"end":{"line":185,"column":4}},"185":{"start":{"line":186,"column":0},"end":{"line":186,"column":10}},"186":{"start":{"line":187,"column":0},"end":{"line":187,"column":22}},"187":{"start":{"line":188,"column":0},"end":{"line":188,"column":17}},"188":{"start":{"line":189,"column":0},"end":{"line":189,"column":24}},"189":{"start":{"line":190,"column":0},"end":{"line":190,"column":30}},"190":{"start":{"line":191,"column":0},"end":{"line":191,"column":29}},"191":{"start":{"line":192,"column":0},"end":{"line":192,"column":16}},"192":{"start":{"line":193,"column":0},"end":{"line":193,"column":17}},"193":{"start":{"line":194,"column":0},"end":{"line":194,"column":22}},"194":{"start":{"line":195,"column":0},"end":{"line":195,"column":4}},"195":{"start":{"line":196,"column":0},"end":{"line":196,"column":12}},"196":{"start":{"line":197,"column":0},"end":{"line":197,"column":26}},"197":{"start":{"line":198,"column":0},"end":{"line":198,"column":26}},"198":{"start":{"line":199,"column":0},"end":{"line":199,"column":26}},"199":{"start":{"line":200,"column":0},"end":{"line":200,"column":32}},"200":{"start":{"line":201,"column":0},"end":{"line":201,"column":27}},"201":{"start":{"line":202,"column":0},"end":{"line":202,"column":21}},"202":{"start":{"line":203,"column":0},"end":{"line":203,"column":23}},"203":{"start":{"line":204,"column":0},"end":{"line":204,"column":26}},"204":{"start":{"line":205,"column":0},"end":{"line":205,"column":4}},"205":{"start":{"line":206,"column":0},"end":{"line":206,"column":13}},"206":{"start":{"line":207,"column":0},"end":{"line":207,"column":18}},"207":{"start":{"line":208,"column":0},"end":{"line":208,"column":23}},"208":{"start":{"line":209,"column":0},"end":{"line":209,"column":13}},"209":{"start":{"line":210,"column":0},"end":{"line":210,"column":24}},"210":{"start":{"line":211,"column":0},"end":{"line":211,"column":31}},"211":{"start":{"line":212,"column":0},"end":{"line":212,"column":23}},"212":{"start":{"line":213,"column":0},"end":{"line":213,"column":23}},"213":{"start":{"line":214,"column":0},"end":{"line":214,"column":29}},"214":{"start":{"line":215,"column":0},"end":{"line":215,"column":4}},"215":{"start":{"line":216,"column":0},"end":{"line":216,"column":11}},"216":{"start":{"line":217,"column":0},"end":{"line":217,"column":23}},"217":{"start":{"line":218,"column":0},"end":{"line":218,"column":22}},"218":{"start":{"line":219,"column":0},"end":{"line":219,"column":23}},"219":{"start":{"line":220,"column":0},"end":{"line":220,"column":24}},"220":{"start":{"line":221,"column":0},"end":{"line":221,"column":25}},"221":{"start":{"line":222,"column":0},"end":{"line":222,"column":27}},"222":{"start":{"line":223,"column":0},"end":{"line":223,"column":29}},"223":{"start":{"line":224,"column":0},"end":{"line":224,"column":27}},"224":{"start":{"line":225,"column":0},"end":{"line":225,"column":4}},"225":{"start":{"line":226,"column":0},"end":{"line":226,"column":2}},"264":{"start":{"line":265,"column":0},"end":{"line":265,"column":77}},"265":{"start":{"line":266,"column":0},"end":{"line":266,"column":28}},"266":{"start":{"line":267,"column":0},"end":{"line":267,"column":24}},"267":{"start":{"line":268,"column":0},"end":{"line":268,"column":18}},"268":{"start":{"line":269,"column":0},"end":{"line":269,"column":22}},"269":{"start":{"line":270,"column":0},"end":{"line":270,"column":19}},"270":{"start":{"line":271,"column":0},"end":{"line":271,"column":2}},"276":{"start":{"line":277,"column":0},"end":{"line":277,"column":26}},"278":{"start":{"line":279,"column":0},"end":{"line":279,"column":1}},"279":{"start":{"line":280,"column":0},"end":{"line":280,"column":34}},"280":{"start":{"line":281,"column":0},"end":{"line":281,"column":24}},"281":{"start":{"line":282,"column":0},"end":{"line":282,"column":73}},"283":{"start":{"line":284,"column":0},"end":{"line":284,"column":57}},"285":{"start":{"line":286,"column":0},"end":{"line":286,"column":49}},"286":{"start":{"line":287,"column":0},"end":{"line":287,"column":66}},"287":{"start":{"line":288,"column":0},"end":{"line":288,"column":3}},"292":{"start":{"line":293,"column":0},"end":{"line":293,"column":17}},"293":{"start":{"line":294,"column":0},"end":{"line":294,"column":31}},"294":{"start":{"line":295,"column":0},"end":{"line":295,"column":35}},"295":{"start":{"line":296,"column":0},"end":{"line":296,"column":33}},"298":{"start":{"line":299,"column":0},"end":{"line":299,"column":66}},"301":{"start":{"line":302,"column":0},"end":{"line":302,"column":60}},"304":{"start":{"line":305,"column":0},"end":{"line":305,"column":69}},"307":{"start":{"line":308,"column":0},"end":{"line":308,"column":60}},"308":{"start":{"line":309,"column":0},"end":{"line":309,"column":19}},"309":{"start":{"line":310,"column":0},"end":{"line":310,"column":22}},"310":{"start":{"line":311,"column":0},"end":{"line":311,"column":6}},"313":{"start":{"line":314,"column":0},"end":{"line":314,"column":71}},"316":{"start":{"line":317,"column":0},"end":{"line":317,"column":25}},"317":{"start":{"line":318,"column":0},"end":{"line":318,"column":76}},"318":{"start":{"line":319,"column":0},"end":{"line":319,"column":73}},"321":{"start":{"line":322,"column":0},"end":{"line":322,"column":38}},"322":{"start":{"line":323,"column":0},"end":{"line":323,"column":27}},"323":{"start":{"line":324,"column":0},"end":{"line":324,"column":18}},"324":{"start":{"line":325,"column":0},"end":{"line":325,"column":21}},"325":{"start":{"line":326,"column":0},"end":{"line":326,"column":6}},"328":{"start":{"line":329,"column":0},"end":{"line":329,"column":77}},"329":{"start":{"line":330,"column":0},"end":{"line":330,"column":22}},"330":{"start":{"line":331,"column":0},"end":{"line":331,"column":18}},"331":{"start":{"line":332,"column":0},"end":{"line":332,"column":20}},"332":{"start":{"line":333,"column":0},"end":{"line":333,"column":27}},"333":{"start":{"line":334,"column":0},"end":{"line":334,"column":19}},"334":{"start":{"line":335,"column":0},"end":{"line":335,"column":22}},"335":{"start":{"line":336,"column":0},"end":{"line":336,"column":6}},"338":{"start":{"line":339,"column":0},"end":{"line":339,"column":18}},"339":{"start":{"line":340,"column":0},"end":{"line":340,"column":42}},"340":{"start":{"line":341,"column":0},"end":{"line":341,"column":39}},"341":{"start":{"line":342,"column":0},"end":{"line":342,"column":67}},"343":{"start":{"line":344,"column":0},"end":{"line":344,"column":12}},"344":{"start":{"line":345,"column":0},"end":{"line":345,"column":37}},"345":{"start":{"line":346,"column":0},"end":{"line":346,"column":13}},"346":{"start":{"line":347,"column":0},"end":{"line":347,"column":12}},"347":{"start":{"line":348,"column":0},"end":{"line":348,"column":75}},"348":{"start":{"line":349,"column":0},"end":{"line":349,"column":13}},"349":{"start":{"line":350,"column":0},"end":{"line":350,"column":22}},"350":{"start":{"line":351,"column":0},"end":{"line":351,"column":47}},"351":{"start":{"line":352,"column":0},"end":{"line":352,"column":17}},"352":{"start":{"line":353,"column":0},"end":{"line":353,"column":20}},"353":{"start":{"line":354,"column":0},"end":{"line":354,"column":22}},"354":{"start":{"line":355,"column":0},"end":{"line":355,"column":24}},"355":{"start":{"line":356,"column":0},"end":{"line":356,"column":22}},"356":{"start":{"line":357,"column":0},"end":{"line":357,"column":43}},"357":{"start":{"line":358,"column":0},"end":{"line":358,"column":61}},"358":{"start":{"line":359,"column":0},"end":{"line":359,"column":8}},"359":{"start":{"line":360,"column":0},"end":{"line":360,"column":27}},"360":{"start":{"line":361,"column":0},"end":{"line":361,"column":20}},"361":{"start":{"line":362,"column":0},"end":{"line":362,"column":18}},"362":{"start":{"line":363,"column":0},"end":{"line":363,"column":22}},"363":{"start":{"line":364,"column":0},"end":{"line":364,"column":20}},"364":{"start":{"line":365,"column":0},"end":{"line":365,"column":19}},"365":{"start":{"line":366,"column":0},"end":{"line":366,"column":23}},"366":{"start":{"line":367,"column":0},"end":{"line":367,"column":6}},"367":{"start":{"line":368,"column":0},"end":{"line":368,"column":3}},"372":{"start":{"line":373,"column":0},"end":{"line":373,"column":55}},"373":{"start":{"line":374,"column":0},"end":{"line":374,"column":47}},"374":{"start":{"line":375,"column":0},"end":{"line":375,"column":57}},"375":{"start":{"line":376,"column":0},"end":{"line":376,"column":19}},"376":{"start":{"line":377,"column":0},"end":{"line":377,"column":21}},"377":{"start":{"line":378,"column":0},"end":{"line":378,"column":16}},"378":{"start":{"line":379,"column":0},"end":{"line":379,"column":18}},"379":{"start":{"line":380,"column":0},"end":{"line":380,"column":19}},"380":{"start":{"line":381,"column":0},"end":{"line":381,"column":17}},"381":{"start":{"line":382,"column":0},"end":{"line":382,"column":6}},"383":{"start":{"line":384,"column":0},"end":{"line":384,"column":23}},"386":{"start":{"line":387,"column":0},"end":{"line":387,"column":45}},"387":{"start":{"line":388,"column":0},"end":{"line":388,"column":47}},"389":{"start":{"line":390,"column":0},"end":{"line":390,"column":56}},"390":{"start":{"line":391,"column":0},"end":{"line":391,"column":50}},"391":{"start":{"line":392,"column":0},"end":{"line":392,"column":22}},"392":{"start":{"line":393,"column":0},"end":{"line":393,"column":35}},"393":{"start":{"line":394,"column":0},"end":{"line":394,"column":59}},"394":{"start":{"line":395,"column":0},"end":{"line":395,"column":12}},"395":{"start":{"line":396,"column":0},"end":{"line":396,"column":39}},"396":{"start":{"line":397,"column":0},"end":{"line":397,"column":9}},"397":{"start":{"line":398,"column":0},"end":{"line":398,"column":7}},"398":{"start":{"line":399,"column":0},"end":{"line":399,"column":5}},"401":{"start":{"line":402,"column":0},"end":{"line":402,"column":52}},"402":{"start":{"line":403,"column":0},"end":{"line":403,"column":56}},"403":{"start":{"line":404,"column":0},"end":{"line":404,"column":6}},"405":{"start":{"line":406,"column":0},"end":{"line":406,"column":12}},"406":{"start":{"line":407,"column":0},"end":{"line":407,"column":19}},"407":{"start":{"line":408,"column":0},"end":{"line":408,"column":17}},"408":{"start":{"line":409,"column":0},"end":{"line":409,"column":23}},"409":{"start":{"line":410,"column":0},"end":{"line":410,"column":6}},"410":{"start":{"line":411,"column":0},"end":{"line":411,"column":3}},"415":{"start":{"line":416,"column":0},"end":{"line":416,"column":64}},"416":{"start":{"line":417,"column":0},"end":{"line":417,"column":47}},"417":{"start":{"line":418,"column":0},"end":{"line":418,"column":39}},"418":{"start":{"line":419,"column":0},"end":{"line":419,"column":62}},"419":{"start":{"line":420,"column":0},"end":{"line":420,"column":19}},"420":{"start":{"line":421,"column":0},"end":{"line":421,"column":21}},"421":{"start":{"line":422,"column":0},"end":{"line":422,"column":16}},"422":{"start":{"line":423,"column":0},"end":{"line":423,"column":18}},"423":{"start":{"line":424,"column":0},"end":{"line":424,"column":19}},"424":{"start":{"line":425,"column":0},"end":{"line":425,"column":17}},"425":{"start":{"line":426,"column":0},"end":{"line":426,"column":6}},"428":{"start":{"line":429,"column":0},"end":{"line":429,"column":45}},"429":{"start":{"line":430,"column":0},"end":{"line":430,"column":56}},"430":{"start":{"line":431,"column":0},"end":{"line":431,"column":60}},"431":{"start":{"line":432,"column":0},"end":{"line":432,"column":39}},"432":{"start":{"line":433,"column":0},"end":{"line":433,"column":50}},"433":{"start":{"line":434,"column":0},"end":{"line":434,"column":9}},"434":{"start":{"line":435,"column":0},"end":{"line":435,"column":7}},"435":{"start":{"line":436,"column":0},"end":{"line":436,"column":5}},"438":{"start":{"line":439,"column":0},"end":{"line":439,"column":36}},"439":{"start":{"line":440,"column":0},"end":{"line":440,"column":45}},"440":{"start":{"line":441,"column":0},"end":{"line":441,"column":46}},"441":{"start":{"line":442,"column":0},"end":{"line":442,"column":42}},"443":{"start":{"line":444,"column":0},"end":{"line":444,"column":12}},"444":{"start":{"line":445,"column":0},"end":{"line":445,"column":20}},"445":{"start":{"line":446,"column":0},"end":{"line":446,"column":24}},"446":{"start":{"line":447,"column":0},"end":{"line":447,"column":31}},"447":{"start":{"line":448,"column":0},"end":{"line":448,"column":6}},"448":{"start":{"line":449,"column":0},"end":{"line":449,"column":3}},"453":{"start":{"line":454,"column":0},"end":{"line":454,"column":32}},"454":{"start":{"line":455,"column":0},"end":{"line":455,"column":31}},"455":{"start":{"line":456,"column":0},"end":{"line":456,"column":38}},"456":{"start":{"line":457,"column":0},"end":{"line":457,"column":25}},"457":{"start":{"line":458,"column":0},"end":{"line":458,"column":46}},"458":{"start":{"line":459,"column":0},"end":{"line":459,"column":18}},"459":{"start":{"line":460,"column":0},"end":{"line":460,"column":20}},"460":{"start":{"line":461,"column":0},"end":{"line":461,"column":15}},"461":{"start":{"line":462,"column":0},"end":{"line":462,"column":17}},"462":{"start":{"line":463,"column":0},"end":{"line":463,"column":18}},"463":{"start":{"line":464,"column":0},"end":{"line":464,"column":16}},"464":{"start":{"line":465,"column":0},"end":{"line":465,"column":6}},"466":{"start":{"line":467,"column":0},"end":{"line":467,"column":52}},"467":{"start":{"line":468,"column":0},"end":{"line":468,"column":71}},"470":{"start":{"line":471,"column":0},"end":{"line":471,"column":45}},"471":{"start":{"line":472,"column":0},"end":{"line":472,"column":28}},"472":{"start":{"line":473,"column":0},"end":{"line":473,"column":69}},"473":{"start":{"line":474,"column":0},"end":{"line":474,"column":32}},"474":{"start":{"line":475,"column":0},"end":{"line":475,"column":78}},"475":{"start":{"line":476,"column":0},"end":{"line":476,"column":12}},"477":{"start":{"line":478,"column":0},"end":{"line":478,"column":27}},"478":{"start":{"line":479,"column":0},"end":{"line":479,"column":49}},"479":{"start":{"line":480,"column":0},"end":{"line":480,"column":56}},"480":{"start":{"line":481,"column":0},"end":{"line":481,"column":5}},"483":{"start":{"line":484,"column":0},"end":{"line":484,"column":73}},"484":{"start":{"line":485,"column":0},"end":{"line":485,"column":20}},"485":{"start":{"line":486,"column":0},"end":{"line":486,"column":47}},"486":{"start":{"line":487,"column":0},"end":{"line":487,"column":66}},"487":{"start":{"line":488,"column":0},"end":{"line":488,"column":7}},"488":{"start":{"line":489,"column":0},"end":{"line":489,"column":12}},"490":{"start":{"line":491,"column":0},"end":{"line":491,"column":36}},"491":{"start":{"line":492,"column":0},"end":{"line":492,"column":5}},"493":{"start":{"line":494,"column":0},"end":{"line":494,"column":24}},"494":{"start":{"line":495,"column":0},"end":{"line":495,"column":3}},"499":{"start":{"line":500,"column":0},"end":{"line":500,"column":30}},"500":{"start":{"line":501,"column":0},"end":{"line":501,"column":48}},"501":{"start":{"line":502,"column":0},"end":{"line":502,"column":22}},"502":{"start":{"line":503,"column":0},"end":{"line":503,"column":25}},"503":{"start":{"line":504,"column":0},"end":{"line":504,"column":46}},"504":{"start":{"line":505,"column":0},"end":{"line":505,"column":18}},"505":{"start":{"line":506,"column":0},"end":{"line":506,"column":20}},"506":{"start":{"line":507,"column":0},"end":{"line":507,"column":15}},"507":{"start":{"line":508,"column":0},"end":{"line":508,"column":17}},"508":{"start":{"line":509,"column":0},"end":{"line":509,"column":18}},"509":{"start":{"line":510,"column":0},"end":{"line":510,"column":16}},"510":{"start":{"line":511,"column":0},"end":{"line":511,"column":6}},"512":{"start":{"line":513,"column":0},"end":{"line":513,"column":27}},"513":{"start":{"line":514,"column":0},"end":{"line":514,"column":36}},"514":{"start":{"line":515,"column":0},"end":{"line":515,"column":26}},"515":{"start":{"line":516,"column":0},"end":{"line":516,"column":5}},"517":{"start":{"line":518,"column":0},"end":{"line":518,"column":45}},"518":{"start":{"line":519,"column":0},"end":{"line":519,"column":76}},"519":{"start":{"line":520,"column":0},"end":{"line":520,"column":5}},"521":{"start":{"line":522,"column":0},"end":{"line":522,"column":24}},"522":{"start":{"line":523,"column":0},"end":{"line":523,"column":3}},"527":{"start":{"line":528,"column":0},"end":{"line":528,"column":76}},"528":{"start":{"line":529,"column":0},"end":{"line":529,"column":45}},"529":{"start":{"line":530,"column":0},"end":{"line":530,"column":21}},"531":{"start":{"line":532,"column":0},"end":{"line":532,"column":45}},"532":{"start":{"line":533,"column":0},"end":{"line":533,"column":43}},"533":{"start":{"line":534,"column":0},"end":{"line":534,"column":39}},"534":{"start":{"line":535,"column":0},"end":{"line":535,"column":25}},"535":{"start":{"line":536,"column":0},"end":{"line":536,"column":7}},"536":{"start":{"line":537,"column":0},"end":{"line":537,"column":5}},"538":{"start":{"line":539,"column":0},"end":{"line":539,"column":20}},"539":{"start":{"line":540,"column":0},"end":{"line":540,"column":3}},"544":{"start":{"line":545,"column":0},"end":{"line":545,"column":35}},"545":{"start":{"line":546,"column":0},"end":{"line":546,"column":25}},"546":{"start":{"line":547,"column":0},"end":{"line":547,"column":60}},"547":{"start":{"line":548,"column":0},"end":{"line":548,"column":68}},"548":{"start":{"line":549,"column":0},"end":{"line":549,"column":23}},"549":{"start":{"line":550,"column":0},"end":{"line":550,"column":5}},"551":{"start":{"line":552,"column":0},"end":{"line":552,"column":28}},"552":{"start":{"line":553,"column":0},"end":{"line":553,"column":28}},"553":{"start":{"line":554,"column":0},"end":{"line":554,"column":5}},"555":{"start":{"line":556,"column":0},"end":{"line":556,"column":28}},"556":{"start":{"line":557,"column":0},"end":{"line":557,"column":28}},"557":{"start":{"line":558,"column":0},"end":{"line":558,"column":5}},"559":{"start":{"line":560,"column":0},"end":{"line":560,"column":19}},"560":{"start":{"line":561,"column":0},"end":{"line":561,"column":3}},"565":{"start":{"line":566,"column":0},"end":{"line":566,"column":25}},"566":{"start":{"line":567,"column":0},"end":{"line":567,"column":37}},"567":{"start":{"line":568,"column":0},"end":{"line":568,"column":29}},"568":{"start":{"line":569,"column":0},"end":{"line":569,"column":27}},"569":{"start":{"line":570,"column":0},"end":{"line":570,"column":13}},"571":{"start":{"line":572,"column":0},"end":{"line":572,"column":42}},"574":{"start":{"line":575,"column":0},"end":{"line":575,"column":57}},"576":{"start":{"line":577,"column":0},"end":{"line":577,"column":26}},"577":{"start":{"line":578,"column":0},"end":{"line":578,"column":61}},"578":{"start":{"line":579,"column":0},"end":{"line":579,"column":46}},"579":{"start":{"line":580,"column":0},"end":{"line":580,"column":5}},"581":{"start":{"line":582,"column":0},"end":{"line":582,"column":54}},"582":{"start":{"line":583,"column":0},"end":{"line":583,"column":62}},"583":{"start":{"line":584,"column":0},"end":{"line":584,"column":47}},"584":{"start":{"line":585,"column":0},"end":{"line":585,"column":5}},"587":{"start":{"line":588,"column":0},"end":{"line":588,"column":40}},"588":{"start":{"line":589,"column":0},"end":{"line":589,"column":41}},"589":{"start":{"line":590,"column":0},"end":{"line":590,"column":5}},"592":{"start":{"line":593,"column":0},"end":{"line":593,"column":45}},"593":{"start":{"line":594,"column":0},"end":{"line":594,"column":26}},"594":{"start":{"line":595,"column":0},"end":{"line":595,"column":5}},"596":{"start":{"line":597,"column":0},"end":{"line":597,"column":45}},"597":{"start":{"line":598,"column":0},"end":{"line":598,"column":65}},"598":{"start":{"line":599,"column":0},"end":{"line":599,"column":5}},"600":{"start":{"line":601,"column":0},"end":{"line":601,"column":57}},"601":{"start":{"line":602,"column":0},"end":{"line":602,"column":3}},"606":{"start":{"line":607,"column":0},"end":{"line":607,"column":30}},"607":{"start":{"line":608,"column":0},"end":{"line":608,"column":31}},"608":{"start":{"line":609,"column":0},"end":{"line":609,"column":38}},"609":{"start":{"line":610,"column":0},"end":{"line":610,"column":13}},"611":{"start":{"line":612,"column":0},"end":{"line":612,"column":69}},"612":{"start":{"line":613,"column":0},"end":{"line":613,"column":40}},"613":{"start":{"line":614,"column":0},"end":{"line":614,"column":8}},"614":{"start":{"line":615,"column":0},"end":{"line":615,"column":47}},"615":{"start":{"line":616,"column":0},"end":{"line":616,"column":6}},"617":{"start":{"line":618,"column":0},"end":{"line":618,"column":53}},"618":{"start":{"line":619,"column":0},"end":{"line":619,"column":3}},"623":{"start":{"line":624,"column":0},"end":{"line":624,"column":42}},"624":{"start":{"line":625,"column":0},"end":{"line":625,"column":28}},"625":{"start":{"line":626,"column":0},"end":{"line":626,"column":29}},"626":{"start":{"line":627,"column":0},"end":{"line":627,"column":31}},"627":{"start":{"line":628,"column":0},"end":{"line":628,"column":37}},"628":{"start":{"line":629,"column":0},"end":{"line":629,"column":31}},"629":{"start":{"line":630,"column":0},"end":{"line":630,"column":38}},"630":{"start":{"line":631,"column":0},"end":{"line":631,"column":64}},"631":{"start":{"line":632,"column":0},"end":{"line":632,"column":42}},"632":{"start":{"line":633,"column":0},"end":{"line":633,"column":41}},"635":{"start":{"line":636,"column":0},"end":{"line":636,"column":45}},"636":{"start":{"line":637,"column":0},"end":{"line":637,"column":19}},"637":{"start":{"line":638,"column":0},"end":{"line":638,"column":41}},"638":{"start":{"line":639,"column":0},"end":{"line":639,"column":25}},"639":{"start":{"line":640,"column":0},"end":{"line":640,"column":89}},"640":{"start":{"line":641,"column":0},"end":{"line":641,"column":23}},"641":{"start":{"line":642,"column":0},"end":{"line":642,"column":67}},"642":{"start":{"line":643,"column":0},"end":{"line":643,"column":79}},"643":{"start":{"line":644,"column":0},"end":{"line":644,"column":9}},"645":{"start":{"line":646,"column":0},"end":{"line":646,"column":27}},"646":{"start":{"line":647,"column":0},"end":{"line":647,"column":107}},"647":{"start":{"line":648,"column":0},"end":{"line":648,"column":103}},"648":{"start":{"line":649,"column":0},"end":{"line":649,"column":8}},"649":{"start":{"line":650,"column":0},"end":{"line":650,"column":5}},"651":{"start":{"line":652,"column":0},"end":{"line":652,"column":45}},"652":{"start":{"line":653,"column":0},"end":{"line":653,"column":19}},"653":{"start":{"line":654,"column":0},"end":{"line":654,"column":41}},"654":{"start":{"line":655,"column":0},"end":{"line":655,"column":27}},"655":{"start":{"line":656,"column":0},"end":{"line":656,"column":89}},"656":{"start":{"line":657,"column":0},"end":{"line":657,"column":76}},"657":{"start":{"line":658,"column":0},"end":{"line":658,"column":87}},"658":{"start":{"line":659,"column":0},"end":{"line":659,"column":9}},"660":{"start":{"line":661,"column":0},"end":{"line":661,"column":27}},"661":{"start":{"line":662,"column":0},"end":{"line":662,"column":78}},"662":{"start":{"line":663,"column":0},"end":{"line":663,"column":71}},"663":{"start":{"line":664,"column":0},"end":{"line":664,"column":8}},"664":{"start":{"line":665,"column":0},"end":{"line":665,"column":5}},"667":{"start":{"line":668,"column":0},"end":{"line":668,"column":38}},"668":{"start":{"line":669,"column":0},"end":{"line":669,"column":19}},"669":{"start":{"line":670,"column":0},"end":{"line":670,"column":35}},"670":{"start":{"line":671,"column":0},"end":{"line":671,"column":24}},"671":{"start":{"line":672,"column":0},"end":{"line":672,"column":66}},"672":{"start":{"line":673,"column":0},"end":{"line":673,"column":61}},"673":{"start":{"line":674,"column":0},"end":{"line":674,"column":65}},"674":{"start":{"line":675,"column":0},"end":{"line":675,"column":9}},"676":{"start":{"line":677,"column":0},"end":{"line":677,"column":27}},"677":{"start":{"line":678,"column":0},"end":{"line":678,"column":72}},"678":{"start":{"line":679,"column":0},"end":{"line":679,"column":8}},"679":{"start":{"line":680,"column":0},"end":{"line":680,"column":5}},"682":{"start":{"line":683,"column":0},"end":{"line":683,"column":8}},"683":{"start":{"line":684,"column":0},"end":{"line":684,"column":46}},"684":{"start":{"line":685,"column":0},"end":{"line":685,"column":48}},"685":{"start":{"line":686,"column":0},"end":{"line":686,"column":7}},"686":{"start":{"line":687,"column":0},"end":{"line":687,"column":19}},"687":{"start":{"line":688,"column":0},"end":{"line":688,"column":48}},"688":{"start":{"line":689,"column":0},"end":{"line":689,"column":27}},"689":{"start":{"line":690,"column":0},"end":{"line":690,"column":20}},"690":{"start":{"line":691,"column":0},"end":{"line":691,"column":81}},"691":{"start":{"line":692,"column":0},"end":{"line":692,"column":76}},"692":{"start":{"line":693,"column":0},"end":{"line":693,"column":73}},"693":{"start":{"line":694,"column":0},"end":{"line":694,"column":9}},"695":{"start":{"line":696,"column":0},"end":{"line":696,"column":27}},"696":{"start":{"line":697,"column":0},"end":{"line":697,"column":93}},"697":{"start":{"line":698,"column":0},"end":{"line":698,"column":8}},"698":{"start":{"line":699,"column":0},"end":{"line":699,"column":5}},"701":{"start":{"line":702,"column":0},"end":{"line":702,"column":56}},"702":{"start":{"line":703,"column":0},"end":{"line":703,"column":73}},"703":{"start":{"line":704,"column":0},"end":{"line":704,"column":6}},"705":{"start":{"line":706,"column":0},"end":{"line":706,"column":81}},"706":{"start":{"line":707,"column":0},"end":{"line":707,"column":19}},"707":{"start":{"line":708,"column":0},"end":{"line":708,"column":39}},"708":{"start":{"line":709,"column":0},"end":{"line":709,"column":24}},"709":{"start":{"line":710,"column":0},"end":{"line":710,"column":85}},"710":{"start":{"line":711,"column":0},"end":{"line":711,"column":64}},"711":{"start":{"line":712,"column":0},"end":{"line":712,"column":90}},"712":{"start":{"line":713,"column":0},"end":{"line":713,"column":9}},"713":{"start":{"line":714,"column":0},"end":{"line":714,"column":5}},"715":{"start":{"line":716,"column":0},"end":{"line":716,"column":39}},"716":{"start":{"line":717,"column":0},"end":{"line":717,"column":3}},"717":{"start":{"line":718,"column":0},"end":{"line":718,"column":1}},"726":{"start":{"line":727,"column":0},"end":{"line":727,"column":36}},"727":{"start":{"line":728,"column":0},"end":{"line":728,"column":30}},"728":{"start":{"line":729,"column":0},"end":{"line":729,"column":18}},"729":{"start":{"line":730,"column":0},"end":{"line":730,"column":35}},"730":{"start":{"line":731,"column":0},"end":{"line":731,"column":1}},"735":{"start":{"line":736,"column":0},"end":{"line":736,"column":60}},"736":{"start":{"line":737,"column":0},"end":{"line":737,"column":28}},"737":{"start":{"line":738,"column":0},"end":{"line":738,"column":26}},"738":{"start":{"line":739,"column":0},"end":{"line":739,"column":21}},"739":{"start":{"line":740,"column":0},"end":{"line":740,"column":5}},"740":{"start":{"line":741,"column":0},"end":{"line":741,"column":1}},"745":{"start":{"line":746,"column":0},"end":{"line":746,"column":61}},"746":{"start":{"line":747,"column":0},"end":{"line":747,"column":28}},"747":{"start":{"line":748,"column":0},"end":{"line":748,"column":26}},"748":{"start":{"line":749,"column":0},"end":{"line":749,"column":21}},"749":{"start":{"line":750,"column":0},"end":{"line":750,"column":5}},"750":{"start":{"line":751,"column":0},"end":{"line":751,"column":1}}},"s":{"0":1,"26":1,"27":1,"28":1,"29":1,"30":1,"31":1,"32":1,"33":1,"34":1,"35":1,"36":1,"37":1,"38":1,"39":1,"40":1,"41":1,"42":1,"43":1,"44":1,"45":1,"46":1,"47":1,"48":1,"49":1,"50":1,"51":1,"52":1,"53":1,"54":1,"55":1,"56":1,"57":1,"58":1,"59":1,"60":1,"61":1,"62":1,"63":1,"64":1,"65":1,"66":1,"67":1,"68":1,"69":1,"70":1,"71":1,"72":1,"73":1,"74":1,"75":1,"76":1,"77":1,"78":1,"79":1,"80":1,"81":1,"82":1,"83":1,"84":1,"85":1,"86":1,"87":1,"88":1,"89":1,"90":1,"91":1,"92":1,"93":1,"94":1,"95":1,"96":1,"97":1,"98":1,"99":1,"100":1,"101":1,"102":1,"103":1,"104":1,"105":1,"106":1,"107":1,"108":1,"109":1,"110":1,"111":1,"112":1,"113":1,"114":1,"115":1,"116":1,"117":1,"118":1,"119":1,"120":1,"121":1,"122":1,"123":1,"124":1,"125":1,"126":1,"127":1,"128":1,"129":1,"130":1,"131":1,"132":1,"133":1,"134":1,"135":1,"136":1,"137":1,"138":1,"139":1,"140":1,"141":1,"142":1,"143":1,"144":1,"145":1,"146":1,"147":1,"148":1,"149":1,"150":1,"151":1,"152":1,"153":1,"154":1,"155":1,"156":1,"157":1,"158":1,"159":1,"164":1,"165":1,"166":1,"167":1,"168":1,"169":1,"170":1,"171":1,"172":1,"173":1,"174":1,"175":1,"176":1,"177":1,"178":1,"179":1,"180":1,"181":1,"182":1,"183":1,"184":1,"185":1,"186":1,"187":1,"188":1,"189":1,"190":1,"191":1,"192":1,"193":1,"194":1,"195":1,"196":1,"197":1,"198":1,"199":1,"200":1,"201":1,"202":1,"203":1,"204":1,"205":1,"206":1,"207":1,"208":1,"209":1,"210":1,"211":1,"212":1,"213":1,"214":1,"215":1,"216":1,"217":1,"218":1,"219":1,"220":1,"221":1,"222":1,"223":1,"224":1,"225":1,"264":1,"265":1,"266":1,"267":1,"268":1,"269":1,"270":1,"276":1,"278":119,"279":119,"280":119,"281":119,"283":119,"285":119,"286":119,"287":119,"292":119,"293":76,"294":76,"295":76,"298":76,"301":76,"304":76,"307":76,"308":76,"309":76,"310":76,"313":76,"316":76,"317":76,"318":76,"321":76,"322":76,"323":76,"324":76,"325":76,"328":76,"329":76,"330":76,"331":76,"332":76,"333":76,"334":76,"335":76,"338":76,"339":76,"340":28,"341":0,"343":76,"344":76,"345":76,"346":76,"347":76,"348":76,"349":76,"350":76,"351":76,"352":76,"353":76,"354":76,"355":76,"356":76,"357":76,"358":76,"359":76,"360":76,"361":76,"362":76,"363":76,"364":76,"365":76,"366":76,"367":76,"372":119,"373":76,"374":76,"375":76,"376":76,"377":76,"378":76,"379":76,"380":76,"381":76,"383":76,"386":76,"387":456,"389":9120,"390":9120,"391":9120,"392":442,"393":442,"394":442,"395":442,"396":442,"397":9120,"398":456,"401":76,"402":76,"403":76,"405":76,"406":76,"407":76,"408":76,"409":76,"410":76,"415":119,"416":76,"417":76,"418":76,"419":76,"420":76,"421":76,"422":76,"423":76,"424":76,"425":76,"428":76,"429":456,"430":3648,"431":11,"432":11,"433":11,"434":3648,"435":456,"438":76,"439":76,"440":73,"441":72,"443":76,"444":76,"445":76,"446":76,"447":76,"448":76,"453":119,"454":76,"455":76,"456":76,"457":76,"458":76,"459":76,"460":76,"461":76,"462":76,"463":76,"464":76,"466":76,"467":76,"470":76,"471":456,"472":456,"473":456,"474":456,"475":456,"477":456,"478":456,"479":456,"480":456,"483":76,"484":76,"485":67,"486":402,"487":402,"488":76,"490":9,"491":9,"493":76,"494":76,"499":119,"500":76,"501":76,"502":76,"503":76,"504":76,"505":76,"506":76,"507":76,"508":76,"509":76,"510":76,"512":76,"513":9,"514":9,"515":9,"517":76,"518":402,"519":402,"521":67,"522":76,"527":119,"528":152,"529":152,"531":152,"532":912,"533":219,"534":219,"535":219,"536":912,"538":152,"539":152,"544":119,"545":76,"546":76,"547":76,"548":62,"549":62,"551":43,"552":13,"553":13,"555":1,"556":1,"557":1,"559":0,"560":76,"565":119,"566":76,"567":76,"568":76,"569":76,"571":76,"574":76,"576":76,"577":71,"578":71,"579":71,"581":76,"582":71,"583":71,"584":71,"587":76,"588":62,"589":62,"592":76,"593":13,"594":13,"596":76,"597":1,"598":1,"600":76,"601":76,"606":119,"607":76,"608":76,"609":76,"611":76,"612":76,"613":76,"614":76,"615":76,"617":76,"618":76,"623":119,"624":76,"625":76,"626":76,"627":76,"628":76,"629":76,"630":76,"631":76,"632":76,"635":76,"636":13,"637":13,"638":13,"639":13,"640":13,"641":13,"642":13,"643":13,"645":13,"646":13,"647":13,"648":13,"649":13,"651":76,"652":1,"653":1,"654":1,"655":1,"656":1,"657":1,"658":1,"660":1,"661":1,"662":1,"663":1,"664":1,"667":76,"668":24,"669":24,"670":24,"671":24,"672":24,"673":24,"674":24,"676":24,"677":24,"678":24,"679":24,"682":76,"683":76,"684":46,"685":76,"686":40,"687":40,"688":40,"689":40,"690":40,"691":40,"692":40,"693":40,"695":40,"696":40,"697":40,"698":40,"701":76,"702":76,"703":76,"705":76,"706":12,"707":12,"708":12,"709":12,"710":12,"711":12,"712":12,"713":12,"715":76,"716":76,"717":119,"726":1,"727":69,"728":69,"729":69,"730":69,"735":1,"736":2,"737":2,"738":2,"739":2,"740":2,"745":1,"746":2,"747":2,"748":2,"749":2,"750":2},"branchMap":{"0":{"type":"branch","line":279,"loc":{"start":{"line":279,"column":0},"end":{"line":718,"column":1}},"locations":[{"start":{"line":279,"column":0},"end":{"line":718,"column":1}}]},"1":{"type":"branch","line":286,"loc":{"start":{"line":286,"column":2},"end":{"line":288,"column":3}},"locations":[{"start":{"line":286,"column":2},"end":{"line":288,"column":3}}]},"2":{"type":"branch","line":293,"loc":{"start":{"line":293,"column":2},"end":{"line":368,"column":3}},"locations":[{"start":{"line":293,"column":2},"end":{"line":368,"column":3}}]},"3":{"type":"branch","line":299,"loc":{"start":{"line":299,"column":32},"end":{"line":299,"column":66}},"locations":[{"start":{"line":299,"column":32},"end":{"line":299,"column":66}}]},"4":{"type":"branch","line":340,"loc":{"start":{"line":340,"column":27},"end":{"line":342,"column":67}},"locations":[{"start":{"line":340,"column":27},"end":{"line":342,"column":67}}]},"5":{"type":"branch","line":341,"loc":{"start":{"line":341,"column":27},"end":{"line":342,"column":67}},"locations":[{"start":{"line":341,"column":27},"end":{"line":342,"column":67}}]},"6":{"type":"branch","line":373,"loc":{"start":{"line":373,"column":10},"end":{"line":411,"column":3}},"locations":[{"start":{"line":373,"column":10},"end":{"line":411,"column":3}}]},"7":{"type":"branch","line":387,"loc":{"start":{"line":387,"column":44},"end":{"line":399,"column":5}},"locations":[{"start":{"line":387,"column":44},"end":{"line":399,"column":5}}]},"8":{"type":"branch","line":388,"loc":{"start":{"line":388,"column":46},"end":{"line":398,"column":7}},"locations":[{"start":{"line":388,"column":46},"end":{"line":398,"column":7}}]},"9":{"type":"branch","line":392,"loc":{"start":{"line":392,"column":21},"end":{"line":397,"column":9}},"locations":[{"start":{"line":392,"column":21},"end":{"line":397,"column":9}}]},"10":{"type":"branch","line":416,"loc":{"start":{"line":416,"column":10},"end":{"line":449,"column":3}},"locations":[{"start":{"line":416,"column":10},"end":{"line":449,"column":3}}]},"11":{"type":"branch","line":429,"loc":{"start":{"line":429,"column":44},"end":{"line":436,"column":5}},"locations":[{"start":{"line":429,"column":44},"end":{"line":436,"column":5}}]},"12":{"type":"branch","line":430,"loc":{"start":{"line":430,"column":55},"end":{"line":435,"column":7}},"locations":[{"start":{"line":430,"column":55},"end":{"line":435,"column":7}}]},"13":{"type":"branch","line":431,"loc":{"start":{"line":431,"column":59},"end":{"line":434,"column":9}},"locations":[{"start":{"line":431,"column":59},"end":{"line":434,"column":9}}]},"14":{"type":"branch","line":440,"loc":{"start":{"line":440,"column":41},"end":{"line":441,"column":46}},"locations":[{"start":{"line":440,"column":41},"end":{"line":441,"column":46}}]},"15":{"type":"branch","line":441,"loc":{"start":{"line":441,"column":42},"end":{"line":442,"column":42}},"locations":[{"start":{"line":441,"column":42},"end":{"line":442,"column":42}}]},"16":{"type":"branch","line":454,"loc":{"start":{"line":454,"column":10},"end":{"line":495,"column":3}},"locations":[{"start":{"line":454,"column":10},"end":{"line":495,"column":3}}]},"17":{"type":"branch","line":467,"loc":{"start":{"line":467,"column":36},"end":{"line":467,"column":52}},"locations":[{"start":{"line":467,"column":36},"end":{"line":467,"column":52}}]},"18":{"type":"branch","line":468,"loc":{"start":{"line":468,"column":59},"end":{"line":468,"column":71}},"locations":[{"start":{"line":468,"column":59},"end":{"line":468,"column":71}}]},"19":{"type":"branch","line":471,"loc":{"start":{"line":471,"column":44},"end":{"line":481,"column":5}},"locations":[{"start":{"line":471,"column":44},"end":{"line":481,"column":5}}]},"20":{"type":"branch","line":485,"loc":{"start":{"line":485,"column":19},"end":{"line":489,"column":11}},"locations":[{"start":{"line":485,"column":19},"end":{"line":489,"column":11}}]},"21":{"type":"branch","line":486,"loc":{"start":{"line":486,"column":46},"end":{"line":488,"column":7}},"locations":[{"start":{"line":486,"column":46},"end":{"line":488,"column":7}}]},"22":{"type":"branch","line":489,"loc":{"start":{"line":489,"column":4},"end":{"line":492,"column":5}},"locations":[{"start":{"line":489,"column":4},"end":{"line":492,"column":5}}]},"23":{"type":"branch","line":484,"loc":{"start":{"line":484,"column":53},"end":{"line":484,"column":70}},"locations":[{"start":{"line":484,"column":53},"end":{"line":484,"column":70}}]},"24":{"type":"branch","line":500,"loc":{"start":{"line":500,"column":10},"end":{"line":523,"column":3}},"locations":[{"start":{"line":500,"column":10},"end":{"line":523,"column":3}}]},"25":{"type":"branch","line":513,"loc":{"start":{"line":513,"column":26},"end":{"line":516,"column":5}},"locations":[{"start":{"line":513,"column":26},"end":{"line":516,"column":5}}]},"26":{"type":"branch","line":516,"loc":{"start":{"line":516,"column":4},"end":{"line":518,"column":44}},"locations":[{"start":{"line":516,"column":4},"end":{"line":518,"column":44}}]},"27":{"type":"branch","line":518,"loc":{"start":{"line":518,"column":44},"end":{"line":520,"column":5}},"locations":[{"start":{"line":518,"column":44},"end":{"line":520,"column":5}}]},"28":{"type":"branch","line":520,"loc":{"start":{"line":520,"column":4},"end":{"line":522,"column":24}},"locations":[{"start":{"line":520,"column":4},"end":{"line":522,"column":24}}]},"29":{"type":"branch","line":528,"loc":{"start":{"line":528,"column":10},"end":{"line":540,"column":3}},"locations":[{"start":{"line":528,"column":10},"end":{"line":540,"column":3}}]},"30":{"type":"branch","line":532,"loc":{"start":{"line":532,"column":44},"end":{"line":537,"column":5}},"locations":[{"start":{"line":532,"column":44},"end":{"line":537,"column":5}}]},"31":{"type":"branch","line":533,"loc":{"start":{"line":533,"column":42},"end":{"line":536,"column":7}},"locations":[{"start":{"line":533,"column":42},"end":{"line":536,"column":7}}]},"32":{"type":"branch","line":545,"loc":{"start":{"line":545,"column":10},"end":{"line":561,"column":3}},"locations":[{"start":{"line":545,"column":10},"end":{"line":561,"column":3}}]},"33":{"type":"branch","line":548,"loc":{"start":{"line":548,"column":67},"end":{"line":550,"column":5}},"locations":[{"start":{"line":548,"column":67},"end":{"line":550,"column":5}}]},"34":{"type":"branch","line":550,"loc":{"start":{"line":550,"column":4},"end":{"line":554,"column":5}},"locations":[{"start":{"line":550,"column":4},"end":{"line":554,"column":5}}]},"35":{"type":"branch","line":550,"loc":{"start":{"line":550,"column":4},"end":{"line":552,"column":27}},"locations":[{"start":{"line":550,"column":4},"end":{"line":552,"column":27}}]},"36":{"type":"branch","line":552,"loc":{"start":{"line":552,"column":27},"end":{"line":554,"column":5}},"locations":[{"start":{"line":552,"column":27},"end":{"line":554,"column":5}}]},"37":{"type":"branch","line":554,"loc":{"start":{"line":554,"column":4},"end":{"line":560,"column":19}},"locations":[{"start":{"line":554,"column":4},"end":{"line":560,"column":19}}]},"38":{"type":"branch","line":554,"loc":{"start":{"line":554,"column":4},"end":{"line":558,"column":5}},"locations":[{"start":{"line":554,"column":4},"end":{"line":558,"column":5}}]},"39":{"type":"branch","line":558,"loc":{"start":{"line":558,"column":4},"end":{"line":560,"column":19}},"locations":[{"start":{"line":558,"column":4},"end":{"line":560,"column":19}}]},"40":{"type":"branch","line":566,"loc":{"start":{"line":566,"column":10},"end":{"line":602,"column":3}},"locations":[{"start":{"line":566,"column":10},"end":{"line":602,"column":3}}]},"41":{"type":"branch","line":577,"loc":{"start":{"line":577,"column":25},"end":{"line":580,"column":5}},"locations":[{"start":{"line":577,"column":25},"end":{"line":580,"column":5}}]},"42":{"type":"branch","line":582,"loc":{"start":{"line":582,"column":53},"end":{"line":585,"column":5}},"locations":[{"start":{"line":582,"column":53},"end":{"line":585,"column":5}}]},"43":{"type":"branch","line":588,"loc":{"start":{"line":588,"column":39},"end":{"line":590,"column":5}},"locations":[{"start":{"line":588,"column":39},"end":{"line":590,"column":5}}]},"44":{"type":"branch","line":593,"loc":{"start":{"line":593,"column":44},"end":{"line":595,"column":5}},"locations":[{"start":{"line":593,"column":44},"end":{"line":595,"column":5}}]},"45":{"type":"branch","line":597,"loc":{"start":{"line":597,"column":44},"end":{"line":599,"column":5}},"locations":[{"start":{"line":597,"column":44},"end":{"line":599,"column":5}}]},"46":{"type":"branch","line":607,"loc":{"start":{"line":607,"column":10},"end":{"line":619,"column":3}},"locations":[{"start":{"line":607,"column":10},"end":{"line":619,"column":3}}]},"47":{"type":"branch","line":624,"loc":{"start":{"line":624,"column":10},"end":{"line":717,"column":3}},"locations":[{"start":{"line":624,"column":10},"end":{"line":717,"column":3}}]},"48":{"type":"branch","line":636,"loc":{"start":{"line":636,"column":44},"end":{"line":650,"column":5}},"locations":[{"start":{"line":636,"column":44},"end":{"line":650,"column":5}}]},"49":{"type":"branch","line":652,"loc":{"start":{"line":652,"column":44},"end":{"line":665,"column":5}},"locations":[{"start":{"line":652,"column":44},"end":{"line":665,"column":5}}]},"50":{"type":"branch","line":668,"loc":{"start":{"line":668,"column":37},"end":{"line":680,"column":5}},"locations":[{"start":{"line":668,"column":37},"end":{"line":680,"column":5}}]},"51":{"type":"branch","line":684,"loc":{"start":{"line":684,"column":42},"end":{"line":685,"column":48}},"locations":[{"start":{"line":684,"column":42},"end":{"line":685,"column":48}}]},"52":{"type":"branch","line":686,"loc":{"start":{"line":686,"column":6},"end":{"line":699,"column":5}},"locations":[{"start":{"line":686,"column":6},"end":{"line":699,"column":5}}]},"53":{"type":"branch","line":706,"loc":{"start":{"line":706,"column":37},"end":{"line":706,"column":80}},"locations":[{"start":{"line":706,"column":37},"end":{"line":706,"column":80}}]},"54":{"type":"branch","line":706,"loc":{"start":{"line":706,"column":80},"end":{"line":714,"column":5}},"locations":[{"start":{"line":706,"column":80},"end":{"line":714,"column":5}}]},"55":{"type":"branch","line":703,"loc":{"start":{"line":703,"column":6},"end":{"line":703,"column":73}},"locations":[{"start":{"line":703,"column":6},"end":{"line":703,"column":73}}]},"56":{"type":"branch","line":727,"loc":{"start":{"line":727,"column":7},"end":{"line":731,"column":1}},"locations":[{"start":{"line":727,"column":7},"end":{"line":731,"column":1}}]},"57":{"type":"branch","line":736,"loc":{"start":{"line":736,"column":7},"end":{"line":741,"column":1}},"locations":[{"start":{"line":736,"column":7},"end":{"line":741,"column":1}}]},"58":{"type":"branch","line":746,"loc":{"start":{"line":746,"column":7},"end":{"line":751,"column":1}},"locations":[{"start":{"line":746,"column":7},"end":{"line":751,"column":1}}]}},"b":{"0":[119],"1":[119],"2":[76],"3":[2],"4":[28],"5":[0],"6":[76],"7":[456],"8":[9120],"9":[442],"10":[76],"11":[456],"12":[3648],"13":[11],"14":[73],"15":[72],"16":[76],"17":[9],"18":[70],"19":[456],"20":[67],"21":[402],"22":[9],"23":[456],"24":[76],"25":[9],"26":[67],"27":[402],"28":[67],"29":[152],"30":[912],"31":[219],"32":[76],"33":[62],"34":[43],"35":[14],"36":[13],"37":[38],"38":[1],"39":[0],"40":[76],"41":[71],"42":[71],"43":[62],"44":[13],"45":[1],"46":[76],"47":[76],"48":[13],"49":[1],"50":[24],"51":[46],"52":[40],"53":[29],"54":[12],"55":[456],"56":[69],"57":[2],"58":[2]},"fnMap":{"0":{"name":"<instance_members_initializer>","decl":{"start":{"line":279,"column":0},"end":{"line":718,"column":1}},"loc":{"start":{"line":279,"column":0},"end":{"line":718,"column":1}},"line":279},"1":{"name":"BloomsAligner","decl":{"start":{"line":286,"column":2},"end":{"line":288,"column":3}},"loc":{"start":{"line":286,"column":2},"end":{"line":288,"column":3}},"line":286},"2":{"name":"evaluate","decl":{"start":{"line":293,"column":2},"end":{"line":368,"column":3}},"loc":{"start":{"line":293,"column":2},"end":{"line":368,"column":3}},"line":293},"3":{"name":"analyzeVerbs","decl":{"start":{"line":373,"column":10},"end":{"line":411,"column":3}},"loc":{"start":{"line":373,"column":10},"end":{"line":411,"column":3}},"line":373},"4":{"name":"analyzeActivities","decl":{"start":{"line":416,"column":10},"end":{"line":449,"column":3}},"loc":{"start":{"line":416,"column":10},"end":{"line":449,"column":3}},"line":416},"5":{"name":"calculateDistribution","decl":{"start":{"line":454,"column":10},"end":{"line":495,"column":3}},"loc":{"start":{"line":454,"column":10},"end":{"line":495,"column":3}},"line":454},"6":{"name":"verbsToDistribution","decl":{"start":{"line":500,"column":10},"end":{"line":523,"column":3}},"loc":{"start":{"line":500,"column":10},"end":{"line":523,"column":3}},"line":500},"7":{"name":"findDominantLevel","decl":{"start":{"line":528,"column":10},"end":{"line":540,"column":3}},"loc":{"start":{"line":528,"column":10},"end":{"line":540,"column":3}},"line":528},"8":{"name":"determineAlignmentStatus","decl":{"start":{"line":545,"column":10},"end":{"line":561,"column":3}},"loc":{"start":{"line":545,"column":10},"end":{"line":561,"column":3}},"line":545},"9":{"name":"calculateScore","decl":{"start":{"line":566,"column":10},"end":{"line":602,"column":3}},"loc":{"start":{"line":566,"column":10},"end":{"line":602,"column":3}},"line":566},"10":{"name":"calculateConfidence","decl":{"start":{"line":607,"column":10},"end":{"line":619,"column":3}},"loc":{"start":{"line":607,"column":10},"end":{"line":619,"column":3}},"line":607},"11":{"name":"analyzeIssuesAndRecommendations","decl":{"start":{"line":624,"column":10},"end":{"line":717,"column":3}},"loc":{"start":{"line":624,"column":10},"end":{"line":717,"column":3}},"line":624},"12":{"name":"createBloomsAligner","decl":{"start":{"line":727,"column":7},"end":{"line":731,"column":1}},"loc":{"start":{"line":727,"column":7},"end":{"line":731,"column":1}},"line":727},"13":{"name":"createStrictBloomsAligner","decl":{"start":{"line":736,"column":7},"end":{"line":741,"column":1}},"loc":{"start":{"line":736,"column":7},"end":{"line":741,"column":1}},"line":736},"14":{"name":"createLenientBloomsAligner","decl":{"start":{"line":746,"column":7},"end":{"line":751,"column":1}},"loc":{"start":{"line":746,"column":7},"end":{"line":751,"column":1}},"line":746}},"f":{"0":119,"1":119,"2":76,"3":76,"4":76,"5":76,"6":76,"7":152,"8":76,"9":76,"10":76,"11":76,"12":69,"13":2,"14":2}}
,"/Users/mdshahabulalam/myAIDev/taxomind/packages/pedagogy/src/pipeline.ts": {"path":"/Users/mdshahabulalam/myAIDev/taxomind/packages/pedagogy/src/pipeline.ts","all":false,"statementMap":{"0":{"start":{"line":1,"column":0},"end":{"line":1,"column":3}},"72":{"start":{"line":73,"column":0},"end":{"line":73,"column":34}},"73":{"start":{"line":74,"column":0},"end":{"line":74,"column":63}},"74":{"start":{"line":75,"column":0},"end":{"line":75,"column":48}},"75":{"start":{"line":76,"column":0},"end":{"line":76,"column":62}},"76":{"start":{"line":77,"column":0},"end":{"line":77,"column":46}},"77":{"start":{"line":78,"column":0},"end":{"line":78,"column":68}},"79":{"start":{"line":80,"column":0},"end":{"line":80,"column":59}},"80":{"start":{"line":81,"column":0},"end":{"line":81,"column":19}},"81":{"start":{"line":82,"column":0},"end":{"line":82,"column":45}},"82":{"start":{"line":83,"column":0},"end":{"line":83,"column":86}},"83":{"start":{"line":84,"column":0},"end":{"line":84,"column":83}},"84":{"start":{"line":85,"column":0},"end":{"line":85,"column":80}},"85":{"start":{"line":86,"column":0},"end":{"line":86,"column":83}},"86":{"start":{"line":87,"column":0},"end":{"line":87,"column":28}},"87":{"start":{"line":88,"column":0},"end":{"line":88,"column":39}},"88":{"start":{"line":89,"column":0},"end":{"line":89,"column":66}},"89":{"start":{"line":90,"column":0},"end":{"line":90,"column":6}},"91":{"start":{"line":92,"column":0},"end":{"line":92,"column":66}},"92":{"start":{"line":93,"column":0},"end":{"line":93,"column":59}},"93":{"start":{"line":94,"column":0},"end":{"line":94,"column":30}},"94":{"start":{"line":95,"column":0},"end":{"line":95,"column":6}},"95":{"start":{"line":96,"column":0},"end":{"line":96,"column":61}},"96":{"start":{"line":97,"column":0},"end":{"line":97,"column":32}},"97":{"start":{"line":98,"column":0},"end":{"line":98,"column":3}},"102":{"start":{"line":103,"column":0},"end":{"line":103,"column":17}},"103":{"start":{"line":104,"column":0},"end":{"line":104,"column":32}},"104":{"start":{"line":105,"column":0},"end":{"line":105,"column":44}},"105":{"start":{"line":106,"column":0},"end":{"line":106,"column":41}},"106":{"start":{"line":107,"column":0},"end":{"line":107,"column":33}},"109":{"start":{"line":110,"column":0},"end":{"line":110,"column":63}},"110":{"start":{"line":111,"column":0},"end":{"line":111,"column":69}},"111":{"start":{"line":112,"column":0},"end":{"line":112,"column":36}},"112":{"start":{"line":113,"column":0},"end":{"line":113,"column":57}},"113":{"start":{"line":114,"column":0},"end":{"line":114,"column":17}},"114":{"start":{"line":115,"column":0},"end":{"line":115,"column":8}},"115":{"start":{"line":116,"column":0},"end":{"line":116,"column":5}},"118":{"start":{"line":119,"column":0},"end":{"line":119,"column":29}},"122":{"start":{"line":123,"column":0},"end":{"line":123,"column":11}},"124":{"start":{"line":125,"column":0},"end":{"line":125,"column":39}},"126":{"start":{"line":127,"column":0},"end":{"line":127,"column":9}},"127":{"start":{"line":128,"column":0},"end":{"line":128,"column":33}},"129":{"start":{"line":130,"column":0},"end":{"line":130,"column":89}},"130":{"start":{"line":131,"column":0},"end":{"line":131,"column":14}},"132":{"start":{"line":133,"column":0},"end":{"line":133,"column":91}},"133":{"start":{"line":134,"column":0},"end":{"line":134,"column":7}},"134":{"start":{"line":135,"column":0},"end":{"line":135,"column":21}},"135":{"start":{"line":136,"column":0},"end":{"line":136,"column":61}},"136":{"start":{"line":137,"column":0},"end":{"line":137,"column":36}},"137":{"start":{"line":138,"column":0},"end":{"line":138,"column":65}},"138":{"start":{"line":139,"column":0},"end":{"line":139,"column":17}},"139":{"start":{"line":140,"column":0},"end":{"line":140,"column":8}},"140":{"start":{"line":141,"column":0},"end":{"line":141,"column":5}},"143":{"start":{"line":144,"column":0},"end":{"line":144,"column":33}},"144":{"start":{"line":145,"column":0},"end":{"line":145,"column":23}},"145":{"start":{"line":146,"column":0},"end":{"line":146,"column":20}},"146":{"start":{"line":147,"column":0},"end":{"line":147,"column":16}},"147":{"start":{"line":148,"column":0},"end":{"line":148,"column":34}},"148":{"start":{"line":149,"column":0},"end":{"line":149,"column":6}},"149":{"start":{"line":150,"column":0},"end":{"line":150,"column":3}},"154":{"start":{"line":155,"column":0},"end":{"line":155,"column":28}},"155":{"start":{"line":156,"column":0},"end":{"line":156,"column":32}},"156":{"start":{"line":157,"column":0},"end":{"line":157,"column":56}},"157":{"start":{"line":158,"column":0},"end":{"line":158,"column":23}},"162":{"start":{"line":163,"column":0},"end":{"line":163,"column":27}},"163":{"start":{"line":164,"column":0},"end":{"line":164,"column":20}},"164":{"start":{"line":165,"column":0},"end":{"line":165,"column":41}},"166":{"start":{"line":167,"column":0},"end":{"line":167,"column":52}},"167":{"start":{"line":168,"column":0},"end":{"line":168,"column":20}},"168":{"start":{"line":169,"column":0},"end":{"line":169,"column":28}},"169":{"start":{"line":170,"column":0},"end":{"line":170,"column":23}},"170":{"start":{"line":171,"column":0},"end":{"line":171,"column":72}},"171":{"start":{"line":172,"column":0},"end":{"line":172,"column":21}},"172":{"start":{"line":173,"column":0},"end":{"line":173,"column":14}},"173":{"start":{"line":174,"column":0},"end":{"line":174,"column":41}},"174":{"start":{"line":175,"column":0},"end":{"line":175,"column":12}},"175":{"start":{"line":176,"column":0},"end":{"line":176,"column":18}},"176":{"start":{"line":177,"column":0},"end":{"line":177,"column":9}},"177":{"start":{"line":178,"column":0},"end":{"line":178,"column":8}},"178":{"start":{"line":179,"column":0},"end":{"line":179,"column":5}},"180":{"start":{"line":181,"column":0},"end":{"line":181,"column":57}},"181":{"start":{"line":182,"column":0},"end":{"line":182,"column":20}},"182":{"start":{"line":183,"column":0},"end":{"line":183,"column":28}},"183":{"start":{"line":184,"column":0},"end":{"line":184,"column":23}},"184":{"start":{"line":185,"column":0},"end":{"line":185,"column":42}},"185":{"start":{"line":186,"column":0},"end":{"line":186,"column":80}},"186":{"start":{"line":187,"column":0},"end":{"line":187,"column":46}},"187":{"start":{"line":188,"column":0},"end":{"line":188,"column":12}},"188":{"start":{"line":189,"column":0},"end":{"line":189,"column":23}},"189":{"start":{"line":190,"column":0},"end":{"line":190,"column":9}},"190":{"start":{"line":191,"column":0},"end":{"line":191,"column":8}},"191":{"start":{"line":192,"column":0},"end":{"line":192,"column":5}},"193":{"start":{"line":194,"column":0},"end":{"line":194,"column":49}},"194":{"start":{"line":195,"column":0},"end":{"line":195,"column":20}},"195":{"start":{"line":196,"column":0},"end":{"line":196,"column":28}},"196":{"start":{"line":197,"column":0},"end":{"line":197,"column":23}},"197":{"start":{"line":198,"column":0},"end":{"line":198,"column":68}},"198":{"start":{"line":199,"column":0},"end":{"line":199,"column":22}},"199":{"start":{"line":200,"column":0},"end":{"line":200,"column":28}},"200":{"start":{"line":201,"column":0},"end":{"line":201,"column":14}},"201":{"start":{"line":202,"column":0},"end":{"line":202,"column":38}},"202":{"start":{"line":203,"column":0},"end":{"line":203,"column":12}},"203":{"start":{"line":204,"column":0},"end":{"line":204,"column":15}},"204":{"start":{"line":205,"column":0},"end":{"line":205,"column":9}},"205":{"start":{"line":206,"column":0},"end":{"line":206,"column":8}},"206":{"start":{"line":207,"column":0},"end":{"line":207,"column":5}},"208":{"start":{"line":209,"column":0},"end":{"line":209,"column":32}},"209":{"start":{"line":210,"column":0},"end":{"line":210,"column":3}},"214":{"start":{"line":215,"column":0},"end":{"line":215,"column":30}},"215":{"start":{"line":216,"column":0},"end":{"line":216,"column":32}},"216":{"start":{"line":217,"column":0},"end":{"line":217,"column":56}},"217":{"start":{"line":218,"column":0},"end":{"line":218,"column":23}},"222":{"start":{"line":223,"column":0},"end":{"line":223,"column":27}},"223":{"start":{"line":224,"column":0},"end":{"line":224,"column":20}},"224":{"start":{"line":225,"column":0},"end":{"line":225,"column":52}},"225":{"start":{"line":226,"column":0},"end":{"line":226,"column":45}},"226":{"start":{"line":227,"column":0},"end":{"line":227,"column":68}},"227":{"start":{"line":228,"column":0},"end":{"line":228,"column":17}},"228":{"start":{"line":229,"column":0},"end":{"line":229,"column":10}},"229":{"start":{"line":230,"column":0},"end":{"line":230,"column":37}},"230":{"start":{"line":231,"column":0},"end":{"line":231,"column":19}},"231":{"start":{"line":232,"column":0},"end":{"line":232,"column":5}},"233":{"start":{"line":234,"column":0},"end":{"line":234,"column":57}},"234":{"start":{"line":235,"column":0},"end":{"line":235,"column":45}},"235":{"start":{"line":236,"column":0},"end":{"line":236,"column":38}},"236":{"start":{"line":237,"column":0},"end":{"line":237,"column":76}},"237":{"start":{"line":238,"column":0},"end":{"line":238,"column":42}},"238":{"start":{"line":239,"column":0},"end":{"line":239,"column":24}},"239":{"start":{"line":240,"column":0},"end":{"line":240,"column":5}},"241":{"start":{"line":242,"column":0},"end":{"line":242,"column":49}},"242":{"start":{"line":243,"column":0},"end":{"line":243,"column":45}},"243":{"start":{"line":244,"column":0},"end":{"line":244,"column":64}},"244":{"start":{"line":245,"column":0},"end":{"line":245,"column":18}},"245":{"start":{"line":246,"column":0},"end":{"line":246,"column":24}},"246":{"start":{"line":247,"column":0},"end":{"line":247,"column":10}},"247":{"start":{"line":248,"column":0},"end":{"line":248,"column":34}},"248":{"start":{"line":249,"column":0},"end":{"line":249,"column":16}},"249":{"start":{"line":250,"column":0},"end":{"line":250,"column":5}},"250":{"start":{"line":251,"column":0},"end":{"line":251,"column":3}},"255":{"start":{"line":256,"column":0},"end":{"line":256,"column":31}},"256":{"start":{"line":257,"column":0},"end":{"line":257,"column":28}},"257":{"start":{"line":258,"column":0},"end":{"line":258,"column":25}},"258":{"start":{"line":259,"column":0},"end":{"line":259,"column":20}},"259":{"start":{"line":260,"column":0},"end":{"line":260,"column":55}},"260":{"start":{"line":261,"column":0},"end":{"line":261,"column":24}},"261":{"start":{"line":262,"column":0},"end":{"line":262,"column":66}},"262":{"start":{"line":263,"column":0},"end":{"line":263,"column":32}},"263":{"start":{"line":264,"column":0},"end":{"line":264,"column":7}},"265":{"start":{"line":266,"column":0},"end":{"line":266,"column":9}},"266":{"start":{"line":267,"column":0},"end":{"line":267,"column":42}},"267":{"start":{"line":268,"column":0},"end":{"line":268,"column":21}},"268":{"start":{"line":269,"column":0},"end":{"line":269,"column":71}},"269":{"start":{"line":270,"column":0},"end":{"line":270,"column":18}},"270":{"start":{"line":271,"column":0},"end":{"line":271,"column":5}},"271":{"start":{"line":272,"column":0},"end":{"line":272,"column":3}},"276":{"start":{"line":277,"column":0},"end":{"line":277,"column":27}},"277":{"start":{"line":278,"column":0},"end":{"line":278,"column":23}},"282":{"start":{"line":283,"column":0},"end":{"line":283,"column":28}},"283":{"start":{"line":284,"column":0},"end":{"line":284,"column":22}},"284":{"start":{"line":285,"column":0},"end":{"line":285,"column":31}},"285":{"start":{"line":286,"column":0},"end":{"line":286,"column":32}},"287":{"start":{"line":288,"column":0},"end":{"line":288,"column":45}},"288":{"start":{"line":289,"column":0},"end":{"line":289,"column":34}},"289":{"start":{"line":290,"column":0},"end":{"line":290,"column":56}},"290":{"start":{"line":291,"column":0},"end":{"line":291,"column":5}},"291":{"start":{"line":292,"column":0},"end":{"line":292,"column":39}},"292":{"start":{"line":293,"column":0},"end":{"line":293,"column":61}},"293":{"start":{"line":294,"column":0},"end":{"line":294,"column":5}},"294":{"start":{"line":295,"column":0},"end":{"line":295,"column":31}},"295":{"start":{"line":296,"column":0},"end":{"line":296,"column":53}},"296":{"start":{"line":297,"column":0},"end":{"line":297,"column":5}},"299":{"start":{"line":300,"column":0},"end":{"line":300,"column":49}},"300":{"start":{"line":301,"column":0},"end":{"line":301,"column":34}},"301":{"start":{"line":302,"column":0},"end":{"line":302,"column":60}},"302":{"start":{"line":303,"column":0},"end":{"line":303,"column":33}},"303":{"start":{"line":304,"column":0},"end":{"line":304,"column":8}},"304":{"start":{"line":305,"column":0},"end":{"line":305,"column":5}},"305":{"start":{"line":306,"column":0},"end":{"line":306,"column":39}},"306":{"start":{"line":307,"column":0},"end":{"line":307,"column":65}},"307":{"start":{"line":308,"column":0},"end":{"line":308,"column":33}},"308":{"start":{"line":309,"column":0},"end":{"line":309,"column":8}},"309":{"start":{"line":310,"column":0},"end":{"line":310,"column":5}},"310":{"start":{"line":311,"column":0},"end":{"line":311,"column":31}},"311":{"start":{"line":312,"column":0},"end":{"line":312,"column":57}},"312":{"start":{"line":313,"column":0},"end":{"line":313,"column":33}},"313":{"start":{"line":314,"column":0},"end":{"line":314,"column":8}},"314":{"start":{"line":315,"column":0},"end":{"line":315,"column":5}},"317":{"start":{"line":318,"column":0},"end":{"line":318,"column":32}},"318":{"start":{"line":319,"column":0},"end":{"line":319,"column":76}},"319":{"start":{"line":320,"column":0},"end":{"line":320,"column":86}},"320":{"start":{"line":321,"column":0},"end":{"line":321,"column":70}},"322":{"start":{"line":323,"column":0},"end":{"line":323,"column":24}},"323":{"start":{"line":324,"column":0},"end":{"line":324,"column":23}},"324":{"start":{"line":325,"column":0},"end":{"line":325,"column":71}},"325":{"start":{"line":326,"column":0},"end":{"line":326,"column":12}},"328":{"start":{"line":329,"column":0},"end":{"line":329,"column":18}},"329":{"start":{"line":330,"column":0},"end":{"line":330,"column":46}},"330":{"start":{"line":331,"column":0},"end":{"line":331,"column":50}},"331":{"start":{"line":332,"column":0},"end":{"line":332,"column":55}},"332":{"start":{"line":333,"column":0},"end":{"line":333,"column":45}},"334":{"start":{"line":335,"column":0},"end":{"line":335,"column":12}},"335":{"start":{"line":336,"column":0},"end":{"line":336,"column":13}},"336":{"start":{"line":337,"column":0},"end":{"line":337,"column":19}},"337":{"start":{"line":338,"column":0},"end":{"line":338,"column":23}},"338":{"start":{"line":339,"column":0},"end":{"line":339,"column":16}},"339":{"start":{"line":340,"column":0},"end":{"line":340,"column":57}},"340":{"start":{"line":341,"column":0},"end":{"line":341,"column":17}},"341":{"start":{"line":342,"column":0},"end":{"line":342,"column":44}},"342":{"start":{"line":343,"column":0},"end":{"line":343,"column":22}},"343":{"start":{"line":344,"column":0},"end":{"line":344,"column":27}},"344":{"start":{"line":345,"column":0},"end":{"line":345,"column":8}},"345":{"start":{"line":346,"column":0},"end":{"line":346,"column":6}},"346":{"start":{"line":347,"column":0},"end":{"line":347,"column":3}},"351":{"start":{"line":352,"column":0},"end":{"line":352,"column":28}},"352":{"start":{"line":353,"column":0},"end":{"line":353,"column":25}},"353":{"start":{"line":354,"column":0},"end":{"line":354,"column":21}},"354":{"start":{"line":355,"column":0},"end":{"line":355,"column":32}},"355":{"start":{"line":356,"column":0},"end":{"line":356,"column":12}},"356":{"start":{"line":357,"column":0},"end":{"line":357,"column":20}},"357":{"start":{"line":358,"column":0},"end":{"line":358,"column":22}},"358":{"start":{"line":359,"column":0},"end":{"line":359,"column":27}},"359":{"start":{"line":360,"column":0},"end":{"line":360,"column":18}},"360":{"start":{"line":361,"column":0},"end":{"line":361,"column":9}},"361":{"start":{"line":362,"column":0},"end":{"line":362,"column":33}},"362":{"start":{"line":363,"column":0},"end":{"line":363,"column":31}},"363":{"start":{"line":364,"column":0},"end":{"line":364,"column":36}},"364":{"start":{"line":365,"column":0},"end":{"line":365,"column":62}},"365":{"start":{"line":366,"column":0},"end":{"line":366,"column":10}},"366":{"start":{"line":367,"column":0},"end":{"line":367,"column":8}},"367":{"start":{"line":368,"column":0},"end":{"line":368,"column":65}},"368":{"start":{"line":369,"column":0},"end":{"line":369,"column":17}},"369":{"start":{"line":370,"column":0},"end":{"line":370,"column":44}},"370":{"start":{"line":371,"column":0},"end":{"line":371,"column":26}},"371":{"start":{"line":372,"column":0},"end":{"line":372,"column":34}},"372":{"start":{"line":373,"column":0},"end":{"line":373,"column":8}},"373":{"start":{"line":374,"column":0},"end":{"line":374,"column":6}},"374":{"start":{"line":375,"column":0},"end":{"line":375,"column":3}},"379":{"start":{"line":380,"column":0},"end":{"line":380,"column":20}},"383":{"start":{"line":384,"column":0},"end":{"line":384,"column":5}},"384":{"start":{"line":385,"column":0},"end":{"line":385,"column":12}},"385":{"start":{"line":386,"column":0},"end":{"line":386,"column":33}},"386":{"start":{"line":387,"column":0},"end":{"line":387,"column":45}},"387":{"start":{"line":388,"column":0},"end":{"line":388,"column":29}},"388":{"start":{"line":389,"column":0},"end":{"line":389,"column":6}},"389":{"start":{"line":390,"column":0},"end":{"line":390,"column":3}},"390":{"start":{"line":391,"column":0},"end":{"line":391,"column":1}},"399":{"start":{"line":400,"column":0},"end":{"line":400,"column":42}},"400":{"start":{"line":401,"column":0},"end":{"line":401,"column":40}},"401":{"start":{"line":402,"column":0},"end":{"line":402,"column":24}},"402":{"start":{"line":403,"column":0},"end":{"line":403,"column":41}},"403":{"start":{"line":404,"column":0},"end":{"line":404,"column":1}},"408":{"start":{"line":409,"column":0},"end":{"line":409,"column":37}},"409":{"start":{"line":410,"column":0},"end":{"line":410,"column":30}},"410":{"start":{"line":411,"column":0},"end":{"line":411,"column":24}},"411":{"start":{"line":412,"column":0},"end":{"line":412,"column":34}},"412":{"start":{"line":413,"column":0},"end":{"line":413,"column":27}},"413":{"start":{"line":414,"column":0},"end":{"line":414,"column":25}},"414":{"start":{"line":415,"column":0},"end":{"line":415,"column":5}},"415":{"start":{"line":416,"column":0},"end":{"line":416,"column":1}},"420":{"start":{"line":421,"column":0},"end":{"line":421,"column":42}},"421":{"start":{"line":422,"column":0},"end":{"line":422,"column":37}},"422":{"start":{"line":423,"column":0},"end":{"line":423,"column":24}},"423":{"start":{"line":424,"column":0},"end":{"line":424,"column":34}},"424":{"start":{"line":425,"column":0},"end":{"line":425,"column":32}},"425":{"start":{"line":426,"column":0},"end":{"line":426,"column":30}},"426":{"start":{"line":427,"column":0},"end":{"line":427,"column":5}},"427":{"start":{"line":428,"column":0},"end":{"line":428,"column":1}},"432":{"start":{"line":433,"column":0},"end":{"line":433,"column":34}},"433":{"start":{"line":434,"column":0},"end":{"line":434,"column":29}},"434":{"start":{"line":435,"column":0},"end":{"line":435,"column":24}},"435":{"start":{"line":436,"column":0},"end":{"line":436,"column":34}},"436":{"start":{"line":437,"column":0},"end":{"line":437,"column":24}},"437":{"start":{"line":438,"column":0},"end":{"line":438,"column":22}},"438":{"start":{"line":439,"column":0},"end":{"line":439,"column":32}},"439":{"start":{"line":440,"column":0},"end":{"line":440,"column":5}},"440":{"start":{"line":441,"column":0},"end":{"line":441,"column":1}},"445":{"start":{"line":446,"column":0},"end":{"line":446,"column":72}},"446":{"start":{"line":447,"column":0},"end":{"line":447,"column":34}},"447":{"start":{"line":448,"column":0},"end":{"line":448,"column":18}},"448":{"start":{"line":449,"column":0},"end":{"line":449,"column":32}},"449":{"start":{"line":450,"column":0},"end":{"line":450,"column":19}},"450":{"start":{"line":451,"column":0},"end":{"line":451,"column":28}},"451":{"start":{"line":452,"column":0},"end":{"line":452,"column":23}},"452":{"start":{"line":453,"column":0},"end":{"line":453,"column":6}},"453":{"start":{"line":454,"column":0},"end":{"line":454,"column":24}},"454":{"start":{"line":455,"column":0},"end":{"line":455,"column":28}},"455":{"start":{"line":456,"column":0},"end":{"line":456,"column":34}},"456":{"start":{"line":457,"column":0},"end":{"line":457,"column":23}},"457":{"start":{"line":458,"column":0},"end":{"line":458,"column":6}},"458":{"start":{"line":459,"column":0},"end":{"line":459,"column":16}},"459":{"start":{"line":460,"column":0},"end":{"line":460,"column":32}},"460":{"start":{"line":461,"column":0},"end":{"line":461,"column":29}},"461":{"start":{"line":462,"column":0},"end":{"line":462,"column":23}},"462":{"start":{"line":463,"column":0},"end":{"line":463,"column":6}},"463":{"start":{"line":464,"column":0},"end":{"line":464,"column":5}},"464":{"start":{"line":465,"column":0},"end":{"line":465,"column":1}},"469":{"start":{"line":470,"column":0},"end":{"line":470,"column":44}},"470":{"start":{"line":471,"column":0},"end":{"line":471,"column":30}},"471":{"start":{"line":472,"column":0},"end":{"line":472,"column":43}},"472":{"start":{"line":473,"column":0},"end":{"line":473,"column":40}},"473":{"start":{"line":474,"column":0},"end":{"line":474,"column":39}},"474":{"start":{"line":475,"column":0},"end":{"line":475,"column":53}},"475":{"start":{"line":476,"column":0},"end":{"line":476,"column":52}},"476":{"start":{"line":477,"column":0},"end":{"line":477,"column":1}}},"s":{"0":1,"72":1,"73":68,"74":68,"75":68,"76":68,"77":68,"79":68,"80":68,"81":68,"82":68,"83":68,"84":68,"85":68,"86":68,"87":68,"88":57,"89":68,"91":68,"92":68,"93":68,"94":68,"95":68,"96":68,"97":68,"102":68,"103":46,"104":46,"105":46,"106":46,"109":46,"110":6,"111":6,"112":6,"113":6,"114":6,"115":6,"118":40,"122":40,"124":40,"126":40,"127":46,"129":39,"130":46,"132":1,"133":1,"134":46,"135":0,"136":0,"137":0,"138":0,"139":0,"140":0,"143":40,"144":40,"145":40,"146":40,"147":40,"148":40,"149":46,"154":68,"155":39,"156":39,"157":39,"162":39,"163":39,"164":39,"166":39,"167":36,"168":36,"169":36,"170":36,"171":36,"172":36,"173":36,"174":36,"175":36,"176":36,"177":36,"178":36,"180":39,"181":33,"182":
[...]
,"column":35},"end":{"line":565,"column":59}}]},"76":{"type":"branch","line":566,"loc":{"start":{"line":566,"column":74},"end":{"line":568,"column":5}},"locations":[{"start":{"line":566,"column":74},"end":{"line":568,"column":5}}]},"77":{"type":"branch","line":572,"loc":{"start":{"line":572,"column":31},"end":{"line":574,"column":5}},"locations":[{"start":{"line":572,"column":31},"end":{"line":574,"column":5}}]},"78":{"type":"branch","line":575,"loc":{"start":{"line":575,"column":34},"end":{"line":577,"column":5}},"locations":[{"start":{"line":575,"column":34},"end":{"line":577,"column":5}}]},"79":{"type":"branch","line":578,"loc":{"start":{"line":578,"column":36},"end":{"line":580,"column":5}},"locations":[{"start":{"line":578,"column":36},"end":{"line":580,"column":5}}]},"80":{"type":"branch","line":581,"loc":{"start":{"line":581,"column":32},"end":{"line":583,"column":5}},"locations":[{"start":{"line":581,"column":32},"end":{"line":583,"column":5}}]},"81":{"type":"branch","line":584,"loc":{"start":{"line":584,"column":20},"end":{"line":584,"column":64}},"locations":[{"start":{"line":584,"column":20},"end":{"line":584,"column":64}}]},"82":{"type":"branch","line":584,"loc":{"start":{"line":584,"column":64},"end":{"line":586,"column":5}},"locations":[{"start":{"line":584,"column":64},"end":{"line":586,"column":5}}]},"83":{"type":"branch","line":599,"loc":{"start":{"line":599,"column":10},"end":{"line":699,"column":3}},"locations":[{"start":{"line":599,"column":10},"end":{"line":699,"column":3}}]},"84":{"type":"branch","line":606,"loc":{"start":{"line":606,"column":25},"end":{"line":619,"column":5}},"locations":[{"start":{"line":606,"column":25},"end":{"line":619,"column":5}}]},"85":{"type":"branch","line":619,"loc":{"start":{"line":619,"column":4},"end":{"line":622,"column":58}},"locations":[{"start":{"line":619,"column":4},"end":{"line":622,"column":58}}]},"86":{"type":"branch","line":622,"loc":{"start":{"line":622,"column":38},"end":{"line":622,"column":73}},"locations":[{"start":{"line":622,"column":38},"end":{"line":622,"column":73}}]},"87":{"type":"branch","line":623,"loc":{"start":{"line":623,"column":69},"end":{"line":625,"column":11}},"locations":[{"start":{"line":623,"column":69},"end":{"line":625,"column":11}}]},"88":{"type":"branch","line":625,"loc":{"start":{"line":625,"column":4},"end":{"line":631,"column":5}},"locations":[{"start":{"line":625,"column":4},"end":{"line":631,"column":5}}]},"89":{"type":"branch","line":631,"loc":{"start":{"line":631,"column":4},"end":{"line":635,"column":19}},"locations":[{"start":{"line":631,"column":4},"end":{"line":635,"column":19}}]},"90":{"type":"branch","line":635,"loc":{"start":{"line":635,"column":8},"end":{"line":635,"column":34}},"locations":[{"start":{"line":635,"column":8},"end":{"line":635,"column":34}}]},"91":{"type":"branch","line":635,"loc":{"start":{"line":635,"column":34},"end":{"line":648,"column":5}},"locations":[{"start":{"line":635,"column":34},"end":{"line":648,"column":5}}]},"92":{"type":"branch","line":645,"loc":{"start":{"line":645,"column":6},"end":{"line":647,"column":7}},"locations":[{"start":{"line":645,"column":6},"end":{"line":647,"column":7}}]},"93":{"type":"branch","line":648,"loc":{"start":{"line":648,"column":4},"end":{"line":651,"column":52}},"locations":[{"start":{"line":648,"column":4},"end":{"line":651,"column":52}}]},"94":{"type":"branch","line":651,"loc":{"start":{"line":651,"column":52},"end":{"line":657,"column":15}},"locations":[{"start":{"line":651,"column":52},"end":{"line":657,"column":15}}]},"95":{"type":"branch","line":657,"loc":{"start":{"line":657,"column":4},"end":{"line":664,"column":5}},"locations":[{"start":{"line":657,"column":4},"end":{"line":664,"column":5}}]},"96":{"type":"branch","line":657,"loc":{"start":{"line":657,"column":66},"end":{"line":664,"column":5}},"locations":[{"start":{"line":657,"column":66},"end":{"line":664,"column":5}}]},"97":{"type":"branch","line":664,"loc":{"start":{"line":664,"column":4},"end":{"line":667,"column":68}},"locations":[{"start":{"line":664,"column":4},"end":{"line":667,"column":68}}]},"98":{"type":"branch","line":667,"loc":{"start":{"line":667,"column":68},"end":{"line":673,"column":11}},"locations":[{"start":{"line":667,"column":68},"end":{"line":673,"column":11}}]},"99":{"type":"branch","line":673,"loc":{"start":{"line":673,"column":4},"end":{"line":675,"column":5}},"locations":[{"start":{"line":673,"column":4},"end":{"line":675,"column":5}}]},"100":{"type":"branch","line":675,"loc":{"start":{"line":675,"column":4},"end":{"line":678,"column":64}},"locations":[{"start":{"line":675,"column":4},"end":{"line":678,"column":64}}]},"101":{"type":"branch","line":678,"loc":{"start":{"line":678,"column":64},"end":{"line":684,"column":15}},"locations":[{"start":{"line":678,"column":64},"end":{"line":684,"column":15}}]},"102":{"type":"branch","line":684,"loc":{"start":{"line":684,"column":4},"end":{"line":686,"column":5}},"locations":[{"start":{"line":684,"column":4},"end":{"line":686,"column":5}}]},"103":{"type":"branch","line":684,"loc":{"start":{"line":684,"column":71},"end":{"line":686,"column":5}},"locations":[{"start":{"line":684,"column":71},"end":{"line":686,"column":5}}]},"104":{"type":"branch","line":686,"loc":{"start":{"line":686,"column":4},"end":{"line":690,"column":34}},"locations":[{"start":{"line":686,"column":4},"end":{"line":690,"column":34}}]},"105":{"type":"branch","line":690,"loc":{"start":{"line":690,"column":21},"end":{"line":690,"column":46}},"locations":[{"start":{"line":690,"column":21},"end":{"line":690,"column":46}}]},"106":{"type":"branch","line":690,"loc":{"start":{"line":690,"column":34},"end":{"line":692,"column":45}},"locations":[{"start":{"line":690,"column":34},"end":{"line":692,"column":45}}]},"107":{"type":"branch","line":691,"loc":{"start":{"line":691,"column":26},"end":{"line":691,"column":46}},"locations":[{"start":{"line":691,"column":26},"end":{"line":691,"column":46}}]},"108":{"type":"branch","line":691,"loc":{"start":{"line":691,"column":39},"end":{"line":692,"column":45}},"locations":[{"start":{"line":691,"column":39},"end":{"line":692,"column":45}}]},"109":{"type":"branch","line":692,"loc":{"start":{"line":692,"column":25},"end":{"line":692,"column":45}},"locations":[{"start":{"line":692,"column":25},"end":{"line":692,"column":45}}]},"110":{"type":"branch","line":692,"loc":{"start":{"line":692,"column":38},"end":{"line":698,"column":6}},"locations":[{"start":{"line":692,"column":38},"end":{"line":698,"column":6}}]},"111":{"type":"branch","line":637,"loc":{"start":{"line":637,"column":8},"end":{"line":637,"column":46}},"locations":[{"start":{"line":637,"column":8},"end":{"line":637,"column":46}}]},"112":{"type":"branch","line":642,"loc":{"start":{"line":642,"column":66},"end":{"line":642,"column":82}},"locations":[{"start":{"line":642,"column":66},"end":{"line":642,"column":82}}]},"113":{"type":"branch","line":704,"loc":{"start":{"line":704,"column":10},"end":{"line":733,"column":3}},"locations":[{"start":{"line":704,"column":10},"end":{"line":733,"column":3}}]},"114":{"type":"branch","line":712,"loc":{"start":{"line":712,"column":52},"end":{"line":712,"column":71}},"locations":[{"start":{"line":712,"column":52},"end":{"line":712,"column":71}}]},"115":{"type":"branch","line":712,"loc":{"start":{"line":712,"column":66},"end":{"line":712,"column":76}},"locations":[{"start":{"line":712,"column":66},"end":{"line":712,"column":76}}]},"116":{"type":"branch","line":717,"loc":{"start":{"line":717,"column":35},"end":{"line":719,"column":15}},"locations":[{"start":{"line":717,"column":35},"end":{"line":719,"column":15}}]},"117":{"type":"branch","line":719,"loc":{"start":{"line":719,"column":4},"end":{"line":721,"column":5}},"locations":[{"start":{"line":719,"column":4},"end":{"line":721,"column":5}}]},"118":{"type":"branch","line":719,"loc":{"start":{"line":719,"column":38},"end":{"line":721,"column":5}},"locations":[{"start":{"line":719,"column":38},"end":{"line":721,"column":5}}]},"119":{"type":"branch","line":724,"loc":{"start":{"line":724,"column":32},"end":{"line":730,"column":5}},"locations":[{"start":{"line":724,"column":32},"end":{"line":730,"column":5}}]},"120":{"type":"branch","line":725,"loc":{"start":{"line":725,"column":22},"end":{"line":725,"column":66}},"locations":[{"start":{"line":725,"column":22},"end":{"line":725,"column":66}}]},"121":{"type":"branch","line":725,"loc":{"start":{"line":725,"column":66},"end":{"line":727,"column":13}},"locations":[{"start":{"line":725,"column":66},"end":{"line":727,"column":13}}]},"122":{"type":"branch","line":727,"loc":{"start":{"line":727,"column":6},"end":{"line":729,"column":7}},"locations":[{"start":{"line":727,"column":6},"end":{"line":729,"column":7}}]},"123":{"type":"branch","line":738,"loc":{"start":{"line":738,"column":10},"end":{"line":756,"column":3}},"locations":[{"start":{"line":738,"column":10},"end":{"line":756,"column":3}}]},"124":{"type":"branch","line":741,"loc":{"start":{"line":741,"column":25},"end":{"line":743,"column":5}},"locations":[{"start":{"line":741,"column":25},"end":{"line":743,"column":5}}]},"125":{"type":"branch","line":743,"loc":{"start":{"line":743,"column":4},"end":{"line":748,"column":65}},"locations":[{"start":{"line":743,"column":4},"end":{"line":748,"column":65}}]},"126":{"type":"branch","line":748,"loc":{"start":{"line":748,"column":51},"end":{"line":748,"column":69}},"locations":[{"start":{"line":748,"column":51},"end":{"line":748,"column":69}}]},"127":{"type":"branch","line":748,"loc":{"start":{"line":748,"column":65},"end":{"line":749,"column":76}},"locations":[{"start":{"line":748,"column":65},"end":{"line":749,"column":76}}]},"128":{"type":"branch","line":749,"loc":{"start":{"line":749,"column":62},"end":{"line":749,"column":80}},"locations":[{"start":{"line":749,"column":62},"end":{"line":749,"column":80}}]},"129":{"type":"branch","line":749,"loc":{"start":{"line":749,"column":76},"end":{"line":750,"column":76}},"locations":[{"start":{"line":749,"column":76},"end":{"line":750,"column":76}}]},"130":{"type":"branch","line":750,"loc":{"start":{"line":750,"column":62},"end":{"line":750,"column":80}},"locations":[{"start":{"line":750,"column":62},"end":{"line":750,"column":80}}]},"131":{"type":"branch","line":750,"loc":{"start":{"line":750,"column":76},"end":{"line":751,"column":73}},"locations":[{"start":{"line":750,"column":76},"end":{"line":751,"column":73}}]},"132":{"type":"branch","line":751,"loc":{"start":{"line":751,"column":73},"end":{"line":753,"column":5}},"locations":[{"start":{"line":751,"column":73},"end":{"line":753,"column":5}}]},"133":{"type":"branch","line":753,"loc":{"start":{"line":753,"column":4},"end":{"line":755,"column":35}},"locations":[{"start":{"line":753,"column":4},"end":{"line":755,"column":35}}]},"134":{"type":"branch","line":761,"loc":{"start":{"line":761,"column":10},"end":{"line":894,"column":3}},"locations":[{"start":{"line":761,"column":10},"end":{"line":894,"column":3}}]},"135":{"type":"branch","line":773,"loc":{"start":{"line":773,"column":32},"end":{"line":785,"column":5}},"locations":[{"start":{"line":773,"column":32},"end":{"line":785,"column":5}}]},"136":{"type":"branch","line":787,"loc":{"start":{"line":787,"column":36},"end":{"line":796,"column":5}},"locations":[{"start":{"line":787,"column":36},"end":{"line":796,"column":5}}]},"137":{"type":"branch","line":798,"loc":{"start":{"line":798,"column":35},"end":{"line":811,"column":5}},"locations":[{"start":{"line":798,"column":35},"end":{"line":811,"column":5}}]},"138":{"type":"branch","line":813,"loc":{"start":{"line":813,"column":35},"end":{"line":825,"column":5}},"locations":[{"start":{"line":813,"column":35},"end":{"line":825,"column":5}}]},"139":{"type":"branch","line":828,"loc":{"start":{"line":828,"column":49},"end":{"line":838,"column":5}},"locations":[{"start":{"line":828,"column":49},"end":{"line":838,"column":5}}]},"140":{"type":"branch","line":829,"loc":{"start":{"line":829,"column":31},"end":{"line":837,"column":7}},"locations":[{"start":{"line":829,"column":31},"end":{"line":837,"column":7}}]},"141":{"type":"branch","line":841,"loc":{"start":{"line":841,"column":35},"end":{"line":852,"column":5}},"locations":[{"start":{"line":841,"column":35},"end":{"line":852,"column":5}}]},"142":{"type":"branch","line":844,"loc":{"start":{"line":844,"column":41},"end":{"line":844,"column":55}},"locations":[{"start":{"line":844,"column":41},"end":{"line":844,"column":55}}]},"143":{"type":"branch","line":844,"loc":{"start":{"line":844,"column":46},"end":{"line":844,"column":64}},"locations":[{"start":{"line":844,"column":46},"end":{"line":844,"column":64}}]},"144":{"type":"branch","line":854,"loc":{"start":{"line":854,"column":74},"end":{"line":862,"column":5}},"locations":[{"start":{"line":854,"column":74},"end":{"line":862,"column":5}}]},"145":{"type":"branch","line":865,"loc":{"start":{"line":865,"column":54},"end":{"line":874,"column":5}},"locations":[{"start":{"line":865,"column":54},"end":{"line":874,"column":5}}]},"146":{"type":"branch","line":869,"loc":{"start":{"line":869,"column":57},"end":{"line":869,"column":75}},"locations":[{"start":{"line":869,"column":57},"end":{"line":869,"column":75}}]},"147":{"type":"branch","line":877,"loc":{"start":{"line":877,"column":64},"end":{"line":881,"column":5}},"locations":[{"start":{"line":877,"column":64},"end":{"line":881,"column":5}}]},"148":{"type":"branch","line":878,"loc":{"start":{"line":878,"column":49},"end":{"line":880,"column":7}},"locations":[{"start":{"line":878,"column":49},"end":{"line":880,"column":7}}]},"149":{"type":"branch","line":884,"loc":{"start":{"line":884,"column":24},"end":{"line":891,"column":5}},"locations":[{"start":{"line":884,"column":24},"end":{"line":891,"column":5}}]},"150":{"type":"branch","line":885,"loc":{"start":{"line":885,"column":54},"end":{"line":887,"column":7}},"locations":[{"start":{"line":885,"column":54},"end":{"line":887,"column":7}}]},"151":{"type":"branch","line":888,"loc":{"start":{"line":888,"column":66},"end":{"line":890,"column":7}},"locations":[{"start":{"line":888,"column":66},"end":{"line":890,"column":7}}]},"152":{"type":"branch","line":904,"loc":{"start":{"line":904,"column":7},"end":{"line":906,"column":1}},"locations":[{"start":{"line":904,"column":7},"end":{"line":906,"column":1}}]},"153":{"type":"branch","line":911,"loc":{"start":{"line":911,"column":7},"end":{"line":919,"column":1}},"locations":[{"start":{"line":911,"column":7},"end":{"line":919,"column":1}}]},"154":{"type":"branch","line":924,"loc":{"start":{"line":924,"column":7},"end":{"line":932,"column":1}},"locations":[{"start":{"line":924,"column":7},"end":{"line":932,"column":1}}]}},"b":{"0":[130],"1":[130],"2":[90],"3":[34],"4":[90],"5":[86],"6":[4],"7":[86],"8":[3],"9":[90],"10":[1],"11":[43],"12":[90],"13":[1],"14":[43],"15":[42],"16":[38],"17":[86],"18":[90],"19":[88],"20":[3],"21":[87],"22":[43],"23":[91],"24":[23],"25":[0],"26":[68],"27":[87],"28":[90],"29":[2],"30":[1],"31":[1],"32":[57],"33":[39],"34":[3],"35":[87],"36":[3],"37":[3],"38":[36],"39":[1072],"40":[984],"41":[90],"42":[362],"43":[90],"44":[0],"45":[0],"46":[413],"47":[90],"48":[720],"49":[230],"50":[490],"51":[540],"52":[1935],"53":[380],"54":[73],"55":[8],"56":[82],"57":[4],"58":[8],"59":[8],"60":[82],"61":[4],"62":[0],"63":[90],"64":[83],"65":[37],"66":[7],"67":[4],"68":[3],"69":[0],"70":[0],"71":[27],"72":[63],"73":[0],"74":[3],"75":[0],"76":[8],"77":[83],"78":[27],"79":[83],"80":[0],"81":[87],"82":[3],"83":[90],"84":[47],"85":[43],"86":[0],"87":[31],"88":[12],"89":[43],"90":[1],"91":[1],"92":[0],"93":[43],"94":[2],"95":[41],"96":[1],"97":[43],"98":[3],"99":[40],"100":[43],"101":[2],"102":[41],"103":[3],"104":[43],"105":[3],"106":[40],"107":[28],"108":[12],"109":[0],"110":[43],"111":[1],"112":[1],"113":[90],"114":[83],"115":[7],"116":[37],"117":[53],"118":[46],"119":[7],"120":[4],"121":[3],"122":[4],"123":[90],"124":[47],"125":[43],"126":[1],"127":[43],"128":[3],"129":[43],"130":[1],"131":[43],"132":[1],"133":[43],"134":[90],"135":[0],"136":[4],"137":[3],"138":[0],"139":[360],"140":[130],"141":[63],"142":[8],"143":[55],"144":[8],"145":[3],"146":[0],"147":[68],"148":[65],"149":[43],"150":[2],"151":[2],"152":[70],"153":[2],"154":[3]},"fnMap":{"0":{"name":"<instance_members_initializer>","decl":{"start":{"line":140,"column":0},"end":{"line":895,"column":1}},"loc":{"start":{"line":140,"column":0},"end":{"line":895,"column":1}},"line":140},"1":{"name":"ZPDEvaluator","decl":{"start":{"line":147,"column":2},"end":{"line":149,"column":3}},"loc":{"start":{"line":147,"column":2},"end":{"line":149,"column":3}},"line":147},"2":{"name":"evaluate","decl":{"start":{"line":154,"column":2},"end":{"line":230,"column":3}},"loc":{"start":{"line":154,"column":2},"end":{"line":230,"column":3}},"line":154},"3":{"name":"analyzeChallengeLevel","decl":{"start":{"line":235,"column":10},"end":{"line":291,"column":3}},"loc":{"start":{"line":235,"column":10},"end":{"line":291,"column":3}},"line":235},"4":{"name":"calculateDifficultyFactor","decl":{"start":{"line":296,"column":10},"end":{"line":318,"column":3}},"loc":{"start":{"line":296,"column":10},"end":{"line":318,"column":3}},"line":296},"5":{"name":"calculateBloomsFactor","decl":{"start":{"line":323,"column":10},"end":{"line":347,"column":3}},"loc":{"start":{"line":323,"column":10},"end":{"line":347,"column":3}},"line":323},"6":{"name":"calculatePrerequisiteFactor","decl":{"start":{"line":352,"column":10},"end":{"line":385,"column":3}},"loc":{"start":{"line":352,"column":10},"end":{"line":385,"column":3}},"line":352},"7":{"name":"calculateComplexityFactor","decl":{"start":{"line":390,"column":10},"end":{"line":425,"column":3}},"loc":{"start":{"line":390,"column":10},"end":{"line":425,"column":3}},"line":390},"8":{"name":"determineZPDZone","decl":{"start":{"line":430,"column":10},"end":{"line":437,"column":3}},"loc":{"start":{"line":430,"column":10},"end":{"line":437,"column":3}},"line":430},"9":{"name":"isInZPD","decl":{"start":{"line":442,"column":10},"end":{"line":444,"column":3}},"loc":{"start":{"line":442,"column":10},"end":{"line":444,"column":3}},"line":442},"10":{"name":"analyzeSupportAdequacy","decl":{"start":{"line":449,"column":10},"end":{"line":524,"column":3}},"loc":{"start":{"line":449,"column":10},"end":{"line":524,"column":3}},"line":449},"11":{"name":"predictEngagement","decl":{"start":{"line":529,"column":10},"end":{"line":594,"column":3}},"loc":{"start":{"line":529,"column":10},"end":{"line":594,"column":3}},"line":529},"12":{"name":"analyzePersonalizationFit","decl":{"start":{"line":599,"column":10},"end":{"line":699,"column":3}},"loc":{"start":{"line":599,"column":10},"end":{"line":699,"column":3}},"line":599},"13":{"name":"calculateScore","decl":{"start":{"line":704,"column":10},"end":{"line":733,"column":3}},"loc":{"start":{"line":704,"column":10},"end":{"line":733,"column":3}},"line":704},"14":{"name":"calculateConfidence","decl":{"start":{"line":738,"column":10},"end":{"line":756,"column":3}},"loc":{"start":{"line":738,"column":10},"end":{"line":756,"column":3}},"line":738},"15":{"name":"analyzeIssuesAndRecommendations","decl":{"start":{"line":761,"column":10},"end":{"line":894,"column":3}},"loc":{"start":{"line":761,"column":10},"end":{"line":894,"column":3}},"line":761},"16":{"name":"createZPDEvaluator","decl":{"start":{"line":904,"column":7},"end":{"line":906,"column":1}},"loc":{"start":{"line":904,"column":7},"end":{"line":906,"column":1}},"line":904},"17":{"name":"createStrictZPDEvaluator","decl":{"start":{"line":911,"column":7},"end":{"line":919,"column":1}},"loc":{"start":{"line":911,"column":7},"end":{"line":919,"column":1}},"line":911},"18":{"name":"createLenientZPDEvaluator","decl":{"start":{"line":924,"column":7},"end":{"line":932,"column":1}},"loc":{"start":{"line":924,"column":7},"end":{"line":932,"column":1}},"line":924}},"f":{"0":130,"1":130,"2":90,"3":90,"4":90,"5":90,"6":90,"7":90,"8":90,"9":413,"10":90,"11":90,"12":90,"13":90,"14":90,"15":90,"16":70,"17":2,"18":3}}
}
