{"/Users/mdshahabulalam/myAIDev/taxomind/packages/react/src/types.ts": {"path":"/Users/mdshahabulalam/myAIDev/taxomind/packages/react/src/types.ts","statementMap":{},"fnMap":{},"branchMap":{},"s":{},"f":{},"b":{},"meta":{"lastBranch":0,"lastFunction":0,"lastStatement":0,"seen":{}}}
,"/Users/mdshahabulalam/myAIDev/taxomind/packages/react/src/context/SAMContext.tsx": {"path":"/Users/mdshahabulalam/myAIDev/taxomind/packages/react/src/context/SAMContext.tsx","statementMap":{"0":{"start":{"line":71,"column":2},"end":{"line":167,"column":null}},"1":{"start":{"line":73,"column":6},"end":{"line":73,"column":null}},"2":{"start":{"line":75,"column":6},"end":{"line":75,"column":null}},"3":{"start":{"line":77,"column":6},"end":{"line":92,"column":null}},"4":{"start":{"line":94,"column":6},"end":{"line":94,"column":null}},"5":{"start":{"line":96,"column":6},"end":{"line":96,"column":null}},"6":{"start":{"line":98,"column":6},"end":{"line":98,"column":null}},"7":{"start":{"line":100,"column":6},"end":{"line":110,"column":null}},"8":{"start":{"line":112,"column":30},"end":{"line":112,"column":null}},"9":{"start":{"line":113,"column":27},"end":{"line":120,"column":null}},"10":{"start":{"line":114,"column":8},"end":{"line":114,"column":null}},"11":{"start":{"line":114,"column":27},"end":{"line":114,"column":null}},"12":{"start":{"line":115,"column":40},"end":{"line":115,"column":null}},"13":{"start":{"line":116,"column":8},"end":{"line":118,"column":null}},"14":{"start":{"line":117,"column":10},"end":{"line":117,"column":null}},"15":{"start":{"line":119,"column":8},"end":{"line":119,"column":null}},"16":{"start":{"line":121,"column":6},"end":{"line":131,"column":null}},"17":{"start":{"line":134,"column":6},"end":{"line":144,"column":null}},"18":{"start":{"line":146,"column":6},"end":{"line":156,"column":null}},"19":{"start":{"line":158,"column":6},"end":{"line":158,"column":null}},"20":{"start":{"line":160,"column":6},"end":{"line":160,"column":null}},"21":{"start":{"line":162,"column":6},"end":{"line":162,"column":null}},"22":{"start":{"line":164,"column":6},"end":{"line":164,"column":null}},"23":{"start":{"line":166,"column":6},"end":{"line":166,"column":null}},"24":{"start":{"line":171,"column":2},"end":{"line":173,"column":null}},"25":{"start":{"line":172,"column":4},"end":{"line":172,"column":null}},"26":{"start":{"line":174,"column":2},"end":{"line":174,"column":null}},"27":{"start":{"line":178,"column":2},"end":{"line":178,"column":null}},"28":{"start":{"line":182,"column":15},"end":{"line":182,"column":null}},"29":{"start":{"line":183,"column":2},"end":{"line":183,"column":null}},"30":{"start":{"line":183,"column":13},"end":{"line":183,"column":null}},"31":{"start":{"line":185,"column":2},"end":{"line":195,"column":null}},"32":{"start":{"line":186,"column":18},"end":{"line":186,"column":null}},"33":{"start":{"line":187,"column":4},"end":{"line":194,"column":null}},"34":{"start":{"line":197,"column":2},"end":{"line":207,"column":null}},"35":{"start":{"line":198,"column":21},"end":{"line":198,"column":null}},"36":{"start":{"line":199,"column":4},"end":{"line":206,"column":null}},"37":{"start":{"line":209,"column":2},"end":{"line":218,"column":null}},"38":{"start":{"line":210,"column":4},"end":{"line":217,"column":null}},"39":{"start":{"line":220,"column":2},"end":{"line":220,"column":null}},"40":{"start":{"line":226,"column":16},"end":{"line":226,"column":null}},"41":{"start":{"line":227,"column":26},"end":{"line":231,"column":null}},"42":{"start":{"line":233,"column":2},"end":{"line":243,"column":null}},"43":{"start":{"line":247,"column":2},"end":{"line":251,"column":null}},"44":{"start":{"line":248,"column":4},"end":{"line":248,"column":null}},"45":{"start":{"line":250,"column":4},"end":{"line":250,"column":null}},"46":{"start":{"line":255,"column":16},"end":{"line":255,"column":null}},"47":{"start":{"line":256,"column":14},"end":{"line":256,"column":null}},"48":{"start":{"line":257,"column":30},"end":{"line":257,"column":null}},"49":{"start":{"line":259,"column":2},"end":{"line":267,"column":null}},"50":{"start":{"line":260,"column":4},"end":{"line":263,"column":null}},"51":{"start":{"line":261,"column":6},"end":{"line":261,"column":null}},"52":{"start":{"line":262,"column":6},"end":{"line":262,"column":null}},"53":{"start":{"line":264,"column":4},"end":{"line":266,"column":null}},"54":{"start":{"line":265,"column":6},"end":{"line":265,"column":null}},"55":{"start":{"line":269,"column":2},"end":{"line":271,"column":null}},"56":{"start":{"line":270,"column":4},"end":{"line":270,"column":null}},"57":{"start":{"line":273,"column":2},"end":{"line":273,"column":null}},"58":{"start":{"line":285,"column":6},"end":{"line":285,"column":null}},"59":{"start":{"line":307,"column":8},"end":{"line":319,"column":null}},"60":{"start":{"line":308,"column":11},"end":{"line":317,"column":null}},"61":{"start":{"line":321,"column":24},"end":{"line":321,"column":null}},"62":{"start":{"line":324,"column":37},"end":{"line":345,"column":null}},"63":{"start":{"line":325,"column":10},"end":{"line":325,"column":null}},"64":{"start":{"line":327,"column":4},"end":{"line":329,"column":null}},"65":{"start":{"line":328,"column":6},"end":{"line":328,"column":null}},"66":{"start":{"line":331,"column":4},"end":{"line":333,"column":null}},"67":{"start":{"line":332,"column":6},"end":{"line":332,"column":null}},"68":{"start":{"line":335,"column":10},"end":{"line":335,"column":null}},"69":{"start":{"line":338,"column":4},"end":{"line":338,"column":null}},"70":{"start":{"line":339,"column":4},"end":{"line":339,"column":null}},"71":{"start":{"line":340,"column":4},"end":{"line":340,"column":null}},"72":{"start":{"line":341,"column":4},"end":{"line":341,"column":null}},"73":{"start":{"line":342,"column":4},"end":{"line":342,"column":null}},"74":{"start":{"line":344,"column":4},"end":{"line":344,"column":null}},"75":{"start":{"line":348,"column":2},"end":{"line":362,"column":null}},"76":{"start":{"line":349,"column":24},"end":{"line":356,"column":null}},"77":{"start":{"line":350,"column":6},"end":{"line":350,"column":null}},"78":{"start":{"line":351,"column":6},"end":{"line":351,"column":null}},"79":{"start":{"line":353,"column":6},"end":{"line":355,"column":null}},"80":{"start":{"line":354,"column":8},"end":{"line":354,"column":null}},"81":{"start":{"line":359,"column":4},"end":{"line":359,"column":null}},"82":{"start":{"line":361,"column":4},"end":{"line":361,"column":null}},"83":{"start":{"line":367,"column":2},"end":{"line":382,"column":null}},"84":{"start":{"line":368,"column":4},"end":{"line":380,"column":null}},"85":{"start":{"line":369,"column":19},"end":{"line":369,"column":null}},"86":{"start":{"line":370,"column":30},"end":{"line":370,"column":null}},"87":{"start":{"line":372,"column":6},"end":{"line":375,"column":null}},"88":{"start":{"line":377,"column":6},"end":{"line":379,"column":null}},"89":{"start":{"line":378,"column":8},"end":{"line":378,"column":null}},"90":{"start":{"line":385,"column":4},"end":{"line":385,"column":null}},"91":{"start":{"line":387,"column":8},"end":{"line":395,"column":null}},"92":{"start":{"line":389,"column":6},"end":{"line":391,"column":null}},"93":{"start":{"line":390,"column":8},"end":{"line":390,"column":null}},"94":{"start":{"line":392,"column":6},"end":{"line":392,"column":null}},"95":{"start":{"line":397,"column":8},"end":{"line":405,"column":null}},"96":{"start":{"line":399,"column":6},"end":{"line":401,"column":null}},"97":{"start":{"line":400,"column":8},"end":{"line":400,"column":null}},"98":{"start":{"line":402,"column":6},"end":{"line":402,"column":null}},"99":{"start":{"line":407,"column":8},"end":{"line":421,"column":null}},"100":{"start":{"line":408,"column":63},"end":{"line":419,"column":null}},"101":{"start":{"line":423,"column":8},"end":{"line":518,"column":null}},"102":{"start":{"line":425,"column":6},"end":{"line":427,"column":null}},"103":{"start":{"line":426,"column":8},"end":{"line":426,"column":null}},"104":{"start":{"line":429,"column":6},"end":{"line":506,"column":null}},"105":{"start":{"line":430,"column":8},"end":{"line":430,"column":null}},"106":{"start":{"line":431,"column":8},"end":{"line":431,"column":null}},"107":{"start":{"line":433,"column":24},"end":{"line":433,"column":null}},"108":{"start":{"line":434,"column":28},"end":{"line":434,"column":null}},"109":{"start":{"line":436,"column":40},"end":{"line":441,"column":null}},"110":{"start":{"line":442,"column":8},"end":{"line":442,"column":null}},"111":{"start":{"line":443,"column":8},"end":{"line":443,"column":null}},"112":{"start":{"line":445,"column":25},"end":{"line":452,"column":null}},"113":{"start":{"line":454,"column":24},"end":{"line":454,"column":null}},"114":{"start":{"line":454,"column":59},"end":{"line":454,"column":62}},"115":{"start":{"line":455,"column":8},"end":{"line":461,"column":null}},"116":{"start":{"line":456,"column":10},"end":{"line":460,"column":null}},"117":{"start":{"line":463,"column":23},"end":{"line":463,"column":null}},"118":{"start":{"line":464,"column":8},"end":{"line":466,"column":null}},"119":{"start":{"line":465,"column":10},"end":{"line":465,"column":null}},"120":{"start":{"line":468,"column":23},"end":{"line":468,"column":null}},"121":{"start":{"line":470,"column":45},"end":{"line":480,"column":null}},"122":{"start":{"line":481,"column":8},"end":{"line":481,"column":null}},"123":{"start":{"line":482,"column":8},"end":{"line":482,"column":null}},"124":{"start":{"line":484,"column":8},"end":{"line":487,"column":null}},"125":{"start":{"line":489,"column":8},"end":{"line":491,"column":null}},"126":{"start":{"line":490,"column":10},"end":{"line":490,"column":null}},"127":{"start":{"line":493,"column":8},"end":{"line":493,"column":null}},"128":{"start":{"line":495,"column":20},"end":{"line":495,"column":null}},"129":{"start":{"line":496,"column":8},"end":{"line":496,"column":null}},"130":{"start":{"line":497,"column":8},"end":{"line":497,"column":null}},"131":{"start":{"line":499,"column":8},"end":{"line":501,"column":null}},"132":{"start":{"line":500,"column":10},"end":{"line":500,"column":null}},"133":{"start":{"line":503,"column":8},"end":{"line":503,"column":null}},"134":{"start":{"line":505,"column":8},"end":{"line":505,"column":null}},"135":{"start":{"line":520,"column":8},"end":{"line":750,"column":null}},"136":{"start":{"line":522,"column":6},"end":{"line":524,"column":null}},"137":{"start":{"line":523,"column":8},"end":{"line":523,"column":null}},"138":{"start":{"line":526,"column":6},"end":{"line":739,"column":null}},"139":{"start":{"line":527,"column":8},"end":{"line":527,"column":null}},"140":{"start":{"line":528,"column":8},"end":{"line":528,"column":null}},"141":{"start":{"line":529,"column":8},"end":{"line":529,"column":null}},"142":{"start":{"line":531,"column":24},"end":{"line":531,"column":null}},"143":{"start":{"line":532,"column":28},"end":{"line":532,"column":null}},"144":{"start":{"line":534,"column":40},"end":{"line":539,"column":null}},"145":{"start":{"line":540,"column":8},"end":{"line":540,"column":null}},"146":{"start":{"line":541,"column":8},"end":{"line":541,"column":null}},"147":{"start":{"line":543,"column":35},"end":{"line":543,"column":null}},"148":{"start":{"line":544,"column":45},"end":{"line":549,"column":null}},"149":{"start":{"line":550,"column":8},"end":{"line":550,"column":null}},"150":{"start":{"line":552,"column":25},"end":{"line":560,"column":null}},"151":{"start":{"line":562,"column":8},"end":{"line":569,"column":null}},"152":{"start":{"line":563,"column":26},"end":{"line":563,"column":null}},"153":{"start":{"line":563,"column":61},"end":{"line":563,"column":64}},"154":{"start":{"line":564,"column":10},"end":{"line":568,"column":null}},"155":{"start":{"line":571,"column":8},"end":{"line":573,"column":null}},"156":{"start":{"line":572,"column":10},"end":{"line":572,"column":null}},"157":{"start":{"line":575,"column":23},"end":{"line":575,"column":null}},"158":{"start":{"line":576,"column":24},"end":{"line":576,"column":null}},"159":{"start":{"line":577,"column":21},"end":{"line":577,"column":null}},"160":{"start":{"line":578,"column":31},"end":{"line":578,"column":null}},"161":{"start":{"line":584,"column":27},"end":{"line":584,"column":null}},"162":{"start":{"line":586,"column":39},"end":{"line":591,"column":null}},"163":{"start":{"line":587,"column":10},"end":{"line":590,"column":null}},"164":{"start":{"line":593,"column":8},"end":{"line":659,"column":null}},"165":{"start":{"line":594,"column":34},"end":{"line":594,"column":null}},"166":{"start":{"line":595,"column":10},"end":{"line":595,"column":null}},"167":{"start":{"line":595,"column":20},"end":{"line":595,"column":null}},"168":{"start":{"line":596,"column":10},"end":{"line":596,"column":null}},"169":{"start":{"line":598,"column":24},"end":{"line":598,"column":null}},"170":{"start":{"line":599,"column":10},"end":{"line":599,"column":null}},"171":{"start":{"line":601,"column":10},"end":{"line":658,"column":null}},"172":{"start":{"line":602,"column":26},"end":{"line":602,"column":null}},"173":{"start":{"line":603,"column":12},"end":{"line":603,"column":null}},"174":{"start":{"line":603,"column":24},"end":{"line":603,"column":null}},"175":{"start":{"line":604,"column":28},"end":{"line":604,"column":null}},"176":{"start":{"line":606,"column":12},"end":{"line":657,"column":null}},"177":{"start":{"line":609,"column":18},"end":{"line":611,"column":null}},"178":{"start":{"line":612,"column":16},"end":{"line":615,"column":null}},"179":{"start":{"line":613,"column":18},"end":{"line":613,"column":null}},"180":{"start":{"line":614,"column":18},"end":{"line":614,"column":null}},"181":{"start":{"line":616,"column":16},"end":{"line":616,"column":null}},"182":{"start":{"line":619,"column":16},"end":{"line":621,"column":null}},"183":{"start":{"line":620,"column":18},"end":{"line":620,"column":null}},"184":{"start":{"line":622,"column":16},"end":{"line":622,"column":null}},"185":{"start":{"line":625,"column":16},"end":{"line":627,"column":null}},"186":{"start":{"line":626,"column":18},"end":{"line":626,"column":null}},"187":{"start":{"line":628,"column":16},"end":{"line":628,"column":null}},"188":{"start":{"line":631,"column":16},"end":{"line":637,"column":null}},"189":{"start":{"line":632,"column":18},"end":{"line":632,"column":null}},"190":{"start":{"line":633,"column":42},"end":{"line":633,"column":null}},"191":{"start":{"line":634,"column":18},"end":{"line":636,"column":null}},"192":{"start":{"line":635,"column":20},"end":{"line":635,"column":null}},"193":{"start":{"line":638,"column":16},"end":{"line":638,"column":null}},"194":{"start":{"line":641,"column":16},"end":{"line":644,"column":null}},"195":{"start":{"line":642,"column":38},"end":{"line":642,"column":null}},"196":{"start":{"line":643,"column":18},"end":{"line":643,"column":null}},"197":{"start":{"line":645,"column":16},"end":{"line":645,"column":null}},"198":{"start":{"line":646,"column":16},"end":{"line":646,"column":null}},"199":{"start":{"line":650,"column":18},"end":{"line":652,"column":null}},"200":{"start":{"line":653,"column":16},"end":{"line":653,"column":null}},"201":{"start":{"line":656,"column":16},"end":{"line":656,"column":null}},"202":{"start":{"line":661,"column":8},"end":{"line":674,"column":null}},"203":{"start":{"line":662,"column":24},"end":{"line":662,"column":null}},"204":{"start":{"line":663,"column":10},"end":{"line":673,"column":null}},"205":{"start":{"line":664,"column":28},"end":{"line":664,"column":null}},"206":{"start":{"line":666,"column":14},"end":{"line":668,"column":null}},"207":{"start":{"line":669,"column":12},"end":{"line":672,"column":null}},"208":{"start":{"line":670,"column":14},"end":{"line":670,"column":null}},"209":{"start":{"line":671,"column":14},"end":{"line":671,"column":null}},"210":{"start":{"line":676,"column":8},"end":{"line":678,"column":null}},"211":{"start":{"line":677,"column":10},"end":{"line":677,"column":null}},"212":{"start":{"line":680,"column":48},"end":{"line":687,"column":null}},"213":{"start":{"line":688,"column":23},"end":{"line":688,"column":null}},"214":{"start":{"line":690,"column":8},"end":{"line":703,"column":null}},"215":{"start":{"line":704,"column":8},"end":{"line":704,"column":null}},"216":{"start":{"line":706,"column":8},"end":{"line":719,"column":null}},"217":{"start":{"line":721,"column":8},"end":{"line":723,"column":null}},"218":{"start":{"line":722,"column":10},"end":{"line":722,"column":null}},"219":{"start":{"line":725,"column":8},"end":{"line":725,"column":null}},"220":{"start":{"line":727,"column":20},"end":{"line":727,"column":null}},"221":{"start":{"line":728,"column":8},"end":{"line":728,"column":null}},"222":{"start":{"line":729,"column":8},"end":{"line":729,"column":null}},"223":{"start":{"line":731,"column":8},"end":{"line":733,"column":null}},"224":{"start":{"line":732,"column":10},"end":{"line":732,"column":null}},"225":{"start":{"line":735,"column":8},"end":{"line":735,"column":null}},"226":{"start":{"line":737,"column":8},"end":{"line":737,"column":null}},"227":{"start":{"line":738,"column":8},"end":{"line":738,"column":null}},"228":{"start":{"line":752,"column":8},"end":{"line":761,"column":null}},"229":{"start":{"line":754,"column":6},"end":{"line":756,"column":null}},"230":{"start":{"line":755,"column":8},"end":{"line":755,"column":null}},"231":{"start":{"line":758,"column":6},"end":{"line":758,"column":null}},"232":{"start":{"line":767,"column":8},"end":{"line":770,"column":null}},"233":{"start":{"line":768,"column":4},"end":{"line":768,"column":null}},"234":{"start":{"line":769,"column":4},"end":{"line":769,"column":null}},"235":{"start":{"line":772,"column":8},"end":{"line":775,"column":null}},"236":{"start":{"line":773,"column":4},"end":{"line":773,"column":null}},"237":{"start":{"line":774,"column":4},"end":{"line":774,"column":null}},"238":{"start":{"line":777,"column":8},"end":{"line":783,"column":null}},"239":{"start":{"line":778,"column":4},"end":{"line":782,"column":null}},"240":{"start":{"line":779,"column":6},"end":{"line":779,"column":null}},"241":{"start":{"line":781,"column":6},"end":{"line":781,"column":null}},"242":{"start":{"line":785,"column":8},"end":{"line":864,"column":null}},"243":{"start":{"line":787,"column":6},"end":{"line":789,"column":null}},"244":{"start":{"line":788,"column":8},"end":{"line":788,"column":null}},"245":{"start":{"line":791,"column":6},"end":{"line":793,"column":null}},"246":{"start":{"line":792,"column":8},"end":{"line":792,"column":null}},"247":{"start":{"line":795,"column":6},"end":{"line":853,"column":null}},"248":{"start":{"line":796,"column":8},"end":{"line":796,"column":null}},"249":{"start":{"line":797,"column":8},"end":{"line":797,"column":null}},"250":{"start":{"line":800,"column":40},"end":{"line":805,"column":null}},"251":{"start":{"line":806,"column":8},"end":{"line":806,"column":null}},"252":{"start":{"line":809,"column":8},"end":{"line":809,"column":null}},"253":{"start":{"line":812,"column":23},"end":{"line":814,"column":null}},"254":{"start":{"line":817,"column":45},"end":{"line":826,"column":null}},"255":{"start":{"line":827,"column":8},"end":{"line":827,"column":null}},"256":{"start":{"line":828,"column":8},"end":{"line":828,"column":null}},"257":{"start":{"line":831,"column":8},"end":{"line":834,"column":null}},"258":{"start":{"line":836,"column":8},"end":{"line":838,"column":null}},"259":{"start":{"line":837,"column":10},"end":{"line":837,"column":null}},"260":{"start":{"line":840,"column":8},"end":{"line":840,"column":null}},"261":{"start":{"line":842,"column":20},"end":{"line":842,"column":null}},"262":{"start":{"line":843,"column":8},"end":{"line":843,"column":null}},"263":{"start":{"line":844,"column":8},"end":{"line":844,"column":null}},"264":{"start":{"line":846,"column":8},"end":{"line":848,"column":null}},"265":{"start":{"line":847,"column":10},"end":{"line":847,"column":null}},"266":{"start":{"line":850,"column":8},"end":{"line":850,"column":null}},"267":{"start":{"line":852,"column":8},"end":{"line":852,"column":null}},"268":{"start":{"line":866,"column":8},"end":{"line":868,"column":null}},"269":{"start":{"line":867,"column":4},"end":{"line":867,"column":null}},"270":{"start":{"line":870,"column":8},"end":{"line":872,"column":null}},"271":{"start":{"line":871,"column":4},"end":{"line":871,"column":null}},"272":{"start":{"line":874,"column":8},"end":{"line":876,"column":null}},"273":{"start":{"line":875,"column":4},"end":{"line":875,"column":null}},"274":{"start":{"line":878,"column":8},"end":{"line":880,"column":null}},"275":{"start":{"line":879,"column":4},"end":{"line":879,"column":null}},"276":{"start":{"line":882,"column":8},"end":{"line":894,"column":null}},"277":{"start":{"line":883,"column":4},"end":{"line":883,"column":null}},"278":{"start":{"line":883,"column":29},"end":{"line":883,"column":null}},"279":{"start":{"line":884,"column":4},"end":{"line":893,"column":null}},"280":{"start":{"line":896,"column":8},"end":{"line":940,"column":null}},"281":{"start":{"line":898,"column":6},"end":{"line":900,"column":null}},"282":{"start":{"line":899,"column":8},"end":{"line":899,"column":null}},"283":{"start":{"line":902,"column":6},"end":{"line":904,"column":null}},"284":{"start":{"line":903,"column":8},"end":{"line":903,"column":null}},"285":{"start":{"line":906,"column":6},"end":{"line":930,"column":null}},"286":{"start":{"line":907,"column":8},"end":{"line":907,"column":null}},"287":{"start":{"line":908,"column":8},"end":{"line":908,"column":null}},"288":{"start":{"line":910,"column":23},"end":{"line":914,"column":null}},"289":{"start":{"line":916,"column":8},"end":{"line":916,"column":null}},"290":{"start":{"line":918,"column":8},"end":{"line":920,"column":null}},"291":{"start":{"line":919,"column":10},"end":{"line":919,"column":null}},"292":{"start":{"line":922,"column":8},"end":{"line":922,"column":null}},"293":{"start":{"line":924,"column":20},"end":{"line":924,"column":null}},"294":{"start":{"line":925,"column":8},"end":{"line":925,"column":null}},"295":{"start":{"line":926,"column":8},"end":{"line":926,"column":null}},"296":{"start":{"line":927,"column":8},"end":{"line":927,"column":null}},"297":{"start":{"line":929,"column":8},"end":{"line":929,"column":null}},"298":{"start":{"line":942,"column":8},"end":{"line":947,"column":null}},"299":{"start":{"line":943,"column":4},"end":{"line":945,"column":null}},"300":{"start":{"line":944,"column":6},"end":{"line":944,"column":null}},"301":{"start":{"line":946,"column":4},"end":{"line":946,"column":null}},"302":{"start":{"line":949,"column":8},"end":{"line":964,"column":null}},"303":{"start":{"line":951,"column":6},"end":{"line":953,"column":null}},"304":{"start":{"line":952,"column":8},"end":{"line":952,"column":null}},"305":{"start":{"line":955,"column":6},"end":{"line":958,"column":null}},"306":{"start":{"line":970,"column":8},"end":{"line":972,"column":null}},"307":{"start":{"line":971,"column":4},"end":{"line":971,"column":null}},"308":{"start":{"line":974,"column":8},"end":{"line":976,"column":null}},"309":{"start":{"line":975,"column":4},"end":{"line":975,"column":null}},"310":{"start":{"line":982,"column":8},"end":{"line":1026,"column":null}},"311":{"start":{"line":983,"column":11},"end":{"line":1006,"column":null}},"312":{"start":{"line":1028,"column":2},"end":{"line":1028,"column":null}},"313":{"start":{"line":1036,"column":8},"end":{"line":1036,"column":null}},"314":{"start":{"line":1038,"column":2},"end":{"line":1040,"column":null}},"315":{"start":{"line":1039,"column":4},"end":{"line":1039,"column":null}},"316":{"start":{"line":1042,"column":2},"end":{"line":1042,"column":null}},"317":{"start":{"line":1051,"column":157},"end":{"line":1099,"column":null}},"318":{"start":{"line":1055,"column":27},"end":{"line":1059,"column":null}},"319":{"start":{"line":1064,"column":27},"end":{"line":1067,"column":null}},"320":{"start":{"line":1072,"column":27},"end":{"line":1074,"column":null}},"321":{"start":{"line":1087,"column":27},"end":{"line":1089,"column":null}},"322":{"start":{"line":1101,"column":2},"end":{"line":1113,"column":null}},"323":{"start":{"line":1102,"column":18},"end":{"line":1102,"column":null}},"324":{"start":{"line":1103,"column":4},"end":{"line":1112,"column":null}},"325":{"start":{"line":1104,"column":24},"end":{"line":1104,"column":null}},"326":{"start":{"line":1105,"column":6},"end":{"line":1111,"column":null}},"327":{"start":{"line":1115,"column":2},"end":{"line":1120,"column":null}}},"fnMap":{"0":{"name":"samReducer","decl":{"start":{"line":70,"column":9},"end":{"line":70,"column":20}},"loc":{"start":{"line":70,"column":91},"end":{"line":168,"column":null}},"line":70},"1":{"name":"(anonymous_1)","decl":{"start":{"line":113,"column":46},"end":{"line":113,"column":47}},"loc":{"start":{"line":113,"column":55},"end":{"line":120,"column":7}},"line":113},"2":{"name":"toRecord","decl":{"start":{"line":170,"column":9},"end":{"line":170,"column":18}},"loc":{"start":{"line":170,"column":71},"end":{"line":175,"column":null}},"line":170},"3":{"name":"toArray","decl":{"start":{"line":177,"column":9},"end":{"line":177,"column":20}},"loc":{"start":{"line":177,"column":41},"end":{"line":179,"column":null}},"line":177},"4":{"name":"defaultParseResponse","decl":{"start":{"line":181,"column":9},"end":{"line":181,"column":30}},"loc":{"start":{"line":181,"column":80},"end":{"line":221,"column":null}},"line":181},"5":{"name":"buildMetadata","decl":{"start":{"line":223,"column":9},"end":{"line":223,"column":null}},"loc":{"start":{"line":225,"column":25},"end":{"line":244,"column":null}},"line":225},"6":{"name":"safeJsonParse","decl":{"start":{"line":246,"column":9},"end":{"line":246,"column":23}},"loc":{"start":{"line":246,"column":47},"end":{"line":252,"column":null}},"line":246},"7":{"name":"parseSSEEvent","decl":{"start":{"line":254,"column":9},"end":{"line":254,"column":23}},"loc":{"start":{"line":254,"column":78},"end":{"line":274,"column":null}},"line":254},"8":{"name":"SAMProvider","decl":{"start":{"line":295,"column":16},"end":{"line":295,"column":28}},"loc":{"start":{"line":305,"column":21},"end":{"line":1029,"column":null}},"line":305},"9":{"name":"(anonymous_9)","decl":{"start":{"line":308,"column":4},"end":{"line":308,"column":11}},"loc":{"start":{"line":308,"column":11},"end":{"line":317,"column":null}},"line":308},"10":{"name":"(anonymous_10)","decl":{"start":{"line":324,"column":49},"end":{"line":324,"column":55}},"loc":{"start":{"line":324,"column":55},"end":{"line":345,"column":5}},"line":324},"11":{"name":"(anonymous_11)","decl":{"start":{"line":348,"column":12},"end":{"line":348,"column":18}},"loc":{"start":{"line":348,"column":18},"end":{"line":362,"column":5}},"line":348},"12":{"name":"(anonymous_12)","decl":{"start":{"line":349,"column":47},"end":{"line":349,"column":48}},"loc":{"start":{"line":349,"column":61},"end":{"line":356,"column":5}},"line":349},"13":{"name":"(anonymous_13)","decl":{"start":{"line":367,"column":12},"end":{"line":367,"column":18}},"loc":{"start":{"line":367,"column":18},"end":{"line":382,"column":5}},"line":367},"14":{"name":"(anonymous_14)","decl":{"start":{"line":388,"column":4},"end":{"line":388,"column":5}},"loc":{"start":{"line":388,"column":82},"end":{"line":393,"column":null}},"line":388},"15":{"name":"(anonymous_15)","decl":{"start":{"line":398,"column":4},"end":{"line":398,"column":5}},"loc":{"start":{"line":398,"column":58},"end":{"line":403,"column":null}},"line":398},"16":{"name":"(anonymous_16)","decl":{"start":{"line":408,"column":4},"end":{"line":408,"column":5}},"loc":{"start":{"line":408,"column":63},"end":{"line":419,"column":null}},"line":408},"17":{"name":"(anonymous_17)","decl":{"start":{"line":424,"column":4},"end":{"line":424,"column":11}},"loc":{"start":{"line":424,"column":68},"end":{"line":507,"column":null}},"line":424},"18":{"name":"(anonymous_18)","decl":{"start":{"line":454,"column":52},"end":{"line":454,"column":59}},"loc":{"start":{"line":454,"column":59},"end":{"line":454,"column":62}},"line":454},"19":{"name":"(anonymous_19)","decl":{"start":{"line":521,"column":4},"end":{"line":521,"column":11}},"loc":{"start":{"line":521,"column":68},"end":{"line":740,"column":null}},"line":521},"20":{"name":"(anonymous_20)","decl":{"start":{"line":563,"column":54},"end":{"line":563,"column":61}},"loc":{"start":{"line":563,"column":61},"end":{"line":563,"column":64}},"line":563},"21":{"name":"(anonymous_21)","decl":{"start":{"line":586,"column":39},"end":{"line":586,"column":45}},"loc":{"start":{"line":586,"column":45},"end":{"line":591,"column":null}},"line":586},"22":{"name":"(anonymous_22)","decl":{"start":{"line":753,"column":4},"end":{"line":753,"column":11}},"loc":{"start":{"line":753,"column":68},"end":{"line":759,"column":null}},"line":753},"23":{"name":"(anonymous_23)","decl":{"start":{"line":767,"column":27},"end":{"line":767,"column":33}},"loc":{"start":{"line":767,"column":33},"end":{"line":770,"column":5}},"line":767},"24":{"name":"(anonymous_24)","decl":{"start":{"line":772,"column":28},"end":{"line":772,"column":34}},"loc":{"start":{"line":772,"column":34},"end":{"line":775,"column":5}},"line":772},"25":{"name":"(anonymous_25)","decl":{"start":{"line":777,"column":29},"end":{"line":777,"column":35}},"loc":{"start":{"line":777,"column":35},"end":{"line":783,"column":5}},"line":777},"26":{"name":"(anonymous_26)","decl":{"start":{"line":786,"column":4},"end":{"line":786,"column":11}},"loc":{"start":{"line":786,"column":68},"end":{"line":854,"column":null}},"line":786},"27":{"name":"(anonymous_27)","decl":{"start":{"line":866,"column":36},"end":{"line":866,"column":42}},"loc":{"start":{"line":866,"column":42},"end":{"line":868,"column":5}},"line":866},"28":{"name":"(anonymous_28)","decl":{"start":{"line":870,"column":33},"end":{"line":870,"column":39}},"loc":{"start":{"line":870,"column":39},"end":{"line":872,"column":5}},"line":870},"29":{"name":"(anonymous_29)","decl":{"start":{"line":874,"column":36},"end":{"line":874,"column":37}},"loc":{"start":{"line":874,"column":74},"end":{"line":876,"column":5}},"line":874},"30":{"name":"(anonymous_30)","decl":{"start":{"line":878,"column":33},"end":{"line":878,"column":34}},"loc":{"start":{"line":878,"column":76},"end":{"line":880,"column":5}},"line":878},"31":{"name":"(anonymous_31)","decl":{"start":{"line":882,"column":33},"end":{"line":882,"column":34}},"loc":{"start":{"line":882,"column":75},"end":{"line":894,"column":5}},"line":882},"32":{"name":"(anonymous_32)","decl":{"start":{"line":897,"column":4},"end":{"line":897,"column":11}},"loc":{"start":{"line":897,"column":67},"end":{"line":931,"column":null}},"line":897},"33":{"name":"(anonymous_33)","decl":{"start":{"line":942,"column":40},"end":{"line":942,"column":69}},"loc":{"start":{"line":942,"column":69},"end":{"line":947,"column":5}},"line":942},"34":{"name":"(anonymous_34)","decl":{"start":{"line":950,"column":4},"end":{"line":950,"column":11}},"loc":{"start":{"line":950,"column":48},"end":{"line":962,"column":null}},"line":950},"35":{"name":"(anonymous_35)","decl":{"start":{"line":970,"column":30},"end":{"line":970,"column":53}},"loc":{"start":{"line":970,"column":53},"end":{"line":972,"column":5}},"line":970},"36":{"name":"(anonymous_36)","decl":{"start":{"line":974,"column":26},"end":{"line":974,"column":45}},"loc":{"start":{"line":974,"column":45},"end":{"line":976,"column":5}},"line":974},"37":{"name":"(anonymous_37)","decl":{"start":{"line":983,"column":4},"end":{"line":983,"column":11}},"loc":{"start":{"line":983,"column":11},"end":{"line":1006,"column":null}},"line":983},"38":{"name":"useSAMContext","decl":{"start":{"line":1035,"column":16},"end":{"line":1035,"column":49}},"loc":{"start":{"line":1035,"column":49},"end":{"line":1043,"column":null}},"line":1035},"39":{"name":"detectContextFromPath","decl":{"start":{"line":1049,"column":9},"end":{"line":1049,"column":31}},"loc":{"start":{"line":1049,"column":78},"end":{"line":1121,"column":null}},"line":1049},"40":{"name":"(anonymous_40)","decl":{"start":{"line":1055,"column":15},"end":{"line":1055,"column":16}},"loc":{"start":{"line":1055,"column":27},"end":{"line":1059,"column":null}},"line":1055},"41":{"name":"(anonymous_41)","decl":{"start":{"line":1064,"column":15},"end":{"line":1064,"column":16}},"loc":{"start":{"line":1064,"column":27},"end":{"line":1067,"column":null}},"line":1064},"42":{"name":"(anonymous_42)","decl":{"start":{"line":1072,"column":15},"end":{"line":1072,"column":16}},"loc":{"start":{"line":1072,"column":27},"end":{"line":1074,"column":null}},"line":1072},"43":{"name":"(anonymous_43)","decl":{"start":{"line":1087,"column":15},"end":{"line":1087,"column":16}},"loc":{"start":{"line":1087,"column":27},"end":{"line":1089,"column":null}},"line":1087}},"branchMap":{"0":{"loc":{"start":{"line":71,"column":2},"end":{"line":167,"column":null}},"type":"switch","locations":[{"start":{"line":72,"column":4},"end":{"line":73,"column":null}},{"start":{"line":74,"column":4},"end":{"line":75,"column":null}},{"start":{"line":76,"column":4},"end":{"line":92,"column":null}},{"start":{"line":93,"column":4},"end":{"line":94,"column":null}},{"start":{"line":95,"column":4},"end":{"line":96,"column":null}},{"start":{"line":97,"column":4},"end":{"line":98,"column":null}},{"start":{"line":99,"column":4},"end":{"line":110,"column":null}},{"start":{"line":111,"column":4},"end":{"line":132,"column":null}},{"start":{"line":133,"column":4},"end":{"line":144,"column":null}},{"start":{"line":145,"column":4},"end":{"line":156,"column":null}},{"start":{"line":157,"column":4},"end":{"line":158,"column":null}},{"start":{"line":159,"column":4},"end":{"line":160,"column":null}},{"start":{"line":161,"column":4},"end":{"line":162,"column":null}},{"start":{"line":163,"column":4},"end":{"line":164,"column":null}},{"start":{"line":165,"column":4},"end":{"line":166,"column":null}}],"line":71},"1":{"loc":{"start":{"line":84,"column":16},"end":{"line":86,"column":null}},"type":"cond-expr","locations":[{"start":{"line":85,"column":14},"end":{"line":85,"column":null}},{"start":{"line":86,"column":14},"end":{"line":86,"column":null}}],"line":84},"2":{"loc":{"start":{"line":114,"column":8},"end":{"line":114,"column":null}},"type":"if","locations":[{"start":{"line":114,"column":8},"end":{"line":114,"column":null}},{"start":{},"end":{}}],"line":114},"3":{"loc":{"start":{"line":116,"column":8},"end":{"line":118,"column":null}},"type":"if","locations":[{"start":{"line":116,"column":8},"end":{"line":118,"column":null}},{"start":{},"end":{}}],"line":116},"4":{"loc":{"start":{"line":116,"column":12},"end":{"line":116,"column":46}},"type":"binary-expr","locations":[{"start":{"line":116,"column":12},"end":{"line":116,"column":32}},{"start":{"line":116,"column":32},"end":{"line":116,"column":46}}],"line":116},"5":{"loc":{"start":{"line":171,"column":2},"end":{"line":173,"column":null}},"type":"if","locations":[{"start":{"line":171,"column":2},"end":{"line":173,"column":null}},{"start":{},"end":{}}],"line":171},"6":{"loc":{"start":{"line":171,"column":6},"end":{"line":171,"column":67}},"type":"binary-expr","locations":[{"start":{"line":171,"column":6},"end":{"line":171,"column":16}},{"start":{"line":171,"column":16},"end":{"line":171,"column":45}},{"start":{"line":171,"column":45},"end":{"line":171,"column":67}}],"line":171},"7":{"loc":{"start":{"line":178,"column":9},"end":{"line":178,"column":null}},"type":"cond-expr","locations":[{"start":{"line":178,"column":33},"end":{"line":178,"column":49}},{"start":{"line":178,"column":49},"end":{"line":178,"column":null}}],"line":178},"8":{"loc":{"start":{"line":183,"column":2},"end":{"line":183,"column":null}},"type":"if","locations":[{"start":{"line":183,"column":2},"end":{"line":183,"column":null}},{"start":{},"end":{}}],"line":183},"9":{"loc":{"start":{"line":185,"column":2},"end":{"line":195,"column":null}},"type":"if","locations":[{"start":{"line":185,"column":2},"end":{"line":195,"column":null}},{"start":{},"end":{}}],"line":185},"10":{"loc":{"start":{"line":185,"column":6},"end":{"line":185,"column":75}},"type":"binary-expr","locations":[{"start":{"line":185,"column":6},"end":{"line":185,"column":31}},{"start":{"line":185,"column":31},"end":{"line":185,"column":44}},{"start":{"line":185,"column":44},"end":{"line":185,"column":75}}],"line":185},"11":{"loc":{"start":{"line":188,"column":22},"end":{"line":188,"column":41}},"type":"binary-expr","locations":[{"start":{"line":188,"column":22},"end":{"line":188,"column":39}},{"start":{"line":188,"column":39},"end":{"line":188,"column":41}}],"line":188},"12":{"loc":{"start":{"line":197,"column":2},"end":{"line":207,"column":null}},"type":"if","locations":[{"start":{"line":197,"column":2},"end":{"line":207,"column":null}},{"start":{},"end":{}}],"line":197},"13":{"loc":{"start":{"line":204,"column":15},"end":{"line":204,"column":null}},"type":"binary-expr","locations":[{"start":{"line":204,"column":15},"end":{"line":204,"column":66}},{"start":{"line":204,"column":66},"end":{"line":204,"column":null}}],"line":204},"14":{"loc":{"start":{"line":209,"column":2},"end":{"line":218,"column":null}},"type":"if","locations":[{"start":{"line":209,"column":2},"end":{"line":218,"column":null}},{"start":{},"end":{}}],"line":209},"15":{"loc":{"start":{"line":226,"column":16},"end":{"line":226,"column":null}},"type":"binary-expr","locations":[{"start":{"line":226,"column":16},"end":{"line":226,"column":25}},{"start":{"line":226,"column":25},"end":{"line":226,"column":null}}],"line":226},"16":{"loc":{"start":{"line":227,"column":26},"end":{"line":231,"column":null}},"type":"cond-expr","locations":[{"start":{"line":228,"column":7},"end":{"line":228,"column":null}},{"start":{"line":229,"column":6},"end":{"line":231,"column":null}}],"line":227},"17":{"loc":{"start":{"line":229,"column":6},"end":{"line":231,"column":null}},"type":"cond-expr","locations":[{"start":{"line":230,"column":9},"end":{"line":230,"column":null}},{"start":{"line":231,"column":8},"end":{"line":231,"column":null}}],"line":229},"18":{"loc":{"start":{"line":234,"column":24},"end":{"line":238,"column":null}},"type":"cond-expr","locations":[{"start":{"line":235,"column":8},"end":{"line":235,"column":null}},{"start":{"line":236,"column":8},"end":{"line":238,"column":null}}],"line":234},"19":{"loc":{"start":{"line":236,"column":8},"end":{"line":238,"column":null}},"type":"cond-expr","locations":[{"start":{"line":237,"column":10},"end":{"line":237,"column":null}},{"start":{"line":238,"column":10},"end":{"line":238,"column":null}}],"line":236},"20":{"loc":{"start":{"line":240,"column":19},"end":{"line":240,"column":null}},"type":"cond-expr","locations":[{"start":{"line":240,"column":56},"end":{"line":240,"column":90}},{"start":{"line":240,"column":90},"end":{"line":240,"column":null}}],"line":240},"21":{"loc":{"start":{"line":241,"column":19},"end":{"line":241,"column":null}},"type":"cond-expr","locations":[{"start":{"line":241,"column":56},"end":{"line":241,"column":90}},{"start":{"line":241,"column":90},"end":{"line":241,"column":null}}],"line":241},"22":{"loc":{"start":{"line":242,"column":19},"end":{"line":242,"column":null}},"type":"cond-expr","locations":[{"start":{"line":242,"column":56},"end":{"line":242,"column":92}},{"start":{"line":242,"column":92},"end":{"line":242,"column":null}}],"line":242},"23":{"loc":{"start":{"line":260,"column":4},"end":{"line":263,"column":null}},"type":"if","locations":[{"start":{"line":260,"column":4},"end":{"line":263,"column":null}},{"start":{},"end":{}}],"line":260},"24":{"loc":{"start":{"line":261,"column":14},"end":{"line":261,"column":null}},"type":"binary-expr","locations":[{"start":{"line":261,"column":14},"end":{"line":261,"column":38}},{"start":{"line":261,"column":38},"end":{"line":261,"column":null}}],"line":261},"25":{"loc":{"start":{"line":264,"column":4},"end":{"line":266,"column":null}},"type":"if","locations":[{"start":{"line":264,"column":4},"end":{"line":266,"column":null}},{"start":{},"end":{}}],"line":264},"26":{"loc":{"start":{"line":269,"column":2},"end":{"line":271,"column":null}},"type":"if","locations":[{"start":{"line":269,"column":2},"end":{"line":271,"column":null}},{"start":{},"end":{}}],"line":269},"27":{"loc":{"start":{"line":298,"column":2},"end":{"line":298,"column":null}},"type":"default-arg","locations":[{"start":{"line":298,"column":14},"end":{"line":298,"column":null}}],"line":298},"28":{"loc":{"start":{"line":301,"column":2},"end":{"line":301,"column":null}},"type":"default-arg","locations":[{"start":{"line":301,"column":22},"end":{"line":301,"column":null}}],"line":301},"29":{"loc":{"start":{"line":302,"column":2},"end":{"line":302,"column":null}},"type":"default-arg","locations":[{"start":{"line":302,"column":10},"end":{"line":302,"column":null}}],"line":302},"30":{"loc":{"start":{"line":314,"column":16},"end":{"line":314,"column":null}},"type":"binary-expr","locations":[{"start":{"line":314,"column":16},"end":{"line":314,"column":58}},{"start":{"line":314,"column":58},"end":{"line":314,"column":null}}],"line":314},"31":{"loc":{"start":{"line":327,"column":4},"end":{"line":329,"column":null}},"type":"if","locations":[{"start":{"line":327,"column":4},"end":{"line":329,"column":null}},{"start":{},"end":{}}],"line":327},"32":{"loc":{"start":{"line":331,"column":4},"end":{"line":333,"column":null}},"type":"if","locations":[{"start":{"line":331,"column":4},"end":{"line":333,"column":null}},{"start":{},"end":{}}],"line":331},"33":{"loc":{"start":{"line":353,"column":6},"end":{"line":355,"column":null}},"type":"if","locations":[{"start":{"line":353,"column":6},"end":{"line":355,"column":null}},{"start":{},"end":{}}],"line":353},"34":{"loc":{"start":{"line":368,"column":4},"end":{"line":380,"column":null}},"type":"if","locations":[{"start":{"line":368,"column":4},"end":{"line":380,"column":null}},{"start":{},"end":{}}],"line":368},"35":{"loc":{"start":{"line":368,"column":8},"end":{"line":368,"column":60}},"type":"binary-expr","locations":[{"start":{"line":368,"column":8},"end":{"line":368,"column":29}},{"start":{"line":368,"column":29},"end":{"line":368,"column":60}}],"line":368},"36":{"loc":{"start":{"line":377,"column":6},"end":{"line":379,"column":null}},"type":"if","locations":[{"start":{"line":377,"column":6},"end":{"line":379,"column":null}},{"start":{},"end":{}}],"line":377},"37":{"loc":{"start":{"line":385,"column":4},"end":{"line":385,"column":null}},"type":"cond-expr","locations":[{"start":{"line":385,"column":26},"end":{"line":385,"column":32}},{"start":{"line":385,"column":32},"end":{"line":385,"column":null}}],"line":385},"38":{"loc":{"start":{"line":389,"column":6},"end":{"line":391,"column":null}},"type":"if","locations":[{"start":{"line":389,"column":6},"end":{"line":391,"column":null}},{"start":{},"end":{}}],"line":389},"39":{"loc":{"start":{"line":399,"column":6},"end":{"line":401,"column":null}},"type":"if","locations":[{"start":{"line":399,"column":6},"end":{"line":401,"column":null}},{"start":{},"end":{}}],"line":399},"40":{"loc":{"start":{"line":413,"column":21},"end":{"line":413,"column":null}},"type":"binary-expr","locations":[{"start":{"line":413,"column":21},"end":{"line":413,"column":43}},{"start":{"line":413,"column":43},"end":{"line":413,"column":null}}],"line":413},"41":{"loc":{"start":{"line":414,"column":17},"end":{"line":414,"column":null}},"type":"binary-expr","locations":[{"start":{"line":414,"column":17},"end":{"line":414,"column":35}},{"start":{"line":414,"column":35},"end":{"line":414,"column":null}}],"line":414},"42":{"loc":{"start":{"line":415,"column":18},"end":{"line":415,"column":null}},"type":"binary-expr","locations":[{"start":{"line":415,"column":18},"end":{"line":415,"column":37}},{"start":{"line":415,"column":37},"end":{"line":415,"column":null}}],"line":415},"43":{"loc":{"start":{"line":425,"column":6},"end":{"line":427,"column":null}},"type":"if","locations":[{"start":{"line":425,"column":6},"end":{"line":427,"column":null}},{"start":{},"end":{}}],"line":425},"44":{"loc":{"start":{"line":449,"column":16},"end":{"line":449,"column":null}},"type":"binary-expr","locations":[{"start":{"line":449,"column":16},"end":{"line":449,"column":38}},{"start":{"line":449,"column":38},"end":{"line":449,"column":null}}],"line":449},"45":{"loc":{"start":{"line":455,"column":8},"end":{"line":461,"column":null}},"type":"if","locations":[{"start":{"line":455,"column":8},"end":{"line":461,"column":null}},{"start":{},"end":{}}],"line":455},"46":{"loc":{"start":{"line":457,"column":12},"end":{"line":459,"column":null}},"type":"cond-expr","locations":[{"start":{"line":458,"column":16},"end":{"line":458,"column":null}},{"start":{"line":459,"column":16},"end":{"line":459,"column":null}}],"line":457},"47":{"loc":{"start":{"line":464,"column":8},"end":{"line":466,"column":null}},"type":"if","locations":[{"start":{"line":464,"column":8},"end":{"line":466,"column":null}},{"start":{},"end":{}}],"line":464},"48":{"loc":{"start":{"line":489,"column":8},"end":{"line":491,"column":null}},"type":"if","locations":[{"start":{"line":489,"column":8},"end":{"line":491,"column":null}},{"start":{},"end":{}}],"line":489},"49":{"loc":{"start":{"line":495,"column":20},"end":{"line":495,"column":null}},"type":"cond-expr","locations":[{"start":{"line":495,"column":45},"end":{"line":495,"column":53}},{"start":{"line":495,"column":53},"end":{"line":495,"column":null}}],"line":495},"50":{"loc":{"start":{"line":499,"column":8},"end":{"line":501,"column":null}},"type":"if","locations":[{"start":{"line":499,"column":8},"end":{"line":501,"column":null}},{"start":{},"end":{}}],"line":499},"51":{"loc":{"start":{"line":522,"column":6},"end":{"line":524,"column":null}},"type":"if","locations":[{"start":{"line":522,"column":6},"end":{"line":524,"column":null}},{"start":{},"end":{}}],"line":522},"52":{"loc":{"start":{"line":557,"column":16},"end":{"line":557,"column":null}},"type":"binary-expr","locations":[{"start":{"line":557,"column":16},"end":{"line":557,"column":38}},{"start":{"line":557,"column":38},"end":{"line":557,"column":null}}],"line":557},"53":{"loc":{"start":{"line":562,"column":8},"end":{"line":569,"column":null}},"type":"if","locations":[{"start":{"line":562,"column":8},"end":{"line":569,"column":null}},{"start":{},"end":{}}],"line":562},"54":{"loc":{"start":{"line":565,"column":12},"end":{"line":567,"column":null}},"type":"cond-expr","locations":[{"start":{"line":566,"column":16},"end":{"line":566,"column":null}},{"start":{"line":567,"column":16},"end":{"line":567,"column":null}}],"line":565},"55":{"loc":{"start":{"line":571,"column":8},"end":{"line":573,"column":null}},"type":"if","locations":[{"start":{"line":571,"column":8},"end":{"line":573,"column":null}},{"start":{},"end":{}}],"line":571},"56":{"loc":{"start":{"line":595,"column":10},"end":{"line":595,"column":null}},"type":"if","locations":[{"start":{"line":595,"column":10},"end":{"line":595,"column":null}},{"start":{},"end":{}}],"line":595},"57":{"loc":{"start":{"line":599,"column":19},"end":{"line":599,"column":null}},"type":"binary-expr","locations":[{"start":{"line":599,"column":19},"end":{"line":599,"column":34}},{"start":{"line":599,"column":34},"end":{"line":599,"column":null}}],"line":599},"58":{"loc":{"start":{"line":603,"column":12},"end":{"line":603,"column":null}},"type":"if","locations":[{"start":{"line":603,"column":12},"end":{"line":603,"column":null}},{"start":{},"end":{}}],"line":603},"59":{"loc":{"start":{"line":606,"column":12},"end":{"line":657,"column":null}},"type":"switch","locations":[{"start":{"line":607,"column":14},"end":{"line":617,"column":null}},{"start":{"line":618,"column":14},"end":{"line":623,"column":null}},{"start":{"line":624,"column":14},"end":{"line":629,"column":null}},{"start":{"line":630,"column":14},"end":{"line":639,"column":null}},{"start":{"line":640,"column":14},"end":{"line":647,"column":null}},{"start":{"line":648,"column":14},"end":{"line":654,"column":null}},{"start":{"line":655,"column":14},"end":{"line":656,"column":null}}],"line":606},"60":{"loc":{"start":{"line":609,"column":18},"end":{"line":611,"column":null}},"type":"cond-expr","locations":[{"start":{"line":610,"column":22},"end":{"line":610,"column":null}},{"start":{"line":611,"column":22},"end":{"line":611,"column":null}}],"line":609},"61":{"loc":{"start":{"line":612,"column":16},"end":{"line":615,"column":null}},"type":"if","locations":[{"start":{"line":612,"column":16},"end":{"line":615,"column":null}},{"start":{},"end":{}}],"line":612},"62":{"loc":{"start":{"line":619,"column":16},"end":{"line":621,"column":null}},"type":"if","locations":[{"start":{"line":619,"column":16},"end":{"line":621,"column":null}},{"start":{},"end":{}}],"line":619},"63":{"loc":{"start":{"line":625,"column":16},"end":{"line":627,"column":null}},"type":"if","locations":[{"start":{"line":625,"column":16},"end":{"line":627,"column":null}},{"start":{},"end":{}}],"line":625},"64":{"loc":{"start":{"line":631,"column":16},"end":{"line":637,"column":null}},"type":"if","locations":[{"start":{"line":631,"column":16},"end":{"line":637,"column":null}},{"start":{},"end":{}}],"line":631},"65":{"loc":{"start":{"line":631,"column":20},"end":{"line":631,"column":60}},"type":"binary-expr","locations":[{"start":{"line":631,"column":20},"end":{"line":631,"column":31}},{"start":{"line":631,"column":31},"end":{"line":631,"column":60}}],"line":631},"66":{"loc":{"start":{"line":634,"column":18},"end":{"line":636,"column":null}},"type":"if","locations":[{"start":{"line":634,"column":18},"end":{"line":636,"column":null}},{"start":{},"end":{}}],"line":634},"67":{"loc":{"start":{"line":634,"column":22},"end":{"line":634,"column":78}},"type":"binary-expr","locations":[{"start":{"line":634,"column":22},"end":{"line":634,"column":41}},{"start":{"line":634,"column":41},"end":{"line":634,"column":78}}],"line":634},"68":{"loc":{"start":{"line":641,"column":16},"end":{"line":644,"column":null}},"type":"if","locations":[{"start":{"line":641,"column":16},"end":{"line":644,"column":null}},{"start":{},"end":{}}],"line":641},"69":{"loc":{"start":{"line":641,"column":20},"end":{"line":641,"column":60}},"type":"binary-expr","locations":[{"start":{"line":641,"column":20},"end":{"line":641,"column":31}},{"start":{"line":641,"column":31},"end":{"line":641,"column":60}}],"line":641},"70":{"loc":{"start":{"line":650,"column":18},"end":{"line":652,"column":null}},"type":"cond-expr","locations":[{"start":{"line":651,"column":22},"end":{"line":651,"column":null}},{"start":{"line":652,"column":22},"end":{"line":652,"column":null}}],"line":650},"71":{"loc":{"start":{"line":650,"column":18},"end":{"line":650,"column":null}},"type":"binary-expr","locations":[{"start":{"line":650,"column":18},"end":{"line":650,"column":46}},{"start":{"line":650,"column":46},"end":{"line":650,"column":null}}],"line":650},"72":{"loc":{"start":{"line":661,"column":8},"end":{"line":674,"column":null}},"type":"if","locations":[{"start":{"line":661,"column":8},"end":{"line":674,"column":null}},{"start":{},"end":{}}],"line":661},"73":{"loc":{"start":{"line":663,"column":10},"end":{"line":673,"column":null}},"type":"if","locations":[{"start":{"line":663,"column":10},"end":{"line":673,"column":null}},{"start":{},"end":{}}],"line":663},"74":{"loc":{"start":{"line":666,"column":14},"end":{"line":668,"column":null}},"type":"cond-expr","locations":[{"start":{"line":667,"column":18},"end":{"line":667,"column":null}},{"start":{"line":668,"column":18},"end":{"line":668,"column":null}}],"line":666},"75":{"loc":{"start":{"line":669,"column":12},"end":{"line":672,"column":null}},"type":"if","locations":[{"start":{"line":669,"column":12},"end":{"line":672,"column":null}},{"start":{},"end":{}}],"line":669},"76":{"loc":{"start":{"line":676,"column":8},"end":{"line":678,"column":null}},"type":"if","locations":[{"start":{"line":676,"column":8},"end":{"line":678,"column":null}},{"start":{},"end":{}}],"line":676},"77":{"loc":{"start":{"line":676,"column":12},"end":{"line":676,"column":48}},"type":"binary-expr","locations":[{"start":{"line":676,"column":12},"end":{"line":676,"column":29}},{"start":{"line":676,"column":29},"end":{"line":676,"column":48}}],"line":676},"78":{"loc":{"start":{"line":721,"column":8},"end":{"line":723,"column":null}},"type":"if","locations":[{"start":{"line":721,"column":8},"end":{"line":723,"column":null}},{"start":{},"end":{}}],"line":721},"79":{"loc":{"start":{"line":727,"column":20},"end":{"line":727,"column":null}},"type":"cond-expr","locations":[{"start":{"line":727,"column":45},"end":{"line":727,"column":53}},{"start":{"line":727,"column":53},"end":{"line":727,"column":null}}],"line":727},"80":{"loc":{"start":{"line":731,"column":8},"end":{"line":733,"column":null}},"type":"if","locations":[{"start":{"line":731,"column":8},"end":{"line":733,"column":null}},{"start":{},"end":{}}],"line":731},"81":{"loc":{"start":{"line":754,"column":6},"end":{"line":756,"column":null}},"type":"if","locations":[{"start":{"line":754,"column":6},"end":{"line":756,"column":null}},{"start":{},"end":{}}],"line":754},"82":{"loc":{"start":{"line":778,"column":4},"end":{"line":782,"column":null}},"type":"if","locations":[{"start":{"line":778,"column":4},"end":{"line":782,"column":null}},{"start":{"line":780,"column":11},"end":{"line":782,"column":null}}],"line":778},"83":{"loc":{"start":{"line":787,"column":6},"end":{"line":789,"column":null}},"type":"if","locations":[{"start":{"line":787,"column":6},"end":{"line":789,"column":null}},{"start":{},"end":{}}],"line":787},"84":{"loc":{"start":{"line":791,"column":6},"end":{"line":793,"column":null}},"type":"if","locations":[{"start":{"line":791,"column":6},"end":{"line":793,"column":null}},{"start":{},"end":{}}],"line":791},"85":{"loc":{"start":{"line":836,"column":8},"end":{"line":838,"column":null}},"type":"if","locations":[{"start":{"line":836,"column":8},"end":{"line":838,"column":null}},{"start":{},"end":{}}],"line":836},"86":{"loc":{"start":{"line":842,"column":20},"end":{"line":842,"column":null}},"type":"cond-expr","locations":[{"start":{"line":842,"column":45},"end":{"line":842,"column":53}},{"start":{"line":842,"column":53},"end":{"line":842,"column":null}}],"line":842},"87":{"loc":{"start":{"line":846,"column":8},"end":{"line":848,"column":null}},"type":"if","locations":[{"start":{"line":846,"column":8},"end":{"line":848,"column":null}},{"start":{},"end":{}}],"line":846},"88":{"loc":{"start":{"line":883,"column":4},"end":{"line":883,"column":null}},"type":"if","locations":[{"start":{"line":883,"column":4},"end":{"line":883,"column":null}},{"start":{},"end":{}}],"line":883},"89":{"loc":{"start":{"line":898,"column":6},"end":{"line":900,"column":null}},"type":"if","locations":[{"start":{"line":898,"column":6},"end":{"line":900,"column":null}},{"start":{},"end":{}}],"line":898},"90":{"loc":{"start":{"line":899,"column":33},"end":{"line":899,"column":71}},"type":"binary-expr","locations":[{"start":{"line":899,"column":33},"end":{"line":899,"column":42}},{"start":{"line":899,"column":42},"end":{"line":899,"column":71}}],"line":899},"91":{"loc":{"start":{"line":902,"column":6},"end":{"line":904,"column":null}},"type":"if","locations":[{"start":{"line":902,"column":6},"end":{"line":904,"column":null}},{"start":{},"end":{}}],"line":902},"92":{"loc":{"start":{"line":912,"column":10},"end":{"line":912,"column":null}},"type":"binary-expr","locations":[{"start":{"line":912,"column":10},"end":{"line":912,"column":19}},{"start":{"line":912,"column":19},"end":{"line":912,"column":null}}],"line":912},"93":{"loc":{"start":{"line":918,"column":8},"end":{"line":920,"column":null}},"type":"if","locations":[{"start":{"line":918,"column":8},"end":{"line":920,"column":null}},{"start":{},"end":{}}],"line":918},"94":{"loc":{"start":{"line":924,"column":20},"end":{"line":924,"column":null}},"type":"cond-expr","locations":[{"start":{"line":924,"column":45},"end":{"line":924,"column":53}},{"start":{"line":924,"column":53},"end":{"line":924,"column":null}}],"line":924},"95":{"loc":{"start":{"line":943,"column":4},"end":{"line":945,"column":null}},"type":"if","locations":[{"start":{"line":943,"column":4},"end":{"line":945,"column":null}},{"start":{},"end":{}}],"line":943},"96":{"loc":{"start":{"line":946,"column":12},"end":{"line":946,"column":null}},"type":"binary-expr","locations":[{"start":{"line":946,"column":12},"end":{"line":946,"column":95}},{"start":{"line":946,"column":95},"end":{"line":946,"column":null}}],"line":946},"97":{"loc":{"start":{"line":951,"column":6},"end":{"line":953,"column":null}},"type":"if","locations":[{"start":{"line":951,"column":6},"end":{"line":953,"column":null}},{"start":{},"end":{}}],"line":951},"98":{"loc":{"start":{"line":971,"column":11},"end":{"line":971,"column":null}},"type":"binary-expr","locations":[{"start":{"line":971,"column":11},"end":{"line":971,"column":53}},{"start":{"line":971,"column":53},"end":{"line":971,"column":null}}],"line":971},"99":{"loc":{"start":{"line":975,"column":11},"end":{"line":975,"column":null}},"type":"binary-expr","locations":[{"start":{"line":975,"column":11},"end":{"line":975,"column":49}},{"start":{"line":975,"column":49},"end":{"line":975,"column":null}}],"line":975},"100":{"loc":{"start":{"line":1038,"column":2},"end":{"line":1040,"column":null}},"type":"if","locations":[{"start":{"line":1038,"column":2},"end":{"line":1040,"column":null}},{"start":{},"end":{}}],"line":1038},"101":{"loc":{"start":{"line":1103,"column":4},"end":{"line":1112,"column":null}},"type":"if","locations":[{"start":{"line":1103,"column":4},"end":{"line":1112,"column":null}},{"start":{},"end":{}}],"line":1103},"102":{"loc":{"start":{"line":1104,"column":24},"end":{"line":1104,"column":null}},"type":"binary-expr","locations":[{"start":{"line":1104,"column":24},"end":{"line":1104,"column":44}},{"start":{"line":1104,"column":44},"end":{"line":1104,"column":null}}],"line":1104}},"s":{"0":58,"1":34,"2":0,"3":3,"4":7,"5":4,"6":0,"7":3,"8":0,"9":0,"10":0,"11":0,"12":0,"13":0,"14":0,"15":0,"16":0,"17":0,"18":2,"19":4,"20":1,"21":0,"22":0,"23":0,"24":3,"25":2,"26":1,"27":2,"28":1,"29":1,"30":0,"31":1,"32":1,"33":1,"34":0,"35":0,"36":0,"37":0,"38":0,"39":0,"40":1,"41":1,"42":1,"43":0,"44":0,"45":0,"46":0,"47":0,"48":0,"49":0,"50":0,"51":0,"52":0,"53":0,"54":0,"55":0,"56":0,"57":0,"58":2,"59":63,"60":24,"61":63,"62":63,"63":24,"64":24,"65":3,"66":21,"67":0,"68":21,"69":21,"70":21,"71":21,"72":21,"73":21,"74":21,"75":63,"76":31,"77":34,"78":34,"79":34,"80":0,"81":31,"82":31,"83":63,"84":24,"85":0,"86":0,"87":0,"88":0,"89":0,"90":63,"91":63,"92":2,"93":0,"94":2,"95":63,"96":1,"97":0,"98":1,"99":63,"100":1,"101":63,"102":2,"103":0,"104":2,"105":2,"106":2,"107":2,"108":2,"109":2,"110":2,"111":2,"112":2,"113":2,"114":0,"115":2,"116":1,"117":1,"118":1,"119":0,"120":1,"121":1,"122":1,"123":1,"124":1,"125":1,"126":0,"127":1,"128":1,"129":1,"130":1,"131":1,"132":0,"133":1,"134":2,"135":63,"136":0,"137":0,"138":0,"139":0,"140":0,"141":0,"142":0,"143":0,"144":0,"145":0,"146":0,"147":0,"148":0,"149":0,"150":0,"151":0,"152":0,"153":0,"154":0,"155":0,"156":0,"157":0,"158":0,"159":0,"160":0,"161":0,"162":0,"163":0,"164":0,"165":0,"166":0,"167":0,"168":0,"169":0,"170":0,"171":0,"172":0,"173":0,"174":0,"175":0,"176":0,"177":0,"178":0,"179":0,"180":0,"181":0,"182":0,"183":0,"184":0,"185":0,"186":0,"187":0,"188":0,"189":0,"190":0,"191":0,"192":0,"193":0,"194":0,"195":0,"196":0,"197":0,"198":0,"199":0,"200":0,"201":0,"202":0,"203":0,"204":0,"205":0,"206":0,"207":0,"208":0,"209":0,"210":0,"211":0,"212":0,"213":0,"214":0,"215":0,"216":0,"217":0,"218":0,"219":0,"220":0,"221":0,"222":0,"223":0,"224":0,"225":0,"226":0,"227":0,"228":63,"229":2,"230":0,"231":2,"232":63,"233":4,"234":4,"235":63,"236":3,"237":3,"238":63,"239":2,"240":1,"241":1,"242":63,"243":2,"244":2,"245":0,"246":0,"247":0,"248":0,"249":0,"250":0,"251":0,"252":0,"253":0,"254":0,"255":0,"256":0,"257":0,"258":0,"259":0,"260":0,"261":0,"262":0,"263":0,"264":0,"265":0,"266":0,"267":0,"268":63,"269":2,"270":63,"271":1,"272":63,"273":2,"274":63,"275":1,"276":63,"277":0,"278":0,"279":0,"280":63,"281":0,"282":0,"283":0,"284":0,"285":0,"286":0,"287":0,"288":0,"289":0,"290":0,"291":0,"292":0,"293":0,"294":0,"295":0,"296":0,"297":0,"298":63,"299":0,"300":0,"301":0,"302":63,"303":0,"304":0,"305":0,"306":63,"307":25,"308":63,"309":25,"310":63,"311":63,"312":63,"313":65,"314":65,"315":2,"316":63,"317":0,"318":0,"319":0,"320":0,"321":0,"322":0,"323":0,"324":0,"325":0,"326":0,"327":0},"f":{"0":58,"1":0,"2":3,"3":2,"4":1,"5":1,"6":0,"7":0,"8":63,"9":24,"10":24,"11":31,"12":34,"13":24,"14":2,"15":1,"16":1,"17":2,"18":0,"19":0,"20":0,"21":0,"22":2,"23":4,"24":3,"25":2,"26":2,"27":2,"28":1,"29":2,"30":1,"31":0,"32":0,"33":0,"34":0,"35":25,"36":25,"37":63,"38":65,"39":0,"40":0,"41":0,"42":0,"43":0},"b":{"0":[34,0,3,7,4,0,3,0,0,2,4,1,0,0,0],"1":[0,3],"2":[0,0],"3":[0,0],"4":[0,0],"5":[2,1],"6":[3,1,1],"7":[2,0],"8":[0,1],"9":[1,0],"10":[1,1,1],"11":[1,0],"12":[0,0],"13":[0,0],"14":[0,0],"15":[1,1],"16":[0,1],"17":[0,1],"18":[0,1],"19":[0,1],"20":[0,1],"21":[0,1],"22":[0,1],"23":[0,0],"24":[0,0],"25":[0,0],"26":[0,0],"27":[63],"28":[63],"29":[63],"30":[24,24],"31":[3,21],"32":[0,21],"33":[0,34],"34":[0,24],"35":[24,0],"36":[0,0],"37":[8,55],"38":[0,2],"39":[0,1],"40":[1,0],"41":[1,0],"42":[1,1],"43":[0,2],"44":[2,2],"45":[1,1],"46":[1,0],"47":[0,1],"48":[0,1],"49":[1,0],"50":[0,1],"51":[0,0],"52":[0,0],"53":[0,0],"54":[0,0],"55":[0,0],"56":[0,0],"57":[0,0],"58":[0,0],"59":[0,0,0,0,0,0,0],"60":[0,0],"61":[0,0],"62":[0,0],"63":[0,0],"64":[0,0],"65":[0,0],"66":[0,0],"67":[0,0],"68":[0,0],"69":[0,0],"70":[0,0],"71":[0,0],"72":[0,0],"73":[0,0],"74":[0,0],"75":[0,0],"76":[0,0],"77":[0,0],"78":[0,0],"79":[0,0],"80":[0,0],"81":[0,2],"82":[1,1],"83":[2,0],"84":[0,0],"85":[0,0],"86":[0,0],"87":[0,0],"88":[0,0],"89":[0,0],"90":[0,0],"91":[0,0],"92":[0,0],"93":[0,0],"94":[0,0],"95":[0,0],"96":[0,0],"97":[0,0],"98":[25,24],"99":[25,24],"100":[2,63],"101":[0,0],"102":[0,0]},"meta":{"lastBranch":103,"lastFunction":44,"lastStatement":328,"seen":{"f:70:9:70:20":0,"b:72:4:73:Infinity:74:4:75:Infinity:76:4:92:Infinity:93:4:94:Infinity:95:4:96:Infinity:97:4:98:Infinity:99:4:110:Infinity:111:4:132:Infinity:133:4:144:Infinity:145:4:156:Infinity:157:4:158:Infinity:159:4:160:Infinity:161:4:162:Infinity:163:4:164:Infinity:165:4:166:Infinity":0,"s:71:2:167:Infinity":0,"s:73:6:73:Infinity":1,"s:75:6:75:Infinity":2,"s:77:6:92:Infinity":3,"b:85:14:85:Infinity:86:14:86:Infinity":1,"s:94:6:94:Infinity":4,"s:96:6:96:Infinity":5,"s:98:6:98:Infinity":6,"s:100:6:110:Infinity":7,"s:112:30:112:Infinity":8,"s:113:27:120:Infinity":9,"f:113:46:113:47":1,"b:114:8:114:Infinity:undefined:undefined:undefined:undefined":2,"s:114:8:114:Infinity":10,"s:114:27:114:Infinity":11,"s:115:40:115:Infinity":12,"b:116:8:118:Infinity:undefined:undefined:undefined:undefined":3,"s:116:8:118:Infinity":13,"b:116:12:116:32:116:32:116:46":4,"s:117:10:117:Infinity":14,"s:119:8:119:Infinity":15,"s:121:6:131:Infinity":16,"s:134:6:144:Infinity":17,"s:146:6:156:Infinity":18,"s:158:6:158:Infinity":19,"s:160:6:160:Infinity":20,"s:162:6:162:Infinity":21,"s:164:6:164:Infinity":22,"s:166:6:166:Infinity":23,"f:170:9:170:18":2,"b:171:2:173:Infinity:undefined:undefined:undefined:undefined":5,"s:171:2:173:Infinity":24,"b:171:6:171:16:171:16:171:45:171:45:171:67":6,"s:172:4:172:Infinity":25,"s:174:2:174:Infinity":26,"f:177:9:177:20":3,"s:178:2:178:Infinity":27,"b:178:33:178:49:178:49:178:Infinity":7,"f:181:9:181:30":4,"s:182:15:182:Infinity":28,"b:183:2:183:Infinity:undefined:undefined:undefined:undefined":8,"s:183:2:183:Infinity":29,"s:183:13:183:Infinity":30,"b:185:2:195:Infinity:undefined:undefined:undefined:undefined":9,"s:185:2:195:Infinity":31,"b:185:6:185:31:185:31:185:44:185:44:185:75":10,"s:186:18:186:Infinity":32,"s:187:4:194:Infinity":33,"b:188:22:188:39:188:39:188:41":11,"b:197:2:207:Infinity:undefined:undefined:undefined:undefined":12,"s:197:2:207:Infinity":34,"s:198:21:198:Infinity":35,"s:199:4:206:Infinity":36,"b:204:15:204:66:204:66:204:Infinity":13,"b:209:2:218:Infinity:undefined:undefined:undefined:undefined":14,"s:209:2:218:Infinity":37,"s:210:4:217:Infinity":38,"s:220:2:220:Infinity":39,"f:223:9:223:Infinity":5,"s:226:16:226:Infinity":40,"b:226:16:226:25:226:25:226:Infinity":15,"s:227:26:231:Infinity":41,"b:228:7:228:Infinity:229:6:231:Infinity":16,"b:230:9:230:Infinity:231:8:231:Infinity":17,"s:233:2:243:Infinity":42,"b:235:8:235:Infinity:236:8:238:Infinity":18,"b:237:10:237:Infinity:238:10:238:Infinity":19,"b:240:56:240:90:240:90:240:Infinity":20,"b:241:56:241:90:241:90:241:Infinity":21,"b:242:56:242:92:242:92:242:Infinity":22,"f:246:9:246:23":6,"s:247:2:251:Infinity":43,"s:248:4:248:Infinity":44,"s:250:4:250:Infinity":45,"f:254:9:254:23":7,"s:255:16:255:Infinity":46,"s:256:14:256:Infinity":47,"s:257:30:257:Infinity":48,"s:259:2:267:Infinity":49,"b:260:4:263:Infinity:undefined:undefined:undefined:undefined":23,"s:260:4:263:Infinity":50,"s:261:6:261:Infinity":51,"b:261:14:261:38:261:38:261:Infinity":24,"s:262:6:262:Infinity":52,"b:264:4:266:Infinity:undefined:undefined:undefined:undefined":25,"s:264:4:266:Infinity":53,"s:265:6:265:Infinity":54,"b:269:2:271:Infinity:undefined:undefined:undefined:undefined":26,"s:269:2:271:Infinity":55,"s:270:4:270:Infinity":56,"s:273:2:273:Infinity":57,"s:285:6:285:Infinity":58,"f:295:16:295:28":8,"b:298:14:298:Infinity":27,"b:301:22:301:Infinity":28,"b:302:10:302:Infinity":29,"s:307:8:319:Infinity":59,"f:308:4:308:11":9,"s:308:11:317:Infinity":60,"b:314:16:314:58:314:58:314:Infinity":30,"s:321:24:321:Infinity":61,"s:324:37:345:Infinity":62,"f:324:49:324:55":10,"s:325:10:325:Infinity":63,"b:327:4:329:Infinity:undefined:undefined:undefined:undefined":31,"s:327:4:329:Infinity":64,"s:328:6:328:Infinity":65,"b:331:4:333:Infinity:undefined:undefined:undefined:undefined":32,"s:331:4:333:Infinity":66,"s:332:6:332:Infinity":67,"s:335:10:335:Infinity":68,"s:338:4:338:Infinity":69,"s:339:4:339:Infinity":70,"s:340:4:340:Infinity":71,"s:341:4:341:Infinity":72,"s:342:4:342:Infinity":73,"s:344:4:344:Infinity":74,"s:348:2:362:Infinity":75,"f:348:12:348:18":11,"s:349:24:356:Infinity":76,"f:349:47:349:48":12,"s:350:6:350:Infinity":77,"s:351:6:351:Infinity":78,"b:353:6:355:Infinity:undefined:undefined:undefined:undefined":33,"s:353:6:355:Infinity":79,"s:354:8:354:Infinity":80,"s:359:4:359:Infinity":81,"s:361:4:361:Infinity":82,"s:367:2:382:Infinity":83,"f:367:12:367:18":13,"b:368:4:380:Infinity:undefined:undefined:undefined:undefined":34,"s:368:4:380:Infinity":84,"b:368:8:368:29:368:29:368:60":35,"s:369:19:369:Infinity":85,"s:370:30:370:Infinity":86,"s:372:6:375:Infinity":87,"b:377:6:379:Infinity:undefined:undefined:undefined:undefined":36,"s:377:6:379:Infinity":88,"s:378:8:378:Infinity":89,"s:385:4:385:Infinity":90,"b:385:26:385:32:385:32:385:Infinity":37,"s:387:8:395:Infinity":91,"f:388:4:388:5":14,"b:389:6:391:Infinity:undefined:undefined:undefined:undefined":38,"s:389:6:391:Infinity":92,"s:390:8:390:Infinity":93,"s:392:6:392:Infinity":94,"s:397:8:405:Infinity":95,"f:398:4:398:5":15,"b:399:6:401:Infinity:undefined:undefined:undefined:undefined":39,"s:399:6:401:Infinity":96,"s:400:8:400:Infinity":97,"s:402:6:402:Infinity":98,"s:407:8:421:Infinity":99,"f:408:4:408:5":16,"s:408:63:419:Infinity":100,"b:413:21:413:43:413:43:413:Infinity":40,"b:414:17:414:35:414:35:414:Infinity":41,"b:415:18:415:37:415:37:415:Infinity":42,"s:423:8:518:Infinity":101,"f:424:4:424:11":17,"b:425:6:427:Infinity:undefined:undefined:undefined:undefined":43,"s:425:6:427:Infinity":102,"s:426:8:426:Infinity":103,"s:429:6:506:Infinity":104,"s:430:8:430:Infinity":105,"s:431:8:431:Infinity":106,"s:433:24:433:Infinity":107,"s:434:28:434:Infinity":108,"s:436:40:441:Infinity":109,"s:442:8:442:Infinity":110,"s:443:8:443:Infinity":111,"s:445:25:452:Infinity":112,"b:449:16:449:38:449:38:449:Infinity":44,"s:454:24:454:Infinity":113,"f:454:52:454:59":18,"s:454:59:454:62":114,"b:455:8:461:Infinity:undefined:undefined:undefined:undefined":45,"s:455:8:461:Infinity":115,"s:456:10:460:Infinity":116,"b:458:16:458:Infinity:459:16:459:Infinity":46,"s:463:23:463:Infinity":117,"b:464:8:466:Infinity:undefined:undefined:undefined:undefined":47,"s:464:8:466:Infinity":118,"s:465:10:465:Infinity":119,"s:468:23:468:Infinity":120,"s:470:45:480:Infinity":121,"s:481:8:481:Infinity":122,"s:482:8:482:Infinity":123,"s:484:8:487:Infinity":124,"b:489:8:491:Infinity:undefined:undefined:undefined:undefined":48,"s:489:8:491:Infinity":125,"s:490:10:490:Infinity":126,"s:493:8:493:Infinity":127,"s:495:20:495:Infinity":128,"b:495:45:495:53:495:53:495:Infinity":49,"s:496:8:496:Infinity":129,"s:497:8:497:Infinity":130,"b:499:8:501:Infinity:undefined:undefined:undefined:undefined":50,"s:499:8:501:Infinity":131,"s:500:10:500:Infinity":132,"s:503:8:503:Infinity":133,"s:505:8:505:Infinity":134,"s:520:8:750:Infinity":135,"f:521:4:521:11":19,"b:522:6:524:Infinity:undefined:undefined:undefined:undefined":51,"s:522:6:524:Infinity":136,"s:523:8:523:Infinity":137,"s:526:6:739:Infinity":138,"s:527:8:527:Infinity":139,"s:528:8:528:Infinity":140,"s:529:8:529:Infinity":141,"s:531:24:531:Infinity":142,"s:532:28:532:Infinity":143,"s:534:40:539:Infinity":144,"s:540:8:540:Infinity":145,"s:541:8:541:Infinity":146,"s:543:35:543:Infinity":147,"s:544:45:549:Infinity":148,"s:550:8:550:Infinity":149,"s:552:25:560:Infinity":150,"b:557:16:557:38:557:38:557:Infinity":52,"b:562:8:569:Infinity:undefined:undefined:undefined:undefined":53,"s:562:8:569:Infinity":151,"s:563:26:563:Infinity":152,"f:563:54:563:61":20,"s:563:61:563:64":153,"s:564:10:568:Infinity":154,"b:566:16:566:Infinity:567:16:567:Infinity":54,"b:571:8:573:Infinity:undefined:undefined:undefined:undefined":55,"s:571:8:573:Infinity":155,"s:572:10:572:Infinity":156,"s:575:23:575:Infinity":157,"s:576:24:576:Infinity":158,"s:577:21:577:Infinity":159,"s:578:31:578:Infinity":160,"s:584:27:584:Infinity":161,"s:586:39:591:Infinity":162,"f:586:39:586:45":21,"s:587:10:590:Infinity":163,"s:593:8:659:Infinity":164,"s:594:34:594:Infinity":165,"b:595:10:595:Infinity:undefined:undefined:undefined:undefined":56,"s:595:10:595:Infinity":166,"s:595:20:595:Infinity":167,"s:596:10:596:Infinity":168,"s:598:24:598:Infinity":169,"s:599:10:599:Infinity":170,"b:599:19:599:34:599:34:599:Infinity":57,"s:601:10:658:Infinity":171,"s:602:26:602:Infinity":172,"b:603:12:603:Infinity:undefined:undefined:undefined:undefined":58,"s:603:12:603:Infinity":173,"s:603:24:603:Infinity":174,"s:604:28:604:Infinity":175,"b:607:14:617:Infinity:618:14:623:Infinity:624:14:629:Infinity:630:14:639:Infinity:640:14:647:Infinity:648:14:654:Infinity:655:14:656:Infinity":59,"s:606:12:657:Infinity":176,"s:609:18:611:Infinity":177,"b:610:22:610:Infinity:611:22:611:Infinity":60,"b:612:16:615:Infinity:undefined:undefined:undefined:undefined":61,"s:612:16:615:Infinity":178,"s:613:18:613:Infinity":179,"s:614:18:614:Infinity":180,"s:616:16:616:Infinity":181,"b:619:16:621:Infinity:undefined:undefined:undefined:undefined":62,"s:619:16:621:Infinity":182,"s:620:18:620:Infinity":183,"s:622:16:622:Infinity":184,"b:625:16:627:Infinity:undefined:undefined:undefined:undefined":63,"s:625:16:627:Infinity":185,"s:626:18:626:Infinity":186,"s:628:16:628:Infinity":187,"b:631:16:637:Infinity:undefined:undefined:undefined:undefined":64,"s:631:16:637:Infinity":188,"b:631:20:631:31:631:31:631:60":65,"s:632:18:632:Infinity":189,"s:633:42:633:Infinity":190,"b:634:18:636:Infinity:undefined:undefined:undefined:undefined":66,"s:634:18:636:Infinity":191,"b:634:22:634:41:634:41:634:78":67,"s:635:20:635:Infinity":192,"s:638:16:638:Infinity":193,"b:641:16:644:Infinity:undefined:undefined:undefined:undefined":68,"s:641:16:644:Infinity":194,"b:641:20:641:31:641:31:641:60":69,"s:642:38:642:Infinity":195,"s:643:18:643:Infinity":196,"s:645:16:645:Infinity":197,"s:646:16:646:Infinity":198,"s:650:18:652:Infinity":199,"b:651:22:651:Infinity:652:22:652:Infinity":70,"b:650:18:650:46:650:46:650:Infinity":71,"s:653:16:653:Infinity":200,"s:656:16:656:Infinity":201,"b:661:8:674:Infinity:undefined:undefined:undefined:undefined":72,"s:661:8:674:Infinity":202,"s:662:24:662:Infinity":203,"b:663:10:673:Infinity:undefined:undefined:undefined:undefined":73,"s:663:10:673:Infinity":204,"s:664:28:664:Infinity":205,"s:666:14:668:Infinity":206,"b:667:18:667:Infinity:668:18:668:Infinity":74,"b:669:12:672:Infinity:undefined:undefined:undefined:undefined":75,"s:669:12:672:Infinity":207,"s:670:14:670:Infinity":208,"s:671:14:671:Infinity":209,"b:676:8:678:Infinity:undefined:undefined:undefined:undefined":76,"s:676:8:678:Infinity":210,"b:676:12:676:29:676:29:676:48":77,"s:677:10:677:Infinity":211,"s:680:48:687:Infinity":212,"s:688:23:688:Infinity":213,"s:690:8:703:Infinity":214,"s:704:8:704:Infinity":215,"s:706:8:719:Infinity":216,"b:721:8:723:Infinity:undefined:undefined:undefined:undefined":78,"s:721:8:723:Infinity":217,"s:722:10:722:Infinity":218,"s:725:8:725:Infinity":219,"s:727:20:727:Infinity":220,"b:727:45:727:53:727:53:727:Infinity":79,"s:728:8:728:Infinity":221,"s:729:8:729:Infinity":222,"b:731:8:733:Infinity:undefined:undefined:undefined:undefined":80,"s:731:8:733:Infinity":223,"s:732:10:732:Infinity":224,"s:735:8:735:Infinity":225,"s:737:8:737:Infinity":226,"s:738:8:738:Infinity":227,"s:752:8:761:Infinity":228,"f:753:4:753:11":22,"b:754:6:756:Infinity:undefined:undefined:undefined:undefined":81,"s:754:6:756:Infinity":229,"s:755:8:755:Infinity":230,"s:758:6:758:Infinity":231,"s:767:8:770:Infinity":232,"f:767:27:767:33":23,"s:768:4:768:Infinity":233,"s:769:4:769:Infinity":234,"s:772:8:775:Infinity":235,"f:772:28:772:34":24,"s:773:4:773:Infinity":236,"s:774:4:774:Infinity":237,"s:777:8:783:Infinity":238,"f:777:29:777:35":25,"b:778:4:782:Infinity:780:11:782:Infinity":82,"s:778:4:782:Infinity":239,"s:779:6:779:Infinity":240,"s:781:6:781:Infinity":241,"s:785:8:864:Infinity":242,"f:786:4:786:11":26,"b:787:6:789:Infinity:undefined:undefined:undefined:undefined":83,"s:787:6:789:Infinity":243,"s:788:8:788:Infinity":244,"b:791:6:793:Infinity:undefined:undefined:undefined:undefined":84,"s:791:6:793:Infinity":245,"s:792:8:792:Infinity":246,"s:795:6:853:Infinity":247,"s:796:8:796:Infinity":248,"s:797:8:797:Infinity":249,"s:800:40:805:Infinity":250,"s:806:8:806:Infinity":251,"s:809:8:809:Infinity":252,"s:812:23:814:Infinity":253,"s:817:45:826:Infinity":254,"s:827:8:827:Infinity":255,"s:828:8:828:Infinity":256,"s:831:8:834:Infinity":257,"b:836:8:838:Infinity:undefined:undefined:undefined:undefined":85,"s:836:8:838:Infinity":258,"s:837:10:837:Infinity":259,"s:840:8:840:Infinity":260,"s:842:20:842:Infinity":261,"b:842:45:842:53:842:53:842:Infinity":86,"s:843:8:843:Infinity":262,"s:844:8:844:Infinity":263,"b:846:8:848:Infinity:undefined:undefined:undefined:undefined":87,"s:846:8:848:Infinity":264,"s:847:10:847:Infinity":265,"s:850:8:850:Infinity":266,"s:852:8:852:Infinity":267,"s:866:8:868:Infinity":268,"f:866:36:866:42":27,"s:867:4:867:Infinity":269,"s:870:8:872:Infinity":270,"f:870:33:870:39":28,"s:871:4:871:Infinity":271,"s:874:8:876:Infinity":272,"f:874:36:874:37":29,"s:875:4:875:Infinity":273,"s:878:8:880:Infinity":274,"f:878:33:878:34":30,"s:879:4:879:Infinity":275,"s:882:8:894:Infinity":276,"f:882:33:882:34":31,"b:883:4:883:Infinity:undefined:undefined:undefined:undefined":88,"s:883:4:883:Infinity":277,"s:883:29:883:Infinity":278,"s:884:4:893:Infinity":279,"s:896:8:940:Infinity":280,"f:897:4:897:11":32,"b:898:6:900:Infinity:undefined:undefined:undefined:undefined":89,"s:898:6:900:Infinity":281,"s:899:8:899:Infinity":282,"b:899:33:899:42:899:42:899:71":90,"b:902:6:904:Infinity:undefined:undefined:undefined:undefined":91,"s:902:6:904:Infinity":283,"s:903:8:903:Infinity":284,"s:906:6:930:Infinity":285,"s:907:8:907:Infinity":286,"s:908:8:908:Infinity":287,"s:910:23:914:Infinity":288,"b:912:10:912:19:912:19:912:Infinity":92,"s:916:8:916:Infinity":289,"b:918:8:920:Infinity:undefined:undefined:undefined:undefined":93,"s:918:8:920:Infinity":290,"s:919:10:919:Infinity":291,"s:922:8:922:Infinity":292,"s:924:20:924:Infinity":293,"b:924:45:924:53:924:53:924:Infinity":94,"s:925:8:925:Infinity":294,"s:926:8:926:Infinity":295,"s:927:8:927:Infinity":296,"s:929:8:929:Infinity":297,"s:942:8:947:Infinity":298,"f:942:40:942:69":33,"b:943:4:945:Infinity:undefined:undefined:undefined:undefined":95,"s:943:4:945:Infinity":299,"s:944:6:944:Infinity":300,"s:946:4:946:Infinity":301,"b:946:12:946:95:946:95:946:Infinity":96,"s:949:8:964:Infinity":302,"f:950:4:950:11":34,"b:951:6:953:Infinity:undefined:undefined:undefined:undefined":97,"s:951:6:953:Infinity":303,"s:952:8:952:Infinity":304,"s:955:6:958:Infinity":305,"s:970:8:972:Infinity":306,"f:970:30:970:53":35,"s:971:4:971:Infinity":307,"b:971:11:971:53:971:53:971:Infinity":98,"s:974:8:976:Infinity":308,"f:974:26:974:45":36,"s:975:4:975:Infinity":309,"b:975:11:975:49:975:49:975:Infinity":99,"s:982:8:1026:Infinity":310,"f:983:4:983:11":37,"s:983:11:1006:Infinity":311,"s:1028:2:1028:Infinity":312,"f:1035:16:1035:49":38,"s:1036:8:1036:Infinity":313,"b:1038:2:1040:Infinity:undefined:undefined:undefined:undefined":100,"s:1038:2:1040:Infinity":314,"s:1039:4:1039:Infinity":315,"s:1042:2:1042:Infinity":316,"f:1049:9:1049:31":39,"s:1051:157:1099:Infinity":317,"f:1055:15:1055:16":40,"s:1055:27:1059:Infinity":318,"f:1064:15:1064:16":41,"s:1064:27:1067:Infinity":319,"f:1072:15:1072:16":42,"s:1072:27:1074:Infinity":320,"f:1087:15:1087:16":43,"s:1087:27:1089:Infinity":321,"s:1101:2:1113:Infinity":322,"s:1102:18:1102:Infinity":323,"b:1103:4:1112:Infinity:undefined:undefined:undefined:undefined":101,"s:1103:4:1112:Infinity":324,"s:1104:24:1104:Infinity":325,"b:1104:24:1104:44:1104:44:1104:Infinity":102,"s:1105:6:1111:Infinity":326,"s:1115:2:1120:Infinity":327}}}
,"/Users/mdshahabulalam/myAIDev/taxomind/packages/react/src/context/index.ts": {"path":"/Users/mdshahabulalam/myAIDev/taxomind/packages/react/src/context/index.ts","statementMap":{},"fnMap":{},"branchMap":{},"s":{},"f":{},"b":{},"meta":{"lastBranch":0,"lastFunction":0,"lastStatement":0,"seen":{}}}
,"/Users/mdshahabulalam/myAIDev/taxomind/packages/react/src/hooks/index.ts": {"path":"/Users/mdshahabulalam/myAIDev/taxomind/packages/react/src/hooks/index.ts","statementMap":{},"fnMap":{},"branchMap":{},"s":{},"f":{},"b":{},"meta":{"lastBranch":0,"lastFunction":0,"lastStatement":0,"seen":{}}}
,"/Users/mdshahabulalam/myAIDev/taxomind/packages/react/src/hooks/useSAM.ts": {"path":"/Users/mdshahabulalam/myAIDev/taxomind/packages/react/src/hooks/useSAM.ts","statementMap":{"0":{"start":{"line":42,"column":8},"end":{"line":42,"column":null}},"1":{"start":{"line":71,"column":6},"end":{"line":71,"column":null}},"2":{"start":{"line":73,"column":2},"end":{"line":99,"column":null}}},"fnMap":{"0":{"name":"useSAM","decl":{"start":{"line":41,"column":16},"end":{"line":41,"column":39}},"loc":{"start":{"line":41,"column":39},"end":{"line":100,"column":null}},"line":41}},"branchMap":{},"s":{"0":52,"1":52,"2":52},"f":{"0":52},"b":{},"meta":{"lastBranch":0,"lastFunction":1,"lastStatement":3,"seen":{"f:41:16:41:39":0,"s:42:8:42:Infinity":0,"s:71:6:71:Infinity":1,"s:73:2:99:Infinity":2}}}
[...]
,"/Users/mdshahabulalam/myAIDev/taxomind/packages/react/src/utils/contextDetector.ts": {"path":"/Users/mdshahabulalam/myAIDev/taxomind/packages/react/src/utils/contextDetector.ts","statementMap":{"0":{"start":{"line":17,"column":5},"end":{"line":85,"column":null}},"1":{"start":{"line":22,"column":25},"end":{"line":25,"column":null}},"2":{"start":{"line":30,"column":25},"end":{"line":33,"column":null}},"3":{"start":{"line":38,"column":25},"end":{"line":40,"column":null}},"4":{"start":{"line":59,"column":25},"end":{"line":62,"column":null}},"5":{"start":{"line":67,"column":25},"end":{"line":69,"column":null}},"6":{"start":{"line":91,"column":69},"end":{"line":103,"column":null}},"7":{"start":{"line":113,"column":24},"end":{"line":113,"column":null}},"8":{"start":{"line":114,"column":29},"end":{"line":114,"column":null}},"9":{"start":{"line":121,"column":4},"end":{"line":131,"column":null}},"10":{"start":{"line":122,"column":20},"end":{"line":122,"column":null}},"11":{"start":{"line":123,"column":6},"end":{"line":130,"column":null}},"12":{"start":{"line":124,"column":8},"end":{"line":129,"column":null}},"13":{"start":{"line":134,"column":4},"end":{"line":146,"column":null}},"14":{"start":{"line":135,"column":20},"end":{"line":135,"column":null}},"15":{"start":{"line":136,"column":6},"end":{"line":145,"column":null}},"16":{"start":{"line":137,"column":26},"end":{"line":137,"column":null}},"17":{"start":{"line":138,"column":8},"end":{"line":144,"column":null}},"18":{"start":{"line":149,"column":4},"end":{"line":154,"column":null}},"19":{"start":{"line":161,"column":4},"end":{"line":161,"column":null}},"20":{"start":{"line":161,"column":41},"end":{"line":161,"column":null}},"21":{"start":{"line":163,"column":53},"end":{"line":163,"column":null}},"22":{"start":{"line":166,"column":26},"end":{"line":166,"column":null}},"23":{"start":{"line":167,"column":4},"end":{"line":169,"column":null}},"24":{"start":{"line":168,"column":6},"end":{"line":168,"column":null}},"25":{"start":{"line":172,"column":28},"end":{"line":172,"column":null}},"26":{"start":{"line":173,"column":4},"end":{"line":175,"column":null}},"27":{"start":{"line":174,"column":6},"end":{"line":174,"column":null}},"28":{"start":{"line":178,"column":25},"end":{"line":178,"column":null}},"29":{"start":{"line":179,"column":4},"end":{"line":181,"column":null}},"30":{"start":{"line":180,"column":6},"end":{"line":180,"column":null}},"31":{"start":{"line":183,"column":25},"end":{"line":183,"column":null}},"32":{"start":{"line":184,"column":4},"end":{"line":186,"column":null}},"33":{"start":{"line":185,"column":6},"end":{"line":185,"column":null}},"34":{"start":{"line":188,"column":4},"end":{"line":188,"column":null}},"35":{"start":{"line":195,"column":4},"end":{"line":202,"column":null}},"36":{"start":{"line":196,"column":6},"end":{"line":201,"column":null}},"37":{"start":{"line":204,"column":26},"end":{"line":204,"column":null}},"38":{"start":{"line":206,"column":4},"end":{"line":212,"column":null}},"39":{"start":{"line":207,"column":27},"end":{"line":207,"column":null}},"40":{"start":{"line":208,"column":6},"end":{"line":211,"column":null}},"41":{"start":{"line":214,"column":4},"end":{"line":214,"column":null}},"42":{"start":{"line":217,"column":2},"end":{"line":221,"column":null}},"43":{"start":{"line":232,"column":19},"end":{"line":232,"column":null}},"44":{"start":{"line":233,"column":31},"end":{"line":233,"column":null}},"45":{"start":{"line":235,"column":2},"end":{"line":247,"column":null}},"46":{"start":{"line":237,"column":4},"end":{"line":239,"column":null}},"47":{"start":{"line":238,"column":6},"end":{"line":238,"column":null}},"48":{"start":{"line":242,"column":22},"end":{"line":244,"column":null}},"49":{"start":{"line":244,"column":31},"end":{"line":244,"column":46}},"50":{"start":{"line":246,"column":4},"end":{"line":246,"column":null}},"51":{"start":{"line":249,"column":2},"end":{"line":249,"column":null}},"52":{"start":{"line":256,"column":2},"end":{"line":256,"column":null}},"53":{"start":{"line":266,"column":2},"end":{"line":266,"column":null}},"54":{"start":{"line":270,"column":31},"end":{"line":270,"column":null}}},"fnMap":{"0":{"name":"(anonymous_0)","decl":{"start":{"line":22,"column":13},"end":{"line":22,"column":14}},"loc":{"start":{"line":22,"column":25},"end":{"line":25,"column":null}},"line":22},"1":{"name":"(anonymous_1)","decl":{"start":{"line":30,"column":13},"end":{"line":30,"column":14}},"loc":{"start":{"line":30,"column":25},"end":{"line":33,"column":null}},"line":30},"2":{"name":"(anonymous_2)","decl":{"start":{"line":38,"column":13},"end":{"line":38,"column":14}},"loc":{"start":{"line":38,"column":25},"end":{"line":40,"column":null}},"line":38},"3":{"name":"(anonymous_3)","decl":{"start":{"line":59,"column":13},"end":{"line":59,"column":14}},"loc":{"start":{"line":59,"column":25},"end":{"line":62,"column":null}},"line":59},"4":{"name":"(anonymous_4)","decl":{"start":{"line":67,"column":13},"end":{"line":67,"column":14}},"loc":{"start":{"line":67,"column":25},"end":{"line":69,"column":null}},"line":67},"5":{"name":"createContextDetector","decl":{"start":{"line":112,"column":16},"end":{"line":112,"column":38}},"loc":{"start":{"line":112,"column":72},"end":{"line":222,"column":null}},"line":112},"6":{"name":"detectFromPath","decl":{"start":{"line":119,"column":11},"end":{"line":119,"column":26}},"loc":{"start":{"line":119,"column":62},"end":{"line":155,"column":null}},"line":119},"7":{"name":"detectFromDOM","decl":{"start":{"line":160,"column":11},"end":{"line":160,"column":58}},"loc":{"start":{"line":160,"column":58},"end":{"line":189,"column":null}},"line":160},"8":{"name":"detect","decl":{"start":{"line":194,"column":11},"end":{"line":194,"column":42}},"loc":{"start":{"line":194,"column":42},"end":{"line":215,"column":null}},"line":194},"9":{"name":"generateBreadcrumb","decl":{"start":{"line":231,"column":9},"end":{"line":231,"column":28}},"loc":{"start":{"line":231,"column":52},"end":{"line":250,"column":null}},"line":231},"10":{"name":"(anonymous_10)","decl":{"start":{"line":244,"column":24},"end":{"line":244,"column":25}},"loc":{"start":{"line":244,"column":31},"end":{"line":244,"column":46}},"line":244},"11":{"name":"getCapabilities","decl":{"start":{"line":255,"column":16},"end":{"line":255,"column":32}},"loc":{"start":{"line":255,"column":65},"end":{"line":257,"column":null}},"line":255},"12":{"name":"hasCapability","decl":{"start":{"line":262,"column":16},"end":{"line":262,"column":null}},"loc":{"start":{"line":265,"column":11},"end":{"line":267,"column":null}},"line":265}},"branchMap":{"0":{"loc":{"start":{"line":113,"column":24},"end":{"line":113,"column":null}},"type":"binary-expr","locations":[{"start":{"line":113,"column":24},"end":{"line":113,"column":50}},{"start":{"line":113,"column":50},"end":{"line":113,"column":null}}],"line":113},"1":{"loc":{"start":{"line":114,"column":29},"end":{"line":114,"column":null}},"type":"binary-expr","locations":[{"start":{"line":114,"column":29},"end":{"line":114,"column":60}},{"start":{"line":114,"column":60},"end":{"line":114,"column":null}}],"line":114},"2":{"loc":{"start":{"line":123,"column":6},"end":{"line":130,"column":null}},"type":"if","locations":[{"start":{"line":123,"column":6},"end":{"line":130,"column":null}},{"start":{},"end":{}}],"line":123},"3":{"loc":{"start":{"line":127,"column":24},"end":{"line":127,"column":null}},"type":"binary-expr","locations":[{"start":{"line":127,"column":24},"end":{"line":127,"column":52}},{"start":{"line":127,"column":52},"end":{"line":127,"column":null}}],"line":127},"4":{"loc":{"start":{"line":136,"column":6},"end":{"line":145,"column":null}},"type":"if","locations":[{"start":{"line":136,"column":6},"end":{"line":145,"column":null}},{"start":{},"end":{}}],"line":136},"5":{"loc":{"start":{"line":137,"column":26},"end":{"line":137,"column":null}},"type":"binary-expr","locations":[{"start":{"line":137,"column":26},"end":{"line":137,"column":46}},{"start":{"line":137,"column":46},"end":{"line":137,"column":null}}],"line":137},"6":{"loc":{"start":{"line":142,"column":24},"end":{"line":142,"column":null}},"type":"binary-expr","locations":[{"start":{"line":142,"column":24},"end":{"line":142,"column":52}},{"start":{"line":142,"column":52},"end":{"line":142,"column":null}}],"line":142},"7":{"loc":{"start":{"line":152,"column":20},"end":{"line":152,"column":null}},"type":"binary-expr","locations":[{"start":{"line":152,"column":20},"end":{"line":152,"column":51}},{"start":{"line":152,"column":51},"end":{"line":152,"column":null}}],"line":152},"8":{"loc":{"start":{"line":161,"column":4},"end":{"line":161,"column":null}},"type":"if","locations":[{"start":{"line":161,"column":4},"end":{"line":161,"column":null}},{"start":{},"end":{}}],"line":161},"9":{"loc":{"start":{"line":167,"column":4},"end":{"line":169,"column":null}},"type":"if","locations":[{"start":{"line":167,"column":4},"end":{"line":169,"column":null}},{"start":{},"end":{}}],"line":167},"10":{"loc":{"start":{"line":168,"column":27},"end":{"line":168,"column":null}},"type":"binary-expr","locations":[{"start":{"line":168,"column":27},"end":{"line":168,"column":75}},{"start":{"line":168,"column":75},"end":{"line":168,"column":null}}],"line":168},"11":{"loc":{"start":{"line":173,"column":4},"end":{"line":175,"column":null}},"type":"if","locations":[{"start":{"line":173,"column":4},"end":{"line":175,"column":null}},{"start":{},"end":{}}],"line":173},"12":{"loc":{"start":{"line":179,"column":4},"end":{"line":181,"column":null}},"type":"if","locations":[{"start":{"line":179,"column":4},"end":{"line":181,"column":null}},{"start":{},"end":{}}],"line":179},"13":{"loc":{"start":{"line":180,"column":27},"end":{"line":180,"column":null}},"type":"binary-expr","locations":[{"start":{"line":180,"column":27},"end":{"line":180,"column":67}},{"start":{"line":180,"column":67},"end":{"line":180,"column":null}}],"line":180},"14":{"loc":{"start":{"line":184,"column":4},"end":{"line":186,"column":null}},"type":"if","locations":[{"start":{"line":184,"column":4},"end":{"line":186,"column":null}},{"start":{},"end":{}}],"line":184},"15":{"loc":{"start":{"line":195,"column":4},"end":{"line":202,"column":null}},"type":"if","locations":[{"start":{"line":195,"column":4},"end":{"line":202,"column":null}},{"start":{},"end":{}}],"line":195},"16":{"loc":{"start":{"line":206,"column":4},"end":{"line":212,"column":null}},"type":"if","locations":[{"start":{"line":206,"column":4},"end":{"line":212,"column":null}},{"start":{},"end":{}}],"line":206},"17":{"loc":{"start":{"line":237,"column":4},"end":{"line":239,"column":null}},"type":"if","locations":[{"start":{"line":237,"column":4},"end":{"line":239,"column":null}},{"start":{},"end":{}}],"line":237},"18":{"loc":{"start":{"line":237,"column":8},"end":{"line":237,"column":67}},"type":"binary-expr","locations":[{"start":{"line":237,"column":8},"end":{"line":237,"column":44}},{"start":{"line":237,"column":44},"end":{"line":237,"column":67}}],"line":237},"19":{"loc":{"start":{"line":256,"column":9},"end":{"line":256,"column":null}},"type":"binary-expr","locations":[{"start":{"line":256,"column":9},"end":{"line":256,"column":43}},{"start":{"line":256,"column":43},"end":{"line":256,"column":76}},{"start":{"line":256,"column":76},"end":{"line":256,"column":null}}],"line":256}},"s":{"0":2,"1":1,"2":1,"3":2,"4":1,"5":2,"6":2,"7":26,"8":26,"9":23,"10":2,"11":2,"12":2,"13":21,"14":152,"15":152,"16":20,"17":20,"18":1,"19":5,"20":0,"21":5,"22":5,"23":5,"24":2,"25":5,"26":5,"27":1,"28":5,"29":5,"30":1,"31":5,"32":5,"33":1,"34":5,"35":2,"36":0,"37":2,"38":2,"39":1,"40":1,"41":1,"42":26,"43":23,"44":23,"45":23,"46":48,"47":1,"48":47,"49":57,"50":47,"51":23,"52":9,"53":4,"54":2},"f":{"0":1,"1":1,"2":2,"3":1,"4":2,"5":26,"6":23,"7":5,"8":2,"9":23,"10":57,"11":9,"12":4},"b":{"0":[26,24],"1":[26,25],"2":[2,0],"3":[2,0],"4":[20,132],"5":[20,13],"6":[20,0],"7":[1,0],"8":[0,5],"9":[2,3],"10":[2,0],"11":[1,4],"12":[1,4],"13":[1,0],"14":[1,4],"15":[0,2],"16":[1,1],"17":[1,47],"18":[48,47],"19":[9,0,0]},"meta":{"lastBranch":20,"lastFunction":13,"lastStatement":55,"seen":{"s:17:5:85:Infinity":0,"f:22:13:22:14":0,"s:22:25:25:Infinity":1,"f:30:13:30:14":1,"s:30:25:33:Infinity":2,"f:38:13:38:14":2,"s:38:25:40:Infinity":3,"f:59:13:59:14":3,"s:59:25:62:Infinity":4,"f:67:13:67:14":4,"s:67:25:69:Infinity":5,"s:91:69:103:Infinity":6,"f:112:16:112:38":5,"s:113:24:113:Infinity":7,"b:113:24:113:50:113:50:113:Infinity":0,"s:114:29:114:Infinity":8,"b:114:29:114:60:114:60:114:Infinity":1,"f:119:11:119:26":6,"s:121:4:131:Infinity":9,"s:122:20:122:Infinity":10,"b:123:6:130:Infinity:undefined:undefined:undefined:undefined":2,"s:123:6:130:Infinity":11,"s:124:8:129:Infinity":12,"b:127:24:127:52:127:52:127:Infinity":3,"s:134:4:146:Infinity":13,"s:135:20:135:Infinity":14,"b:136:6:145:Infinity:undefined:undefined:undefined:undefined":4,"s:136:6:145:Infinity":15,"s:137:26:137:Infinity":16,"b:137:26:137:46:137:46:137:Infinity":5,"s:138:8:144:Infinity":17,"b:142:24:142:52:142:52:142:Infinity":6,"s:149:4:154:Infinity":18,"b:152:20:152:51:152:51:152:Infinity":7,"f:160:11:160:58":7,"b:161:4:161:Infinity:undefined:undefined:undefined:undefined":8,"s:161:4:161:Infinity":19,"s:161:41:161:Infinity":20,"s:163:53:163:Infinity":21,"s:166:26:166:Infinity":22,"b:167:4:169:Infinity:undefined:undefined:undefined:undefined":9,"s:167:4:169:Infinity":23,"s:168:6:168:Infinity":24,"b:168:27:168:75:168:75:168:Infinity":10,"s:172:28:172:Infinity":25,"b:173:4:175:Infinity:undefined:undefined:undefined:undefined":11,"s:173:4:175:Infinity":26,"s:174:6:174:Infinity":27,"s:178:25:178:Infinity":28,"b:179:4:181:Infinity:undefined:undefined:undefined:undefined":12,"s:179:4:181:Infinity":29,"s:180:6:180:Infinity":30,"b:180:27:180:67:180:67:180:Infinity":13,"s:183:25:183:Infinity":31,"b:184:4:186:Infinity:undefined:undefined:undefined:undefined":14,"s:184:4:186:Infinity":32,"s:185:6:185:Infinity":33,"s:188:4:188:Infinity":34,"f:194:11:194:42":8,"b:195:4:202:Infinity:undefined:undefined:undefined:undefined":15,"s:195:4:202:Infinity":35,"s:196:6:201:Infinity":36,"s:204:26:204:Infinity":37,"b:206:4:212:Infinity:undefined:undefined:undefined:undefined":16,"s:206:4:212:Infinity":38,"s:207:27:207:Infinity":39,"s:208:6:211:Infinity":40,"s:214:4:214:Infinity":41,"s:217:2:221:Infinity":42,"f:231:9:231:28":9,"s:232:19:232:Infinity":43,"s:233:31:233:Infinity":44,"s:235:2:247:Infinity":45,"b:237:4:239:Infinity:undefined:undefined:undefined:undefined":17,"s:237:4:239:Infinity":46,"b:237:8:237:44:237:44:237:67":18,"s:238:6:238:Infinity":47,"s:242:22:244:Infinity":48,"f:244:24:244:25":10,"s:244:31:244:46":49,"s:246:4:246:Infinity":50,"s:249:2:249:Infinity":51,"f:255:16:255:32":11,"s:256:2:256:Infinity":52,"b:256:9:256:43:256:43:256:76:256:76:256:Infinity":19,"f:262:16:262:Infinity":12,"s:266:2:266:Infinity":53,"s:270:31:270:Infinity":54}}}
,"/Users/mdshahabulalam/myAIDev/taxomind/packages/react/src/utils/formDataEvents.ts": {"path":"/Users/mdshahabulalam/myAIDev/taxomind/packages/react/src/utils/formDataEvents.ts","statementMap":{"0":{"start":{"line":8,"column":35},"end":{"line":8,"column":null}},"1":{"start":{"line":11,"column":2},"end":{"line":11,"column":null}},"2":{"start":{"line":11,"column":23},"end":{"line":11,"column":null}},"3":{"start":{"line":14,"column":4},"end":{"line":15,"column":null}},"4":{"start":{"line":17,"column":2},"end":{"line":17,"column":null}},"5":{"start":{"line":17,"column":71},"end":{"line":17,"column":null}},"6":{"start":{"line":19,"column":42},"end":{"line":22,"column":null}},"7":{"start":{"line":24,"column":16},"end":{"line":26,"column":null}},"8":{"start":{"line":28,"column":2},"end":{"line":28,"column":null}}},"fnMap":{"0":{"name":"emitSAMFormData","decl":{"start":{"line":10,"column":16},"end":{"line":10,"column":32}},"loc":{"start":{"line":10,"column":92},"end":{"line":29,"column":null}},"line":10}},"branchMap":{"0":{"loc":{"start":{"line":11,"column":2},"end":{"line":11,"column":null}},"type":"if","locations":[{"start":{"line":11,"column":2},"end":{"line":11,"column":null}},{"start":{},"end":{}}],"line":11},"1":{"loc":{"start":{"line":14,"column":4},"end":{"line":15,"column":null}},"type":"binary-expr","locations":[{"start":{"line":14,"column":4},"end":{"line":14,"column":null}},{"start":{"line":15,"column":5},"end":{"line":15,"column":null}}],"line":14},"2":{"loc":{"start":{"line":15,"column":5},"end":{"line":15,"column":null}},"type":"cond-expr","locations":[{"start":{"line":15,"column":37},"end":{"line":15,"column":46}},{"start":{"line":15,"column":46},"end":{"line":15,"column":null}}],"line":15},"3":{"loc":{"start":{"line":17,"column":2},"end":{"line":17,"column":null}},"type":"if","locations":[{"start":{"line":17,"column":2},"end":{"line":17,"column":null}},{"start":{},"end":{}}],"line":17},"4":{"loc":{"start":{"line":17,"column":6},"end":{"line":17,"column":71}},"type":"binary-expr","locations":[{"start":{"line":17,"column":6},"end":{"line":17,"column":22}},{"start":{"line":17,"column":22},"end":{"line":17,"column":71}}],"line":17},"5":{"loc":{"start":{"line":21,"column":15},"end":{"line":21,"column":null}},"type":"binary-expr","locations":[{"start":{"line":21,"column":15},"end":{"line":21,"column":35}},{"start":{"line":21,"column":22},"end":{"line":21,"column":null}}],"line":21}},"s":{"0":1,"1":0,"2":0,"3":0,"4":0,"5":0,"6":0,"7":0,"8":0},"f":{"0":0},"b":{"0":[0,0],"1":[0,0],"2":[0,0],"3":[0,0],"4":[0,0],"5":[0,0]},"meta":{"lastBranch":6,"lastFunction":1,"lastStatement":9,"seen":{"s:8:35:8:Infinity":0,"f:10:16:10:32":0,"b:11:2:11:Infinity:undefined:undefined:undefined:undefined":0,"s:11:2:11:Infinity":1,"s:11:23:11:Infinity":2,"s:14:4:15:Infinity":3,"b:14:4:14:Infinity:15:5:15:Infinity":1,"b:15:37:15:46:15:46:15:Infinity":2,"b:17:2:17:Infinity:undefined:undefined:undefined:undefined":3,"s:17:2:17:Infinity":4,"b:17:6:17:22:17:22:17:71":4,"s:17:71:17:Infinity":5,"s:19:42:22:Infinity":6,"b:21:15:21:35:21:22:21:Infinity":5,"s:24:16:26:Infinity":7,"s:28:2:28:Infinity":8}}}
,"/Users/mdshahabulalam/myAIDev/taxomind/packages/react/src/utils/index.ts": {"path":"/Users/mdshahabulalam/myAIDev/taxomind/packages/react/src/utils/index.ts","statementMap":{},"fnMap":{},"branchMap":{},"s":{},"f":{},"b":{},"meta":{"lastBranch":0,"lastFunction":0,"lastStatement":0,"seen":{}}}
}
