{"/Users/mdshahabulalam/myAIDev/taxomind/packages/sam-engine/src/base-engine.ts": {"path":"/Users/mdshahabulalam/myAIDev/taxomind/packages/sam-engine/src/base-engine.ts","statementMap":{"0":{"start":{"line":20,"column":35},"end":{"line":20,"column":null}},"1":{"start":{"line":21,"column":64},"end":{"line":21,"column":null}},"2":{"start":{"line":209,"column":25},"end":{"line":209,"column":null}},"3":{"start":{"line":26,"column":4},"end":{"line":26,"column":null}},"4":{"start":{"line":27,"column":4},"end":{"line":27,"column":null}},"5":{"start":{"line":28,"column":4},"end":{"line":28,"column":null}},"6":{"start":{"line":35,"column":4},"end":{"line":38,"column":null}},"7":{"start":{"line":36,"column":6},"end":{"line":36,"column":null}},"8":{"start":{"line":37,"column":6},"end":{"line":37,"column":null}},"9":{"start":{"line":40,"column":4},"end":{"line":42,"column":null}},"10":{"start":{"line":41,"column":6},"end":{"line":41,"column":null}},"11":{"start":{"line":44,"column":4},"end":{"line":51,"column":null}},"12":{"start":{"line":45,"column":6},"end":{"line":45,"column":null}},"13":{"start":{"line":46,"column":6},"end":{"line":46,"column":null}},"14":{"start":{"line":47,"column":6},"end":{"line":47,"column":null}},"15":{"start":{"line":49,"column":6},"end":{"line":49,"column":null}},"16":{"start":{"line":50,"column":6},"end":{"line":50,"column":null}},"17":{"start":{"line":68,"column":4},"end":{"line":74,"column":null}},"18":{"start":{"line":81,"column":4},"end":{"line":81,"column":null}},"19":{"start":{"line":82,"column":4},"end":{"line":82,"column":null}},"20":{"start":{"line":83,"column":4},"end":{"line":83,"column":null}},"21":{"start":{"line":90,"column":19},"end":{"line":90,"column":null}},"22":{"start":{"line":91,"column":4},"end":{"line":94,"column":null}},"23":{"start":{"line":92,"column":21},"end":{"line":92,"column":null}},"24":{"start":{"line":93,"column":6},"end":{"line":93,"column":null}},"25":{"start":{"line":95,"column":4},"end":{"line":95,"column":null}},"26":{"start":{"line":107,"column":16},"end":{"line":107,"column":null}},"27":{"start":{"line":108,"column":19},"end":{"line":108,"column":null}},"28":{"start":{"line":110,"column":4},"end":{"line":113,"column":null}},"29":{"start":{"line":111,"column":6},"end":{"line":111,"column":null}},"30":{"start":{"line":112,"column":6},"end":{"line":112,"column":null}},"31":{"start":{"line":116,"column":4},"end":{"line":131,"column":null}},"32":{"start":{"line":117,"column":6},"end":{"line":130,"column":null}},"33":{"start":{"line":118,"column":23},"end":{"line":118,"column":null}},"34":{"start":{"line":119,"column":8},"end":{"line":127,"column":null}},"35":{"start":{"line":120,"column":10},"end":{"line":120,"column":null}},"36":{"start":{"line":122,"column":10},"end":{"line":125,"column":null}},"37":{"start":{"line":126,"column":10},"end":{"line":126,"column":null}},"38":{"start":{"line":129,"column":8},"end":{"line":129,"column":null}},"39":{"start":{"line":134,"column":4},"end":{"line":134,"column":null}},"40":{"start":{"line":135,"column":17},"end":{"line":135,"column":null}},"41":{"start":{"line":138,"column":4},"end":{"line":141,"column":null}},"42":{"start":{"line":144,"column":4},"end":{"line":150,"column":null}},"43":{"start":{"line":145,"column":6},"end":{"line":149,"column":null}},"44":{"start":{"line":146,"column":8},"end":{"line":146,"column":null}},"45":{"start":{"line":148,"column":8},"end":{"line":148,"column":null}},"46":{"start":{"line":153,"column":4},"end":{"line":155,"column":null}},"47":{"start":{"line":154,"column":6},"end":{"line":154,"column":null}},"48":{"start":{"line":157,"column":4},"end":{"line":157,"column":null}},"49":{"start":{"line":164,"column":16},"end":{"line":164,"column":null}},"50":{"start":{"line":165,"column":18},"end":{"line":165,"column":null}},"51":{"start":{"line":167,"column":4},"end":{"line":172,"column":null}},"52":{"start":{"line":168,"column":6},"end":{"line":171,"column":null}},"53":{"start":{"line":169,"column":8},"end":{"line":169,"column":null}},"54":{"start":{"line":170,"column":8},"end":{"line":170,"column":null}},"55":{"start":{"line":174,"column":4},"end":{"line":176,"column":null}},"56":{"start":{"line":175,"column":6},"end":{"line":175,"column":null}},"57":{"start":{"line":186,"column":18},"end":{"line":186,"column":null}},"58":{"start":{"line":188,"column":4},"end":{"line":203,"column":null}},"59":{"start":{"line":189,"column":21},"end":{"line":189,"column":null}},"60":{"start":{"line":190,"column":23},"end":{"line":190,"column":null}},"61":{"start":{"line":192,"column":6},"end":{"line":196,"column":null}},"62":{"start":{"line":193,"column":8},"end":{"line":193,"column":null}},"63":{"start":{"line":195,"column":8},"end":{"line":195,"column":null}},"64":{"start":{"line":198,"column":6},"end":{"line":198,"column":null}},"65":{"start":{"line":200,"column":23},"end":{"line":200,"column":null}},"66":{"start":{"line":201,"column":6},"end":{"line":201,"column":null}},"67":{"start":{"line":202,"column":6},"end":{"line":202,"column":null}},"68":{"start":{"line":216,"column":16},"end":{"line":216,"column":null}},"69":{"start":{"line":217,"column":18},"end":{"line":217,"column":null}},"70":{"start":{"line":219,"column":4},"end":{"line":226,"column":null}},"71":{"start":{"line":221,"column":6},"end":{"line":224,"column":null}},"72":{"start":{"line":225,"column":6},"end":{"line":225,"column":null}},"73":{"start":{"line":228,"column":4},"end":{"line":231,"column":null}},"74":{"start":{"line":229,"column":6},"end":{"line":229,"column":null}},"75":{"start":{"line":230,"column":6},"end":{"line":230,"column":null}},"76":{"start":{"line":233,"column":4},"end":{"line":233,"column":null}},"77":{"start":{"line":234,"column":4},"end":{"line":234,"column":null}},"78":{"start":{"line":241,"column":4},"end":{"line":243,"column":null}},"79":{"start":{"line":242,"column":6},"end":{"line":242,"column":null}},"80":{"start":{"line":245,"column":4},"end":{"line":249,"column":null}},"81":{"start":{"line":258,"column":16},"end":{"line":258,"column":null}},"82":{"start":{"line":259,"column":4},"end":{"line":261,"column":null}},"83":{"start":{"line":260,"column":6},"end":{"line":260,"column":null}},"84":{"start":{"line":262,"column":4},"end":{"line":262,"column":null}},"85":{"start":{"line":280,"column":18},"end":{"line":280,"column":null}},"86":{"start":{"line":281,"column":23},"end":{"line":281,"column":null}},"87":{"start":{"line":282,"column":24},"end":{"line":282,"column":null}},"88":{"start":{"line":283,"column":10},"end":{"line":283,"column":null}},"89":{"start":{"line":284,"column":16},"end":{"line":284,"column":null}},"90":{"start":{"line":286,"column":4},"end":{"line":293,"column":null}},"91":{"start":{"line":304,"column":25},"end":{"line":304,"column":null}},"92":{"start":{"line":306,"column":4},"end":{"line":315,"column":null}},"93":{"start":{"line":306,"column":17},"end":{"line":306,"column":20}},"94":{"start":{"line":307,"column":20},"end":{"line":307,"column":null}},"95":{"start":{"line":308,"column":27},"end":{"line":313,"column":null}},"96":{"start":{"line":309,"column":26},"end":{"line":312,"column":10}},"97":{"start":{"line":310,"column":10},"end":{"line":310,"column":null}},"98":{"start":{"line":311,"column":10},"end":{"line":311,"column":null}},"99":{"start":{"line":314,"column":6},"end":{"line":314,"column":null}},"100":{"start":{"line":314,"column":47},"end":{"line":314,"column":57}},"101":{"start":{"line":317,"column":4},"end":{"line":317,"column":null}},"102":{"start":{"line":328,"column":34},"end":{"line":328,"column":null}},"103":{"start":{"line":330,"column":4},"end":{"line":341,"column":null}},"104":{"start":{"line":330,"column":23},"end":{"line":330,"column":26}},"105":{"start":{"line":331,"column":6},"end":{"line":340,"column":null}},"106":{"start":{"line":332,"column":8},"end":{"line":332,"column":null}},"107":{"start":{"line":334,"column":8},"end":{"line":334,"column":null}},"108":{"start":{"line":335,"column":8},"end":{"line":335,"column":null}},"109":{"start":{"line":337,"column":8},"end":{"line":339,"column":null}},"110":{"start":{"line":338,"column":10},"end":{"line":338,"column":null}},"111":{"start":{"line":343,"column":4},"end":{"line":343,"column":null}},"112":{"start":{"line":350,"column":4},"end":{"line":350,"column":null}},"113":{"start":{"line":350,"column":34},"end":{"line":350,"column":57}},"114":{"start":{"line":357,"column":4},"end":{"line":372,"column":null}},"115":{"start":{"line":359,"column":8},"end":{"line":361,"column":null}},"116":{"start":{"line":360,"column":10},"end":{"line":360,"column":null}},"117":{"start":{"line":364,"column":8},"end":{"line":364,"column":null}},"118":{"start":{"line":367,"column":8},"end":{"line":367,"column":null}},"119":{"start":{"line":370,"column":8},"end":{"line":370,"column":null}}},"fnMap":{"0":{"name":"(anonymous_0)","decl":{"start":{"line":25,"column":2},"end":{"line":25,"column":14}},"loc":{"start":{"line":25,"column":44},"end":{"line":29,"column":null}},"line":25},"1":{"name":"(anonymous_1)","decl":{"start":{"line":34,"column":8},"end":{"line":34,"column":19}},"loc":{"start":{"line":34,"column":60},"end":{"line":52,"column":null}},"line":34},"2":{"name":"(anonymous_2)","decl":{"start":{"line":67,"column":8},"end":{"line":67,"column":17}},"loc":{"start":{"line":67,"column":53},"end":{"line":75,"column":null}},"line":67},"3":{"name":"(anonymous_3)","decl":{"start":{"line":80,"column":8},"end":{"line":80,"column":33}},"loc":{"start":{"line":80,"column":33},"end":{"line":84,"column":null}},"line":80},"4":{"name":"(anonymous_4)","decl":{"start":{"line":89,"column":12},"end":{"line":89,"column":24}},"loc":{"start":{"line":89,"column":82},"end":{"line":96,"column":null}},"line":89},"5":{"name":"(anonymous_5)","decl":{"start":{"line":101,"column":18},"end":{"line":101,"column":null}},"loc":{"start":{"line":105,"column":16},"end":{"line":158,"column":null}},"line":105},"6":{"name":"(anonymous_6)","decl":{"start":{"line":163,"column":10},"end":{"line":163,"column":31}},"loc":{"start":{"line":163,"column":31},"end":{"line":177,"column":null}},"line":163},"7":{"name":"(anonymous_7)","decl":{"start":{"line":182,"column":18},"end":{"line":182,"column":null}},"loc":{"start":{"line":185,"column":16},"end":{"line":204,"column":null}},"line":185},"8":{"name":"(anonymous_8)","decl":{"start":{"line":211,"column":18},"end":{"line":211,"column":null}},"loc":{"start":{"line":215,"column":22},"end":{"line":235,"column":null}},"line":215},"9":{"name":"(anonymous_9)","decl":{"start":{"line":240,"column":12},"end":{"line":240,"column":27}},"loc":{"start":{"line":240,"column":76},"end":{"line":250,"column":null}},"line":240},"10":{"name":"(anonymous_10)","decl":{"start":{"line":252,"column":12},"end":{"line":252,"column":null}},"loc":{"start":{"line":257,"column":12},"end":{"line":263,"column":null}},"line":257},"11":{"name":"(anonymous_11)","decl":{"start":{"line":268,"column":12},"end":{"line":268,"column":null}},"loc":{"start":{"line":279,"column":4},"end":{"line":294,"column":null}},"line":279},"12":{"name":"(anonymous_12)","decl":{"start":{"line":299,"column":18},"end":{"line":299,"column":null}},"loc":{"start":{"line":303,"column":18},"end":{"line":318,"column":null}},"line":303},"13":{"name":"(anonymous_13)","decl":{"start":{"line":309,"column":18},"end":{"line":309,"column":26}},"loc":{"start":{"line":309,"column":26},"end":{"line":312,"column":10}},"line":309},"14":{"name":"(anonymous_14)","decl":{"start":{"line":309,"column":48},"end":{"line":309,"column":57}},"loc":{"start":{"line":309,"column":57},"end":{"line":312,"column":9}},"line":309},"15":{"name":"(anonymous_15)","decl":{"start":{"line":314,"column":42},"end":{"line":314,"column":47}},"loc":{"start":{"line":314,"column":47},"end":{"line":314,"column":57}},"line":314},"16":{"name":"(anonymous_16)","decl":{"start":{"line":323,"column":18},"end":{"line":323,"column":null}},"loc":{"start":{"line":327,"column":16},"end":{"line":344,"column":null}},"line":327},"17":{"name":"(anonymous_17)","decl":{"start":{"line":349,"column":10},"end":{"line":349,"column":16}},"loc":{"start":{"line":349,"column":43},"end":{"line":351,"column":null}},"line":349},"18":{"name":"(anonymous_18)","decl":{"start":{"line":350,"column":23},"end":{"line":350,"column":34}},"loc":{"start":{"line":350,"column":34},"end":{"line":350,"column":57}},"line":350},"19":{"name":"(anonymous_19)","decl":{"start":{"line":356,"column":10},"end":{"line":356,"column":43}},"loc":{"start":{"line":356,"column":43},"end":{"line":373,"column":null}},"line":356},"20":{"name":"(anonymous_20)","decl":{"start":{"line":358,"column":13},"end":{"line":358,"column":14}},"loc":{"start":{"line":358,"column":50},"end":{"line":362,"column":null}},"line":358},"21":{"name":"(anonymous_21)","decl":{"start":{"line":363,"column":12},"end":{"line":363,"column":13}},"loc":{"start":{"line":363,"column":49},"end":{"line":365,"column":null}},"line":363},"22":{"name":"(anonymous_22)","decl":{"start":{"line":366,"column":12},"end":{"line":366,"column":13}},"loc":{"start":{"line":366,"column":49},"end":{"line":368,"column":null}},"line":366},"23":{"name":"(anonymous_23)","decl":{"start":{"line":369,"column":13},"end":{"line":369,"column":14}},"loc":{"start":{"line":369,"column":63},"end":{"line":371,"column":null}},"line":369}},"branchMap":{"0":{"loc":{"start":{"line":25,"column":14},"end":{"line":25,"column":44}},"type":"default-arg","locations":[{"start":{"line":25,"column":40},"end":{"line":25,"column":44}}],"line":25},"1":{"loc":{"start":{"line":27,"column":18},"end":{"line":27,"column":null}},"type":"binary-expr","locations":[{"start":{"line":27,"column":18},"end":{"line":27,"column":35}},{"start":{"line":27,"column":35},"end":{"line":27,"column":null}}],"line":27},"2":{"loc":{"start":{"line":28,"column":19},"end":{"line":28,"column":null}},"type":"binary-expr","locations":[{"start":{"line":28,"column":19},"end":{"line":28,"column":37}},{"start":{"line":28,"column":37},"end":{"line":28,"column":null}}],"line":28},"3":{"loc":{"start":{"line":35,"column":4},"end":{"line":38,"column":null}},"type":"if","locations":[{"start":{"line":35,"column":4},"end":{"line":38,"column":null}},{"start":{},"end":{}}],"line":35},"4":{"loc":{"start":{"line":40,"column":4},"end":{"line":42,"column":null}},"type":"if","locations":[{"start":{"line":40,"column":4},"end":{"line":42,"column":null}},{"start":{},"end":{}}],"line":40},"5":{"loc":{"start":{"line":91,"column":4},"end":{"line":94,"column":null}},"type":"if","locations":[{"start":{"line":91,"column":4},"end":{"line":94,"column":null}},{"start":{},"end":{}}],"line":91},"6":{"loc":{"start":{"line":92,"column":21},"end":{"line":92,"column":null}},"type":"binary-expr","locations":[{"start":{"line":92,"column":21},"end":{"line":92,"column":50}},{"start":{"line":92,"column":50},"end":{"line":92,"column":null}}],"line":92},"7":{"loc":{"start":{"line":104,"column":4},"end":{"line":104,"column":null}},"type":"default-arg","locations":[{"start":{"line":104,"column":25},"end":{"line":104,"column":null}}],"line":104},"8":{"loc":{"start":{"line":110,"column":4},"end":{"line":113,"column":null}},"type":"if","locations":[{"start":{"line":110,"column":4},"end":{"line":113,"column":null}},{"start":{},"end":{}}],"line":110},"9":{"loc":{"start":{"line":110,"column":8},"end":{"line":110,"column":39}},"type":"binary-expr","locations":[{"start":{"line":110,"column":8},"end":{"line":110,"column":18}},{"start":{"line":110,"column":18},"end":{"line":110,"column":39}}],"line":110},"10":{"loc":{"start":{"line":116,"column":4},"end":{"line":131,"column":null}},"type":"if","locations":[{"start":{"line":116,"column":4},"end":{"line":131,"column":null}},{"start":{},"end":{}}],"line":116},"11":{"loc":{"start":{"line":119,"column":8},"end":{"line":127,"column":null}},"type":"if","locations":[{"start":{"line":119,"column":8},"end":{"line":127,"column":null}},{"start":{},"end":{}}],"line":119},"12":{"loc":{"start":{"line":144,"column":4},"end":{"line":150,"column":null}},"type":"if","locations":[{"start":{"line":144,"column":4},"end":{"line":150,"column":null}},{"start":{},"end":{}}],"line":144},"13":{"loc":{"start":{"line":153,"column":4},"end":{"line":155,"column":null}},"type":"if","locations":[{"start":{"line":153,"column":4},"end":{"line":155,"column":null}},{"start":{},"end":{}}],"line":153},"14":{"loc":{"start":{"line":168,"column":6},"end":{"line":171,"column":null}},"type":"if","locations":[{"start":{"line":168,"column":6},"end":{"line":171,"column":null}},{"start":{},"end":{}}],"line":168},"15":{"loc":{"start":{"line":174,"column":4},"end":{"line":176,"column":null}},"type":"if","locations":[{"start":{"line":174,"column":4},"end":{"line":176,"column":null}},{"start":{},"end":{}}],"line":174},"16":{"loc":{"start":{"line":192,"column":6},"end":{"line":196,"column":null}},"type":"if","locations":[{"start":{"line":192,"column":6},"end":{"line":196,"column":null}},{"start":{"line":194,"column":13},"end":{"line":196,"column":null}}],"line":192},"17":{"loc":{"start":{"line":213,"column":4},"end":{"line":213,"column":null}},"type":"default-arg","locations":[{"start":{"line":213,"column":26},"end":{"line":213,"column":null}}],"line":213},"18":{"loc":{"start":{"line":214,"column":4},"end":{"line":214,"column":null}},"type":"default-arg","locations":[{"start":{"line":214,"column":23},"end":{"line":214,"column":null}}],"line":214},"19":{"loc":{"start":{"line":219,"column":4},"end":{"line":226,"column":null}},"type":"if","locations":[{"start":{"line":219,"column":4},"end":{"line":226,"column":null}},{"start":{},"end":{}}],"line":219},"20":{"loc":{"start":{"line":219,"column":8},"end":{"line":219,"column":41}},"type":"binary-expr","locations":[{"start":{"line":219,"column":8},"end":{"line":219,"column":18}},{"start":{"line":219,"column":18},"end":{"line":219,"column":41}}],"line":219},"21":{"loc":{"start":{"line":228,"column":4},"end":{"line":231,"column":null}},"type":"if","locations":[{"start":{"line":228,"column":4},"end":{"line":231,"column":null}},{"start":{},"end":{}}],"line":228},"22":{"loc":{"start":{"line":240,"column":42},"end":{"line":240,"column":76}},"type":"default-arg","locations":[{"start":{"line":240,"column":62},"end":{"line":240,"column":76}}],"line":240},"23":{"loc":{"start":{"line":241,"column":4},"end":{"line":243,"column":null}},"type":"if","locations":[{"start":{"line":241,"column":4},"end":{"line":243,"column":null}},{"start":{},"end":{}}],"line":241},"24":{"loc":{"start":{"line":259,"column":4},"end":{"line":261,"column":null}},"type":"if","locations":[{"start":{"line":259,"column":4},"end":{"line":261,"column":null}},{"start":{},"end":{}}],"line":259},"25":{"loc":{"start":{"line":270,"column":4},"end":{"line":270,"column":null}},"type":"default-arg","locations":[{"start":{"line":270,"column":19},"end":{"line":270,"column":null}}],"line":270},"26":{"loc":{"start":{"line":271,"column":4},"end":{"line":271,"column":null}},"type":"default-arg","locations":[{"start":{"line":271,"column":20},"end":{"line":271,"column":null}}],"line":271},"27":{"loc":{"start":{"line":302,"column":4},"end":{"line":302,"column":null}},"type":"default-arg","locations":[{"start":{"line":302,"column":24},"end":{"line":302,"column":null}}],"line":302},"28":{"loc":{"start":{"line":325,"column":4},"end":{"line":325,"column":null}},"type":"default-arg","locations":[{"start":{"line":325,"column":26},"end":{"line":325,"column":null}}],"line":325},"29":{"loc":{"start":{"line":326,"column":4},"end":{"line":326,"column":null}},"type":"default-arg","locations":[{"start":{"line":326,"column":22},"end":{"line":326,"column":null}}],"line":326},"30":{"loc":{"start":{"line":337,"column":8},"end":{"line":339,"column":null}},"type":"if","locations":[{"start":{"line":337,"column":8},"end":{"line":339,"column":null}},{"start":{},"end":{}}],"line":337},"31":{"loc":{"start":{"line":343,"column":10},"end":{"line":343,"column":null}},"type":"binary-expr","locations":[{"start":{"line":343,"column":10},"end":{"line":343,"column":23}},{"start":{"line":343,"column":23},"end":{"line":343,"column":null}}],"line":343},"32":{"loc":{"start":{"line":359,"column":8},"end":{"line":361,"column":null}},"type":"if","locations":[{"start":{"line":359,"column":8},"end":{"line":361,"column":null}},{"start":{},"end":{}}],"line":359}},"s":{"0":161,"1":161,"2":161,"3":161,"4":161,"5":161,"6":74,"7":1,"8":1,"9":73,"10":1,"11":73,"12":73,"13":72,"14":72,"15":1,"16":1,"17":1,"18":81,"19":81,"20":81,"21":3,"22":3,"23":2,"24":2,"25":1,"26":10,"27":10,"28":10,"29":2,"30":2,"31":8,"32":4,"33":4,"34":3,"35":1,"36":1,"37":1,"38":1,"39":7,"40":7,"41":7,"42":7,"43":3,"44":3,"45":1,"46":7,"47":0,"48":7,"49":0,"50":0,"51":0,"52":0,"53":0,"54":0,"55":0,"56":0,"57":3,"58":3,"59":3,"60":2,"61":2,"62":1,"63":1,"64":2,"65":1,"66":1,"67":1,"68":69,"69":69,"70":69,"71":44,"72":44,"73":25,"74":5,"75":5,"76":20,"77":20,"78":56,"79":1,"80":55,"81":7,"82":7,"83":2,"84":5,"85":7,"86":7,"87":7,"88":7,"89":7,"90":7,"91":4,"92":4,"93":4,"94":9,"95":9,"96":35,"97":1,"98":1,"99":9,"100":35,"101":9,"102":5,"103":5,"104":5,"105":12,"106":12,"107":8,"108":8,"109":8,"110":7,"111":1,"112":7,"113":7,"114":30,"115":0,"116":0,"117":15,"118":7,"119":0},"f":{"0":161,"1":74,"2":1,"3":81,"4":3,"5":10,"6":0,"7":3,"8":69,"9":56,"10":7,"11":7,"12":4,"13":35,"14":1,"15":35,"16":5,"17":7,"18":7,"19":30,"20":0,"21":15,"22":7,"23":0},"b":{"0":[161],"1":[161,30],"2":[161,105],"3":[1,73],"4":[1,72],"5":[2,1],"6":[2,1],"7":[10],"8":[2,8],"9":[10,3],"10":[4,4],"11":[1,2],"12":[3,4],"13":[0,7],"14":[0,0],"15":[0,0],"16":[1,1],"17":[69],"18":[69],"19":[44,25],"20":[69,26],"21":[5,20],"22":[56],"23":[1,55],"24":[2,5],"25":[7],"26":[7],"27":[4],"28":[5],"29":[5],"30":[7,1],"31":[1,0],"32":[0,0]},"meta":{"lastBranch":33,"lastFunction":24,"lastStatement":120,"seen":{"s:20:35:20:Infinity":0,"s:21:64:21:Infinity":1,"s:209:25:209:Infinity":2,"f:25:2:25:14":0,"b:25:40:25:44":0,"s:26:4:26:Infinity":3,"s:27:4:27:Infinity":4,"b:27:18:27:35:27:35:27:Infinity":1,"s:28:4:28:Infinity":5,"b:28:19:28:37:28:37:28:Infinity":2,"f:34:8:34:19":1,"b:35:4:38:Infinity:undefined:undefined:undefined:undefined":3,"s:35:4:38:Infinity":6,"s:36:6:36:Infinity":7,"s:37:6:37:Infinity":8,"b:40:4:42:Infinity:undefined:undefined:undefined:undefined":4,"s:40:4:42:Infinity":9,"s:41:6:41:Infinity":10,"s:44:4:51:Infinity":11,"s:45:6:45:Infinity":12,"s:46:6:46:Infinity":13,"s:47:6:47:Infinity":14,"s:49:6:49:Infinity":15,"s:50:6:50:Infinity":16,"f:67:8:67:17":2,"s:68:4:74:Infinity":17,"f:80:8:80:33":3,"s:81:4:81:Infinity":18,"s:82:4:82:Infinity":19,"s:83:4:83:Infinity":20,"f:89:12:89:24":4,"s:90:19:90:Infinity":21,"b:91:4:94:Infinity:undefined:undefined:undefined:undefined":5,"s:91:4:94:Infinity":22,"s:92:21:92:Infinity":23,"b:92:21:92:50:92:50:92:Infinity":6,"s:93:6:93:Infinity":24,"s:95:4:95:Infinity":25,"f:101:18:101:Infinity":5,"b:104:25:104:Infinity":7,"s:107:16:107:Infinity":26,"s:108:19:108:Infinity":27,"b:110:4:113:Infinity:undefined:undefined:undefined:undefined":8,"s:110:4:113:Infinity":28,"b:110:8:110:18:110:18:110:39":9,"s:111:6:111:Infinity":29,"s:112:6:112:Infinity":30,"b:116:4:131:Infinity:undefined:undefined:undefined:undefined":10,"s:116:4:131:Infinity":31,"s:117:6:130:Infinity":32,"s:118:23:118:Infinity":33,"b:119:8:127:Infinity:undefined:undefined:undefined:undefined":11,"s:119:8:127:Infinity":34,"s:120:10:120:Infinity":35,"s:122:10:125:Infinity":36,"s:126:10:126:Infinity":37,"s:129:8:129:Infinity":38,"s:134:4:134:Infinity":39,"s:135:17:135:Infinity":40,"s:138:4:141:Infinity":41,"b:144:4:150:Infinity:undefined:undefined:undefined:undefined":12,"s:144:4:150:Infinity":42,"s:145:6:149:Infinity":43,"s:146:8:146:Infinity":44,"s:148:8:148:Infinity":45,"b:153:4:155:Infinity:undefined:undefined:undefined:undefined":13,"s:153:4:155:Infinity":46,"s:154:6:154:Infinity":47,"s:157:4:157:Infinity":48,"f:163:10:163:31":6,"s:164:16:164:Infinity":49,"s:165:18:165:Infinity":50,"s:167:4:172:Infinity":51,"b:168:6:171:Infinity:undefined:undefined:undefined:undefined":14,"s:168:6:171:Infinity":52,"s:169:8:169:Infinity":53,"s:170:8:170:Infinity":54,"b:174:4:176:Infinity:undefined:undefined:undefined:undefined":15,"s:174:4:176:Infinity":55,"s:175:6:175:Infinity":56,"f:182:18:182:Infinity":7,"s:186:18:186:Infinity":57,"s:188:4:203:Infinity":58,"s:189:21:189:Infinity":59,"s:190:23:190:Infinity":60,"b:192:6:196:Infinity:194:13:196:Infinity":16,"s:192:6:196:Infinity":61,"s:193:8:193:Infinity":62,"s:195:8:195:Infinity":63,"s:198:6:198:Infinity":64,"s:200:23:200:Infinity":65,"s:201:6:201:Infinity":66,"s:202:6:202:Infinity":67,"f:211:18:211:Infinity":8,"b:213:26:213:Infinity":17,"b:214:23:214:Infinity":18,"s:216:16:216:Infinity":68,"s:217:18:217:Infinity":69,"b:219:4:226:Infinity:undefined:undefined:undefined:undefined":19,"s:219:4:226:Infinity":70,"b:219:8:219:18:219:18:219:41":20,"s:221:6:224:Infinity":71,"s:225:6:225:Infinity":72,"b:228:4:231:Infinity:undefined:undefined:undefined:undefined":21,"s:228:4:231:Infinity":73,"s:229:6:229:Infinity":74,"s:230:6:230:Infinity":75,"s:233:4:233:Infinity":76,"s:234:4:234:Infinity":77,"f:240:12:240:27":9,"b:240:62:240:76":22,"b:241:4:243:Infinity:undefined:undefined:undefined:undefined":23,"s:241:4:243:Infinity":78,"s:242:6:242:Infinity":79,"s:245:4:249:Infinity":80,"f:252:12:252:Infinity":10,"s:258:16:258:Infinity":81,"b:259:4:261:Infinity:undefined:undefined:undefined:undefined":24,"s:259:4:261:Infinity":82,"s:260:6:260:Infinity":83,"s:262:4:262:Infinity":84,"f:268:12:268:Infinity":11,"b:270:19:270:Infinity":25,"b:271:20:271:Infinity":26,"s:280:18:280:Infinity":85,"s:281:23:281:Infinity":86,"s:282:24:282:Infinity":87,"s:283:10:283:Infinity":88,"s:284:16:284:Infinity":89,"s:286:4:293:Infinity":90,"f:299:18:299:Infinity":12,"b:302:24:302:Infinity":27,"s:304:25:304:Infinity":91,"s:306:4:315:Infinity":92,"s:306:17:306:20":93,"s:307:20:307:Infinity":94,"s:308:27:313:Infinity":95,"f:309:18:309:26":13,"s:309:26:312:10":96,"f:309:48:309:57":14,"s:310:10:310:Infinity":97,"s:311:10:311:Infinity":98,"s:314:6:314:Infinity":99,"f:314:42:314:47":15,"s:314:47:314:57":100,"s:317:4:317:Infinity":101,"f:323:18:323:Infinity":16,"b:325:26:325:Infinity":28,"b:326:22:326:Infinity":29,"s:328:34:328:Infinity":102,"s:330:4:341:Infinity":103,"s:330:23:330:26":104,"s:331:6:340:Infinity":105,"s:332:8:332:Infinity":106,"s:334:8:334:Infinity":107,"s:335:8:335:Infinity":108,"b:337:8:339:Infinity:undefined:undefined:undefined:undefined":30,"s:337:8:339:Infinity":109,"s:338:10:338:Infinity":110,"s:343:4:343:Infinity":111,"b:343:10:343:23:343:23:343:Infinity":31,"f:349:10:349:16":17,"s:350:4:350:Infinity":112,"f:350:23:350:34":18,"s:350:34:350:57":113,"f:356:10:356:43":19,"s:357:4:372:Infinity":114,"f:358:13:358:14":20,"b:359:8:361:Infinity:undefined:undefined:undefined:undefined":32,"s:359:8:361:Infinity":115,"s:360:10:360:Infinity":116,"f:363:12:363:13":21,"s:364:8:364:Infinity":117,"f:366:12:366:13":22,"s:367:8:367:Infinity":118,"f:369:13:369:14":23,"s:370:8:370:Infinity":119}}}
,"/Users/mdshahabulalam/myAIDev/taxomind/packages/sam-engine/src/sam-engine.ts": {"path":"/Users/mdshahabulalam/myAIDev/taxomind/packages/sam-engine/src/sam-engine.ts","statementMap":{"0":{"start":{"line":21,"column":16},"end":{"line":21,"column":null}},"1":{"start":{"line":22,"column":53},"end":{"line":22,"column":null}},"2":{"start":{"line":23,"column":44},"end":{"line":23,"column":null}},"3":{"start":{"line":24,"column":67},"end":{"line":24,"column":null}},"4":{"start":{"line":25,"column":39},"end":{"line":25,"column":null}},"5":{"start":{"line":26,"column":42},"end":{"line":26,"column":null}},"6":{"start":{"line":29,"column":4},"end":{"line":29,"column":null}},"7":{"start":{"line":30,"column":4},"end":{"line":30,"column":null}},"8":{"start":{"line":38,"column":4},"end":{"line":38,"column":null}},"9":{"start":{"line":41,"column":4},"end":{"line":43,"column":null}},"10":{"start":{"line":42,"column":6},"end":{"line":42,"column":null}},"11":{"start":{"line":46,"column":4},"end":{"line":49,"column":null}},"12":{"start":{"line":56,"column":4},"end":{"line":140,"column":null}},"13":{"start":{"line":58,"column":27},"end":{"line":58,"column":null}},"14":{"start":{"line":59,"column":22},"end":{"line":62,"column":null}},"15":{"start":{"line":64,"column":6},"end":{"line":69,"column":null}},"16":{"start":{"line":65,"column":8},"end":{"line":68,"column":null}},"17":{"start":{"line":72,"column":27},"end":{"line":72,"column":null}},"18":{"start":{"line":75,"column":35},"end":{"line":79,"column":null}},"19":{"start":{"line":80,"column":6},"end":{"line":80,"column":null}},"20":{"start":{"line":83,"column":35},"end":{"line":83,"column":null}},"21":{"start":{"line":84,"column":6},"end":{"line":95,"column":null}},"22":{"start":{"line":85,"column":8},"end":{"line":94,"column":null}},"23":{"start":{"line":86,"column":10},"end":{"line":93,"column":null}},"24":{"start":{"line":87,"column":29},"end":{"line":87,"column":null}},"25":{"start":{"line":88,"column":12},"end":{"line":90,"column":null}},"26":{"start":{"line":89,"column":14},"end":{"line":89,"column":null}},"27":{"start":{"line":92,"column":12},"end":{"line":92,"column":null}},"28":{"start":{"line":98,"column":23},"end":{"line":102,"column":null}},"29":{"start":{"line":105,"column":40},"end":{"line":113,"column":null}},"30":{"start":{"line":114,"column":6},"end":{"line":114,"column":null}},"31":{"start":{"line":117,"column":6},"end":{"line":117,"column":null}},"32":{"start":{"line":120,"column":6},"end":{"line":124,"column":null}},"33":{"start":{"line":126,"column":6},"end":{"line":126,"column":null}},"34":{"start":{"line":129,"column":6},"end":{"line":129,"column":null}},"35":{"start":{"line":131,"column":6},"end":{"line":134,"column":null}},"36":{"start":{"line":136,"column":6},"end":{"line":139,"column":null}},"37":{"start":{"line":151,"column":4},"end":{"line":153,"column":null}},"38":{"start":{"line":152,"column":6},"end":{"line":152,"column":null}},"39":{"start":{"line":155,"column":19},"end":{"line":155,"column":null}},"40":{"start":{"line":157,"column":4},"end":{"line":163,"column":null}},"41":{"start":{"line":158,"column":25},"end":{"line":158,"column":null}},"42":{"start":{"line":159,"column":6},"end":{"line":159,"column":null}},"43":{"start":{"line":161,"column":6},"end":{"line":161,"column":null}},"44":{"start":{"line":162,"column":6},"end":{"line":162,"column":null}},"45":{"start":{"line":174,"column":24},"end":{"line":174,"column":null}},"46":{"start":{"line":178,"column":24},"end":{"line":178,"column":null}},"47":{"start":{"line":179,"column":32},"end":{"line":179,"column":null}},"48":{"start":{"line":180,"column":23},"end":{"line":180,"column":null}},"49":{"start":{"line":182,"column":4},"end":{"line":190,"column":null}},"50":{"start":{"line":207,"column":18},"end":{"line":207,"column":null}},"51":{"start":{"line":209,"column":4},"end":{"line":212,"column":null}},"52":{"start":{"line":210,"column":6},"end":{"line":210,"column":null}},"53":{"start":{"line":211,"column":6},"end":{"line":211,"column":null}},"54":{"start":{"line":214,"column":4},"end":{"line":216,"column":null}},"55":{"start":{"line":215,"column":6},"end":{"line":215,"column":null}},"56":{"start":{"line":218,"column":4},"end":{"line":220,"column":null}},"57":{"start":{"line":219,"column":6},"end":{"line":219,"column":null}},"58":{"start":{"line":222,"column":4},"end":{"line":224,"column":null}},"59":{"start":{"line":223,"column":6},"end":{"line":223,"column":null}},"60":{"start":{"line":226,"column":4},"end":{"line":226,"column":null}},"61":{"start":{"line":233,"column":27},"end":{"line":233,"column":null}},"62":{"start":{"line":235,"column":4},"end":{"line":237,"column":null}},"63":{"start":{"line":236,"column":6},"end":{"line":236,"column":null}},"64":{"start":{"line":239,"column":20},"end":{"line":241,"column":null}},"65":{"start":{"line":240,"column":6},"end":{"line":240,"column":null}},"66":{"start":{"line":243,"column":4},"end":{"line":243,"column":null}},"67":{"start":{"line":250,"column":4},"end":{"line":252,"column":null}},"68":{"start":{"line":251,"column":6},"end":{"line":251,"column":null}},"69":{"start":{"line":254,"column":22},"end":{"line":256,"column":null}},"70":{"start":{"line":255,"column":6},"end":{"line":255,"column":null}},"71":{"start":{"line":258,"column":4},"end":{"line":258,"column":null}},"72":{"start":{"line":265,"column":4},"end":{"line":277,"column":null}},"73":{"start":{"line":266,"column":21},"end":{"line":266,"column":null}},"74":{"start":{"line":267,"column":6},"end":{"line":271,"column":null}},"75":{"start":{"line":273,"column":6},"end":{"line":276,"column":null}},"76":{"start":{"line":284,"column":22},"end":{"line":284,"column":null}},"77":{"start":{"line":285,"column":18},"end":{"line":285,"column":null}},"78":{"start":{"line":287,"column":4},"end":{"line":291,"column":null}},"79":{"start":{"line":288,"column":6},"end":{"line":288,"column":null}},"80":{"start":{"line":290,"column":6},"end":{"line":290,"column":null}},"81":{"start":{"line":293,"column":4},"end":{"line":296,"column":null}},"82":{"start":{"line":303,"column":31},"end":{"line":303,"column":null}},"83":{"start":{"line":305,"column":4},"end":{"line":312,"column":null}},"84":{"start":{"line":306,"column":6},"end":{"line":311,"column":null}},"85":{"start":{"line":314,"column":4},"end":{"line":321,"column":null}},"86":{"start":{"line":315,"column":6},"end":{"line":320,"column":null}},"87":{"start":{"line":323,"column":4},"end":{"line":328,"column":null}},"88":{"start":{"line":338,"column":27},"end":{"line":338,"column":null}},"89":{"start":{"line":340,"column":23},"end":{"line":340,"column":null}},"90":{"start":{"line":342,"column":4},"end":{"line":352,"column":null}},"91":{"start":{"line":343,"column":6},"end":{"line":350,"column":null}},"92":{"start":{"line":351,"column":6},"end":{"line":351,"column":null}},"93":{"start":{"line":354,"column":4},"end":{"line":354,"column":null}},"94":{"start":{"line":355,"column":4},"end":{"line":355,"column":null}},"95":{"start":{"line":362,"column":4},"end":{"line":362,"column":null}},"96":{"start":{"line":362,"column":23},"end":{"line":362,"column":null}},"97":{"start":{"line":364,"column":4},"end":{"line":372,"column":null}},"98":{"start":{"line":365,"column":6},"end":{"line":369,"column":null}},"99":{"start":{"line":371,"column":6},"end":{"line":371,"column":null}},"100":{"start":{"line":387,"column":4},"end":{"line":389,"column":null}},"101":{"start":{"line":388,"column":6},"end":{"line":388,"column":null}},"102":{"start":{"line":391,"column":4},"end":{"line":393,"column":null}},"103":{"start":{"line":392,"column":6},"end":{"line":392,"column":null}},"104":{"start":{"line":395,"column":4},"end":{"line":395,"column":null}},"105":{"start":{"line":396,"column":4},"end":{"line":396,"column":null}},"106":{"start":{"line":403,"column":19},"end":{"line":403,"column":null}},"107":{"start":{"line":405,"column":4},"end":{"line":407,"column":null}},"108":{"start":{"line":406,"column":6},"end":{"line":406,"column":null}},"109":{"start":{"line":409,"column":4},"end":{"line":411,"column":null}},"110":{"start":{"line":410,"column":6},"end":{"line":410,"column":null}},"111":{"start":{"line":413,"column":4},"end":{"line":413,"column":null}},"112":{"start":{"line":414,"column":4},"end":{"line":414,"column":null}},"113":{"start":{"line":421,"column":28},"end":{"line":425,"column":null}},"114":{"start":{"line":427,"column":21},"end":{"line":427,"column":null}},"115":{"start":{"line":429,"column":4},"end":{"line":429,"column":null}},"116":{"start":{"line":429,"column":19},"end":{"line":429,"column":null}},"117":{"start":{"line":431,"column":4},"end":{"line":437,"column":null}},"118":{"start":{"line":432,"column":6},"end":{"line":436,"column":null}},"119":{"start":{"line":433,"column":8},"end":{"line":433,"column":null}},"120":{"start":{"line":435,"column":8},"end":{"line":435,"column":null}},"121":{"start":{"line":444,"column":4},"end":{"line":446,"column":null}},"122":{"start":{"line":445,"column":6},"end":{"line":445,"column":null}},"123":{"start":{"line":448,"column":4},"end":{"line":448,"column":null}},"124":{"start":{"line":455,"column":21},"end":{"line":455,"column":null}},"125":{"start":{"line":457,"column":4},"end":{"line":459,"column":null}},"126":{"start":{"line":458,"column":6},"end":{"line":458,"column":null}},"127":{"start":{"line":466,"column":27},"end":{"line":466,"column":null}},"128":{"start":{"line":467,"column":25},"end":{"line":467,"column":null}},"129":{"start":{"line":469,"column":4},"end":{"line":474,"column":null}},"130":{"start":{"line":470,"column":21},"end":{"line":470,"column":null}},"131":{"start":{"line":471,"column":6},"end":{"line":473,"column":null}},"132":{"start":{"line":472,"column":8},"end":{"line":472,"column":null}},"133":{"start":{"line":476,"column":4},"end":{"line":476,"column":null}},"134":{"start":{"line":483,"column":27},"end":{"line":483,"column":null}},"135":{"start":{"line":484,"column":4},"end":{"line":484,"column":null}},"136":{"start":{"line":486,"column":4},"end":{"line":488,"column":null}},"137":{"start":{"line":487,"column":6},"end":{"line":487,"column":null}},"138":{"start":{"line":496,"column":24},"end":{"line":496,"column":null}},"139":{"start":{"line":497,"column":4},"end":{"line":508,"column":null}},"140":{"start":{"line":515,"column":21},"end":{"line":515,"column":null}},"141":{"start":{"line":516,"column":19},"end":{"line":516,"column":null}},"142":{"start":{"line":518,"column":4},"end":{"line":521,"column":null}},"143":{"start":{"line":519,"column":6},"end":{"line":519,"column":null}},"144":{"start":{"line":520,"column":6},"end":{"line":520,"column":null}},"145":{"start":{"line":523,"column":4},"end":{"line":533,"column":null}},"146":{"start":{"line":525,"column":8},"end":{"line":525,"column":null}},"147":{"start":{"line":527,"column":8},"end":{"line":527,"column":null}},"148":{"start":{"line":529,"column":8},"end":{"line":529,"column":null}},"149":{"start":{"line":531,"column":8},"end":{"line":531,"column":null}},"150":{"start":{"line":532,"column":8},"end":{"line":532,"column":null}},"151":{"start":{"line":541,"column":4},"end":{"line":546,"column":null}},"152":{"start":{"line":542,"column":6},"end":{"line":545,"column":null}},"153":{"start":{"line":543,"column":8},"end":{"line":543,"column":null}},"154":{"start":{"line":544,"column":8},"end":{"line":544,"column":null}},"155":{"start":{"line":547,"column":4},"end":{"line":547,"column":null}},"156":{"start":{"line":550,"column":4},"end":{"line":550,"column":null}},"157":{"start":{"line":553,"column":4},"end":{"line":553,"column":null}},"158":{"start":{"line":556,"column":4},"end":{"line":556,"column":null}},"159":{"start":{"line":558,"column":4},"end":{"line":558,"column":null}},"160":{"start":{"line":577,"column":4},"end":{"line":577,"column":null}},"161":{"start":{"line":578,"column":4},"end":{"line":578,"column":null}},"162":{"start":{"line":584,"column":4},"end":{"line":584,"column":null}},"163":{"start":{"line":585,"column":4},"end":{"line":590,"column":null}},"164":{"start":{"line":602,"column":4},"end":{"line":602,"column":null}},"165":{"start":{"line":603,"column":4},"end":{"line":603,"column":null}},"166":{"start":{"line":609,"column":4},"end":{"line":609,"column":null}},"167":{"start":{"line":610,"column":4},"end":{"line":615,"column":null}},"168":{"start":{"line":626,"column":4},"end":{"line":626,"column":null}},"169":{"start":{"line":632,"column":4},"end":{"line":632,"column":null}},"170":{"start":{"line":633,"column":4},"end":{"line":638,"column":null}}},"fnMap":{"0":{"name":"(anonymous_0)","decl":{"start":{"line":28,"column":2},"end":{"line":28,"column":14}},"loc":{"start":{"line":28,"column":44},"end":{"line":31,"column":null}},"line":28},"1":{"name":"(anonymous_1)","decl":{"start":{"line":36,"column":18},"end":{"line":36,"column":57}},"loc":{"start":{"line":36,"column":57},"end":{"line":50,"column":null}},"line":36},"2":{"name":"(anonymous_2)","decl":{"start":{"line":55,"column":8},"end":{"line":55,"column":16}},"loc":{"start":{"line":55,"column":76},"end":{"line":141,"column":null}},"line":55},"3":{"name":"(anonymous_3)","decl":{"start":{"line":146,"column":16},"end":{"line":146,"column":null}},"loc":{"start":{"line":150,"column":26},"end":{"line":164,"column":null}},"line":150},"4":{"name":"(anonymous_4)","decl":{"start":{"line":169,"column":10},"end":{"line":169,"column":null}},"loc":{"start":{"line":173,"column":12},"end":{"line":201,"column":null}},"line":173},"5":{"name":"(anonymous_5)","decl":{"start":{"line":206,"column":10},"end":{"line":206,"column":24}},"loc":{"start":{"line":206,"column":53},"end":{"line":227,"column":null}},"line":206},"6":{"name":"(anonymous_6)","decl":{"start":{"line":232,"column":10},"end":{"line":232,"column":36}},"loc":{"start":{"line":232,"column":72},"end":{"line":244,"column":null}},"line":232},"7":{"name":"(anonymous_7)","decl":{"start":{"line":239,"column":39},"end":{"line":239,"column":null}},"loc":{"start":{"line":240,"column":6},"end":{"line":240,"column":null}},"line":240},"8":{"name":"(anonymous_8)","decl":{"start":{"line":249,"column":10},"end":{"line":249,"column":32}},"loc":{"start":{"line":249,"column":58},"end":{"line":259,"column":null}},"line":249},"9":{"name":"(anonymous_9)","decl":{"start":{"line":254,"column":36},"end":{"line":254,"column":null}},"loc":{"start":{"line":255,"column":6},"end":{"line":255,"column":null}},"line":255},"10":{"name":"(anonymous_10)","decl":{"start":{"line":264,"column":10},"end":{"line":264,"column":26}},"loc":{"start":{"line":264,"column":78},"end":{"line":278,"column":null}},"line":264},"11":{"name":"(anonymous_11)","decl":{"start":{"line":283,"column":10},"end":{"line":283,"column":35}},"loc":{"start":{"line":283,"column":69},"end":{"line":297,"column":null}},"line":283},"12":{"name":"(anonymous_12)","decl":{"start":{"line":302,"column":10},"end":{"line":302,"column":37}},"loc":{"start":{"line":302,"column":68},"end":{"line":329,"column":null}},"line":302},"13":{"name":"(anonymous_13)","decl":{"start":{"line":334,"column":16},"end":{"line":334,"column":null}},"loc":{"start":{"line":337,"column":27},"end":{"line":356,"column":null}},"line":337},"14":{"name":"(anonymous_14)","decl":{"start":{"line":361,"column":16},"end":{"line":361,"column":33}},"loc":{"start":{"line":361,"column":76},"end":{"line":373,"column":null}},"line":361},"15":{"name":"(anonymous_15)","decl":{"start":{"line":378,"column":16},"end":{"line":378,"column":51}},"loc":{"start":{"line":378,"column":51},"end":{"line":381,"column":null}},"line":378},"16":{"name":"(anonymous_16)","decl":{"start":{"line":386,"column":8},"end":{"line":386,"column":23}},"loc":{"start":{"line":386,"column":57},"end":{"line":397,"column":null}},"line":386},"17":{"name":"(anonymous_17)","decl":{"start":{"line":402,"column":8},"end":{"line":402,"column":25}},"loc":{"start":{"line":402,"column":54},"end":{"line":415,"column":null}},"line":402},"18":{"name":"(anonymous_18)","decl":{"start":{"line":420,"column":8},"end":{"line":420,"column":13}},"loc":{"start":{"line":420,"column":60},"end":{"line":438,"column":null}},"line":420},"19":{"name":"(anonymous_19)","decl":{"start":{"line":443,"column":2},"end":{"line":443,"column":5}},"loc":{"start":{"line":443,"column":57},"end":{"line":449,"column":null}},"line":443},"20":{"name":"(anonymous_20)","decl":{"start":{"line":454,"column":2},"end":{"line":454,"column":6}},"loc":{"start":{"line":454,"column":58},"end":{"line":460,"column":null}},"line":454},"21":{"name":"(anonymous_21)","decl":{"start":{"line":465,"column":8},"end":{"line":465,"column":31}},"loc":{"start":{"line":465,"column":86},"end":{"line":477,"column":null}},"line":465},"22":{"name":"(anonymous_22)","decl":{"start":{"line":482,"column":8},"end":{"line":482,"column":26}},"loc":{"start":{"line":482,"column":76},"end":{"line":489,"column":null}},"line":482},"23":{"name":"(anonymous_23)","decl":{"start":{"line":494,"column":10},"end":{"line":494,"column":30}},"loc":{"start":{"line":494,"column":69},"end":{"line":509,"column":null}},"line":494},"24":{"name":"(anonymous_24)","decl":{"start":{"line":514,"column":16},"end":{"line":514,"column":67}},"loc":{"start":{"line":514,"column":67},"end":{"line":534,"column":null}},"line":514},"25":{"name":"(anonymous_25)","decl":{"start":{"line":539,"column":8},"end":{"line":539,"column":33}},"loc":{"start":{"line":539,"column":33},"end":{"line":559,"column":null}},"line":539},"26":{"name":"(anonymous_26)","decl":{"start":{"line":576,"column":2},"end":{"line":576,"column":14}},"loc":{"start":{"line":576,"column":55},"end":{"line":579,"column":null}},"line":576},"27":{"name":"(anonymous_27)","decl":{"start":{"line":581,"column":8},"end":{"line":581,"column":17}},"loc":{"start":{"line":581,"column":50},"end":{"line":591,"column":null}},"line":581},"28":{"name":"(anonymous_28)","decl":{"start":{"line":601,"column":2},"end":{"line":601,"column":14}},"loc":{"start":{"line":601,"column":55},"end":{"line":604,"column":null}},"line":601},"29":{"name":"(anonymous_29)","decl":{"start":{"line":606,"column":8},"end":{"line":606,"column":17}},"loc":{"start":{"line":606,"column":50},"end":{"line":616,"column":null}},"line":606},"30":{"name":"(anonymous_30)","decl":{"start":{"line":625,"column":2},"end":{"line":625,"column":14}},"loc":{"start":{"line":625,"column":39},"end":{"line":627,"column":null}},"line":625},"31":{"name":"(anonymous_31)","decl":{"start":{"line":629,"column":8},"end":{"line":629,"column":17}},"loc":{"start":{"line":629,"column":50},"end":{"line":639,"column":null}},"line":629}},"branchMap":{"0":{"loc":{"start":{"line":28,"column":14},"end":{"line":28,"column":44}},"type":"default-arg","locations":[{"start":{"line":28,"column":40},"end":{"line":28,"column":44}}],"line":28},"1":{"loc":{"start":{"line":41,"column":4},"end":{"line":43,"column":null}},"type":"if","locations":[{"start":{"line":41,"column":4},"end":{"line":43,"column":null}},{"start":{},"end":{}}],"line":41},"2":{"loc":{"start":{"line":61,"column":8},"end":{"line":61,"column":null}},"type":"binary-expr","locations":[{"start":{"line":61,"column":8},"end":{"line":61,"column":42}},{"start":{"line":61,"column":42},"end":{"line":61,"column":null}}],"line":61},"3":{"loc":{"start":{"line":64,"column":6},"end":{"line":69,"column":null}},"type":"if","locations":[{"start":{"line":64,"column":6},"end":{"line":69,"column":null}},{"start":{},"end":{}}],"line":64},"4":{"loc":{"start":{"line":85,"column":8},"end":{"line":94,"column":null}},"type":"if","locations":[{"start":{"line":85,"column":8},"end":{"line":94,"column":null}},{"start":{},"end":{}}],"line":85},"5":{"loc":{"start":{"line":88,"column":12},"end":{"line":90,"column":null}},"type":"if","locations":[{"start":{"line":88,"column":12},"end":{"line":90,"column":null}},{"start":{},"end":{}}],"line":88},"6":{"loc":{"start":{"line":151,"column":4},"end":{"line":153,"column":null}},"type":"if","locations":[{"start":{"line":151,"column":4},"end":{"line":153,"column":null}},{"start":{},"end":{}}],"line":151},"7":{"loc":{"start":{"line":209,"column":4},"end":{"line":212,"column":null}},"type":"if","locations":[{"start":{"line":209,"column":4},"end":{"line":212,"column":null}},{"start":{},"end":{}}],"line":209},"8":{"loc":{"start":{"line":210,"column":33},"end":{"line":210,"column":98}},"type":"cond-expr","locations":[{"start":{"line":210,"column":58},"end":{"line":210,"column":81}},{"start":{"line":210,"column":81},"end":{"line":210,"column":98}}],"line":210},"9":{"loc":{"start":{"line":214,"column":4},"end":{"line":216,"column":null}},"type":"if","locations":[{"start":{"line":214,"column":4},"end":{"line":216,"column":null}},{"start":{},"end":{}}],"line":214},"10":{"loc":{"start":{"line":218,"column":4},"end":{"line":220,"column":null}},"type":"if","locations":[{"start":{"line":218,"column":4},"end":{"line":220,"column":null}},{"start":{},"end":{}}],"line":218},"11":{"loc":{"start":{"line":222,"column":4},"end":{"line":224,"column":null}},"type":"if","locations":[{"start":{"line":222,"column":4},"end":{"line":224,"column":null}},{"start":{},"end":{}}],"line":222},"12":{"loc":{"start":{"line":235,"column":4},"end":{"line":237,"column":null}},"type":"if","locations":[{"start":{"line":235,"column":4},"end":{"line":237,"column":null}},{"start":{},"end":{}}],"line":235},"13":{"loc":{"start":{"line":250,"column":4},"end":{"line":252,"column":null}},"type":"if","locations":[{"start":{"line":250,"column":4},"end":{"line":252,"column":null}},{"start":{},"end":{}}],"line":250},"14":{"loc":{"start":{"line":268,"column":17},"end":{"line":268,"column":null}},"type":"binary-expr","locations":[{"start":{"line":268,"column":17},"end":{"line":268,"column":35}},{"start":{"line":268,"column":35},"end":{"line":268,"column":null}}],"line":268},"15":{"loc":{"start":{"line":269,"column":21},"end":{"line":269,"column":null}},"type":"binary-expr","locations":[{"start":{"line":269,"column":21},"end":{"line":269,"column":43}},{"start":{"line":269,"column":43},"end":{"line":269,"column":null}}],"line":269},"16":{"loc":{"start":{"line":287,"column":4},"end":{"line":291,"column":null}},"type":"if","locations":[{"start":{"line":287,"column":4},"end":{"line":291,"column":null}},{"start":{"line":289,"column":11},"end":{"line":291,"column":null}}],"line":287},"17":{"loc":{"start":{"line":305,"column":4},"end":{"line":312,"column":null}},"type":"if","locations":[{"start":{"line":305,"column":4},"end":{"line":312,"column":null}},{"start":{},"end":{}}],"line":305},"18":{"loc":{"start":{"line":305,"column":8},"end":{"line":305,"column":54}},"type":"binary-expr","locations":[{"start":{"line":305,"column":8},"end":{"line":305,"column":38}},{"start":{"line":305,"column":38},"end":{"line":305,"column":54}}],"line":305},"19":{"loc":{"start":{"line":314,"column":4},"end":{"line":321,"column":null}},"type":"if","locations":[{"start":{"line":314,"column":4},"end":{"line":321,"column":null}},{"start":{},"end":{}}],"line":314},"20":{"loc":{"start":{"line":314,"column":8},"end":{"line":314,"column":52}},"type":"binary-expr","locations":[{"start":{"line":314,"column":8},"end":{"line":314,"column":35}},{"start":{"line":314,"column":35},"end":{"line":314,"column":52}}],"line":314},"21":{"loc":{"start":{"line":338,"column":40},"end":{"line":338,"column":68}},"type":"binary-expr","locations":[{"start":{"line":338,"column":40},"end":{"line":338,"column":60}},{"start":{"line":338,"column":60},"end":{"line":338,"column":68}}],"line":338},"22":{"loc":{"start":{"line":342,"column":4},"end":{"line":352,"column":null}},"type":"if","locations":[{"start":{"line":342,"column":4},"end":{"line":352,"column":null}},{"start":{},"end":{}}],"line":342},"23":{"loc":{"start":{"line":362,"column":4},"end":{"line":362,"column":null}},"type":"if","locations":[{"start":{"line":362,"column":4},"end":{"line":362,"column":null}},{"start":{},"end":{}}],"line":362},"24":{"loc":{"start":{"line":387,"column":4},"end":{"line":389,"column":null}},"type":"if","locations":[{"start":{"line":387,"column":4},"end":{"line":389,"column":null}},{"start":{},"end":{}}],"line":387},"25":{"loc":{"start":{"line":391,"column":4},"end":{"line":393,"column":null}},"type":"if","locations":[{"start":{"line":391,"column":4},"end":{"line":393,"column":null}},{"start":{},"end":{}}],"line":391},"26":{"loc":{"start":{"line":405,"column":4},"end":{"line":407,"column":null}},"type":"if","locations":[{"start":{"line":405,"column":4},"end":{"line":407,"column":null}},{"start":{},"end":{}}],"line":405},"27":{"loc":{"start":{"line":409,"column":4},"end":{"line":411,"column":null}},"type":"if","locations":[{"start":{"line":409,"column":4},"end":{"line":411,"column":null}},{"start":{},"end":{}}],"line":409},"28":{"loc":{"start":{"line":429,"column":4},"end":{"line":429,"column":null}},"type":"if","locations":[{"start":{"line":429,"column":4},"end":{"line":429,"column":null}},{"start":{},"end":{}}],"line":429},"29":{"loc":{"start":{"line":444,"column":4},"end":{"line":446,"column":null}},"type":"if","locations":[{"start":{"line":444,"column":4},"end":{"line":446,"column":null}},{"start":{},"end":{}}],"line":444},"30":{"loc":{"start":{"line":457,"column":4},"end":{"line":459,"column":null}},"type":"if","locations":[{"start":{"line":457,"column":4},"end":{"line":459,"column":null}},{"start":{},"end":{}}],"line":457},"31":{"loc":{"start":{"line":466,"column":40},"end":{"line":466,"column":60}},"type":"binary-expr","locations":[{"start":{"line":466,"column":40},"end":{"line":466,"column":52}},{"start":{"line":466,"column":52},"end":{"line":466,"column":60}}],"line":466},"32":{"loc":{"start":{"line":469,"column":4},"end":{"line":474,"column":null}},"type":"if","locations":[{"start":{"line":469,"column":4},"end":{"line":474,"column":null}},{"start":{},"end":{}}],"line":469},"33":{"loc":{"start":{"line":469,"column":8},"end":{"line":469,"column":39}},"type":"binary-expr","locations":[{"start":{"line":469,"column":8},"end":{"line":469,"column":25}},{"start":{"line":469,"column":25},"end":{"line":469,"column":39}}],"line":469},"34":{"loc":{"start":{"line":471,"column":6},"end":{"line":473,"column":null}},"type":"if","locations":[{"start":{"line":471,"column":6},"end":{"line":473,"column":null}},{"start":{},"end":{}}],"line":471},"35":{"loc":{"start":{"line":472,"column":15},"end":{"line":472,"column":null}},"type":"binary-expr","locations":[{"start":{"line":472,"column":15},"end":{"line":472,"column":34}},{"start":{"line":472,"column":34},"end":{"line":472,"column":null}}],"line":472},"36":{"loc":{"start":{"line":476,"column":11},"end":{"line":476,"column":null}},"type":"binary-expr","locations":[{"start":{"line":476,"column":11},"end":{"line":476,"column":37}},{"start":{"line":476,"column":37},"end":{"line":476,"column":null}}],"line":476},"37":{"loc":{"start":{"line":483,"column":40},"end":{"line":483,"column":60}},"type":"binary-expr","locations":[{"start":{"line":483,"column":40},"end":{"line":483,"column":52}},{"start":{"line":483,"column":52},"end":{"line":483,"column":60}}],"line":483},"38":{"loc":{"start":{"line":486,"column":4},"end":{"line":488,"column":null}},"type":"if","locations":[{"start":{"line":486,"column":4},"end":{"line":488,"column":null}},{"start":{},"end":{}}],"line":486},"39":{"loc":{"start":{"line":515,"column":21},"end":{"line":515,"column":null}},"type":"binary-expr","locations":[{"start":{"line":515,"column":21},"end":{"line":515,"column":45}},{"start":{"line":515,"column":45},"end":{"line":515,"column":null}}],"line":515},"40":{"loc":{"start":{"line":518,"column":4},"end":{"line":521,"column":null}},"type":"if","locations":[{"start":{"line":518,"column":4},"end":{"line":521,"column":null}},{"start":{},"end":{}}],"line":518},"41":{"loc":{"start":{"line":523,"column":4},"end":{"line":533,"column":null}},"type":"switch","locations":[{"start":{"line":524,"column":6},"end":{"line":525,"column":null}},{"start":{"line":526,"column":6},"end":{"line":527,"column":null}},{"start":{"line":528,"column":6},"end":{"line":529,"column":null}},{"start":{"line":530,"column":6},"end":{"line":532,"column":null}}],"line":523},"42":{"loc":{"start":{"line":542,"column":6},"end":{"line":545,"column":null}},"type":"if","locations":[{"start":{"line":542,"column":6},"end":{"line":545,"column":null}},{"start":{},"end":{}}],"line":542},"43":{"loc":{"start":{"line":584,"column":96},"end":{"line":584,"column":131}},"type":"binary-expr","locations":[{"start":{"line":584,"column":96},"end":{"line":584,"column":122}},{"start":{"line":584,"column":122},"end":{"line":584,"column":131}}],"line":584},"44":{"loc":{"start":{"line":609,"column":93},"end":{"line":609,"column":128}},"type":"binary-expr","locations":[{"start":{"line":609,"column":93},"end":{"line":609,"column":119}},{"start":{"line":609,"column":119},"end":{"line":609,"column":128}}],"line":609},"45":{"loc":{"start":{"line":632,"column":85},"end":{"line":632,"column":129}},"type":"binary-expr","locations":[{"start":{"line":632,"column":85},"end":{"line":632,"column":113}},{"start":{"line":632,"column":113},"end":{"line":632,"column":129}}],"line":632}},"s":{"0":94,"1":94,"2":94,"3":94,"4":94,"5":94,"6":94,"7":94,"8":67,"9":67,"10":41,"11":67,"12":52,"13":52,"14":52,"15":52,"16":2,"17":50,"18":50,"19":50,"20":50,"21":50,"22":2,"23":2,"24":2,"25":1,"26":1,"27":1,"28":50,"29":50,"30":50,"31":50,"32":50,"33":50,"34":0,"35":0,"36":0,"37":50,"38":47,"39":3,"40":3,"41":3,"42":3,"43":0,"44":0,"45":3,"46":3,"47":3,"48":3,"49":3,"50":3,"51":3,"52":3,"53":3,"54":3,"55":3,"56":3,"57":3,"58":3,"59":0,"60":3,"61":3,"62":3,"63":3,"64":0,"65":0,"66":0,"67":3,"68":3,"69":0,"70":0,"71":0,"72":3,"73":3,"74":3,"75":0,"76":47,"77":47,"78":47,"79":2,"80":45,"81":47,"82":47,"83":47,"84":2,"85":45,"86":41,"87":4,"88":50,"89":50,"90":50,"91":39,"92":39,"93":50,"94":50,"95":50,"96":29,"97":21,"98":21,"99":1,"100":11,"101":1,"102":10,"103":7,"104":10,"105":10,"106":3,"107":3,"108":1,"109":2,"110":1,"111":2,"112":2,"113":204,"114":204,"115":204,"116":196,"117":8,"118":8,"119":8,"120":1,"121":12,"122":11,"123":12,"124":1,"125":1,"126":1,"127":12,"128":12,"129":12,"130":3,"131":3,"132":1,"133":11,"134":2,"135":2,"136":2,"137":2,"138":94,"139":94,"140":67,"141":67,"142":67,"143":60,"144":60,"145":7,"146":2,"147":2,"148":2,"149":1,"150":1,"151":80,"152":8,"153":6,"154":6,"155":80,"156":80,"157":80,"158":80,"159":80,"160":2,"161":2,"162":1,"163":1,"164":2,"165":2,"166":1,"167":1,"168":2,"169":1,"170":1},"f":{"0":94,"1":67,"2":52,"3":50,"4":3,"5":3,"6":3,"7":0,"8":3,"9":0,"10":3,"11":47,"12":47,"13":50,"14":50,"15":41,"16":11,"17":3,"18":204,"19":12,"20":1,"21":12,"22":2,"23":94,"24":67,"25":80,"26":2,"27":1,"28":2,"29":1,"30":2,"31":1},"b":{"0":[94],"1":[41,26],"2":[52,33],"3":[2,50],"4":[2,0],"5":[1,0],"6":[47,3],"7":[3,0],"8":[0,3],"9":[3,0],"10":[3,0],"11":[0,3],"12":[3,0],"13":[3,0],"14":[3,0],"15":[3,0],"16":[2,45],"17":[2,45],"18":[47,2],"19":[41,4],"20":[45,41],"21":[50,6],"22":[39,11],"23":[29,21],"24":[1,10],"25":[7,3],"26":[1,2],"27":[1,1],"28":[196,8],"29":[11,1],"30":[1,0],"31":[12,2],"32":[3,9],"33":[12,4],"34":[1,2],"35":[1,0],"36":[11,3],"37":[2,0],"38":[2,0],"39":[67,53],"40":[60,7],"41":[7,2,2,1],"42":[6,2],"43":[1,1],"44":[1,1],"45":[1,0]},"meta":{"lastBranch":46,"lastFunction":32,"lastStatement":171,"seen":{"s:21:16:21:Infinity":0,"s:22:53:22:Infinity":1,"s:23:44:23:Infinity":2,"s:24:67:24:Infinity":3,"s:25:39:25:Infinity":4,"s:26:42:26:Infinity":5,"f:28:2:28:14":0,"b:28:40:28:44":0,"s:29:4:29:Infinity":6,"s:30:4:30:Infinity":7,"f:36:18:36:57":1,"s:38:4:38:Infinity":8,"b:41:4:43:Infinity:undefined:undefined:undefined:undefined":1,"s:41:4:43:Infinity":9,"s:42:6:42:Infinity":10,"s:46:4:49:Infinity":11,"f:55:8:55:16":2,"s:56:4:140:Infinity":12,"s:58:27:58:Infinity":13,"s:59:22:62:Infinity":14,"b:61:8:61:42:61:42:61:Infinity":2,"b:64:6:69:Infinity:undefined:undefined:undefined:undefined":3,"s:64:6:69:Infinity":15,"s:65:8:68:Infinity":16,"s:72:27:72:Infinity":17,"s:75:35:79:Infinity":18,"s:80:6:80:Infinity":19,"s:83:35:83:Infinity":20,"s:84:6:95:Infinity":21,"b:85:8:94:Infinity:undefined:undefined:undefined:undefined":4,"s:85:8:94:Infinity":22,"s:86:10:93:Infinity":23,"s:87:29:87:Infinity":24,"b:88:12:90:Infinity:undefined:undefined:undefined:undefined":5,"s:88:12:90:Infinity":25,"s:89:14:89:Infinity":26,"s:92:12:92:Infinity":27,"s:98:23:102:Infinity":28,"s:105:40:113:Infinity":29,"s:114:6:114:Infinity":30,"s:117:6:117:Infinity":31,"s:120:6:124:Infinity":32,"s:126:6:126:Infinity":33,"s:129:6:129:Infinity":34,"s:131:6:134:Infinity":35,"s:136:6:139:Infinity":36,"f:146:16:146:Infinity":3,"b:151:4:153:Infinity:undefined:undefined:undefined:undefined":6,"s:151:4:153:Infinity":37,"s:152:6:152:Infinity":38,"s:155:19:155:Infinity":39,"s:157:4:163:Infinity":40,"s:158:25:158:Infinity":41,"s:159:6:159:Infinity":42,"s:161:6:161:Infinity":43,"s:162:6:162:Infinity":44,"f:169:10:169:Infinity":4,"s:174:24:174:Infinity":45,"s:178:24:178:Infinity":46,"s:179:32:179:Infinity":47,"s:180:23:180:Infinity":48,"s:182:4:190:Infinity":49,"f:206:10:206:24":5,"s:207:18:207:Infinity":50,"b:209:4:212:Infinity:undefined:undefined:undefined:undefined":7,"s:209:4:212:Infinity":51,"s:210:6:210:Infinity":52,"b:210:58:210:81:210:81:210:98":8,"s:211:6:211:Infinity":53,"b:214:4:216:Infinity:undefined:undefined:undefined:undefined":9,"s:214:4:216:Infinity":54,"s:215:6:215:Infinity":55,"b:218:4:220:Infinity:undefined:undefined:undefined:undefined":10,"s:218:4:220:Infinity":56,"s:219:6:219:Infinity":57,"b:222:4:224:Infinity:undefined:undefined:undefined:undefined":11,"s:222:4:224:Infinity":58,"s:223:6:223:Infinity":59,"s:226:4:226:Infinity":60,"f:232:10:232:36":6,"s:233:27:233:Infinity":61,"b:235:4:237:Infinity:undefined:undefined:undefined:undefined":12,"s:235:4:237:Infinity":62,"s:236:6:236:Infinity":63,"s:239:20:241:Infinity":64,"f:239:39:239:Infinity":7,"s:240:6:240:Infinity":65,"s:243:4:243:Infinity":66,"f:249:10:249:32":8,"b:250:4:252:Infinity:undefined:undefined:undefined:undefined":13,"s:250:4:252:Infinity":67,"s:251:6:251:Infinity":68,"s:254:22:256:Infinity":69,"f:254:36:254:Infinity":9,"s:255:6:255:Infinity":70,"s:258:4:258:Infinity":71,"f:264:10:264:26":10,"s:265:4:277:Infinity":72,"s:266:21:266:Infinity":73,"s:267:6:271:Infinity":74,"b:268:17:268:35:268:35:268:Infinity":14,"b:269:21:269:43:269:43:269:Infinity":15,"s:273:6:276:Infinity":75,"f:283:10:283:35":11,"s:284:22:284:Infinity":76,"s:285:18:285:Infinity":77,"b:287:4:291:Infinity:289:11:291:Infinity":16,"s:287:4:291:Infinity":78,"s:288:6:288:Infinity":79,"s:290:6:290:Infinity":80,"s:293:4:296:Infinity":81,"f:302:10:302:37":12,"s:303:31:303:Infinity":82,"b:305:4:312:Infinity:undefined:undefined:undefined:undefined":17,"s:305:4:312:Infinity":83,"b:305:8:305:38:305:38:305:54":18,"s:306:6:311:Infinity":84,"b:314:4:321:Infinity:undefined:undefined:undefined:undefined":19,"s:314:4:321:Infinity":85,"b:314:8:314:35:314:35:314:52":20,"s:315:6:320:Infinity":86,"s:323:4:328:Infinity":87,"f:334:16:334:Infinity":13,"s:338:27:338:Infinity":88,"b:338:40:338:60:338:60:338:68":21,"s:340:23:340:Infinity":89,"b:342:4:352:Infinity:undefined:undefined:undefined:undefined":22,"s:342:4:352:Infinity":90,"s:343:6:350:Infinity":91,"s:351:6:351:Infinity":92,"s:354:4:354:Infinity":93,"s:355:4:355:Infinity":94,"f:361:16:361:33":14,"b:362:4:362:Infinity:undefined:undefined:undefined:undefined":23,"s:362:4:362:Infinity":95,"s:362:23:362:Infinity":96,"s:364:4:372:Infinity":97,"s:365:6:369:Infinity":98,"s:371:6:371:Infinity":99,"f:378:16:378:51":15,"f:386:8:386:23":16,"b:387:4:389:Infinity:undefined:undefined:undefined:undefined":24,"s:387:4:389:Infinity":100,"s:388:6:388:Infinity":101,"b:391:4:393:Infinity:undefined:undefined:undefined:undefined":25,"s:391:4:393:Infinity":102,"s:392:6:392:Infinity":103,"s:395:4:395:Infinity":104,"s:396:4:396:Infinity":105,"f:402:8:402:25":17,"s:403:19:403:Infinity":106,"b:405:4:407:Infinity:undefined:undefined:undefined:undefined":26,"s:405:4:407:Infinity":107,"s:406:6:406:Infinity":108,"b:409:4:411:Infinity:undefined:undefined:undefined:undefined":27,"s:409:4:411:Infinity":109,"s:410:6:410:Infinity":110,"s:413:4:413:Infinity":111,"s:414:4:414:Infinity":112,"f:420:8:420:13":18,"s:421:28:425:Infinity":113,"s:427:21:427:Infinity":114,"b:429:4:429:Infinity:undefined:undefined:undefined:undefined":28,"s:429:4:429:Infinity":115,"s:429:19:429:Infinity":116,"s:431:4:437:Infinity":117,"s:432:6:436:Infinity":118,"s:433:8:433:Infinity":119,"s:435:8:435:Infinity":120,"f:443:2:443:5":19,"b:444:4:446:Infinity:undefined:undefined:undefined:undefined":29,"s:444:4:446:Infinity":121,"s:445:6:445:Infinity":122,"s:448:4:448:Infinity":123,"f:454:2:454:6":20,"s:455:21:455:Infinity":124,"b:457:4:459:Infinity:undefined:undefined:undefined:undefined":30,"s:457:4:459:Infinity":125,"s:458:6:458:Infinity":126,"f:465:8:465:31":21,"s:466:27:466:Infinity":127,"b:466:40:466:52:466:52:466:60":31,"s:467:25:467:Infinity":128,"b:469:4:474:Infinity:undefined:undefined:undefined:undefined":32,"s:469:4:474:Infinity":129,"b:469:8:469:25:469:25:469:39":33,"s:470:21:470:Infinity":130,"b:471:6:473:Infinity:undefined:undefined:undefined:undefined":34,"s:471:6:473:Infinity":131,"s:472:8:472:Infinity":132,"b:472:15:472:34:472:34:472:Infinity":35,"s:476:4:476:Infinity":133,"b:476:11:476:37:476:37:476:Infinity":36,"f:482:8:482:26":22,"s:483:27:483:Infinity":134,"b:483:40:483:52:483:52:483:60":37,"s:484:4:484:Infinity":135,"b:486:4:488:Infinity:undefined:undefined:undefined:undefined":38,"s:486:4:488:Infinity":136,"s:487:6:487:Infinity":137,"f:494:10:494:30":23,"s:496:24:496:Infinity":138,"s:497:4:508:Infinity":139,"f:514:16:514:67":24,"s:515:21:515:Infinity":140,"b:515:21:515:45:515:45:515:Infinity":39,"s:516:19:516:Infinity":141,"b:518:4:521:Infinity:undefined:undefined:undefined:undefined":40,"s:518:4:521:Infinity":142,"s:519:6:519:Infinity":143,"s:520:6:520:Infinity":144,"b:524:6:525:Infinity:526:6:527:Infinity:528:6:529:Infinity:530:6:532:Infinity":41,"s:523:4:533:Infinity":145,"s:525:8:525:Infinity":146,"s:527:8:527:Infinity":147,"s:529:8:529:Infinity":148,"s:531:8:531:Infinity":149,"s:532:8:532:Infinity":150,"f:539:8:539:33":25,"s:541:4:546:Infinity":151,"b:542:6:545:Infinity:undefined:undefined:undefined:undefined":42,"s:542:6:545:Infinity":152,"s:543:8:543:Infinity":153,"s:544:8:544:Infinity":154,"s:547:4:547:Infinity":155,"s:550:4:550:Infinity":156,"s:553:4:553:Infinity":157,"s:556:4:556:Infinity":158,"s:558:4:558:Infinity":159,"f:576:2:576:14":26,"s:577:4:577:Infinity":160,"s:578:4:578:Infinity":161,"f:581:8:581:17":27,"s:584:4:584:Infinity":162,"b:584:96:584:122:584:122:584:131":43,"s:585:4:590:Infinity":163,"f:601:2:601:14":28,"s:602:4:602:Infinity":164,"s:603:4:603:Infinity":165,"f:606:8:606:17":29,"s:609:4:609:Infinity":166,"b:609:93:609:119:609:119:609:128":44,"s:610:4:615:Infinity":167,"f:625:2:625:14":30,"s:626:4:626:Infinity":168,"f:629:8:629:17":31,"s:632:4:632:Infinity":169,"b:632:85:632:113:632:113:632:129":45,"s:633:4:638:Infinity":170}}}
,"/Users/mdshahabulalam/myAIDev/taxomind/packages/sam-engine/src/types.ts": {"path":"/Users/mdshahabulalam/myAIDev/taxomind/packages/sam-engine/src/types.ts","statementMap":{},"fnMap":{},"branchMap":{},"s":{},"f":{},"b":{},"meta":{"lastBranch":0,"lastFunction":0,"lastStatement":0,"seen":{}}}
}
